[0.019s] Invoking command in '/home/yhan/yhan_ROS2/yhan_ws/build/simple_pkg_cpp': CMAKE_PREFIX_PATH=${CMAKE_PREFIX_PATH}:/opt/ros/humble /usr/bin/cmake --build /home/yhan/yhan_ROS2/yhan_ws/build/simple_pkg_cpp -- -j2 -l2
[0.098s] -- Found ament_cmake: 1.3.9 (/opt/ros/humble/share/ament_cmake/cmake)
[0.304s] -- Override CMake install command with custom implementation using symlinks instead of copying resources
[0.347s] -- Found rclcpp: 16.0.9 (/opt/ros/humble/share/rclcpp/cmake)
[0.456s] -- Found rosidl_generator_c: 3.1.5 (/opt/ros/humble/share/rosidl_generator_c/cmake)
[0.469s] -- Found rosidl_adapter: 3.1.5 (/opt/ros/humble/share/rosidl_adapter/cmake)
[0.489s] -- Found rosidl_generator_cpp: 3.1.5 (/opt/ros/humble/share/rosidl_generator_cpp/cmake)
[0.514s] -- Using all available rosidl_typesupport_c: rosidl_typesupport_fastrtps_c;rosidl_typesupport_introspection_c
[0.568s] -- Using all available rosidl_typesupport_cpp: rosidl_typesupport_fastrtps_cpp;rosidl_typesupport_introspection_cpp
[0.714s] -- Found rmw_implementation_cmake: 6.1.2 (/opt/ros/humble/share/rmw_implementation_cmake/cmake)
[0.718s] -- Found rmw_fastrtps_cpp: 6.2.6 (/opt/ros/humble/share/rmw_fastrtps_cpp/cmake)
[0.971s] -- Using RMW implementation 'rmw_fastrtps_cpp' as default
[1.411s] -- Found example_interfaces: 0.9.3 (/opt/ros/humble/share/example_interfaces/cmake)
[1.768s] -- Found rclcpp_action: 16.0.9 (/opt/ros/humble/share/rclcpp_action/cmake)
[1.865s] -- Found ament_lint_auto: 0.12.11 (/opt/ros/humble/share/ament_lint_auto/cmake)
[2.041s] -- Added test 'cppcheck' to perform static code analysis on C / C++ code
[2.048s] -- Configured cppcheck include dirs: /home/yhan/yhan_ROS2/yhan_ws/src/simple_pkg_cpp/include
[2.048s] -- Configured cppcheck exclude dirs and/or files: 
[2.049s] -- Added test 'flake8' to check Python code syntax and style conventions
[2.051s] -- Added test 'lint_cmake' to check CMake code style
[2.052s] -- Added test 'pep257' to check Python code against some of the docstring style conventions in PEP 257
[2.053s] -- Added test 'uncrustify' to check C / C++ code style
[2.053s] -- Configured uncrustify additional arguments: 
[2.054s] -- Added test 'xmllint' to check XML markup files
[2.056s] -- Configuring done
[2.184s] -- Generating done
[2.198s] -- Build files have been written to: /home/yhan/yhan_ROS2/yhan_ws/build/simple_pkg_cpp
[2.246s] [35m[1mConsolidate compiler generated dependencies of target helloword[0m
[2.281s] [  3%] [32mBuilding CXX object CMakeFiles/helloword.dir/src/helloworld.cpp.o[0m
[2.837s] [  6%] [32m[1mLinking CXX executable helloword[0m
[3.115s] [  6%] Built target helloword
[3.155s] [35m[1mConsolidate compiler generated dependencies of target helloOpenCV[0m
[3.220s] [  9%] [32mBuilding CXX object CMakeFiles/helloOpenCV.dir/src/helloOpenCV.cpp.o[0m
[6.547s] [ 12%] [32m[1mLinking CXX executable helloOpenCV[0m
[7.431s] [ 12%] Built target helloOpenCV
[7.486s] [35m[1mConsolidate compiler generated dependencies of target hello_publisher[0m
[7.512s] [ 15%] [32mBuilding CXX object CMakeFiles/hello_publisher.dir/src/hello_publisher.cpp.o[0m
[13.380s] [ 18%] [32m[1mLinking CXX executable hello_publisher[0m
[13.592s] [ 18%] Built target hello_publisher
[13.645s] [35m[1mConsolidate compiler generated dependencies of target hello_publisher2[0m
[13.708s] [ 21%] [32mBuilding CXX object CMakeFiles/hello_publisher2.dir/src/hello_publisher2.cpp.o[0m
[22.766s] [ 25%] [32m[1mLinking CXX executable hello_publisher2[0m
[23.148s] [ 25%] Built target hello_publisher2
[23.182s] [35m[1mConsolidate compiler generated dependencies of target hello_publisher_class[0m
[23.225s] [ 28%] [32mBuilding CXX object CMakeFiles/hello_publisher_class.dir/src/hello_publisher_class.cpp.o[0m
[31.240s] [ 31%] [32m[1mLinking CXX executable hello_publisher_class[0m
[31.631s] [ 31%] Built target hello_publisher_class
[31.685s] [35m[1mConsolidate compiler generated dependencies of target hello_publisher_class2[0m
[31.724s] [ 34%] [32mBuilding CXX object CMakeFiles/hello_publisher_class2.dir/src/hello_publisher_class2.cpp.o[0m
[36.555s] [ 37%] [32mBuilding CXX object CMakeFiles/hello_publisher_class2.dir/src/publisher.cpp.o[0m
[43.357s] [ 40%] [32m[1mLinking CXX executable hello_publisher_class2[0m
[43.635s] [ 40%] Built target hello_publisher_class2
[43.665s] [35m[1mConsolidate compiler generated dependencies of target hello_subscriber_class[0m
[43.693s] [ 43%] [32mBuilding CXX object CMakeFiles/hello_subscriber_class.dir/src/hello_subscriber_class.cpp.o[0m
[48.029s] [ 46%] [32mBuilding CXX object CMakeFiles/hello_subscriber_class.dir/src/subscriber.cpp.o[0m
[59.787s] [ 50%] [32m[1mLinking CXX executable hello_subscriber_class[0m
[60.305s] [ 50%] Built target hello_subscriber_class
[60.322s] [35m[1mConsolidate compiler generated dependencies of target time_publisher_class[0m
[60.363s] [ 53%] [32mBuilding CXX object CMakeFiles/time_publisher_class.dir/src/time_publisher_class.cpp.o[0m
[65.206s] [ 56%] [32mBuilding CXX object CMakeFiles/time_publisher_class.dir/src/time_pub.cpp.o[0m
[71.058s] [ 59%] [32m[1mLinking CXX executable time_publisher_class[0m
[71.334s] [ 59%] Built target time_publisher_class
[71.357s] [35m[1mConsolidate compiler generated dependencies of target time_subscriber_class[0m
[71.393s] [ 62%] [32mBuilding CXX object CMakeFiles/time_subscriber_class.dir/src/time_subscriber_class.cpp.o[0m
[76.422s] [ 65%] [32mBuilding CXX object CMakeFiles/time_subscriber_class.dir/src/time_sub.cpp.o[0m
[87.368s] [ 68%] [32m[1mLinking CXX executable time_subscriber_class[0m
[88.066s] [ 68%] Built target time_subscriber_class
[88.094s] [35m[1mConsolidate compiler generated dependencies of target simple_service_server[0m
[88.140s] [ 71%] [32mBuilding CXX object CMakeFiles/simple_service_server.dir/src/simple_service_server.cpp.o[0m
[92.222s] [ 75%] [32m[1mLinking CXX executable simple_service_server[0m
[92.442s] [ 75%] Built target simple_service_server
[92.471s] [35m[1mConsolidate compiler generated dependencies of target simple_service_client[0m
[92.507s] [ 78%] [32mBuilding CXX object CMakeFiles/simple_service_client.dir/src/simple_service_client.cpp.o[0m
[96.043s] [ 81%] [32m[1mLinking CXX executable simple_service_client[0m
[96.166s] [ 81%] Built target simple_service_client
[96.175s] [35m[1mConsolidate compiler generated dependencies of target simple_service_client2[0m
[96.191s] [ 84%] [32mBuilding CXX object CMakeFiles/simple_service_client2.dir/src/simple_service_client2.cpp.o[0m
[103.800s] [ 87%] [32m[1mLinking CXX executable simple_service_client2[0m
[104.212s] [ 87%] Built target simple_service_client2
[104.247s] [ 90%] [32mBuilding CXX object CMakeFiles/simple_action_server.dir/src/simple_action_server.cpp.o[0m
[107.921s] [ 93%] [32m[1mLinking CXX executable simple_action_server[0m
[108.100s] [ 93%] Built target simple_action_server
[108.124s] [ 96%] [32mBuilding CXX object CMakeFiles/simple_action_client.dir/src/simple_action_client.cpp.o[0m
[112.026s] [100%] [32m[1mLinking CXX executable simple_action_client[0m
[112.174s] [100%] Built target simple_action_client
[112.193s] Invoked command in '/home/yhan/yhan_ROS2/yhan_ws/build/simple_pkg_cpp' returned '0': CMAKE_PREFIX_PATH=${CMAKE_PREFIX_PATH}:/opt/ros/humble /usr/bin/cmake --build /home/yhan/yhan_ROS2/yhan_ws/build/simple_pkg_cpp -- -j2 -l2
[112.285s] Invoking command in '/home/yhan/yhan_ROS2/yhan_ws/build/simple_pkg_cpp': CMAKE_PREFIX_PATH=${CMAKE_PREFIX_PATH}:/opt/ros/humble /usr/bin/cmake --install /home/yhan/yhan_ROS2/yhan_ws/build/simple_pkg_cpp
[112.294s] -- Install configuration: ""
[112.295s] -- Execute custom install script
[112.296s] -- Up-to-date symlink: /home/yhan/yhan_ROS2/yhan_ws/install/simple_pkg_cpp/lib/simple_pkg_cpp/helloword
[112.296s] -- Up-to-date symlink: /home/yhan/yhan_ROS2/yhan_ws/install/simple_pkg_cpp/lib/simple_pkg_cpp/helloOpenCV
[112.297s] -- Up-to-date symlink: /home/yhan/yhan_ROS2/yhan_ws/install/simple_pkg_cpp/lib/simple_pkg_cpp/hello_publisher
[112.297s] -- Up-to-date symlink: /home/yhan/yhan_ROS2/yhan_ws/install/simple_pkg_cpp/lib/simple_pkg_cpp/hello_publisher2
[112.297s] -- Up-to-date symlink: /home/yhan/yhan_ROS2/yhan_ws/install/simple_pkg_cpp/lib/simple_pkg_cpp/hello_publisher_class
[112.299s] -- Up-to-date symlink: /home/yhan/yhan_ROS2/yhan_ws/install/simple_pkg_cpp/lib/simple_pkg_cpp/hello_publisher_class2
[112.299s] -- Up-to-date symlink: /home/yhan/yhan_ROS2/yhan_ws/install/simple_pkg_cpp/lib/simple_pkg_cpp/hello_subscriber_class
[112.299s] -- Up-to-date symlink: /home/yhan/yhan_ROS2/yhan_ws/install/simple_pkg_cpp/lib/simple_pkg_cpp/time_publisher_class
[112.299s] -- Up-to-date symlink: /home/yhan/yhan_ROS2/yhan_ws/install/simple_pkg_cpp/lib/simple_pkg_cpp/time_subscriber_class
[112.299s] -- Up-to-date symlink: /home/yhan/yhan_ROS2/yhan_ws/install/simple_pkg_cpp/lib/simple_pkg_cpp/simple_service_server
[112.299s] -- Up-to-date symlink: /home/yhan/yhan_ROS2/yhan_ws/install/simple_pkg_cpp/lib/simple_pkg_cpp/simple_service_client
[112.299s] -- Up-to-date symlink: /home/yhan/yhan_ROS2/yhan_ws/install/simple_pkg_cpp/lib/simple_pkg_cpp/simple_service_client2
[112.299s] -- Symlinking: /home/yhan/yhan_ROS2/yhan_ws/install/simple_pkg_cpp/lib/simple_pkg_cpp/simple_action_server
[112.308s] -- Symlinking: /home/yhan/yhan_ROS2/yhan_ws/install/simple_pkg_cpp/lib/simple_pkg_cpp/simple_action_client
[112.314s] -- Symlinking: /home/yhan/yhan_ROS2/yhan_ws/install/simple_pkg_cpp/share/simple_pkg_cpp/launch/service.launch.py
[112.323s] -- Symlinking: /home/yhan/yhan_ROS2/yhan_ws/install/simple_pkg_cpp/share/simple_pkg_cpp/param/service.yaml
[112.332s] -- Up-to-date symlink: /home/yhan/yhan_ROS2/yhan_ws/install/simple_pkg_cpp/share/ament_index/resource_index/package_run_dependencies/simple_pkg_cpp
[112.332s] -- Up-to-date symlink: /home/yhan/yhan_ROS2/yhan_ws/install/simple_pkg_cpp/share/ament_index/resource_index/parent_prefix_path/simple_pkg_cpp
[112.333s] -- Up-to-date symlink: /home/yhan/yhan_ROS2/yhan_ws/install/simple_pkg_cpp/share/simple_pkg_cpp/environment/ament_prefix_path.sh
[112.334s] -- Up-to-date symlink: /home/yhan/yhan_ROS2/yhan_ws/install/simple_pkg_cpp/share/simple_pkg_cpp/environment/ament_prefix_path.dsv
[112.334s] -- Up-to-date symlink: /home/yhan/yhan_ROS2/yhan_ws/install/simple_pkg_cpp/share/simple_pkg_cpp/environment/path.sh
[112.335s] -- Up-to-date symlink: /home/yhan/yhan_ROS2/yhan_ws/install/simple_pkg_cpp/share/simple_pkg_cpp/environment/path.dsv
[112.335s] -- Up-to-date symlink: /home/yhan/yhan_ROS2/yhan_ws/install/simple_pkg_cpp/share/simple_pkg_cpp/local_setup.bash
[112.335s] -- Up-to-date symlink: /home/yhan/yhan_ROS2/yhan_ws/install/simple_pkg_cpp/share/simple_pkg_cpp/local_setup.sh
[112.336s] -- Up-to-date symlink: /home/yhan/yhan_ROS2/yhan_ws/install/simple_pkg_cpp/share/simple_pkg_cpp/local_setup.zsh
[112.336s] -- Up-to-date symlink: /home/yhan/yhan_ROS2/yhan_ws/install/simple_pkg_cpp/share/simple_pkg_cpp/local_setup.dsv
[112.337s] -- Symlinking: /home/yhan/yhan_ROS2/yhan_ws/install/simple_pkg_cpp/share/simple_pkg_cpp/package.dsv
[112.347s] -- Up-to-date symlink: /home/yhan/yhan_ROS2/yhan_ws/install/simple_pkg_cpp/share/ament_index/resource_index/packages/simple_pkg_cpp
[112.347s] -- Up-to-date symlink: /home/yhan/yhan_ROS2/yhan_ws/install/simple_pkg_cpp/share/simple_pkg_cpp/cmake/simple_pkg_cppConfig.cmake
[112.349s] -- Up-to-date symlink: /home/yhan/yhan_ROS2/yhan_ws/install/simple_pkg_cpp/share/simple_pkg_cpp/cmake/simple_pkg_cppConfig-version.cmake
[112.349s] -- Up-to-date symlink: /home/yhan/yhan_ROS2/yhan_ws/install/simple_pkg_cpp/share/simple_pkg_cpp/package.xml
[112.357s] Invoked command in '/home/yhan/yhan_ROS2/yhan_ws/build/simple_pkg_cpp' returned '0': CMAKE_PREFIX_PATH=${CMAKE_PREFIX_PATH}:/opt/ros/humble /usr/bin/cmake --install /home/yhan/yhan_ROS2/yhan_ws/build/simple_pkg_cpp
