[0.013s] Invoking command in '/home/yhan/yhan_ws/build/simple_pkg_cpp': CMAKE_PREFIX_PATH=${CMAKE_PREFIX_PATH}:/opt/ros/humble /usr/bin/cmake --build /home/yhan/yhan_ws/build/simple_pkg_cpp -- -j2 -l2
[0.071s] -- Found ament_cmake: 1.3.9 (/opt/ros/humble/share/ament_cmake/cmake)
[0.197s] -- Found rclcpp: 16.0.9 (/opt/ros/humble/share/rclcpp/cmake)
[0.246s] -- Found rosidl_generator_c: 3.1.5 (/opt/ros/humble/share/rosidl_generator_c/cmake)
[0.250s] -- Found rosidl_adapter: 3.1.5 (/opt/ros/humble/share/rosidl_adapter/cmake)
[0.259s] -- Found rosidl_generator_cpp: 3.1.5 (/opt/ros/humble/share/rosidl_generator_cpp/cmake)
[0.273s] -- Using all available rosidl_typesupport_c: rosidl_typesupport_fastrtps_c;rosidl_typesupport_introspection_c
[0.291s] -- Using all available rosidl_typesupport_cpp: rosidl_typesupport_fastrtps_cpp;rosidl_typesupport_introspection_cpp
[0.357s] -- Found rmw_implementation_cmake: 6.1.2 (/opt/ros/humble/share/rmw_implementation_cmake/cmake)
[0.360s] -- Found rmw_fastrtps_cpp: 6.2.6 (/opt/ros/humble/share/rmw_fastrtps_cpp/cmake)
[0.460s] -- Using RMW implementation 'rmw_fastrtps_cpp' as default
[0.601s] -- Found ament_lint_auto: 0.12.11 (/opt/ros/humble/share/ament_lint_auto/cmake)
[0.690s] -- Added test 'cppcheck' to perform static code analysis on C / C++ code
[0.691s] -- Configured cppcheck include dirs: 
[0.691s] -- Configured cppcheck exclude dirs and/or files: 
[0.700s] -- Added test 'lint_cmake' to check CMake code style
[0.721s] -- Added test 'uncrustify' to check C / C++ code style
[0.722s] -- Configured uncrustify additional arguments: 
[0.724s] -- Added test 'xmllint' to check XML markup files
[0.726s] -- Configuring done
[0.745s] -- Generating done
[0.747s] -- Build files have been written to: /home/yhan/yhan_ws/build/simple_pkg_cpp
[0.768s] [35m[1mConsolidate compiler generated dependencies of target helloworld[0m
[0.768s] [35m[1mConsolidate compiler generated dependencies of target helloOpenCV[0m
[0.778s] [ 33%] Built target helloworld
[0.784s] [ 50%] [32mBuilding CXX object CMakeFiles/helloOpenCV.dir/src/helloOpenCV.cpp.o[0m
[0.804s] [ 66%] [32mBuilding CXX object CMakeFiles/hello_publisher.dir/src/hello_publisher.cpp.o[0m
[3.217s] [ 83%] [32m[1mLinking CXX executable helloOpenCV[0m
[3.707s] [ 83%] Built target helloOpenCV
[4.223s] [100%] [32m[1mLinking CXX executable hello_publisher[0m
[4.353s] [100%] Built target hello_publisher
[4.364s] Invoked command in '/home/yhan/yhan_ws/build/simple_pkg_cpp' returned '0': CMAKE_PREFIX_PATH=${CMAKE_PREFIX_PATH}:/opt/ros/humble /usr/bin/cmake --build /home/yhan/yhan_ws/build/simple_pkg_cpp -- -j2 -l2
[4.403s] Invoking command in '/home/yhan/yhan_ws/build/simple_pkg_cpp': CMAKE_PREFIX_PATH=${CMAKE_PREFIX_PATH}:/opt/ros/humble /usr/bin/cmake --install /home/yhan/yhan_ws/build/simple_pkg_cpp
[4.410s] -- Install configuration: ""
[4.410s] -- Up-to-date: /home/yhan/yhan_ws/install/simple_pkg_cpp/lib/simple_pkg_cpp/helloworld
[4.411s] -- Installing: /home/yhan/yhan_ws/install/simple_pkg_cpp/lib/simple_pkg_cpp/helloOpenCV
[4.411s] -- Installing: /home/yhan/yhan_ws/install/simple_pkg_cpp/lib/simple_pkg_cpp/hello_publisher
[4.412s] -- Set runtime path of "/home/yhan/yhan_ws/install/simple_pkg_cpp/lib/simple_pkg_cpp/hello_publisher" to ""
[4.412s] -- Up-to-date: /home/yhan/yhan_ws/install/simple_pkg_cpp/share/ament_index/resource_index/package_run_dependencies/simple_pkg_cpp
[4.412s] -- Up-to-date: /home/yhan/yhan_ws/install/simple_pkg_cpp/share/ament_index/resource_index/parent_prefix_path/simple_pkg_cpp
[4.412s] -- Up-to-date: /home/yhan/yhan_ws/install/simple_pkg_cpp/share/simple_pkg_cpp/environment/ament_prefix_path.sh
[4.413s] -- Installing: /home/yhan/yhan_ws/install/simple_pkg_cpp/share/simple_pkg_cpp/environment/ament_prefix_path.dsv
[4.413s] -- Up-to-date: /home/yhan/yhan_ws/install/simple_pkg_cpp/share/simple_pkg_cpp/environment/path.sh
[4.413s] -- Installing: /home/yhan/yhan_ws/install/simple_pkg_cpp/share/simple_pkg_cpp/environment/path.dsv
[4.413s] -- Up-to-date: /home/yhan/yhan_ws/install/simple_pkg_cpp/share/simple_pkg_cpp/local_setup.bash
[4.413s] -- Up-to-date: /home/yhan/yhan_ws/install/simple_pkg_cpp/share/simple_pkg_cpp/local_setup.sh
[4.414s] -- Up-to-date: /home/yhan/yhan_ws/install/simple_pkg_cpp/share/simple_pkg_cpp/local_setup.zsh
[4.414s] -- Installing: /home/yhan/yhan_ws/install/simple_pkg_cpp/share/simple_pkg_cpp/local_setup.dsv
[4.414s] -- Installing: /home/yhan/yhan_ws/install/simple_pkg_cpp/share/simple_pkg_cpp/package.dsv
[4.414s] -- Up-to-date: /home/yhan/yhan_ws/install/simple_pkg_cpp/share/ament_index/resource_index/packages/simple_pkg_cpp
[4.415s] -- Up-to-date: /home/yhan/yhan_ws/install/simple_pkg_cpp/share/simple_pkg_cpp/cmake/simple_pkg_cppConfig.cmake
[4.415s] -- Up-to-date: /home/yhan/yhan_ws/install/simple_pkg_cpp/share/simple_pkg_cpp/cmake/simple_pkg_cppConfig-version.cmake
[4.415s] -- Up-to-date: /home/yhan/yhan_ws/install/simple_pkg_cpp/share/simple_pkg_cpp/package.xml
[4.417s] Invoked command in '/home/yhan/yhan_ws/build/simple_pkg_cpp' returned '0': CMAKE_PREFIX_PATH=${CMAKE_PREFIX_PATH}:/opt/ros/humble /usr/bin/cmake --install /home/yhan/yhan_ws/build/simple_pkg_cpp
