[0.017s] Invoking command in '/home/yhan/yhan_ROS2/yhan_ws/src/build/move_t_sim': CMAKE_PREFIX_PATH=${CMAKE_PREFIX_PATH}:/opt/ros/humble /usr/bin/cmake --build /home/yhan/yhan_ROS2/yhan_ws/src/build/move_t_sim -- -j2 -l2
[0.106s] [ 16%] [32mBuilding CXX object CMakeFiles/moveTurtleBot.dir/src/moveTurtleBotcpp.cpp.o[0m
[0.170s] [ 66%] Built target moveTurtleSim
[9.017s] [ 83%] [32m[1mLinking CXX executable moveTurtleBot[0m
[9.400s] [100%] Built target moveTurtleBot
[9.428s] Invoked command in '/home/yhan/yhan_ROS2/yhan_ws/src/build/move_t_sim' returned '0': CMAKE_PREFIX_PATH=${CMAKE_PREFIX_PATH}:/opt/ros/humble /usr/bin/cmake --build /home/yhan/yhan_ROS2/yhan_ws/src/build/move_t_sim -- -j2 -l2
[9.468s] Invoking command in '/home/yhan/yhan_ROS2/yhan_ws/src/build/move_t_sim': CMAKE_PREFIX_PATH=${CMAKE_PREFIX_PATH}:/opt/ros/humble /usr/bin/cmake --install /home/yhan/yhan_ROS2/yhan_ws/src/build/move_t_sim
[9.475s] -- Install configuration: ""
[9.476s] -- Execute custom install script
[9.477s] -- Up-to-date symlink: /home/yhan/yhan_ROS2/yhan_ws/src/install/move_t_sim/lib/move_t_sim/moveTurtleSim
[9.478s] -- Up-to-date symlink: /home/yhan/yhan_ROS2/yhan_ws/src/install/move_t_sim/lib/move_t_sim/moveTurtleBot
[9.478s] -- Up-to-date symlink: /home/yhan/yhan_ROS2/yhan_ws/src/install/move_t_sim/share/ament_index/resource_index/package_run_dependencies/move_t_sim
[9.479s] -- Up-to-date symlink: /home/yhan/yhan_ROS2/yhan_ws/src/install/move_t_sim/share/ament_index/resource_index/parent_prefix_path/move_t_sim
[9.479s] -- Up-to-date symlink: /home/yhan/yhan_ROS2/yhan_ws/src/install/move_t_sim/share/move_t_sim/environment/ament_prefix_path.sh
[9.480s] -- Up-to-date symlink: /home/yhan/yhan_ROS2/yhan_ws/src/install/move_t_sim/share/move_t_sim/environment/ament_prefix_path.dsv
[9.481s] -- Up-to-date symlink: /home/yhan/yhan_ROS2/yhan_ws/src/install/move_t_sim/share/move_t_sim/environment/path.sh
[9.481s] -- Up-to-date symlink: /home/yhan/yhan_ROS2/yhan_ws/src/install/move_t_sim/share/move_t_sim/environment/path.dsv
[9.481s] -- Up-to-date symlink: /home/yhan/yhan_ROS2/yhan_ws/src/install/move_t_sim/share/move_t_sim/local_setup.bash
[9.482s] -- Up-to-date symlink: /home/yhan/yhan_ROS2/yhan_ws/src/install/move_t_sim/share/move_t_sim/local_setup.sh
[9.482s] -- Up-to-date symlink: /home/yhan/yhan_ROS2/yhan_ws/src/install/move_t_sim/share/move_t_sim/local_setup.zsh
[9.483s] -- Up-to-date symlink: /home/yhan/yhan_ROS2/yhan_ws/src/install/move_t_sim/share/move_t_sim/local_setup.dsv
[9.483s] -- Symlinking: /home/yhan/yhan_ROS2/yhan_ws/src/install/move_t_sim/share/move_t_sim/package.dsv
[9.492s] -- Up-to-date symlink: /home/yhan/yhan_ROS2/yhan_ws/src/install/move_t_sim/share/ament_index/resource_index/packages/move_t_sim
[9.493s] -- Up-to-date symlink: /home/yhan/yhan_ROS2/yhan_ws/src/install/move_t_sim/share/move_t_sim/cmake/move_t_simConfig.cmake
[9.494s] -- Up-to-date symlink: /home/yhan/yhan_ROS2/yhan_ws/src/install/move_t_sim/share/move_t_sim/cmake/move_t_simConfig-version.cmake
[9.494s] -- Up-to-date symlink: /home/yhan/yhan_ROS2/yhan_ws/src/install/move_t_sim/share/move_t_sim/package.xml
[9.496s] Invoked command in '/home/yhan/yhan_ROS2/yhan_ws/src/build/move_t_sim' returned '0': CMAKE_PREFIX_PATH=${CMAKE_PREFIX_PATH}:/opt/ros/humble /usr/bin/cmake --install /home/yhan/yhan_ROS2/yhan_ws/src/build/move_t_sim
