[0.120s] DEBUG:colcon:Command line arguments: ['/usr/bin/colcon', 'build', '--symlink-install']
[0.120s] DEBUG:colcon:Parsed command line arguments: Namespace(log_base=None, log_level=None, verb_name='build', build_base='build', install_base='install', merge_install=False, symlink_install=True, test_result_base=None, continue_on_error=False, executor='parallel', parallel_workers=2, event_handlers=None, ignore_user_meta=False, metas=['./colcon.meta'], base_paths=['.'], packages_ignore=None, packages_ignore_regex=None, paths=None, packages_up_to=None, packages_up_to_regex=None, packages_above=None, packages_above_and_dependencies=None, packages_above_depth=None, packages_select_by_dep=None, packages_skip_by_dep=None, packages_skip_up_to=None, packages_select_build_failed=False, packages_skip_build_finished=False, packages_select_test_failures=False, packages_skip_test_passed=False, packages_select=None, packages_skip=None, packages_select_regex=None, packages_skip_regex=None, packages_start=None, packages_end=None, allow_overriding=[], cmake_args=None, cmake_target=None, cmake_target_skip_unavailable=False, cmake_clean_cache=False, cmake_clean_first=False, cmake_force_configure=False, ament_cmake_args=None, catkin_cmake_args=None, catkin_skip_building_tests=False, mixin_files=None, mixin=None, verb_parser=<colcon_mixin.mixin.mixin_argument.MixinArgumentDecorator object at 0x714b8f6fea40>, verb_extension=<colcon_core.verb.build.BuildVerb object at 0x714b8f7f2fb0>, main=<bound method BuildVerb.main of <colcon_core.verb.build.BuildVerb object at 0x714b8f7f2fb0>>, mixin_verb=('build',))
[0.326s] Level 1:colcon.colcon_core.package_discovery:discover_packages(colcon_meta) check parameters
[0.326s] Level 1:colcon.colcon_core.package_discovery:discover_packages(recursive) check parameters
[0.326s] Level 1:colcon.colcon_core.package_discovery:discover_packages(ignore) check parameters
[0.326s] Level 1:colcon.colcon_core.package_discovery:discover_packages(path) check parameters
[0.326s] Level 1:colcon.colcon_core.package_discovery:discover_packages(colcon_meta) discover
[0.326s] Level 1:colcon.colcon_core.package_discovery:discover_packages(recursive) discover
[0.326s] INFO:colcon.colcon_core.package_discovery:Crawling recursively for packages in '/home/yhan/yhan_ROS2/yhan_ws'
[0.326s] Level 1:colcon.colcon_core.package_identification:_identify(.) by extensions ['ignore', 'ignore_ament_install']
[0.327s] Level 1:colcon.colcon_core.package_identification:_identify(.) by extension 'ignore'
[0.327s] Level 1:colcon.colcon_core.package_identification:_identify(.) by extension 'ignore_ament_install'
[0.327s] Level 1:colcon.colcon_core.package_identification:_identify(.) by extensions ['colcon_pkg']
[0.327s] Level 1:colcon.colcon_core.package_identification:_identify(.) by extension 'colcon_pkg'
[0.327s] Level 1:colcon.colcon_core.package_identification:_identify(.) by extensions ['colcon_meta']
[0.327s] Level 1:colcon.colcon_core.package_identification:_identify(.) by extension 'colcon_meta'
[0.327s] Level 1:colcon.colcon_core.package_identification:_identify(.) by extensions ['ros']
[0.327s] Level 1:colcon.colcon_core.package_identification:_identify(.) by extension 'ros'
[0.338s] Level 1:colcon.colcon_core.package_identification:_identify(.) by extensions ['cmake', 'python']
[0.338s] Level 1:colcon.colcon_core.package_identification:_identify(.) by extension 'cmake'
[0.338s] Level 1:colcon.colcon_core.package_identification:_identify(.) by extension 'python'
[0.338s] Level 1:colcon.colcon_core.package_identification:_identify(.) by extensions ['python_setup_py']
[0.338s] Level 1:colcon.colcon_core.package_identification:_identify(.) by extension 'python_setup_py'
[0.338s] Level 1:colcon.colcon_core.package_identification:_identify(build) by extensions ['ignore', 'ignore_ament_install']
[0.338s] Level 1:colcon.colcon_core.package_identification:_identify(build) by extension 'ignore'
[0.338s] Level 1:colcon.colcon_core.package_identification:_identify(build) ignored
[0.338s] Level 1:colcon.colcon_core.package_identification:_identify(install) by extensions ['ignore', 'ignore_ament_install']
[0.338s] Level 1:colcon.colcon_core.package_identification:_identify(install) by extension 'ignore'
[0.338s] Level 1:colcon.colcon_core.package_identification:_identify(install) ignored
[0.338s] Level 1:colcon.colcon_core.package_identification:_identify(log) by extensions ['ignore', 'ignore_ament_install']
[0.338s] Level 1:colcon.colcon_core.package_identification:_identify(log) by extension 'ignore'
[0.338s] Level 1:colcon.colcon_core.package_identification:_identify(log) ignored
[0.338s] Level 1:colcon.colcon_core.package_identification:_identify(src) by extensions ['ignore', 'ignore_ament_install']
[0.339s] Level 1:colcon.colcon_core.package_identification:_identify(src) by extension 'ignore'
[0.339s] Level 1:colcon.colcon_core.package_identification:_identify(src) by extension 'ignore_ament_install'
[0.339s] Level 1:colcon.colcon_core.package_identification:_identify(src) by extensions ['colcon_pkg']
[0.339s] Level 1:colcon.colcon_core.package_identification:_identify(src) by extension 'colcon_pkg'
[0.339s] Level 1:colcon.colcon_core.package_identification:_identify(src) by extensions ['colcon_meta']
[0.339s] Level 1:colcon.colcon_core.package_identification:_identify(src) by extension 'colcon_meta'
[0.339s] Level 1:colcon.colcon_core.package_identification:_identify(src) by extensions ['ros']
[0.339s] Level 1:colcon.colcon_core.package_identification:_identify(src) by extension 'ros'
[0.339s] Level 1:colcon.colcon_core.package_identification:_identify(src) by extensions ['cmake', 'python']
[0.339s] Level 1:colcon.colcon_core.package_identification:_identify(src) by extension 'cmake'
[0.339s] Level 1:colcon.colcon_core.package_identification:_identify(src) by extension 'python'
[0.339s] Level 1:colcon.colcon_core.package_identification:_identify(src) by extensions ['python_setup_py']
[0.339s] Level 1:colcon.colcon_core.package_identification:_identify(src) by extension 'python_setup_py'
[0.339s] Level 1:colcon.colcon_core.package_identification:_identify(src/interface_example) by extensions ['ignore', 'ignore_ament_install']
[0.339s] Level 1:colcon.colcon_core.package_identification:_identify(src/interface_example) by extension 'ignore'
[0.339s] Level 1:colcon.colcon_core.package_identification:_identify(src/interface_example) by extension 'ignore_ament_install'
[0.339s] Level 1:colcon.colcon_core.package_identification:_identify(src/interface_example) by extensions ['colcon_pkg']
[0.339s] Level 1:colcon.colcon_core.package_identification:_identify(src/interface_example) by extension 'colcon_pkg'
[0.339s] Level 1:colcon.colcon_core.package_identification:_identify(src/interface_example) by extensions ['colcon_meta']
[0.339s] Level 1:colcon.colcon_core.package_identification:_identify(src/interface_example) by extension 'colcon_meta'
[0.339s] Level 1:colcon.colcon_core.package_identification:_identify(src/interface_example) by extensions ['ros']
[0.339s] Level 1:colcon.colcon_core.package_identification:_identify(src/interface_example) by extension 'ros'
[0.341s] DEBUG:colcon.colcon_core.package_identification:Package 'src/interface_example' with type 'ros.ament_cmake' and name 'interface_example'
[0.341s] Level 1:colcon.colcon_core.package_identification:_identify(src/move_t_sim) by extensions ['ignore', 'ignore_ament_install']
[0.342s] Level 1:colcon.colcon_core.package_identification:_identify(src/move_t_sim) by extension 'ignore'
[0.342s] Level 1:colcon.colcon_core.package_identification:_identify(src/move_t_sim) by extension 'ignore_ament_install'
[0.342s] Level 1:colcon.colcon_core.package_identification:_identify(src/move_t_sim) by extensions ['colcon_pkg']
[0.342s] Level 1:colcon.colcon_core.package_identification:_identify(src/move_t_sim) by extension 'colcon_pkg'
[0.342s] Level 1:colcon.colcon_core.package_identification:_identify(src/move_t_sim) by extensions ['colcon_meta']
[0.342s] Level 1:colcon.colcon_core.package_identification:_identify(src/move_t_sim) by extension 'colcon_meta'
[0.342s] Level 1:colcon.colcon_core.package_identification:_identify(src/move_t_sim) by extensions ['ros']
[0.342s] Level 1:colcon.colcon_core.package_identification:_identify(src/move_t_sim) by extension 'ros'
[0.343s] DEBUG:colcon.colcon_core.package_identification:Package 'src/move_t_sim' with type 'ros.ament_cmake' and name 'move_t_sim'
[0.343s] Level 1:colcon.colcon_core.package_identification:_identify(src/simple_pkg_cpp) by extensions ['ignore', 'ignore_ament_install']
[0.343s] Level 1:colcon.colcon_core.package_identification:_identify(src/simple_pkg_cpp) by extension 'ignore'
[0.343s] Level 1:colcon.colcon_core.package_identification:_identify(src/simple_pkg_cpp) by extension 'ignore_ament_install'
[0.343s] Level 1:colcon.colcon_core.package_identification:_identify(src/simple_pkg_cpp) by extensions ['colcon_pkg']
[0.343s] Level 1:colcon.colcon_core.package_identification:_identify(src/simple_pkg_cpp) by extension 'colcon_pkg'
[0.343s] Level 1:colcon.colcon_core.package_identification:_identify(src/simple_pkg_cpp) by extensions ['colcon_meta']
[0.343s] Level 1:colcon.colcon_core.package_identification:_identify(src/simple_pkg_cpp) by extension 'colcon_meta'
[0.344s] Level 1:colcon.colcon_core.package_identification:_identify(src/simple_pkg_cpp) by extensions ['ros']
[0.344s] Level 1:colcon.colcon_core.package_identification:_identify(src/simple_pkg_cpp) by extension 'ros'
[0.344s] DEBUG:colcon.colcon_core.package_identification:Package 'src/simple_pkg_cpp' with type 'ros.ament_cmake' and name 'simple_pkg_cpp'
[0.344s] Level 1:colcon.colcon_core.package_identification:_identify(src/topic_final) by extensions ['ignore', 'ignore_ament_install']
[0.344s] Level 1:colcon.colcon_core.package_identification:_identify(src/topic_final) by extension 'ignore'
[0.345s] Level 1:colcon.colcon_core.package_identification:_identify(src/topic_final) by extension 'ignore_ament_install'
[0.345s] Level 1:colcon.colcon_core.package_identification:_identify(src/topic_final) by extensions ['colcon_pkg']
[0.345s] Level 1:colcon.colcon_core.package_identification:_identify(src/topic_final) by extension 'colcon_pkg'
[0.345s] Level 1:colcon.colcon_core.package_identification:_identify(src/topic_final) by extensions ['colcon_meta']
[0.345s] Level 1:colcon.colcon_core.package_identification:_identify(src/topic_final) by extension 'colcon_meta'
[0.345s] Level 1:colcon.colcon_core.package_identification:_identify(src/topic_final) by extensions ['ros']
[0.345s] Level 1:colcon.colcon_core.package_identification:_identify(src/topic_final) by extension 'ros'
[0.345s] DEBUG:colcon.colcon_core.package_identification:Package 'src/topic_final' with type 'ros.ament_cmake' and name 'topic_final'
[0.346s] Level 1:colcon.colcon_core.package_identification:_identify(src/turtlebot3_simulations) by extensions ['ignore', 'ignore_ament_install']
[0.346s] Level 1:colcon.colcon_core.package_identification:_identify(src/turtlebot3_simulations) by extension 'ignore'
[0.346s] Level 1:colcon.colcon_core.package_identification:_identify(src/turtlebot3_simulations) by extension 'ignore_ament_install'
[0.346s] Level 1:colcon.colcon_core.package_identification:_identify(src/turtlebot3_simulations) by extensions ['colcon_pkg']
[0.346s] Level 1:colcon.colcon_core.package_identification:_identify(src/turtlebot3_simulations) by extension 'colcon_pkg'
[0.346s] Level 1:colcon.colcon_core.package_identification:_identify(src/turtlebot3_simulations) by extensions ['colcon_meta']
[0.346s] Level 1:colcon.colcon_core.package_identification:_identify(src/turtlebot3_simulations) by extension 'colcon_meta'
[0.346s] Level 1:colcon.colcon_core.package_identification:_identify(src/turtlebot3_simulations) by extensions ['ros']
[0.346s] Level 1:colcon.colcon_core.package_identification:_identify(src/turtlebot3_simulations) by extension 'ros'
[0.346s] Level 1:colcon.colcon_core.package_identification:_identify(src/turtlebot3_simulations) by extensions ['cmake', 'python']
[0.347s] Level 1:colcon.colcon_core.package_identification:_identify(src/turtlebot3_simulations) by extension 'cmake'
[0.347s] Level 1:colcon.colcon_core.package_identification:_identify(src/turtlebot3_simulations) by extension 'python'
[0.347s] Level 1:colcon.colcon_core.package_identification:_identify(src/turtlebot3_simulations) by extensions ['python_setup_py']
[0.347s] Level 1:colcon.colcon_core.package_identification:_identify(src/turtlebot3_simulations) by extension 'python_setup_py'
[0.347s] Level 1:colcon.colcon_core.package_identification:_identify(src/turtlebot3_simulations/turtlebot3_fake_node) by extensions ['ignore', 'ignore_ament_install']
[0.347s] Level 1:colcon.colcon_core.package_identification:_identify(src/turtlebot3_simulations/turtlebot3_fake_node) by extension 'ignore'
[0.347s] Level 1:colcon.colcon_core.package_identification:_identify(src/turtlebot3_simulations/turtlebot3_fake_node) by extension 'ignore_ament_install'
[0.347s] Level 1:colcon.colcon_core.package_identification:_identify(src/turtlebot3_simulations/turtlebot3_fake_node) by extensions ['colcon_pkg']
[0.347s] Level 1:colcon.colcon_core.package_identification:_identify(src/turtlebot3_simulations/turtlebot3_fake_node) by extension 'colcon_pkg'
[0.347s] Level 1:colcon.colcon_core.package_identification:_identify(src/turtlebot3_simulations/turtlebot3_fake_node) by extensions ['colcon_meta']
[0.347s] Level 1:colcon.colcon_core.package_identification:_identify(src/turtlebot3_simulations/turtlebot3_fake_node) by extension 'colcon_meta'
[0.348s] Level 1:colcon.colcon_core.package_identification:_identify(src/turtlebot3_simulations/turtlebot3_fake_node) by extensions ['ros']
[0.348s] Level 1:colcon.colcon_core.package_identification:_identify(src/turtlebot3_simulations/turtlebot3_fake_node) by extension 'ros'
[0.349s] DEBUG:colcon.colcon_core.package_identification:Package 'src/turtlebot3_simulations/turtlebot3_fake_node' with type 'ros.ament_cmake' and name 'turtlebot3_fake_node'
[0.349s] Level 1:colcon.colcon_core.package_identification:_identify(src/turtlebot3_simulations/turtlebot3_gazebo) by extensions ['ignore', 'ignore_ament_install']
[0.350s] Level 1:colcon.colcon_core.package_identification:_identify(src/turtlebot3_simulations/turtlebot3_gazebo) by extension 'ignore'
[0.350s] Level 1:colcon.colcon_core.package_identification:_identify(src/turtlebot3_simulations/turtlebot3_gazebo) by extension 'ignore_ament_install'
[0.350s] Level 1:colcon.colcon_core.package_identification:_identify(src/turtlebot3_simulations/turtlebot3_gazebo) by extensions ['colcon_pkg']
[0.350s] Level 1:colcon.colcon_core.package_identification:_identify(src/turtlebot3_simulations/turtlebot3_gazebo) by extension 'colcon_pkg'
[0.350s] Level 1:colcon.colcon_core.package_identification:_identify(src/turtlebot3_simulations/turtlebot3_gazebo) by extensions ['colcon_meta']
[0.350s] Level 1:colcon.colcon_core.package_identification:_identify(src/turtlebot3_simulations/turtlebot3_gazebo) by extension 'colcon_meta'
[0.350s] Level 1:colcon.colcon_core.package_identification:_identify(src/turtlebot3_simulations/turtlebot3_gazebo) by extensions ['ros']
[0.350s] Level 1:colcon.colcon_core.package_identification:_identify(src/turtlebot3_simulations/turtlebot3_gazebo) by extension 'ros'
[0.351s] DEBUG:colcon.colcon_core.package_identification:Package 'src/turtlebot3_simulations/turtlebot3_gazebo' with type 'ros.ament_cmake' and name 'turtlebot3_gazebo'
[0.352s] Level 1:colcon.colcon_core.package_identification:_identify(src/turtlebot3_simulations/turtlebot3_simulations) by extensions ['ignore', 'ignore_ament_install']
[0.352s] Level 1:colcon.colcon_core.package_identification:_identify(src/turtlebot3_simulations/turtlebot3_simulations) by extension 'ignore'
[0.352s] Level 1:colcon.colcon_core.package_identification:_identify(src/turtlebot3_simulations/turtlebot3_simulations) by extension 'ignore_ament_install'
[0.352s] Level 1:colcon.colcon_core.package_identification:_identify(src/turtlebot3_simulations/turtlebot3_simulations) by extensions ['colcon_pkg']
[0.352s] Level 1:colcon.colcon_core.package_identification:_identify(src/turtlebot3_simulations/turtlebot3_simulations) by extension 'colcon_pkg'
[0.352s] Level 1:colcon.colcon_core.package_identification:_identify(src/turtlebot3_simulations/turtlebot3_simulations) by extensions ['colcon_meta']
[0.352s] Level 1:colcon.colcon_core.package_identification:_identify(src/turtlebot3_simulations/turtlebot3_simulations) by extension 'colcon_meta'
[0.353s] Level 1:colcon.colcon_core.package_identification:_identify(src/turtlebot3_simulations/turtlebot3_simulations) by extensions ['ros']
[0.353s] Level 1:colcon.colcon_core.package_identification:_identify(src/turtlebot3_simulations/turtlebot3_simulations) by extension 'ros'
[0.354s] DEBUG:colcon.colcon_core.package_identification:Package 'src/turtlebot3_simulations/turtlebot3_simulations' with type 'ros.ament_cmake' and name 'turtlebot3_simulations'
[0.354s] Level 1:colcon.colcon_core.package_discovery:discover_packages(recursive) using defaults
[0.354s] Level 1:colcon.colcon_core.package_discovery:discover_packages(ignore) discover
[0.354s] Level 1:colcon.colcon_core.package_discovery:discover_packages(ignore) using defaults
[0.354s] Level 1:colcon.colcon_core.package_discovery:discover_packages(path) discover
[0.354s] Level 1:colcon.colcon_core.package_discovery:discover_packages(path) using defaults
[0.419s] Level 1:colcon.colcon_core.package_discovery:discover_packages(prefix_path) check parameters
[0.420s] Level 1:colcon.colcon_core.package_discovery:discover_packages(prefix_path) discover
[0.423s] DEBUG:colcon.colcon_installed_package_information.package_discovery:Found 6 installed packages in /home/yhan/yhan_ROS2/yhan_ws/install
[0.424s] DEBUG:colcon.colcon_installed_package_information.package_discovery:Found 373 installed packages in /opt/ros/humble
[0.425s] Level 1:colcon.colcon_core.package_discovery:discover_packages(prefix_path) using defaults
[0.493s] Level 5:colcon.colcon_core.verb:set package 'interface_example' build argument 'cmake_args' from command line to 'None'
[0.493s] Level 5:colcon.colcon_core.verb:set package 'interface_example' build argument 'cmake_target' from command line to 'None'
[0.493s] Level 5:colcon.colcon_core.verb:set package 'interface_example' build argument 'cmake_target_skip_unavailable' from command line to 'False'
[0.493s] Level 5:colcon.colcon_core.verb:set package 'interface_example' build argument 'cmake_clean_cache' from command line to 'False'
[0.493s] Level 5:colcon.colcon_core.verb:set package 'interface_example' build argument 'cmake_clean_first' from command line to 'False'
[0.493s] Level 5:colcon.colcon_core.verb:set package 'interface_example' build argument 'cmake_force_configure' from command line to 'False'
[0.493s] Level 5:colcon.colcon_core.verb:set package 'interface_example' build argument 'ament_cmake_args' from command line to 'None'
[0.494s] Level 5:colcon.colcon_core.verb:set package 'interface_example' build argument 'catkin_cmake_args' from command line to 'None'
[0.494s] Level 5:colcon.colcon_core.verb:set package 'interface_example' build argument 'catkin_skip_building_tests' from command line to 'False'
[0.494s] DEBUG:colcon.colcon_core.verb:Building package 'interface_example' with the following arguments: {'ament_cmake_args': None, 'build_base': '/home/yhan/yhan_ROS2/yhan_ws/build/interface_example', 'catkin_cmake_args': None, 'catkin_skip_building_tests': False, 'cmake_args': None, 'cmake_clean_cache': False, 'cmake_clean_first': False, 'cmake_force_configure': False, 'cmake_target': None, 'cmake_target_skip_unavailable': False, 'install_base': '/home/yhan/yhan_ROS2/yhan_ws/install/interface_example', 'merge_install': False, 'path': '/home/yhan/yhan_ROS2/yhan_ws/src/interface_example', 'symlink_install': True, 'test_result_base': None}
[0.494s] Level 5:colcon.colcon_core.verb:set package 'move_t_sim' build argument 'cmake_args' from command line to 'None'
[0.494s] Level 5:colcon.colcon_core.verb:set package 'move_t_sim' build argument 'cmake_target' from command line to 'None'
[0.494s] Level 5:colcon.colcon_core.verb:set package 'move_t_sim' build argument 'cmake_target_skip_unavailable' from command line to 'False'
[0.494s] Level 5:colcon.colcon_core.verb:set package 'move_t_sim' build argument 'cmake_clean_cache' from command line to 'False'
[0.494s] Level 5:colcon.colcon_core.verb:set package 'move_t_sim' build argument 'cmake_clean_first' from command line to 'False'
[0.494s] Level 5:colcon.colcon_core.verb:set package 'move_t_sim' build argument 'cmake_force_configure' from command line to 'False'
[0.494s] Level 5:colcon.colcon_core.verb:set package 'move_t_sim' build argument 'ament_cmake_args' from command line to 'None'
[0.494s] Level 5:colcon.colcon_core.verb:set package 'move_t_sim' build argument 'catkin_cmake_args' from command line to 'None'
[0.494s] Level 5:colcon.colcon_core.verb:set package 'move_t_sim' build argument 'catkin_skip_building_tests' from command line to 'False'
[0.494s] DEBUG:colcon.colcon_core.verb:Building package 'move_t_sim' with the following arguments: {'ament_cmake_args': None, 'build_base': '/home/yhan/yhan_ROS2/yhan_ws/build/move_t_sim', 'catkin_cmake_args': None, 'catkin_skip_building_tests': False, 'cmake_args': None, 'cmake_clean_cache': False, 'cmake_clean_first': False, 'cmake_force_configure': False, 'cmake_target': None, 'cmake_target_skip_unavailable': False, 'install_base': '/home/yhan/yhan_ROS2/yhan_ws/install/move_t_sim', 'merge_install': False, 'path': '/home/yhan/yhan_ROS2/yhan_ws/src/move_t_sim', 'symlink_install': True, 'test_result_base': None}
[0.495s] Level 5:colcon.colcon_core.verb:set package 'simple_pkg_cpp' build argument 'cmake_args' from command line to 'None'
[0.495s] Level 5:colcon.colcon_core.verb:set package 'simple_pkg_cpp' build argument 'cmake_target' from command line to 'None'
[0.495s] Level 5:colcon.colcon_core.verb:set package 'simple_pkg_cpp' build argument 'cmake_target_skip_unavailable' from command line to 'False'
[0.495s] Level 5:colcon.colcon_core.verb:set package 'simple_pkg_cpp' build argument 'cmake_clean_cache' from command line to 'False'
[0.495s] Level 5:colcon.colcon_core.verb:set package 'simple_pkg_cpp' build argument 'cmake_clean_first' from command line to 'False'
[0.495s] Level 5:colcon.colcon_core.verb:set package 'simple_pkg_cpp' build argument 'cmake_force_configure' from command line to 'False'
[0.495s] Level 5:colcon.colcon_core.verb:set package 'simple_pkg_cpp' build argument 'ament_cmake_args' from command line to 'None'
[0.495s] Level 5:colcon.colcon_core.verb:set package 'simple_pkg_cpp' build argument 'catkin_cmake_args' from command line to 'None'
[0.495s] Level 5:colcon.colcon_core.verb:set package 'simple_pkg_cpp' build argument 'catkin_skip_building_tests' from command line to 'False'
[0.495s] DEBUG:colcon.colcon_core.verb:Building package 'simple_pkg_cpp' with the following arguments: {'ament_cmake_args': None, 'build_base': '/home/yhan/yhan_ROS2/yhan_ws/build/simple_pkg_cpp', 'catkin_cmake_args': None, 'catkin_skip_building_tests': False, 'cmake_args': None, 'cmake_clean_cache': False, 'cmake_clean_first': False, 'cmake_force_configure': False, 'cmake_target': None, 'cmake_target_skip_unavailable': False, 'install_base': '/home/yhan/yhan_ROS2/yhan_ws/install/simple_pkg_cpp', 'merge_install': False, 'path': '/home/yhan/yhan_ROS2/yhan_ws/src/simple_pkg_cpp', 'symlink_install': True, 'test_result_base': None}
[0.498s] Level 5:colcon.colcon_core.verb:set package 'topic_final' build argument 'cmake_args' from command line to 'None'
[0.498s] Level 5:colcon.colcon_core.verb:set package 'topic_final' build argument 'cmake_target' from command line to 'None'
[0.498s] Level 5:colcon.colcon_core.verb:set package 'topic_final' build argument 'cmake_target_skip_unavailable' from command line to 'False'
[0.498s] Level 5:colcon.colcon_core.verb:set package 'topic_final' build argument 'cmake_clean_cache' from command line to 'False'
[0.498s] Level 5:colcon.colcon_core.verb:set package 'topic_final' build argument 'cmake_clean_first' from command line to 'False'
[0.498s] Level 5:colcon.colcon_core.verb:set package 'topic_final' build argument 'cmake_force_configure' from command line to 'False'
[0.498s] Level 5:colcon.colcon_core.verb:set package 'topic_final' build argument 'ament_cmake_args' from command line to 'None'
[0.498s] Level 5:colcon.colcon_core.verb:set package 'topic_final' build argument 'catkin_cmake_args' from command line to 'None'
[0.498s] Level 5:colcon.colcon_core.verb:set package 'topic_final' build argument 'catkin_skip_building_tests' from command line to 'False'
[0.498s] DEBUG:colcon.colcon_core.verb:Building package 'topic_final' with the following arguments: {'ament_cmake_args': None, 'build_base': '/home/yhan/yhan_ROS2/yhan_ws/build/topic_final', 'catkin_cmake_args': None, 'catkin_skip_building_tests': False, 'cmake_args': None, 'cmake_clean_cache': False, 'cmake_clean_first': False, 'cmake_force_configure': False, 'cmake_target': None, 'cmake_target_skip_unavailable': False, 'install_base': '/home/yhan/yhan_ROS2/yhan_ws/install/topic_final', 'merge_install': False, 'path': '/home/yhan/yhan_ROS2/yhan_ws/src/topic_final', 'symlink_install': True, 'test_result_base': None}
[0.499s] Level 5:colcon.colcon_core.verb:set package 'turtlebot3_fake_node' build argument 'cmake_args' from command line to 'None'
[0.499s] Level 5:colcon.colcon_core.verb:set package 'turtlebot3_fake_node' build argument 'cmake_target' from command line to 'None'
[0.499s] Level 5:colcon.colcon_core.verb:set package 'turtlebot3_fake_node' build argument 'cmake_target_skip_unavailable' from command line to 'False'
[0.499s] Level 5:colcon.colcon_core.verb:set package 'turtlebot3_fake_node' build argument 'cmake_clean_cache' from command line to 'False'
[0.499s] Level 5:colcon.colcon_core.verb:set package 'turtlebot3_fake_node' build argument 'cmake_clean_first' from command line to 'False'
[0.499s] Level 5:colcon.colcon_core.verb:set package 'turtlebot3_fake_node' build argument 'cmake_force_configure' from command line to 'False'
[0.499s] Level 5:colcon.colcon_core.verb:set package 'turtlebot3_fake_node' build argument 'ament_cmake_args' from command line to 'None'
[0.499s] Level 5:colcon.colcon_core.verb:set package 'turtlebot3_fake_node' build argument 'catkin_cmake_args' from command line to 'None'
[0.499s] Level 5:colcon.colcon_core.verb:set package 'turtlebot3_fake_node' build argument 'catkin_skip_building_tests' from command line to 'False'
[0.500s] DEBUG:colcon.colcon_core.verb:Building package 'turtlebot3_fake_node' with the following arguments: {'ament_cmake_args': None, 'build_base': '/home/yhan/yhan_ROS2/yhan_ws/build/turtlebot3_fake_node', 'catkin_cmake_args': None, 'catkin_skip_building_tests': False, 'cmake_args': None, 'cmake_clean_cache': False, 'cmake_clean_first': False, 'cmake_force_configure': False, 'cmake_target': None, 'cmake_target_skip_unavailable': False, 'install_base': '/home/yhan/yhan_ROS2/yhan_ws/install/turtlebot3_fake_node', 'merge_install': False, 'path': '/home/yhan/yhan_ROS2/yhan_ws/src/turtlebot3_simulations/turtlebot3_fake_node', 'symlink_install': True, 'test_result_base': None}
[0.500s] Level 5:colcon.colcon_core.verb:set package 'turtlebot3_gazebo' build argument 'cmake_args' from command line to 'None'
[0.500s] Level 5:colcon.colcon_core.verb:set package 'turtlebot3_gazebo' build argument 'cmake_target' from command line to 'None'
[0.500s] Level 5:colcon.colcon_core.verb:set package 'turtlebot3_gazebo' build argument 'cmake_target_skip_unavailable' from command line to 'False'
[0.500s] Level 5:colcon.colcon_core.verb:set package 'turtlebot3_gazebo' build argument 'cmake_clean_cache' from command line to 'False'
[0.500s] Level 5:colcon.colcon_core.verb:set package 'turtlebot3_gazebo' build argument 'cmake_clean_first' from command line to 'False'
[0.500s] Level 5:colcon.colcon_core.verb:set package 'turtlebot3_gazebo' build argument 'cmake_force_configure' from command line to 'False'
[0.500s] Level 5:colcon.colcon_core.verb:set package 'turtlebot3_gazebo' build argument 'ament_cmake_args' from command line to 'None'
[0.500s] Level 5:colcon.colcon_core.verb:set package 'turtlebot3_gazebo' build argument 'catkin_cmake_args' from command line to 'None'
[0.500s] Level 5:colcon.colcon_core.verb:set package 'turtlebot3_gazebo' build argument 'catkin_skip_building_tests' from command line to 'False'
[0.500s] DEBUG:colcon.colcon_core.verb:Building package 'turtlebot3_gazebo' with the following arguments: {'ament_cmake_args': None, 'build_base': '/home/yhan/yhan_ROS2/yhan_ws/build/turtlebot3_gazebo', 'catkin_cmake_args': None, 'catkin_skip_building_tests': False, 'cmake_args': None, 'cmake_clean_cache': False, 'cmake_clean_first': False, 'cmake_force_configure': False, 'cmake_target': None, 'cmake_target_skip_unavailable': False, 'install_base': '/home/yhan/yhan_ROS2/yhan_ws/install/turtlebot3_gazebo', 'merge_install': False, 'path': '/home/yhan/yhan_ROS2/yhan_ws/src/turtlebot3_simulations/turtlebot3_gazebo', 'symlink_install': True, 'test_result_base': None}
[0.501s] Level 5:colcon.colcon_core.verb:set package 'turtlebot3_simulations' build argument 'cmake_args' from command line to 'None'
[0.501s] Level 5:colcon.colcon_core.verb:set package 'turtlebot3_simulations' build argument 'cmake_target' from command line to 'None'
[0.501s] Level 5:colcon.colcon_core.verb:set package 'turtlebot3_simulations' build argument 'cmake_target_skip_unavailable' from command line to 'False'
[0.501s] Level 5:colcon.colcon_core.verb:set package 'turtlebot3_simulations' build argument 'cmake_clean_cache' from command line to 'False'
[0.501s] Level 5:colcon.colcon_core.verb:set package 'turtlebot3_simulations' build argument 'cmake_clean_first' from command line to 'False'
[0.501s] Level 5:colcon.colcon_core.verb:set package 'turtlebot3_simulations' build argument 'cmake_force_configure' from command line to 'False'
[0.501s] Level 5:colcon.colcon_core.verb:set package 'turtlebot3_simulations' build argument 'ament_cmake_args' from command line to 'None'
[0.501s] Level 5:colcon.colcon_core.verb:set package 'turtlebot3_simulations' build argument 'catkin_cmake_args' from command line to 'None'
[0.501s] Level 5:colcon.colcon_core.verb:set package 'turtlebot3_simulations' build argument 'catkin_skip_building_tests' from command line to 'False'
[0.501s] DEBUG:colcon.colcon_core.verb:Building package 'turtlebot3_simulations' with the following arguments: {'ament_cmake_args': None, 'build_base': '/home/yhan/yhan_ROS2/yhan_ws/build/turtlebot3_simulations', 'catkin_cmake_args': None, 'catkin_skip_building_tests': False, 'cmake_args': None, 'cmake_clean_cache': False, 'cmake_clean_first': False, 'cmake_force_configure': False, 'cmake_target': None, 'cmake_target_skip_unavailable': False, 'install_base': '/home/yhan/yhan_ROS2/yhan_ws/install/turtlebot3_simulations', 'merge_install': False, 'path': '/home/yhan/yhan_ROS2/yhan_ws/src/turtlebot3_simulations/turtlebot3_simulations', 'symlink_install': True, 'test_result_base': None}
[0.501s] INFO:colcon.colcon_core.executor:Executing jobs using 'parallel' executor
[0.503s] DEBUG:colcon.colcon_parallel_executor.executor.parallel:run_until_complete
[0.503s] INFO:colcon.colcon_ros.task.ament_cmake.build:Building ROS package in '/home/yhan/yhan_ROS2/yhan_ws/src/turtlebot3_simulations/turtlebot3_fake_node' with build type 'ament_cmake'
[0.503s] INFO:colcon.colcon_cmake.task.cmake.build:Building CMake package in '/home/yhan/yhan_ROS2/yhan_ws/src/turtlebot3_simulations/turtlebot3_fake_node'
[0.515s] INFO:colcon.colcon_core.plugin_system:Skipping extension 'colcon_core.shell.bat': Not used on non-Windows systems
[0.515s] INFO:colcon.colcon_core.shell:Skip shell extension 'powershell' for command environment: Not usable outside of PowerShell
[0.515s] DEBUG:colcon.colcon_core.shell:Skip shell extension 'dsv' for command environment
[0.524s] INFO:colcon.colcon_ros.task.ament_cmake.build:Building ROS package in '/home/yhan/yhan_ROS2/yhan_ws/src/turtlebot3_simulations/turtlebot3_gazebo' with build type 'ament_cmake'
[0.525s] INFO:colcon.colcon_cmake.task.cmake.build:Building CMake package in '/home/yhan/yhan_ROS2/yhan_ws/src/turtlebot3_simulations/turtlebot3_gazebo'
[0.525s] INFO:colcon.colcon_core.shell:Skip shell extension 'powershell' for command environment: Not usable outside of PowerShell
[0.526s] DEBUG:colcon.colcon_core.shell:Skip shell extension 'dsv' for command environment
[0.548s] DEBUG:colcon.colcon_core.event_handler.log_command:Invoking command in '/home/yhan/yhan_ROS2/yhan_ws/build/turtlebot3_fake_node': CMAKE_PREFIX_PATH=${CMAKE_PREFIX_PATH}:/opt/ros/humble /usr/bin/cmake --build /home/yhan/yhan_ROS2/yhan_ws/build/turtlebot3_fake_node -- -j2 -l2
[0.562s] DEBUG:colcon.colcon_core.event_handler.log_command:Invoking command in '/home/yhan/yhan_ROS2/yhan_ws/build/turtlebot3_gazebo': CMAKE_PREFIX_PATH=${CMAKE_PREFIX_PATH}:/opt/ros/humble /usr/bin/cmake --build /home/yhan/yhan_ROS2/yhan_ws/build/turtlebot3_gazebo -- -j2 -l2
[0.744s] DEBUG:colcon.colcon_core.event_handler.log_command:Invoked command in '/home/yhan/yhan_ROS2/yhan_ws/build/turtlebot3_fake_node' returned '0': CMAKE_PREFIX_PATH=${CMAKE_PREFIX_PATH}:/opt/ros/humble /usr/bin/cmake --build /home/yhan/yhan_ROS2/yhan_ws/build/turtlebot3_fake_node -- -j2 -l2
[0.860s] DEBUG:colcon.colcon_core.event_handler.log_command:Invoking command in '/home/yhan/yhan_ROS2/yhan_ws/build/turtlebot3_fake_node': CMAKE_PREFIX_PATH=${CMAKE_PREFIX_PATH}:/opt/ros/humble /usr/bin/cmake --install /home/yhan/yhan_ROS2/yhan_ws/build/turtlebot3_fake_node
[0.875s] DEBUG:colcon.colcon_core.event_handler.log_command:Invoked command in '/home/yhan/yhan_ROS2/yhan_ws/build/turtlebot3_gazebo' returned '0': CMAKE_PREFIX_PATH=${CMAKE_PREFIX_PATH}:/opt/ros/humble /usr/bin/cmake --build /home/yhan/yhan_ROS2/yhan_ws/build/turtlebot3_gazebo -- -j2 -l2
[0.940s] Level 1:colcon.colcon_core.environment:create_environment_scripts_only(turtlebot3_fake_node)
[0.941s] DEBUG:colcon.colcon_core.event_handler.log_command:Invoked command in '/home/yhan/yhan_ROS2/yhan_ws/build/turtlebot3_fake_node' returned '0': CMAKE_PREFIX_PATH=${CMAKE_PREFIX_PATH}:/opt/ros/humble /usr/bin/cmake --install /home/yhan/yhan_ROS2/yhan_ws/build/turtlebot3_fake_node
[0.945s] Level 1:colcon.colcon_core.environment:checking '/home/yhan/yhan_ROS2/yhan_ws/install/turtlebot3_fake_node' for CMake module files
[0.946s] Level 1:colcon.colcon_core.environment:checking '/home/yhan/yhan_ROS2/yhan_ws/install/turtlebot3_fake_node' for CMake config files
[0.952s] Level 1:colcon.colcon_core.shell:create_environment_hook('turtlebot3_fake_node', 'cmake_prefix_path')
[0.956s] INFO:colcon.colcon_core.shell:Creating environment hook '/home/yhan/yhan_ROS2/yhan_ws/install/turtlebot3_fake_node/share/turtlebot3_fake_node/hook/cmake_prefix_path.ps1'
[0.957s] INFO:colcon.colcon_core.shell:Creating environment descriptor '/home/yhan/yhan_ROS2/yhan_ws/install/turtlebot3_fake_node/share/turtlebot3_fake_node/hook/cmake_prefix_path.dsv'
[0.958s] INFO:colcon.colcon_core.shell:Creating environment hook '/home/yhan/yhan_ROS2/yhan_ws/install/turtlebot3_fake_node/share/turtlebot3_fake_node/hook/cmake_prefix_path.sh'
[0.959s] Level 1:colcon.colcon_core.environment:checking '/home/yhan/yhan_ROS2/yhan_ws/install/turtlebot3_fake_node/lib'
[0.960s] Level 1:colcon.colcon_core.environment:checking '/home/yhan/yhan_ROS2/yhan_ws/install/turtlebot3_fake_node/bin'
[0.960s] Level 1:colcon.colcon_core.environment:checking '/home/yhan/yhan_ROS2/yhan_ws/install/turtlebot3_fake_node/lib/pkgconfig/turtlebot3_fake_node.pc'
[0.960s] Level 1:colcon.colcon_core.environment:checking '/home/yhan/yhan_ROS2/yhan_ws/install/turtlebot3_fake_node/lib/python3.10/site-packages'
[0.960s] Level 1:colcon.colcon_core.environment:checking '/home/yhan/yhan_ROS2/yhan_ws/install/turtlebot3_fake_node/bin'
[0.961s] INFO:colcon.colcon_core.shell:Creating package script '/home/yhan/yhan_ROS2/yhan_ws/install/turtlebot3_fake_node/share/turtlebot3_fake_node/package.ps1'
[0.964s] INFO:colcon.colcon_core.shell:Creating package descriptor '/home/yhan/yhan_ROS2/yhan_ws/install/turtlebot3_fake_node/share/turtlebot3_fake_node/package.dsv'
[0.965s] INFO:colcon.colcon_core.shell:Creating package script '/home/yhan/yhan_ROS2/yhan_ws/install/turtlebot3_fake_node/share/turtlebot3_fake_node/package.sh'
[0.968s] INFO:colcon.colcon_core.shell:Creating package script '/home/yhan/yhan_ROS2/yhan_ws/install/turtlebot3_fake_node/share/turtlebot3_fake_node/package.bash'
[0.969s] INFO:colcon.colcon_core.shell:Creating package script '/home/yhan/yhan_ROS2/yhan_ws/install/turtlebot3_fake_node/share/turtlebot3_fake_node/package.zsh'
[0.974s] Level 1:colcon.colcon_core.environment:create_file_with_runtime_dependencies(/home/yhan/yhan_ROS2/yhan_ws/install/turtlebot3_fake_node/share/colcon-core/packages/turtlebot3_fake_node)
[1.024s] DEBUG:colcon.colcon_core.event_handler.log_command:Invoking command in '/home/yhan/yhan_ROS2/yhan_ws/build/turtlebot3_gazebo': CMAKE_PREFIX_PATH=${CMAKE_PREFIX_PATH}:/opt/ros/humble /usr/bin/cmake --install /home/yhan/yhan_ROS2/yhan_ws/build/turtlebot3_gazebo
[1.055s] Level 1:colcon.colcon_core.environment:create_environment_scripts_only(turtlebot3_fake_node)
[1.057s] Level 1:colcon.colcon_core.environment:checking '/home/yhan/yhan_ROS2/yhan_ws/install/turtlebot3_fake_node' for CMake module files
[1.057s] Level 1:colcon.colcon_core.environment:checking '/home/yhan/yhan_ROS2/yhan_ws/install/turtlebot3_fake_node' for CMake config files
[1.057s] Level 1:colcon.colcon_core.shell:create_environment_hook('turtlebot3_fake_node', 'cmake_prefix_path')
[1.058s] INFO:colcon.colcon_core.shell:Creating environment hook '/home/yhan/yhan_ROS2/yhan_ws/install/turtlebot3_fake_node/share/turtlebot3_fake_node/hook/cmake_prefix_path.ps1'
[1.058s] INFO:colcon.colcon_core.shell:Creating environment descriptor '/home/yhan/yhan_ROS2/yhan_ws/install/turtlebot3_fake_node/share/turtlebot3_fake_node/hook/cmake_prefix_path.dsv'
[1.059s] INFO:colcon.colcon_core.shell:Creating environment hook '/home/yhan/yhan_ROS2/yhan_ws/install/turtlebot3_fake_node/share/turtlebot3_fake_node/hook/cmake_prefix_path.sh'
[1.060s] Level 1:colcon.colcon_core.environment:checking '/home/yhan/yhan_ROS2/yhan_ws/install/turtlebot3_fake_node/lib'
[1.060s] Level 1:colcon.colcon_core.environment:checking '/home/yhan/yhan_ROS2/yhan_ws/install/turtlebot3_fake_node/bin'
[1.060s] Level 1:colcon.colcon_core.environment:checking '/home/yhan/yhan_ROS2/yhan_ws/install/turtlebot3_fake_node/lib/pkgconfig/turtlebot3_fake_node.pc'
[1.060s] Level 1:colcon.colcon_core.environment:checking '/home/yhan/yhan_ROS2/yhan_ws/install/turtlebot3_fake_node/lib/python3.10/site-packages'
[1.060s] Level 1:colcon.colcon_core.environment:checking '/home/yhan/yhan_ROS2/yhan_ws/install/turtlebot3_fake_node/bin'
[1.061s] INFO:colcon.colcon_core.shell:Creating package script '/home/yhan/yhan_ROS2/yhan_ws/install/turtlebot3_fake_node/share/turtlebot3_fake_node/package.ps1'
[1.061s] INFO:colcon.colcon_core.shell:Creating package descriptor '/home/yhan/yhan_ROS2/yhan_ws/install/turtlebot3_fake_node/share/turtlebot3_fake_node/package.dsv'
[1.062s] INFO:colcon.colcon_core.shell:Creating package script '/home/yhan/yhan_ROS2/yhan_ws/install/turtlebot3_fake_node/share/turtlebot3_fake_node/package.sh'
[1.062s] INFO:colcon.colcon_core.shell:Creating package script '/home/yhan/yhan_ROS2/yhan_ws/install/turtlebot3_fake_node/share/turtlebot3_fake_node/package.bash'
[1.063s] INFO:colcon.colcon_core.shell:Creating package script '/home/yhan/yhan_ROS2/yhan_ws/install/turtlebot3_fake_node/share/turtlebot3_fake_node/package.zsh'
[1.065s] Level 1:colcon.colcon_core.environment:create_file_with_runtime_dependencies(/home/yhan/yhan_ROS2/yhan_ws/install/turtlebot3_fake_node/share/colcon-core/packages/turtlebot3_fake_node)
[1.067s] INFO:colcon.colcon_ros.task.ament_cmake.build:Building ROS package in '/home/yhan/yhan_ROS2/yhan_ws/src/interface_example' with build type 'ament_cmake'
[1.068s] INFO:colcon.colcon_cmake.task.cmake.build:Building CMake package in '/home/yhan/yhan_ROS2/yhan_ws/src/interface_example'
[1.068s] INFO:colcon.colcon_core.shell:Skip shell extension 'powershell' for command environment: Not usable outside of PowerShell
[1.068s] DEBUG:colcon.colcon_core.shell:Skip shell extension 'dsv' for command environment
[1.128s] DEBUG:colcon.colcon_core.event_handler.log_command:Invoking command in '/home/yhan/yhan_ROS2/yhan_ws/build/interface_example': CMAKE_PREFIX_PATH=${CMAKE_PREFIX_PATH}:/opt/ros/humble /usr/bin/cmake /home/yhan/yhan_ROS2/yhan_ws/src/interface_example -DAMENT_CMAKE_SYMLINK_INSTALL=1 -DCMAKE_INSTALL_PREFIX=/home/yhan/yhan_ROS2/yhan_ws/install/interface_example
[1.170s] Level 1:colcon.colcon_core.environment:create_environment_scripts_only(turtlebot3_gazebo)
[1.170s] Level 1:colcon.colcon_core.environment:checking '/home/yhan/yhan_ROS2/yhan_ws/install/turtlebot3_gazebo' for CMake module files
[1.172s] DEBUG:colcon.colcon_core.event_handler.log_command:Invoked command in '/home/yhan/yhan_ROS2/yhan_ws/build/turtlebot3_gazebo' returned '0': CMAKE_PREFIX_PATH=${CMAKE_PREFIX_PATH}:/opt/ros/humble /usr/bin/cmake --install /home/yhan/yhan_ROS2/yhan_ws/build/turtlebot3_gazebo
[1.172s] Level 1:colcon.colcon_core.environment:checking '/home/yhan/yhan_ROS2/yhan_ws/install/turtlebot3_gazebo' for CMake config files
[1.175s] Level 1:colcon.colcon_core.shell:create_environment_hook('turtlebot3_gazebo', 'cmake_prefix_path')
[1.175s] INFO:colcon.colcon_core.shell:Creating environment hook '/home/yhan/yhan_ROS2/yhan_ws/install/turtlebot3_gazebo/share/turtlebot3_gazebo/hook/cmake_prefix_path.ps1'
[1.176s] INFO:colcon.colcon_core.shell:Creating environment descriptor '/home/yhan/yhan_ROS2/yhan_ws/install/turtlebot3_gazebo/share/turtlebot3_gazebo/hook/cmake_prefix_path.dsv'
[1.177s] INFO:colcon.colcon_core.shell:Creating environment hook '/home/yhan/yhan_ROS2/yhan_ws/install/turtlebot3_gazebo/share/turtlebot3_gazebo/hook/cmake_prefix_path.sh'
[1.177s] Level 1:colcon.colcon_core.environment:checking '/home/yhan/yhan_ROS2/yhan_ws/install/turtlebot3_gazebo/lib'
[1.178s] Level 1:colcon.colcon_core.environment:checking '/home/yhan/yhan_ROS2/yhan_ws/install/turtlebot3_gazebo/bin'
[1.178s] Level 1:colcon.colcon_core.environment:checking '/home/yhan/yhan_ROS2/yhan_ws/install/turtlebot3_gazebo/lib/pkgconfig/turtlebot3_gazebo.pc'
[1.178s] Level 1:colcon.colcon_core.environment:checking '/home/yhan/yhan_ROS2/yhan_ws/install/turtlebot3_gazebo/lib/python3.10/site-packages'
[1.178s] Level 1:colcon.colcon_core.environment:checking '/home/yhan/yhan_ROS2/yhan_ws/install/turtlebot3_gazebo/bin'
[1.179s] INFO:colcon.colcon_core.shell:Creating package script '/home/yhan/yhan_ROS2/yhan_ws/install/turtlebot3_gazebo/share/turtlebot3_gazebo/package.ps1'
[1.179s] INFO:colcon.colcon_core.shell:Creating package descriptor '/home/yhan/yhan_ROS2/yhan_ws/install/turtlebot3_gazebo/share/turtlebot3_gazebo/package.dsv'
[1.180s] INFO:colcon.colcon_core.shell:Creating package script '/home/yhan/yhan_ROS2/yhan_ws/install/turtlebot3_gazebo/share/turtlebot3_gazebo/package.sh'
[1.181s] INFO:colcon.colcon_core.shell:Creating package script '/home/yhan/yhan_ROS2/yhan_ws/install/turtlebot3_gazebo/share/turtlebot3_gazebo/package.bash'
[1.185s] INFO:colcon.colcon_core.shell:Creating package script '/home/yhan/yhan_ROS2/yhan_ws/install/turtlebot3_gazebo/share/turtlebot3_gazebo/package.zsh'
[1.187s] Level 1:colcon.colcon_core.environment:create_file_with_runtime_dependencies(/home/yhan/yhan_ROS2/yhan_ws/install/turtlebot3_gazebo/share/colcon-core/packages/turtlebot3_gazebo)
[1.229s] Level 1:colcon.colcon_core.environment:create_environment_scripts_only(turtlebot3_gazebo)
[1.230s] Level 1:colcon.colcon_core.environment:checking '/home/yhan/yhan_ROS2/yhan_ws/install/turtlebot3_gazebo' for CMake module files
[1.231s] Level 1:colcon.colcon_core.environment:checking '/home/yhan/yhan_ROS2/yhan_ws/install/turtlebot3_gazebo' for CMake config files
[1.232s] Level 1:colcon.colcon_core.shell:create_environment_hook('turtlebot3_gazebo', 'cmake_prefix_path')
[1.232s] INFO:colcon.colcon_core.shell:Creating environment hook '/home/yhan/yhan_ROS2/yhan_ws/install/turtlebot3_gazebo/share/turtlebot3_gazebo/hook/cmake_prefix_path.ps1'
[1.235s] INFO:colcon.colcon_core.shell:Creating environment descriptor '/home/yhan/yhan_ROS2/yhan_ws/install/turtlebot3_gazebo/share/turtlebot3_gazebo/hook/cmake_prefix_path.dsv'
[1.237s] INFO:colcon.colcon_core.shell:Creating environment hook '/home/yhan/yhan_ROS2/yhan_ws/install/turtlebot3_gazebo/share/turtlebot3_gazebo/hook/cmake_prefix_path.sh'
[1.238s] Level 1:colcon.colcon_core.environment:checking '/home/yhan/yhan_ROS2/yhan_ws/install/turtlebot3_gazebo/lib'
[1.239s] Level 1:colcon.colcon_core.environment:checking '/home/yhan/yhan_ROS2/yhan_ws/install/turtlebot3_gazebo/bin'
[1.241s] Level 1:colcon.colcon_core.environment:checking '/home/yhan/yhan_ROS2/yhan_ws/install/turtlebot3_gazebo/lib/pkgconfig/turtlebot3_gazebo.pc'
[1.242s] Level 1:colcon.colcon_core.environment:checking '/home/yhan/yhan_ROS2/yhan_ws/install/turtlebot3_gazebo/lib/python3.10/site-packages'
[1.242s] Level 1:colcon.colcon_core.environment:checking '/home/yhan/yhan_ROS2/yhan_ws/install/turtlebot3_gazebo/bin'
[1.244s] INFO:colcon.colcon_core.shell:Creating package script '/home/yhan/yhan_ROS2/yhan_ws/install/turtlebot3_gazebo/share/turtlebot3_gazebo/package.ps1'
[1.249s] INFO:colcon.colcon_core.shell:Creating package descriptor '/home/yhan/yhan_ROS2/yhan_ws/install/turtlebot3_gazebo/share/turtlebot3_gazebo/package.dsv'
[1.250s] INFO:colcon.colcon_core.shell:Creating package script '/home/yhan/yhan_ROS2/yhan_ws/install/turtlebot3_gazebo/share/turtlebot3_gazebo/package.sh'
[1.250s] INFO:colcon.colcon_core.shell:Creating package script '/home/yhan/yhan_ROS2/yhan_ws/install/turtlebot3_gazebo/share/turtlebot3_gazebo/package.bash'
[1.257s] INFO:colcon.colcon_core.shell:Creating package script '/home/yhan/yhan_ROS2/yhan_ws/install/turtlebot3_gazebo/share/turtlebot3_gazebo/package.zsh'
[1.258s] Level 1:colcon.colcon_core.environment:create_file_with_runtime_dependencies(/home/yhan/yhan_ROS2/yhan_ws/install/turtlebot3_gazebo/share/colcon-core/packages/turtlebot3_gazebo)
[1.265s] INFO:colcon.colcon_ros.task.ament_cmake.build:Building ROS package in '/home/yhan/yhan_ROS2/yhan_ws/src/move_t_sim' with build type 'ament_cmake'
[1.265s] INFO:colcon.colcon_cmake.task.cmake.build:Building CMake package in '/home/yhan/yhan_ROS2/yhan_ws/src/move_t_sim'
[1.266s] INFO:colcon.colcon_core.shell:Skip shell extension 'powershell' for command environment: Not usable outside of PowerShell
[1.266s] DEBUG:colcon.colcon_core.shell:Skip shell extension 'dsv' for command environment
[1.303s] DEBUG:colcon.colcon_core.event_handler.log_command:Invoking command in '/home/yhan/yhan_ROS2/yhan_ws/build/move_t_sim': CMAKE_PREFIX_PATH=${CMAKE_PREFIX_PATH}:/opt/ros/humble /usr/bin/cmake --build /home/yhan/yhan_ROS2/yhan_ws/build/move_t_sim -- -j2 -l2
[4.838s] DEBUG:colcon.colcon_core.event_handler.log_command:Invoked command in '/home/yhan/yhan_ROS2/yhan_ws/build/interface_example' returned '0': CMAKE_PREFIX_PATH=${CMAKE_PREFIX_PATH}:/opt/ros/humble /usr/bin/cmake /home/yhan/yhan_ROS2/yhan_ws/src/interface_example -DAMENT_CMAKE_SYMLINK_INSTALL=1 -DCMAKE_INSTALL_PREFIX=/home/yhan/yhan_ROS2/yhan_ws/install/interface_example
[4.839s] DEBUG:colcon.colcon_core.event_handler.log_command:Invoking command in '/home/yhan/yhan_ROS2/yhan_ws/build/interface_example': CMAKE_PREFIX_PATH=${CMAKE_PREFIX_PATH}:/opt/ros/humble /usr/bin/cmake --build /home/yhan/yhan_ROS2/yhan_ws/build/interface_example -- -j2 -l2
[17.869s] DEBUG:colcon.colcon_core.event_handler.log_command:Invoked command in '/home/yhan/yhan_ROS2/yhan_ws/build/interface_example' returned '0': CMAKE_PREFIX_PATH=${CMAKE_PREFIX_PATH}:/opt/ros/humble /usr/bin/cmake --build /home/yhan/yhan_ROS2/yhan_ws/build/interface_example -- -j2 -l2
[18.555s] DEBUG:colcon.colcon_core.event_handler.log_command:Invoking command in '/home/yhan/yhan_ROS2/yhan_ws/build/interface_example': CMAKE_PREFIX_PATH=${CMAKE_PREFIX_PATH}:/opt/ros/humble /usr/bin/cmake --install /home/yhan/yhan_ROS2/yhan_ws/build/interface_example
[20.649s] Level 1:colcon.colcon_core.environment:create_environment_scripts_only(interface_example)
[20.650s] Level 1:colcon.colcon_core.environment:checking '/home/yhan/yhan_ROS2/yhan_ws/install/interface_example' for CMake module files
[20.651s] Level 1:colcon.colcon_core.environment:checking '/home/yhan/yhan_ROS2/yhan_ws/install/interface_example' for CMake config files
[20.652s] Level 1:colcon.colcon_core.shell:create_environment_hook('interface_example', 'cmake_prefix_path')
[20.652s] INFO:colcon.colcon_core.shell:Creating environment hook '/home/yhan/yhan_ROS2/yhan_ws/install/interface_example/share/interface_example/hook/cmake_prefix_path.ps1'
[20.652s] INFO:colcon.colcon_core.shell:Creating environment descriptor '/home/yhan/yhan_ROS2/yhan_ws/install/interface_example/share/interface_example/hook/cmake_prefix_path.dsv'
[20.653s] INFO:colcon.colcon_core.shell:Creating environment hook '/home/yhan/yhan_ROS2/yhan_ws/install/interface_example/share/interface_example/hook/cmake_prefix_path.sh'
[20.656s] DEBUG:colcon.colcon_core.event_handler.log_command:Invoked command in '/home/yhan/yhan_ROS2/yhan_ws/build/interface_example' returned '0': CMAKE_PREFIX_PATH=${CMAKE_PREFIX_PATH}:/opt/ros/humble /usr/bin/cmake --install /home/yhan/yhan_ROS2/yhan_ws/build/interface_example
[20.660s] Level 1:colcon.colcon_core.environment:checking '/home/yhan/yhan_ROS2/yhan_ws/install/interface_example/lib'
[20.660s] Level 1:colcon.colcon_core.shell:create_environment_hook('interface_example', 'ld_library_path_lib')
[20.660s] INFO:colcon.colcon_core.shell:Creating environment hook '/home/yhan/yhan_ROS2/yhan_ws/install/interface_example/share/interface_example/hook/ld_library_path_lib.ps1'
[20.663s] INFO:colcon.colcon_core.shell:Creating environment descriptor '/home/yhan/yhan_ROS2/yhan_ws/install/interface_example/share/interface_example/hook/ld_library_path_lib.dsv'
[20.663s] INFO:colcon.colcon_core.shell:Creating environment hook '/home/yhan/yhan_ROS2/yhan_ws/install/interface_example/share/interface_example/hook/ld_library_path_lib.sh'
[20.663s] Level 1:colcon.colcon_core.environment:checking '/home/yhan/yhan_ROS2/yhan_ws/install/interface_example/bin'
[20.663s] Level 1:colcon.colcon_core.environment:checking '/home/yhan/yhan_ROS2/yhan_ws/install/interface_example/lib/pkgconfig/interface_example.pc'
[20.664s] Level 1:colcon.colcon_core.environment:checking '/home/yhan/yhan_ROS2/yhan_ws/install/interface_example/lib/python3.10/site-packages'
[20.664s] Level 1:colcon.colcon_core.environment:checking '/home/yhan/yhan_ROS2/yhan_ws/install/interface_example/bin'
[20.664s] INFO:colcon.colcon_core.shell:Creating package script '/home/yhan/yhan_ROS2/yhan_ws/install/interface_example/share/interface_example/package.ps1'
[20.664s] INFO:colcon.colcon_core.shell:Creating package descriptor '/home/yhan/yhan_ROS2/yhan_ws/install/interface_example/share/interface_example/package.dsv'
[20.664s] INFO:colcon.colcon_core.shell:Creating package script '/home/yhan/yhan_ROS2/yhan_ws/install/interface_example/share/interface_example/package.sh'
[20.665s] INFO:colcon.colcon_core.shell:Creating package script '/home/yhan/yhan_ROS2/yhan_ws/install/interface_example/share/interface_example/package.bash'
[20.665s] INFO:colcon.colcon_core.shell:Creating package script '/home/yhan/yhan_ROS2/yhan_ws/install/interface_example/share/interface_example/package.zsh'
[20.665s] Level 1:colcon.colcon_core.environment:create_file_with_runtime_dependencies(/home/yhan/yhan_ROS2/yhan_ws/install/interface_example/share/colcon-core/packages/interface_example)
[21.518s] Level 1:colcon.colcon_core.environment:create_environment_scripts_only(interface_example)
[21.518s] Level 1:colcon.colcon_core.environment:checking '/home/yhan/yhan_ROS2/yhan_ws/install/interface_example' for CMake module files
[21.519s] Level 1:colcon.colcon_core.environment:checking '/home/yhan/yhan_ROS2/yhan_ws/install/interface_example' for CMake config files
[21.521s] Level 1:colcon.colcon_core.shell:create_environment_hook('interface_example', 'cmake_prefix_path')
[21.522s] INFO:colcon.colcon_core.shell:Creating environment hook '/home/yhan/yhan_ROS2/yhan_ws/install/interface_example/share/interface_example/hook/cmake_prefix_path.ps1'
[21.523s] INFO:colcon.colcon_core.shell:Creating environment descriptor '/home/yhan/yhan_ROS2/yhan_ws/install/interface_example/share/interface_example/hook/cmake_prefix_path.dsv'
[21.531s] INFO:colcon.colcon_core.shell:Creating environment hook '/home/yhan/yhan_ROS2/yhan_ws/install/interface_example/share/interface_example/hook/cmake_prefix_path.sh'
[21.542s] Level 1:colcon.colcon_core.environment:checking '/home/yhan/yhan_ROS2/yhan_ws/install/interface_example/lib'
[21.542s] Level 1:colcon.colcon_core.shell:create_environment_hook('interface_example', 'ld_library_path_lib')
[21.543s] INFO:colcon.colcon_core.shell:Creating environment hook '/home/yhan/yhan_ROS2/yhan_ws/install/interface_example/share/interface_example/hook/ld_library_path_lib.ps1'
[21.544s] INFO:colcon.colcon_core.shell:Creating environment descriptor '/home/yhan/yhan_ROS2/yhan_ws/install/interface_example/share/interface_example/hook/ld_library_path_lib.dsv'
[21.545s] INFO:colcon.colcon_core.shell:Creating environment hook '/home/yhan/yhan_ROS2/yhan_ws/install/interface_example/share/interface_example/hook/ld_library_path_lib.sh'
[21.551s] Level 1:colcon.colcon_core.environment:checking '/home/yhan/yhan_ROS2/yhan_ws/install/interface_example/bin'
[21.552s] Level 1:colcon.colcon_core.environment:checking '/home/yhan/yhan_ROS2/yhan_ws/install/interface_example/lib/pkgconfig/interface_example.pc'
[21.553s] Level 1:colcon.colcon_core.environment:checking '/home/yhan/yhan_ROS2/yhan_ws/install/interface_example/lib/python3.10/site-packages'
[21.554s] Level 1:colcon.colcon_core.environment:checking '/home/yhan/yhan_ROS2/yhan_ws/install/interface_example/bin'
[21.556s] INFO:colcon.colcon_core.shell:Creating package script '/home/yhan/yhan_ROS2/yhan_ws/install/interface_example/share/interface_example/package.ps1'
[21.556s] INFO:colcon.colcon_core.shell:Creating package descriptor '/home/yhan/yhan_ROS2/yhan_ws/install/interface_example/share/interface_example/package.dsv'
[21.566s] INFO:colcon.colcon_core.shell:Creating package script '/home/yhan/yhan_ROS2/yhan_ws/install/interface_example/share/interface_example/package.sh'
[21.574s] INFO:colcon.colcon_core.shell:Creating package script '/home/yhan/yhan_ROS2/yhan_ws/install/interface_example/share/interface_example/package.bash'
[21.577s] INFO:colcon.colcon_core.shell:Creating package script '/home/yhan/yhan_ROS2/yhan_ws/install/interface_example/share/interface_example/package.zsh'
[21.586s] Level 1:colcon.colcon_core.environment:create_file_with_runtime_dependencies(/home/yhan/yhan_ROS2/yhan_ws/install/interface_example/share/colcon-core/packages/interface_example)
[21.592s] INFO:colcon.colcon_ros.task.ament_cmake.build:Building ROS package in '/home/yhan/yhan_ROS2/yhan_ws/src/simple_pkg_cpp' with build type 'ament_cmake'
[21.592s] INFO:colcon.colcon_cmake.task.cmake.build:Building CMake package in '/home/yhan/yhan_ROS2/yhan_ws/src/simple_pkg_cpp'
[21.592s] INFO:colcon.colcon_core.shell:Skip shell extension 'powershell' for command environment: Not usable outside of PowerShell
[21.592s] DEBUG:colcon.colcon_core.shell:Skip shell extension 'dsv' for command environment
[21.651s] DEBUG:colcon.colcon_core.event_handler.log_command:Invoking command in '/home/yhan/yhan_ROS2/yhan_ws/build/simple_pkg_cpp': CMAKE_PREFIX_PATH=${CMAKE_PREFIX_PATH}:/opt/ros/humble /usr/bin/cmake --build /home/yhan/yhan_ROS2/yhan_ws/build/simple_pkg_cpp -- -j2 -l2
[50.709s] DEBUG:colcon.colcon_core.event_handler.log_command:Invoked command in '/home/yhan/yhan_ROS2/yhan_ws/build/move_t_sim' returned '0': CMAKE_PREFIX_PATH=${CMAKE_PREFIX_PATH}:/opt/ros/humble /usr/bin/cmake --build /home/yhan/yhan_ROS2/yhan_ws/build/move_t_sim -- -j2 -l2
[50.777s] DEBUG:colcon.colcon_core.event_handler.log_command:Invoking command in '/home/yhan/yhan_ROS2/yhan_ws/build/move_t_sim': CMAKE_PREFIX_PATH=${CMAKE_PREFIX_PATH}:/opt/ros/humble /usr/bin/cmake --install /home/yhan/yhan_ROS2/yhan_ws/build/move_t_sim
[50.829s] Level 1:colcon.colcon_core.environment:create_environment_scripts_only(move_t_sim)
[50.830s] Level 1:colcon.colcon_core.environment:checking '/home/yhan/yhan_ROS2/yhan_ws/install/move_t_sim' for CMake module files
[50.831s] DEBUG:colcon.colcon_core.event_handler.log_command:Invoked command in '/home/yhan/yhan_ROS2/yhan_ws/build/move_t_sim' returned '0': CMAKE_PREFIX_PATH=${CMAKE_PREFIX_PATH}:/opt/ros/humble /usr/bin/cmake --install /home/yhan/yhan_ROS2/yhan_ws/build/move_t_sim
[50.832s] Level 1:colcon.colcon_core.environment:checking '/home/yhan/yhan_ROS2/yhan_ws/install/move_t_sim' for CMake config files
[50.834s] Level 1:colcon.colcon_core.shell:create_environment_hook('move_t_sim', 'cmake_prefix_path')
[50.834s] INFO:colcon.colcon_core.shell:Creating environment hook '/home/yhan/yhan_ROS2/yhan_ws/install/move_t_sim/share/move_t_sim/hook/cmake_prefix_path.ps1'
[50.836s] INFO:colcon.colcon_core.shell:Creating environment descriptor '/home/yhan/yhan_ROS2/yhan_ws/install/move_t_sim/share/move_t_sim/hook/cmake_prefix_path.dsv'
[50.837s] INFO:colcon.colcon_core.shell:Creating environment hook '/home/yhan/yhan_ROS2/yhan_ws/install/move_t_sim/share/move_t_sim/hook/cmake_prefix_path.sh'
[50.838s] Level 1:colcon.colcon_core.environment:checking '/home/yhan/yhan_ROS2/yhan_ws/install/move_t_sim/lib'
[50.838s] Level 1:colcon.colcon_core.environment:checking '/home/yhan/yhan_ROS2/yhan_ws/install/move_t_sim/bin'
[50.838s] Level 1:colcon.colcon_core.environment:checking '/home/yhan/yhan_ROS2/yhan_ws/install/move_t_sim/lib/pkgconfig/move_t_sim.pc'
[50.838s] Level 1:colcon.colcon_core.environment:checking '/home/yhan/yhan_ROS2/yhan_ws/install/move_t_sim/lib/python3.10/site-packages'
[50.838s] Level 1:colcon.colcon_core.environment:checking '/home/yhan/yhan_ROS2/yhan_ws/install/move_t_sim/bin'
[50.839s] INFO:colcon.colcon_core.shell:Creating package script '/home/yhan/yhan_ROS2/yhan_ws/install/move_t_sim/share/move_t_sim/package.ps1'
[50.840s] INFO:colcon.colcon_core.shell:Creating package descriptor '/home/yhan/yhan_ROS2/yhan_ws/install/move_t_sim/share/move_t_sim/package.dsv'
[50.841s] INFO:colcon.colcon_core.shell:Creating package script '/home/yhan/yhan_ROS2/yhan_ws/install/move_t_sim/share/move_t_sim/package.sh'
[50.842s] INFO:colcon.colcon_core.shell:Creating package script '/home/yhan/yhan_ROS2/yhan_ws/install/move_t_sim/share/move_t_sim/package.bash'
[50.843s] INFO:colcon.colcon_core.shell:Creating package script '/home/yhan/yhan_ROS2/yhan_ws/install/move_t_sim/share/move_t_sim/package.zsh'
[50.845s] Level 1:colcon.colcon_core.environment:create_file_with_runtime_dependencies(/home/yhan/yhan_ROS2/yhan_ws/install/move_t_sim/share/colcon-core/packages/move_t_sim)
[50.880s] Level 1:colcon.colcon_core.environment:create_environment_scripts_only(move_t_sim)
[50.880s] Level 1:colcon.colcon_core.environment:checking '/home/yhan/yhan_ROS2/yhan_ws/install/move_t_sim' for CMake module files
[50.881s] Level 1:colcon.colcon_core.environment:checking '/home/yhan/yhan_ROS2/yhan_ws/install/move_t_sim' for CMake config files
[50.882s] Level 1:colcon.colcon_core.shell:create_environment_hook('move_t_sim', 'cmake_prefix_path')
[50.882s] INFO:colcon.colcon_core.shell:Creating environment hook '/home/yhan/yhan_ROS2/yhan_ws/install/move_t_sim/share/move_t_sim/hook/cmake_prefix_path.ps1'
[50.885s] INFO:colcon.colcon_core.shell:Creating environment descriptor '/home/yhan/yhan_ROS2/yhan_ws/install/move_t_sim/share/move_t_sim/hook/cmake_prefix_path.dsv'
[50.885s] INFO:colcon.colcon_core.shell:Creating environment hook '/home/yhan/yhan_ROS2/yhan_ws/install/move_t_sim/share/move_t_sim/hook/cmake_prefix_path.sh'
[50.886s] Level 1:colcon.colcon_core.environment:checking '/home/yhan/yhan_ROS2/yhan_ws/install/move_t_sim/lib'
[50.886s] Level 1:colcon.colcon_core.environment:checking '/home/yhan/yhan_ROS2/yhan_ws/install/move_t_sim/bin'
[50.886s] Level 1:colcon.colcon_core.environment:checking '/home/yhan/yhan_ROS2/yhan_ws/install/move_t_sim/lib/pkgconfig/move_t_sim.pc'
[50.886s] Level 1:colcon.colcon_core.environment:checking '/home/yhan/yhan_ROS2/yhan_ws/install/move_t_sim/lib/python3.10/site-packages'
[50.887s] Level 1:colcon.colcon_core.environment:checking '/home/yhan/yhan_ROS2/yhan_ws/install/move_t_sim/bin'
[50.887s] INFO:colcon.colcon_core.shell:Creating package script '/home/yhan/yhan_ROS2/yhan_ws/install/move_t_sim/share/move_t_sim/package.ps1'
[50.888s] INFO:colcon.colcon_core.shell:Creating package descriptor '/home/yhan/yhan_ROS2/yhan_ws/install/move_t_sim/share/move_t_sim/package.dsv'
[50.888s] INFO:colcon.colcon_core.shell:Creating package script '/home/yhan/yhan_ROS2/yhan_ws/install/move_t_sim/share/move_t_sim/package.sh'
[50.889s] INFO:colcon.colcon_core.shell:Creating package script '/home/yhan/yhan_ROS2/yhan_ws/install/move_t_sim/share/move_t_sim/package.bash'
[50.889s] INFO:colcon.colcon_core.shell:Creating package script '/home/yhan/yhan_ROS2/yhan_ws/install/move_t_sim/share/move_t_sim/package.zsh'
[50.890s] Level 1:colcon.colcon_core.environment:create_file_with_runtime_dependencies(/home/yhan/yhan_ROS2/yhan_ws/install/move_t_sim/share/colcon-core/packages/move_t_sim)
[50.891s] INFO:colcon.colcon_ros.task.ament_cmake.build:Building ROS package in '/home/yhan/yhan_ROS2/yhan_ws/src/topic_final' with build type 'ament_cmake'
[50.891s] INFO:colcon.colcon_cmake.task.cmake.build:Building CMake package in '/home/yhan/yhan_ROS2/yhan_ws/src/topic_final'
[50.892s] INFO:colcon.colcon_core.shell:Skip shell extension 'powershell' for command environment: Not usable outside of PowerShell
[50.892s] DEBUG:colcon.colcon_core.shell:Skip shell extension 'dsv' for command environment
[50.904s] DEBUG:colcon.colcon_core.event_handler.log_command:Invoking command in '/home/yhan/yhan_ROS2/yhan_ws/build/topic_final': CMAKE_PREFIX_PATH=${CMAKE_PREFIX_PATH}:/opt/ros/humble /usr/bin/cmake --build /home/yhan/yhan_ROS2/yhan_ws/build/topic_final -- -j2 -l2
[100.904s] DEBUG:colcon.colcon_core.event_handler.log_command:Invoked command in '/home/yhan/yhan_ROS2/yhan_ws/build/topic_final' returned '0': CMAKE_PREFIX_PATH=${CMAKE_PREFIX_PATH}:/opt/ros/humble /usr/bin/cmake --build /home/yhan/yhan_ROS2/yhan_ws/build/topic_final -- -j2 -l2
[101.114s] DEBUG:colcon.colcon_core.event_handler.log_command:Invoking command in '/home/yhan/yhan_ROS2/yhan_ws/build/topic_final': CMAKE_PREFIX_PATH=${CMAKE_PREFIX_PATH}:/opt/ros/humble /usr/bin/cmake --install /home/yhan/yhan_ROS2/yhan_ws/build/topic_final
[101.191s] Level 1:colcon.colcon_core.environment:create_environment_scripts_only(topic_final)
[101.192s] Level 1:colcon.colcon_core.environment:checking '/home/yhan/yhan_ROS2/yhan_ws/install/topic_final' for CMake module files
[101.194s] Level 1:colcon.colcon_core.environment:checking '/home/yhan/yhan_ROS2/yhan_ws/install/topic_final' for CMake config files
[101.193s] DEBUG:colcon.colcon_core.event_handler.log_command:Invoked command in '/home/yhan/yhan_ROS2/yhan_ws/build/topic_final' returned '0': CMAKE_PREFIX_PATH=${CMAKE_PREFIX_PATH}:/opt/ros/humble /usr/bin/cmake --install /home/yhan/yhan_ROS2/yhan_ws/build/topic_final
[101.195s] Level 1:colcon.colcon_core.shell:create_environment_hook('topic_final', 'cmake_prefix_path')
[101.196s] INFO:colcon.colcon_core.shell:Creating environment hook '/home/yhan/yhan_ROS2/yhan_ws/install/topic_final/share/topic_final/hook/cmake_prefix_path.ps1'
[101.197s] INFO:colcon.colcon_core.shell:Creating environment descriptor '/home/yhan/yhan_ROS2/yhan_ws/install/topic_final/share/topic_final/hook/cmake_prefix_path.dsv'
[101.197s] INFO:colcon.colcon_core.shell:Creating environment hook '/home/yhan/yhan_ROS2/yhan_ws/install/topic_final/share/topic_final/hook/cmake_prefix_path.sh'
[101.198s] Level 1:colcon.colcon_core.environment:checking '/home/yhan/yhan_ROS2/yhan_ws/install/topic_final/lib'
[101.198s] Level 1:colcon.colcon_core.environment:checking '/home/yhan/yhan_ROS2/yhan_ws/install/topic_final/bin'
[101.199s] Level 1:colcon.colcon_core.environment:checking '/home/yhan/yhan_ROS2/yhan_ws/install/topic_final/lib/pkgconfig/topic_final.pc'
[101.199s] Level 1:colcon.colcon_core.environment:checking '/home/yhan/yhan_ROS2/yhan_ws/install/topic_final/lib/python3.10/site-packages'
[101.199s] Level 1:colcon.colcon_core.environment:checking '/home/yhan/yhan_ROS2/yhan_ws/install/topic_final/bin'
[101.200s] INFO:colcon.colcon_core.shell:Creating package script '/home/yhan/yhan_ROS2/yhan_ws/install/topic_final/share/topic_final/package.ps1'
[101.201s] INFO:colcon.colcon_core.shell:Creating package descriptor '/home/yhan/yhan_ROS2/yhan_ws/install/topic_final/share/topic_final/package.dsv'
[101.201s] INFO:colcon.colcon_core.shell:Creating package script '/home/yhan/yhan_ROS2/yhan_ws/install/topic_final/share/topic_final/package.sh'
[101.202s] INFO:colcon.colcon_core.shell:Creating package script '/home/yhan/yhan_ROS2/yhan_ws/install/topic_final/share/topic_final/package.bash'
[101.202s] INFO:colcon.colcon_core.shell:Creating package script '/home/yhan/yhan_ROS2/yhan_ws/install/topic_final/share/topic_final/package.zsh'
[101.203s] Level 1:colcon.colcon_core.environment:create_file_with_runtime_dependencies(/home/yhan/yhan_ROS2/yhan_ws/install/topic_final/share/colcon-core/packages/topic_final)
[101.249s] Level 1:colcon.colcon_core.environment:create_environment_scripts_only(topic_final)
[101.249s] Level 1:colcon.colcon_core.environment:checking '/home/yhan/yhan_ROS2/yhan_ws/install/topic_final' for CMake module files
[101.250s] Level 1:colcon.colcon_core.environment:checking '/home/yhan/yhan_ROS2/yhan_ws/install/topic_final' for CMake config files
[101.251s] Level 1:colcon.colcon_core.shell:create_environment_hook('topic_final', 'cmake_prefix_path')
[101.251s] INFO:colcon.colcon_core.shell:Creating environment hook '/home/yhan/yhan_ROS2/yhan_ws/install/topic_final/share/topic_final/hook/cmake_prefix_path.ps1'
[101.252s] INFO:colcon.colcon_core.shell:Creating environment descriptor '/home/yhan/yhan_ROS2/yhan_ws/install/topic_final/share/topic_final/hook/cmake_prefix_path.dsv'
[101.253s] INFO:colcon.colcon_core.shell:Creating environment hook '/home/yhan/yhan_ROS2/yhan_ws/install/topic_final/share/topic_final/hook/cmake_prefix_path.sh'
[101.254s] Level 1:colcon.colcon_core.environment:checking '/home/yhan/yhan_ROS2/yhan_ws/install/topic_final/lib'
[101.254s] Level 1:colcon.colcon_core.environment:checking '/home/yhan/yhan_ROS2/yhan_ws/install/topic_final/bin'
[101.254s] Level 1:colcon.colcon_core.environment:checking '/home/yhan/yhan_ROS2/yhan_ws/install/topic_final/lib/pkgconfig/topic_final.pc'
[101.254s] Level 1:colcon.colcon_core.environment:checking '/home/yhan/yhan_ROS2/yhan_ws/install/topic_final/lib/python3.10/site-packages'
[101.254s] Level 1:colcon.colcon_core.environment:checking '/home/yhan/yhan_ROS2/yhan_ws/install/topic_final/bin'
[101.255s] INFO:colcon.colcon_core.shell:Creating package script '/home/yhan/yhan_ROS2/yhan_ws/install/topic_final/share/topic_final/package.ps1'
[101.255s] INFO:colcon.colcon_core.shell:Creating package descriptor '/home/yhan/yhan_ROS2/yhan_ws/install/topic_final/share/topic_final/package.dsv'
[101.256s] INFO:colcon.colcon_core.shell:Creating package script '/home/yhan/yhan_ROS2/yhan_ws/install/topic_final/share/topic_final/package.sh'
[101.256s] INFO:colcon.colcon_core.shell:Creating package script '/home/yhan/yhan_ROS2/yhan_ws/install/topic_final/share/topic_final/package.bash'
[101.264s] INFO:colcon.colcon_core.shell:Creating package script '/home/yhan/yhan_ROS2/yhan_ws/install/topic_final/share/topic_final/package.zsh'
[101.265s] Level 1:colcon.colcon_core.environment:create_file_with_runtime_dependencies(/home/yhan/yhan_ROS2/yhan_ws/install/topic_final/share/colcon-core/packages/topic_final)
[101.268s] INFO:colcon.colcon_ros.task.ament_cmake.build:Building ROS package in '/home/yhan/yhan_ROS2/yhan_ws/src/turtlebot3_simulations/turtlebot3_simulations' with build type 'ament_cmake'
[101.268s] INFO:colcon.colcon_cmake.task.cmake.build:Building CMake package in '/home/yhan/yhan_ROS2/yhan_ws/src/turtlebot3_simulations/turtlebot3_simulations'
[101.269s] INFO:colcon.colcon_core.shell:Skip shell extension 'powershell' for command environment: Not usable outside of PowerShell
[101.269s] DEBUG:colcon.colcon_core.shell:Skip shell extension 'dsv' for command environment
[101.345s] DEBUG:colcon.colcon_core.event_handler.log_command:Invoking command in '/home/yhan/yhan_ROS2/yhan_ws/build/turtlebot3_simulations': CMAKE_PREFIX_PATH=/home/yhan/yhan_ROS2/yhan_ws/install/turtlebot3_gazebo:/home/yhan/yhan_ROS2/yhan_ws/install/turtlebot3_fake_node:/home/yhan/yhan_ROS2/yhan_ws/install/turtlebot3_simulations:/home/yhan/yhan_ROS2/yhan_ws/install/topic_final:/home/yhan/yhan_ROS2/yhan_ws/install/simple_pkg_cpp:/home/yhan/yhan_ROS2/yhan_ws/install/move_t_sim:/opt/ros/humble /usr/bin/cmake --build /home/yhan/yhan_ROS2/yhan_ws/build/turtlebot3_simulations -- -j2 -l2
[101.442s] DEBUG:colcon.colcon_core.event_handler.log_command:Invoked command in '/home/yhan/yhan_ROS2/yhan_ws/build/turtlebot3_simulations' returned '0': CMAKE_PREFIX_PATH=/home/yhan/yhan_ROS2/yhan_ws/install/turtlebot3_gazebo:/home/yhan/yhan_ROS2/yhan_ws/install/turtlebot3_fake_node:/home/yhan/yhan_ROS2/yhan_ws/install/turtlebot3_simulations:/home/yhan/yhan_ROS2/yhan_ws/install/topic_final:/home/yhan/yhan_ROS2/yhan_ws/install/simple_pkg_cpp:/home/yhan/yhan_ROS2/yhan_ws/install/move_t_sim:/opt/ros/humble /usr/bin/cmake --build /home/yhan/yhan_ROS2/yhan_ws/build/turtlebot3_simulations -- -j2 -l2
[101.562s] DEBUG:colcon.colcon_core.event_handler.log_command:Invoking command in '/home/yhan/yhan_ROS2/yhan_ws/build/turtlebot3_simulations': CMAKE_PREFIX_PATH=/home/yhan/yhan_ROS2/yhan_ws/install/turtlebot3_gazebo:/home/yhan/yhan_ROS2/yhan_ws/install/turtlebot3_fake_node:/home/yhan/yhan_ROS2/yhan_ws/install/turtlebot3_simulations:/home/yhan/yhan_ROS2/yhan_ws/install/topic_final:/home/yhan/yhan_ROS2/yhan_ws/install/simple_pkg_cpp:/home/yhan/yhan_ROS2/yhan_ws/install/move_t_sim:/opt/ros/humble /usr/bin/cmake --install /home/yhan/yhan_ROS2/yhan_ws/build/turtlebot3_simulations
[101.624s] Level 1:colcon.colcon_core.environment:create_environment_scripts_only(turtlebot3_simulations)
[101.625s] Level 1:colcon.colcon_core.environment:checking '/home/yhan/yhan_ROS2/yhan_ws/install/turtlebot3_simulations' for CMake module files
[101.625s] Level 1:colcon.colcon_core.environment:checking '/home/yhan/yhan_ROS2/yhan_ws/install/turtlebot3_simulations' for CMake config files
[101.624s] DEBUG:colcon.colcon_core.event_handler.log_command:Invoked command in '/home/yhan/yhan_ROS2/yhan_ws/build/turtlebot3_simulations' returned '0': CMAKE_PREFIX_PATH=/home/yhan/yhan_ROS2/yhan_ws/install/turtlebot3_gazebo:/home/yhan/yhan_ROS2/yhan_ws/install/turtlebot3_fake_node:/home/yhan/yhan_ROS2/yhan_ws/install/turtlebot3_simulations:/home/yhan/yhan_ROS2/yhan_ws/install/topic_final:/home/yhan/yhan_ROS2/yhan_ws/install/simple_pkg_cpp:/home/yhan/yhan_ROS2/yhan_ws/install/move_t_sim:/opt/ros/humble /usr/bin/cmake --install /home/yhan/yhan_ROS2/yhan_ws/build/turtlebot3_simulations
[101.626s] Level 1:colcon.colcon_core.shell:create_environment_hook('turtlebot3_simulations', 'cmake_prefix_path')
[101.626s] INFO:colcon.colcon_core.shell:Creating environment hook '/home/yhan/yhan_ROS2/yhan_ws/install/turtlebot3_simulations/share/turtlebot3_simulations/hook/cmake_prefix_path.ps1'
[101.627s] INFO:colcon.colcon_core.shell:Creating environment descriptor '/home/yhan/yhan_ROS2/yhan_ws/install/turtlebot3_simulations/share/turtlebot3_simulations/hook/cmake_prefix_path.dsv'
[101.627s] INFO:colcon.colcon_core.shell:Creating environment hook '/home/yhan/yhan_ROS2/yhan_ws/install/turtlebot3_simulations/share/turtlebot3_simulations/hook/cmake_prefix_path.sh'
[101.629s] Level 1:colcon.colcon_core.environment:checking '/home/yhan/yhan_ROS2/yhan_ws/install/turtlebot3_simulations/bin'
[101.631s] Level 1:colcon.colcon_core.environment:checking '/home/yhan/yhan_ROS2/yhan_ws/install/turtlebot3_simulations/lib/pkgconfig/turtlebot3_simulations.pc'
[101.632s] Level 1:colcon.colcon_core.environment:checking '/home/yhan/yhan_ROS2/yhan_ws/install/turtlebot3_simulations/lib/python3.10/site-packages'
[101.632s] Level 1:colcon.colcon_core.environment:checking '/home/yhan/yhan_ROS2/yhan_ws/install/turtlebot3_simulations/bin'
[101.632s] INFO:colcon.colcon_core.shell:Creating package script '/home/yhan/yhan_ROS2/yhan_ws/install/turtlebot3_simulations/share/turtlebot3_simulations/package.ps1'
[101.633s] INFO:colcon.colcon_core.shell:Creating package descriptor '/home/yhan/yhan_ROS2/yhan_ws/install/turtlebot3_simulations/share/turtlebot3_simulations/package.dsv'
[101.634s] INFO:colcon.colcon_core.shell:Creating package script '/home/yhan/yhan_ROS2/yhan_ws/install/turtlebot3_simulations/share/turtlebot3_simulations/package.sh'
[101.638s] INFO:colcon.colcon_core.shell:Creating package script '/home/yhan/yhan_ROS2/yhan_ws/install/turtlebot3_simulations/share/turtlebot3_simulations/package.bash'
[101.640s] INFO:colcon.colcon_core.shell:Creating package script '/home/yhan/yhan_ROS2/yhan_ws/install/turtlebot3_simulations/share/turtlebot3_simulations/package.zsh'
[101.641s] Level 1:colcon.colcon_core.environment:create_file_with_runtime_dependencies(/home/yhan/yhan_ROS2/yhan_ws/install/turtlebot3_simulations/share/colcon-core/packages/turtlebot3_simulations)
[101.713s] Level 1:colcon.colcon_core.environment:create_environment_scripts_only(turtlebot3_simulations)
[101.714s] Level 1:colcon.colcon_core.environment:checking '/home/yhan/yhan_ROS2/yhan_ws/install/turtlebot3_simulations' for CMake module files
[101.714s] Level 1:colcon.colcon_core.environment:checking '/home/yhan/yhan_ROS2/yhan_ws/install/turtlebot3_simulations' for CMake config files
[101.714s] Level 1:colcon.colcon_core.shell:create_environment_hook('turtlebot3_simulations', 'cmake_prefix_path')
[101.714s] INFO:colcon.colcon_core.shell:Creating environment hook '/home/yhan/yhan_ROS2/yhan_ws/install/turtlebot3_simulations/share/turtlebot3_simulations/hook/cmake_prefix_path.ps1'
[101.715s] INFO:colcon.colcon_core.shell:Creating environment descriptor '/home/yhan/yhan_ROS2/yhan_ws/install/turtlebot3_simulations/share/turtlebot3_simulations/hook/cmake_prefix_path.dsv'
[101.725s] INFO:colcon.colcon_core.shell:Creating environment hook '/home/yhan/yhan_ROS2/yhan_ws/install/turtlebot3_simulations/share/turtlebot3_simulations/hook/cmake_prefix_path.sh'
[101.726s] Level 1:colcon.colcon_core.environment:checking '/home/yhan/yhan_ROS2/yhan_ws/install/turtlebot3_simulations/bin'
[101.726s] Level 1:colcon.colcon_core.environment:checking '/home/yhan/yhan_ROS2/yhan_ws/install/turtlebot3_simulations/lib/pkgconfig/turtlebot3_simulations.pc'
[101.727s] Level 1:colcon.colcon_core.environment:checking '/home/yhan/yhan_ROS2/yhan_ws/install/turtlebot3_simulations/lib/python3.10/site-packages'
[101.727s] Level 1:colcon.colcon_core.environment:checking '/home/yhan/yhan_ROS2/yhan_ws/install/turtlebot3_simulations/bin'
[101.727s] INFO:colcon.colcon_core.shell:Creating package script '/home/yhan/yhan_ROS2/yhan_ws/install/turtlebot3_simulations/share/turtlebot3_simulations/package.ps1'
[101.727s] INFO:colcon.colcon_core.shell:Creating package descriptor '/home/yhan/yhan_ROS2/yhan_ws/install/turtlebot3_simulations/share/turtlebot3_simulations/package.dsv'
[101.728s] INFO:colcon.colcon_core.shell:Creating package script '/home/yhan/yhan_ROS2/yhan_ws/install/turtlebot3_simulations/share/turtlebot3_simulations/package.sh'
[101.728s] INFO:colcon.colcon_core.shell:Creating package script '/home/yhan/yhan_ROS2/yhan_ws/install/turtlebot3_simulations/share/turtlebot3_simulations/package.bash'
[101.729s] INFO:colcon.colcon_core.shell:Creating package script '/home/yhan/yhan_ROS2/yhan_ws/install/turtlebot3_simulations/share/turtlebot3_simulations/package.zsh'
[101.729s] Level 1:colcon.colcon_core.environment:create_file_with_runtime_dependencies(/home/yhan/yhan_ROS2/yhan_ws/install/turtlebot3_simulations/share/colcon-core/packages/turtlebot3_simulations)
[108.414s] DEBUG:colcon.colcon_core.event_handler.log_command:Invoked command in '/home/yhan/yhan_ROS2/yhan_ws/build/simple_pkg_cpp' returned '0': CMAKE_PREFIX_PATH=${CMAKE_PREFIX_PATH}:/opt/ros/humble /usr/bin/cmake --build /home/yhan/yhan_ROS2/yhan_ws/build/simple_pkg_cpp -- -j2 -l2
[108.485s] DEBUG:colcon.colcon_core.event_handler.log_command:Invoking command in '/home/yhan/yhan_ROS2/yhan_ws/build/simple_pkg_cpp': CMAKE_PREFIX_PATH=${CMAKE_PREFIX_PATH}:/opt/ros/humble /usr/bin/cmake --install /home/yhan/yhan_ROS2/yhan_ws/build/simple_pkg_cpp
[108.553s] Level 1:colcon.colcon_core.environment:create_environment_scripts_only(simple_pkg_cpp)
[108.553s] Level 1:colcon.colcon_core.environment:checking '/home/yhan/yhan_ROS2/yhan_ws/install/simple_pkg_cpp' for CMake module files
[108.553s] Level 1:colcon.colcon_core.environment:checking '/home/yhan/yhan_ROS2/yhan_ws/install/simple_pkg_cpp' for CMake config files
[108.554s] DEBUG:colcon.colcon_core.event_handler.log_command:Invoked command in '/home/yhan/yhan_ROS2/yhan_ws/build/simple_pkg_cpp' returned '0': CMAKE_PREFIX_PATH=${CMAKE_PREFIX_PATH}:/opt/ros/humble /usr/bin/cmake --install /home/yhan/yhan_ROS2/yhan_ws/build/simple_pkg_cpp
[108.555s] Level 1:colcon.colcon_core.shell:create_environment_hook('simple_pkg_cpp', 'cmake_prefix_path')
[108.555s] INFO:colcon.colcon_core.shell:Creating environment hook '/home/yhan/yhan_ROS2/yhan_ws/install/simple_pkg_cpp/share/simple_pkg_cpp/hook/cmake_prefix_path.ps1'
[108.556s] INFO:colcon.colcon_core.shell:Creating environment descriptor '/home/yhan/yhan_ROS2/yhan_ws/install/simple_pkg_cpp/share/simple_pkg_cpp/hook/cmake_prefix_path.dsv'
[108.556s] INFO:colcon.colcon_core.shell:Creating environment hook '/home/yhan/yhan_ROS2/yhan_ws/install/simple_pkg_cpp/share/simple_pkg_cpp/hook/cmake_prefix_path.sh'
[108.557s] Level 1:colcon.colcon_core.environment:checking '/home/yhan/yhan_ROS2/yhan_ws/install/simple_pkg_cpp/lib'
[108.557s] Level 1:colcon.colcon_core.environment:checking '/home/yhan/yhan_ROS2/yhan_ws/install/simple_pkg_cpp/bin'
[108.557s] Level 1:colcon.colcon_core.environment:checking '/home/yhan/yhan_ROS2/yhan_ws/install/simple_pkg_cpp/lib/pkgconfig/simple_pkg_cpp.pc'
[108.557s] Level 1:colcon.colcon_core.environment:checking '/home/yhan/yhan_ROS2/yhan_ws/install/simple_pkg_cpp/lib/python3.10/site-packages'
[108.557s] Level 1:colcon.colcon_core.environment:checking '/home/yhan/yhan_ROS2/yhan_ws/install/simple_pkg_cpp/bin'
[108.557s] INFO:colcon.colcon_core.shell:Creating package script '/home/yhan/yhan_ROS2/yhan_ws/install/simple_pkg_cpp/share/simple_pkg_cpp/package.ps1'
[108.558s] INFO:colcon.colcon_core.shell:Creating package descriptor '/home/yhan/yhan_ROS2/yhan_ws/install/simple_pkg_cpp/share/simple_pkg_cpp/package.dsv'
[108.560s] INFO:colcon.colcon_core.shell:Creating package script '/home/yhan/yhan_ROS2/yhan_ws/install/simple_pkg_cpp/share/simple_pkg_cpp/package.sh'
[108.560s] INFO:colcon.colcon_core.shell:Creating package script '/home/yhan/yhan_ROS2/yhan_ws/install/simple_pkg_cpp/share/simple_pkg_cpp/package.bash'
[108.560s] INFO:colcon.colcon_core.shell:Creating package script '/home/yhan/yhan_ROS2/yhan_ws/install/simple_pkg_cpp/share/simple_pkg_cpp/package.zsh'
[108.561s] Level 1:colcon.colcon_core.environment:create_file_with_runtime_dependencies(/home/yhan/yhan_ROS2/yhan_ws/install/simple_pkg_cpp/share/colcon-core/packages/simple_pkg_cpp)
[108.635s] Level 1:colcon.colcon_core.environment:create_environment_scripts_only(simple_pkg_cpp)
[108.635s] Level 1:colcon.colcon_core.environment:checking '/home/yhan/yhan_ROS2/yhan_ws/install/simple_pkg_cpp' for CMake module files
[108.636s] Level 1:colcon.colcon_core.environment:checking '/home/yhan/yhan_ROS2/yhan_ws/install/simple_pkg_cpp' for CMake config files
[108.636s] Level 1:colcon.colcon_core.shell:create_environment_hook('simple_pkg_cpp', 'cmake_prefix_path')
[108.636s] INFO:colcon.colcon_core.shell:Creating environment hook '/home/yhan/yhan_ROS2/yhan_ws/install/simple_pkg_cpp/share/simple_pkg_cpp/hook/cmake_prefix_path.ps1'
[108.637s] INFO:colcon.colcon_core.shell:Creating environment descriptor '/home/yhan/yhan_ROS2/yhan_ws/install/simple_pkg_cpp/share/simple_pkg_cpp/hook/cmake_prefix_path.dsv'
[108.638s] INFO:colcon.colcon_core.shell:Creating environment hook '/home/yhan/yhan_ROS2/yhan_ws/install/simple_pkg_cpp/share/simple_pkg_cpp/hook/cmake_prefix_path.sh'
[108.639s] Level 1:colcon.colcon_core.environment:checking '/home/yhan/yhan_ROS2/yhan_ws/install/simple_pkg_cpp/lib'
[108.639s] Level 1:colcon.colcon_core.environment:checking '/home/yhan/yhan_ROS2/yhan_ws/install/simple_pkg_cpp/bin'
[108.639s] Level 1:colcon.colcon_core.environment:checking '/home/yhan/yhan_ROS2/yhan_ws/install/simple_pkg_cpp/lib/pkgconfig/simple_pkg_cpp.pc'
[108.639s] Level 1:colcon.colcon_core.environment:checking '/home/yhan/yhan_ROS2/yhan_ws/install/simple_pkg_cpp/lib/python3.10/site-packages'
[108.640s] Level 1:colcon.colcon_core.environment:checking '/home/yhan/yhan_ROS2/yhan_ws/install/simple_pkg_cpp/bin'
[108.640s] INFO:colcon.colcon_core.shell:Creating package script '/home/yhan/yhan_ROS2/yhan_ws/install/simple_pkg_cpp/share/simple_pkg_cpp/package.ps1'
[108.640s] INFO:colcon.colcon_core.shell:Creating package descriptor '/home/yhan/yhan_ROS2/yhan_ws/install/simple_pkg_cpp/share/simple_pkg_cpp/package.dsv'
[108.641s] INFO:colcon.colcon_core.shell:Creating package script '/home/yhan/yhan_ROS2/yhan_ws/install/simple_pkg_cpp/share/simple_pkg_cpp/package.sh'
[108.642s] INFO:colcon.colcon_core.shell:Creating package script '/home/yhan/yhan_ROS2/yhan_ws/install/simple_pkg_cpp/share/simple_pkg_cpp/package.bash'
[108.642s] INFO:colcon.colcon_core.shell:Creating package script '/home/yhan/yhan_ROS2/yhan_ws/install/simple_pkg_cpp/share/simple_pkg_cpp/package.zsh'
[108.643s] Level 1:colcon.colcon_core.environment:create_file_with_runtime_dependencies(/home/yhan/yhan_ROS2/yhan_ws/install/simple_pkg_cpp/share/colcon-core/packages/simple_pkg_cpp)
[108.643s] DEBUG:colcon.colcon_parallel_executor.executor.parallel:closing loop
[108.644s] DEBUG:colcon.colcon_parallel_executor.executor.parallel:loop closed
[108.644s] DEBUG:colcon.colcon_parallel_executor.executor.parallel:run_until_complete finished with '0'
[108.644s] DEBUG:colcon.colcon_core.event_reactor:joining thread
[108.667s] INFO:colcon.colcon_core.plugin_system:Skipping extension 'colcon_notification.desktop_notification.terminal_notifier': Not used on non-Darwin systems
[108.667s] INFO:colcon.colcon_core.plugin_system:Skipping extension 'colcon_notification.desktop_notification.win32': Not used on non-Windows systems
[108.667s] INFO:colcon.colcon_notification.desktop_notification:Sending desktop notification using 'notify2'
[108.711s] DEBUG:colcon.colcon_core.event_reactor:joined thread
[108.711s] INFO:colcon.colcon_core.shell:Creating prefix script '/home/yhan/yhan_ROS2/yhan_ws/install/local_setup.ps1'
[108.713s] INFO:colcon.colcon_core.shell:Creating prefix util module '/home/yhan/yhan_ROS2/yhan_ws/install/_local_setup_util_ps1.py'
[108.715s] INFO:colcon.colcon_core.shell:Creating prefix chain script '/home/yhan/yhan_ROS2/yhan_ws/install/setup.ps1'
[108.718s] INFO:colcon.colcon_core.shell:Creating prefix script '/home/yhan/yhan_ROS2/yhan_ws/install/local_setup.sh'
[108.719s] INFO:colcon.colcon_core.shell:Creating prefix util module '/home/yhan/yhan_ROS2/yhan_ws/install/_local_setup_util_sh.py'
[108.719s] INFO:colcon.colcon_core.shell:Creating prefix chain script '/home/yhan/yhan_ROS2/yhan_ws/install/setup.sh'
[108.721s] INFO:colcon.colcon_core.shell:Creating prefix script '/home/yhan/yhan_ROS2/yhan_ws/install/local_setup.bash'
[108.725s] INFO:colcon.colcon_core.shell:Creating prefix chain script '/home/yhan/yhan_ROS2/yhan_ws/install/setup.bash'
[108.728s] INFO:colcon.colcon_core.shell:Creating prefix script '/home/yhan/yhan_ROS2/yhan_ws/install/local_setup.zsh'
[108.729s] INFO:colcon.colcon_core.shell:Creating prefix chain script '/home/yhan/yhan_ROS2/yhan_ws/install/setup.zsh'
