[0.039s] Invoking command in '/home/yhan/yhan_ROS2/yhan_ws/build/move_t_sim': CMAKE_PREFIX_PATH=${CMAKE_PREFIX_PATH}:/opt/ros/humble /usr/bin/cmake --build /home/yhan/yhan_ROS2/yhan_ws/build/move_t_sim -- -j2 -l2
[0.133s] -- Found ament_cmake: 1.3.9 (/opt/ros/humble/share/ament_cmake/cmake)
[0.372s] -- Override CMake install command with custom implementation using symlinks instead of copying resources
[0.404s] -- Found rclcpp: 16.0.9 (/opt/ros/humble/share/rclcpp/cmake)
[0.474s] -- Found rosidl_generator_c: 3.1.5 (/opt/ros/humble/share/rosidl_generator_c/cmake)
[0.484s] -- Found rosidl_adapter: 3.1.5 (/opt/ros/humble/share/rosidl_adapter/cmake)
[0.501s] -- Found rosidl_generator_cpp: 3.1.5 (/opt/ros/humble/share/rosidl_generator_cpp/cmake)
[0.521s] -- Using all available rosidl_typesupport_c: rosidl_typesupport_fastrtps_c;rosidl_typesupport_introspection_c
[0.566s] -- Using all available rosidl_typesupport_cpp: rosidl_typesupport_fastrtps_cpp;rosidl_typesupport_introspection_cpp
[0.681s] -- Found rmw_implementation_cmake: 6.1.2 (/opt/ros/humble/share/rmw_implementation_cmake/cmake)
[0.688s] -- Found rmw_fastrtps_cpp: 6.2.6 (/opt/ros/humble/share/rmw_fastrtps_cpp/cmake)
[0.852s] -- Using RMW implementation 'rmw_fastrtps_cpp' as default
[1.194s] -- Found geometry_msgs: 4.2.4 (/opt/ros/humble/share/geometry_msgs/cmake)
[1.251s] -- Found nav_msgs: 4.2.4 (/opt/ros/humble/share/nav_msgs/cmake)
[1.414s] -- Found turtlesim: 1.4.2 (/opt/ros/humble/share/turtlesim/cmake)
[1.651s] -- Found tf2: 0.25.7 (/opt/ros/humble/share/tf2/cmake)
[1.683s] -- Found ament_lint_auto: 0.12.11 (/opt/ros/humble/share/ament_lint_auto/cmake)
[1.841s] -- Added test 'cppcheck' to perform static code analysis on C / C++ code
[1.841s] -- Configured cppcheck include dirs: /home/yhan/yhan_ROS2/yhan_ws/src/move_t_sim/include
[1.841s] -- Configured cppcheck exclude dirs and/or files: 
[1.842s] -- Added test 'lint_cmake' to check CMake code style
[1.844s] -- Added test 'uncrustify' to check C / C++ code style
[1.844s] -- Configured uncrustify additional arguments: 
[1.846s] -- Added test 'xmllint' to check XML markup files
[1.849s] -- Configuring done
[1.890s] -- Generating done
[1.891s] -- Build files have been written to: /home/yhan/yhan_ROS2/yhan_ws/build/move_t_sim
[1.926s] [35m[1mConsolidate compiler generated dependencies of target moveTurtleSim[0m
[1.948s] [  8%] [32mBuilding CXX object CMakeFiles/moveTurtleSim2.dir/src/moveTurtleSim2.cpp.o[0m
[1.966s] [ 16%] [32mBuilding CXX object CMakeFiles/moveTurtleSim.dir/src/moveTurtleSim.cpp.o[0m
[6.818s] [ 25%] [32mBuilding CXX object CMakeFiles/moveTurtleSim.dir/src/moveTurtle.cpp.o[0m
[6.987s] [ 33%] [32mBuilding CXX object CMakeFiles/moveTurtleSim2.dir/src/moveTurtle2.cpp.o[0m
[11.573s] [ 41%] [32m[1mLinking CXX executable moveTurtleSim[0m
[11.921s] [ 41%] Built target moveTurtleSim
[11.958s] [35m[1mConsolidate compiler generated dependencies of target moveTurtleBot[0m
[11.989s] [ 50%] [32mBuilding CXX object CMakeFiles/moveTurtleBot.dir/src/moveTurtleBot.cpp.o[0m
[15.522s] [ 58%] [32mBuilding CXX object CMakeFiles/moveTurtleBot.dir/src/moveTurtleBotcpp.cpp.o[0m
[17.213s] [ 66%] [32m[1mLinking CXX executable moveTurtleSim2[0m
[17.998s] [ 66%] Built target moveTurtleSim2
[18.077s] [ 75%] [32mBuilding CXX object CMakeFiles/moveTurtleBot2.dir/src/moveTurtleBot2.cpp.o[0m
[21.747s] [ 83%] [32mBuilding CXX object CMakeFiles/moveTurtleBot2.dir/src/moveTurtleBotcpp2.cpp.o[0m
[26.699s] [ 91%] [32m[1mLinking CXX executable moveTurtleBot[0m
[27.183s] [ 91%] Built target moveTurtleBot
[30.476s] [100%] [32m[1mLinking CXX executable moveTurtleBot2[0m
[30.827s] [100%] Built target moveTurtleBot2
[30.841s] Invoked command in '/home/yhan/yhan_ROS2/yhan_ws/build/move_t_sim' returned '0': CMAKE_PREFIX_PATH=${CMAKE_PREFIX_PATH}:/opt/ros/humble /usr/bin/cmake --build /home/yhan/yhan_ROS2/yhan_ws/build/move_t_sim -- -j2 -l2
[30.916s] Invoking command in '/home/yhan/yhan_ROS2/yhan_ws/build/move_t_sim': CMAKE_PREFIX_PATH=${CMAKE_PREFIX_PATH}:/opt/ros/humble /usr/bin/cmake --install /home/yhan/yhan_ROS2/yhan_ws/build/move_t_sim
[30.922s] -- Install configuration: ""
[30.923s] -- Execute custom install script
[30.923s] -- Up-to-date symlink: /home/yhan/yhan_ROS2/yhan_ws/install/move_t_sim/lib/move_t_sim/moveTurtleSim
[30.924s] -- Symlinking: /home/yhan/yhan_ROS2/yhan_ws/install/move_t_sim/lib/move_t_sim/moveTurtleSim2
[30.931s] -- Up-to-date symlink: /home/yhan/yhan_ROS2/yhan_ws/install/move_t_sim/lib/move_t_sim/moveTurtleBot
[30.931s] -- Symlinking: /home/yhan/yhan_ROS2/yhan_ws/install/move_t_sim/lib/move_t_sim/moveTurtleBot2
[30.939s] -- Up-to-date symlink: /home/yhan/yhan_ROS2/yhan_ws/install/move_t_sim/share/ament_index/resource_index/package_run_dependencies/move_t_sim
[30.939s] -- Up-to-date symlink: /home/yhan/yhan_ROS2/yhan_ws/install/move_t_sim/share/ament_index/resource_index/parent_prefix_path/move_t_sim
[30.940s] -- Up-to-date symlink: /home/yhan/yhan_ROS2/yhan_ws/install/move_t_sim/share/move_t_sim/environment/ament_prefix_path.sh
[30.940s] -- Up-to-date symlink: /home/yhan/yhan_ROS2/yhan_ws/install/move_t_sim/share/move_t_sim/environment/ament_prefix_path.dsv
[30.940s] -- Up-to-date symlink: /home/yhan/yhan_ROS2/yhan_ws/install/move_t_sim/share/move_t_sim/environment/path.sh
[30.940s] -- Up-to-date symlink: /home/yhan/yhan_ROS2/yhan_ws/install/move_t_sim/share/move_t_sim/environment/path.dsv
[30.940s] -- Up-to-date symlink: /home/yhan/yhan_ROS2/yhan_ws/install/move_t_sim/share/move_t_sim/local_setup.bash
[30.940s] -- Up-to-date symlink: /home/yhan/yhan_ROS2/yhan_ws/install/move_t_sim/share/move_t_sim/local_setup.sh
[30.940s] -- Up-to-date symlink: /home/yhan/yhan_ROS2/yhan_ws/install/move_t_sim/share/move_t_sim/local_setup.zsh
[30.940s] -- Up-to-date symlink: /home/yhan/yhan_ROS2/yhan_ws/install/move_t_sim/share/move_t_sim/local_setup.dsv
[30.941s] -- Symlinking: /home/yhan/yhan_ROS2/yhan_ws/install/move_t_sim/share/move_t_sim/package.dsv
[30.952s] -- Up-to-date symlink: /home/yhan/yhan_ROS2/yhan_ws/install/move_t_sim/share/ament_index/resource_index/packages/move_t_sim
[30.952s] -- Up-to-date symlink: /home/yhan/yhan_ROS2/yhan_ws/install/move_t_sim/share/move_t_sim/cmake/move_t_simConfig.cmake
[30.952s] -- Up-to-date symlink: /home/yhan/yhan_ROS2/yhan_ws/install/move_t_sim/share/move_t_sim/cmake/move_t_simConfig-version.cmake
[30.953s] -- Up-to-date symlink: /home/yhan/yhan_ROS2/yhan_ws/install/move_t_sim/share/move_t_sim/package.xml
[30.956s] Invoked command in '/home/yhan/yhan_ROS2/yhan_ws/build/move_t_sim' returned '0': CMAKE_PREFIX_PATH=${CMAKE_PREFIX_PATH}:/opt/ros/humble /usr/bin/cmake --install /home/yhan/yhan_ROS2/yhan_ws/build/move_t_sim
