[0.009s] Invoking command in '/home/yhan/yhan_ws/build/simple_pkg_cpp': CMAKE_PREFIX_PATH=/opt/ros/humble /usr/bin/cmake --build /home/yhan/yhan_ws/build/simple_pkg_cpp -- -j2 -l2
[0.028s] -- Found ament_cmake: 1.3.9 (/opt/ros/humble/share/ament_cmake/cmake)
[0.118s] -- Found rclcpp: 16.0.9 (/opt/ros/humble/share/rclcpp/cmake)
[0.142s] -- Found rosidl_generator_c: 3.1.5 (/opt/ros/humble/share/rosidl_generator_c/cmake)
[0.149s] -- Found rosidl_adapter: 3.1.5 (/opt/ros/humble/share/rosidl_adapter/cmake)
[0.152s] -- Found rosidl_generator_cpp: 3.1.5 (/opt/ros/humble/share/rosidl_generator_cpp/cmake)
[0.159s] -- Using all available rosidl_typesupport_c: rosidl_typesupport_fastrtps_c;rosidl_typesupport_introspection_c
[0.169s] -- Using all available rosidl_typesupport_cpp: rosidl_typesupport_fastrtps_cpp;rosidl_typesupport_introspection_cpp
[0.206s] -- Found rmw_implementation_cmake: 6.1.2 (/opt/ros/humble/share/rmw_implementation_cmake/cmake)
[0.207s] -- Found rmw_fastrtps_cpp: 6.2.6 (/opt/ros/humble/share/rmw_fastrtps_cpp/cmake)
[0.286s] -- Using RMW implementation 'rmw_fastrtps_cpp' as default
[0.393s] -- Found ament_lint_auto: 0.12.11 (/opt/ros/humble/share/ament_lint_auto/cmake)
[0.441s] -- Added test 'cppcheck' to perform static code analysis on C / C++ code
[0.441s] -- Configured cppcheck include dirs: 
[0.441s] -- Configured cppcheck exclude dirs and/or files: 
[0.442s] -- Added test 'lint_cmake' to check CMake code style
[0.442s] -- Added test 'uncrustify' to check C / C++ code style
[0.442s] -- Configured uncrustify additional arguments: 
[0.443s] -- Added test 'xmllint' to check XML markup files
[0.443s] -- Configuring done
[0.448s] -- Generating done
[0.452s] -- Build files have been written to: /home/yhan/yhan_ws/build/simple_pkg_cpp
[0.471s] [35m[1mConsolidate compiler generated dependencies of target helloworld[0m
[0.479s] [100%] Built target helloworld
[0.487s] Invoked command in '/home/yhan/yhan_ws/build/simple_pkg_cpp' returned '0': CMAKE_PREFIX_PATH=/opt/ros/humble /usr/bin/cmake --build /home/yhan/yhan_ws/build/simple_pkg_cpp -- -j2 -l2
[0.514s] Invoking command in '/home/yhan/yhan_ws/build/simple_pkg_cpp': CMAKE_PREFIX_PATH=/opt/ros/humble /usr/bin/cmake --install /home/yhan/yhan_ws/build/simple_pkg_cpp
[0.519s] -- Install configuration: ""
[0.519s] -- Installing: /home/yhan/yhan_ws/install/simple_pkg_cpp/lib/simple_pkg_cpp/helloworld
[0.519s] -- Up-to-date: /home/yhan/yhan_ws/install/simple_pkg_cpp/share/ament_index/resource_index/package_run_dependencies/simple_pkg_cpp
[0.520s] -- Up-to-date: /home/yhan/yhan_ws/install/simple_pkg_cpp/share/ament_index/resource_index/parent_prefix_path/simple_pkg_cpp
[0.520s] -- Up-to-date: /home/yhan/yhan_ws/install/simple_pkg_cpp/share/simple_pkg_cpp/environment/ament_prefix_path.sh
[0.520s] -- Installing: /home/yhan/yhan_ws/install/simple_pkg_cpp/share/simple_pkg_cpp/environment/ament_prefix_path.dsv
[0.520s] -- Up-to-date: /home/yhan/yhan_ws/install/simple_pkg_cpp/share/simple_pkg_cpp/environment/path.sh
[0.520s] -- Installing: /home/yhan/yhan_ws/install/simple_pkg_cpp/share/simple_pkg_cpp/environment/path.dsv
[0.521s] -- Up-to-date: /home/yhan/yhan_ws/install/simple_pkg_cpp/share/simple_pkg_cpp/local_setup.bash
[0.521s] -- Up-to-date: /home/yhan/yhan_ws/install/simple_pkg_cpp/share/simple_pkg_cpp/local_setup.sh
[0.521s] -- Up-to-date: /home/yhan/yhan_ws/install/simple_pkg_cpp/share/simple_pkg_cpp/local_setup.zsh
[0.521s] -- Installing: /home/yhan/yhan_ws/install/simple_pkg_cpp/share/simple_pkg_cpp/local_setup.dsv
[0.521s] -- Installing: /home/yhan/yhan_ws/install/simple_pkg_cpp/share/simple_pkg_cpp/package.dsv
[0.521s] -- Up-to-date: /home/yhan/yhan_ws/install/simple_pkg_cpp/share/ament_index/resource_index/packages/simple_pkg_cpp
[0.522s] -- Up-to-date: /home/yhan/yhan_ws/install/simple_pkg_cpp/share/simple_pkg_cpp/cmake/simple_pkg_cppConfig.cmake
[0.522s] -- Up-to-date: /home/yhan/yhan_ws/install/simple_pkg_cpp/share/simple_pkg_cpp/cmake/simple_pkg_cppConfig-version.cmake
[0.522s] -- Installing: /home/yhan/yhan_ws/install/simple_pkg_cpp/share/simple_pkg_cpp/package.xml
[0.523s] Invoked command in '/home/yhan/yhan_ws/build/simple_pkg_cpp' returned '0': CMAKE_PREFIX_PATH=/opt/ros/humble /usr/bin/cmake --install /home/yhan/yhan_ws/build/simple_pkg_cpp
