[0.020s] Invoking command in '/home/yhan/yhan_ROS2/yhan_ws/src/build/turtlebot3_fake_node': CMAKE_PREFIX_PATH=/opt/ros/humble /usr/bin/cmake /home/yhan/yhan_ROS2/yhan_ws/src/turtlebot3_simulations/turtlebot3_fake_node -DAMENT_CMAKE_SYMLINK_INSTALL=1 -DCMAKE_INSTALL_PREFIX=/home/yhan/yhan_ROS2/yhan_ws/src/install/turtlebot3_fake_node
[0.184s] -- The C compiler identification is GNU 11.4.0
[0.318s] -- The CXX compiler identification is GNU 11.4.0
[0.352s] -- Detecting C compiler ABI info
[0.475s] -- Detecting C compiler ABI info - done
[0.485s] -- Check for working C compiler: /usr/bin/cc - skipped
[0.486s] -- Detecting C compile features
[0.487s] -- Detecting C compile features - done
[0.491s] -- Detecting CXX compiler ABI info
[0.595s] -- Detecting CXX compiler ABI info - done
[0.607s] -- Check for working CXX compiler: /usr/bin/c++ - skipped
[0.607s] -- Detecting CXX compile features
[0.608s] -- Detecting CXX compile features - done
[0.626s] -- Found ament_cmake: 1.3.9 (/opt/ros/humble/share/ament_cmake/cmake)
[0.821s] -- Found Python3: /usr/bin/python3 (found version "3.10.12") found components: Interpreter 
[0.897s] -- Override CMake install command with custom implementation using symlinks instead of copying resources
[0.965s] -- Found geometry_msgs: 4.2.4 (/opt/ros/humble/share/geometry_msgs/cmake)
[1.033s] -- Found rosidl_generator_c: 3.1.5 (/opt/ros/humble/share/rosidl_generator_c/cmake)
[1.044s] -- Found rosidl_adapter: 3.1.5 (/opt/ros/humble/share/rosidl_adapter/cmake)
[1.069s] -- Found rosidl_generator_cpp: 3.1.5 (/opt/ros/humble/share/rosidl_generator_cpp/cmake)
[1.110s] -- Using all available rosidl_typesupport_c: rosidl_typesupport_fastrtps_c;rosidl_typesupport_introspection_c
[1.138s] -- Using all available rosidl_typesupport_cpp: rosidl_typesupport_fastrtps_cpp;rosidl_typesupport_introspection_cpp
[1.320s] -- Found nav_msgs: 4.2.4 (/opt/ros/humble/share/nav_msgs/cmake)
[1.433s] -- Found rclcpp: 16.0.9 (/opt/ros/humble/share/rclcpp/cmake)
[1.554s] -- Found rmw_implementation_cmake: 6.1.2 (/opt/ros/humble/share/rmw_implementation_cmake/cmake)
[1.561s] -- Found rmw_fastrtps_cpp: 6.2.6 (/opt/ros/humble/share/rmw_fastrtps_cpp/cmake)
[1.713s] -- Found OpenSSL: /usr/lib/x86_64-linux-gnu/libcrypto.so (found version "3.0.2")  
[1.746s] -- Found FastRTPS: /opt/ros/humble/include  
[1.801s] -- Using RMW implementation 'rmw_fastrtps_cpp' as default
[1.818s] -- Looking for pthread.h
[1.989s] -- Looking for pthread.h - found
[1.989s] -- Performing Test CMAKE_HAVE_LIBC_PTHREAD
[2.109s] -- Performing Test CMAKE_HAVE_LIBC_PTHREAD - Success
[2.110s] -- Found Threads: TRUE  
[2.294s] -- Found sensor_msgs: 4.2.4 (/opt/ros/humble/share/sensor_msgs/cmake)
[2.433s] -- Found tf2: 0.25.7 (/opt/ros/humble/share/tf2/cmake)
[2.456s] -- Found tf2_msgs: 0.25.7 (/opt/ros/humble/share/tf2_msgs/cmake)
[2.665s] -- Found turtlebot3_msgs: 2.2.3 (/opt/ros/humble/share/turtlebot3_msgs/cmake)
[2.871s] -- Configuring done
[2.891s] -- Generating done
[2.897s] -- Build files have been written to: /home/yhan/yhan_ROS2/yhan_ws/src/build/turtlebot3_fake_node
[2.906s] Invoked command in '/home/yhan/yhan_ROS2/yhan_ws/src/build/turtlebot3_fake_node' returned '0': CMAKE_PREFIX_PATH=/opt/ros/humble /usr/bin/cmake /home/yhan/yhan_ROS2/yhan_ws/src/turtlebot3_simulations/turtlebot3_fake_node -DAMENT_CMAKE_SYMLINK_INSTALL=1 -DCMAKE_INSTALL_PREFIX=/home/yhan/yhan_ROS2/yhan_ws/src/install/turtlebot3_fake_node
[2.906s] Invoking command in '/home/yhan/yhan_ROS2/yhan_ws/src/build/turtlebot3_fake_node': CMAKE_PREFIX_PATH=/opt/ros/humble /usr/bin/cmake --build /home/yhan/yhan_ROS2/yhan_ws/src/build/turtlebot3_fake_node -- -j2 -l2
[2.973s] [ 50%] [32mBuilding CXX object CMakeFiles/turtlebot3_fake_node.dir/src/turtlebot3_fake_node.cpp.o[0m
[18.229s] [100%] [32m[1mLinking CXX executable turtlebot3_fake_node[0m
[19.597s] [100%] Built target turtlebot3_fake_node
[19.642s] Invoked command in '/home/yhan/yhan_ROS2/yhan_ws/src/build/turtlebot3_fake_node' returned '0': CMAKE_PREFIX_PATH=/opt/ros/humble /usr/bin/cmake --build /home/yhan/yhan_ROS2/yhan_ws/src/build/turtlebot3_fake_node -- -j2 -l2
[19.747s] Invoking command in '/home/yhan/yhan_ROS2/yhan_ws/src/build/turtlebot3_fake_node': CMAKE_PREFIX_PATH=/opt/ros/humble /usr/bin/cmake --install /home/yhan/yhan_ROS2/yhan_ws/src/build/turtlebot3_fake_node
[19.775s] -- Install configuration: ""
[19.775s] -- Execute custom install script
[19.781s] -- Symlinking: /home/yhan/yhan_ROS2/yhan_ws/src/install/turtlebot3_fake_node/lib/turtlebot3_fake_node/turtlebot3_fake_node
[19.808s] -- Symlinking: /home/yhan/yhan_ROS2/yhan_ws/src/install/turtlebot3_fake_node/share/turtlebot3_fake_node/launch/rviz2.launch.py
[19.839s] -- Symlinking: /home/yhan/yhan_ROS2/yhan_ws/src/install/turtlebot3_fake_node/share/turtlebot3_fake_node/launch/turtlebot3_fake_node.launch.py
[19.861s] -- Symlinking: /home/yhan/yhan_ROS2/yhan_ws/src/install/turtlebot3_fake_node/share/turtlebot3_fake_node/param/burger.yaml
[19.887s] -- Symlinking: /home/yhan/yhan_ROS2/yhan_ws/src/install/turtlebot3_fake_node/share/turtlebot3_fake_node/param/waffle.yaml
[19.922s] -- Symlinking: /home/yhan/yhan_ROS2/yhan_ws/src/install/turtlebot3_fake_node/share/turtlebot3_fake_node/param/waffle_pi.yaml
[19.946s] -- Symlinking: /home/yhan/yhan_ROS2/yhan_ws/src/install/turtlebot3_fake_node/include//turtlebot3_fake_node/turtlebot3_fake_node.hpp
[19.968s] -- Symlinking: /home/yhan/yhan_ROS2/yhan_ws/src/install/turtlebot3_fake_node/share/ament_index/resource_index/package_run_dependencies/turtlebot3_fake_node
[19.986s] -- Symlinking: /home/yhan/yhan_ROS2/yhan_ws/src/install/turtlebot3_fake_node/share/ament_index/resource_index/parent_prefix_path/turtlebot3_fake_node
[20.015s] -- Symlinking: /home/yhan/yhan_ROS2/yhan_ws/src/install/turtlebot3_fake_node/share/turtlebot3_fake_node/environment/ament_prefix_path.sh
[20.040s] -- Symlinking: /home/yhan/yhan_ROS2/yhan_ws/src/install/turtlebot3_fake_node/share/turtlebot3_fake_node/environment/ament_prefix_path.dsv
[20.071s] -- Symlinking: /home/yhan/yhan_ROS2/yhan_ws/src/install/turtlebot3_fake_node/share/turtlebot3_fake_node/environment/path.sh
[20.116s] -- Symlinking: /home/yhan/yhan_ROS2/yhan_ws/src/install/turtlebot3_fake_node/share/turtlebot3_fake_node/environment/path.dsv
[20.164s] -- Symlinking: /home/yhan/yhan_ROS2/yhan_ws/src/install/turtlebot3_fake_node/share/turtlebot3_fake_node/local_setup.bash
[20.249s] -- Symlinking: /home/yhan/yhan_ROS2/yhan_ws/src/install/turtlebot3_fake_node/share/turtlebot3_fake_node/local_setup.sh
[20.306s] -- Symlinking: /home/yhan/yhan_ROS2/yhan_ws/src/install/turtlebot3_fake_node/share/turtlebot3_fake_node/local_setup.zsh
[20.336s] -- Symlinking: /home/yhan/yhan_ROS2/yhan_ws/src/install/turtlebot3_fake_node/share/turtlebot3_fake_node/local_setup.dsv
[20.384s] -- Symlinking: /home/yhan/yhan_ROS2/yhan_ws/src/install/turtlebot3_fake_node/share/turtlebot3_fake_node/package.dsv
[20.422s] -- Symlinking: /home/yhan/yhan_ROS2/yhan_ws/src/install/turtlebot3_fake_node/share/ament_index/resource_index/packages/turtlebot3_fake_node
[20.457s] -- Symlinking: /home/yhan/yhan_ROS2/yhan_ws/src/install/turtlebot3_fake_node/share/turtlebot3_fake_node/cmake/ament_cmake_export_include_directories-extras.cmake
[20.485s] -- Symlinking: /home/yhan/yhan_ROS2/yhan_ws/src/install/turtlebot3_fake_node/share/turtlebot3_fake_node/cmake/ament_cmake_export_dependencies-extras.cmake
[20.521s] -- Symlinking: /home/yhan/yhan_ROS2/yhan_ws/src/install/turtlebot3_fake_node/share/turtlebot3_fake_node/cmake/turtlebot3_fake_nodeConfig.cmake
[20.537s] -- Symlinking: /home/yhan/yhan_ROS2/yhan_ws/src/install/turtlebot3_fake_node/share/turtlebot3_fake_node/cmake/turtlebot3_fake_nodeConfig-version.cmake
[20.574s] -- Symlinking: /home/yhan/yhan_ROS2/yhan_ws/src/install/turtlebot3_fake_node/share/turtlebot3_fake_node/package.xml
[20.609s] Invoked command in '/home/yhan/yhan_ROS2/yhan_ws/src/build/turtlebot3_fake_node' returned '0': CMAKE_PREFIX_PATH=/opt/ros/humble /usr/bin/cmake --install /home/yhan/yhan_ROS2/yhan_ws/src/build/turtlebot3_fake_node
