[  9%] Built target helloword
[ 18%] Built target helloOpenCV
[ 27%] Built target hello_publisher2
[ 36%] Built target hello_publisher
[ 45%] Built target hello_publisher_class
[ 50%] [32mBuilding CXX object CMakeFiles/hello_publisher_class2.dir/src/hello_publisher_class2.cpp.o[0m
[ 54%] [32mBuilding CXX object CMakeFiles/hello_subscriber_class.dir/src/hello_subscriber_class.cpp.o[0m
[ 59%] [32mBuilding CXX object CMakeFiles/hello_subscriber_class.dir/src/subscriber.cpp.o[0m
[ 63%] [32mBuilding CXX object CMakeFiles/hello_publisher_class2.dir/src/publisher.cpp.o[0m
[ 68%] [32m[1mLinking CXX executable hello_publisher_class2[0m
[ 68%] Built target hello_publisher_class2
[ 72%] [32mBuilding CXX object CMakeFiles/time_publisher_class.dir/src/time_publisher_class.cpp.o[0m
[ 77%] [32mBuilding CXX object CMakeFiles/time_publisher_class.dir/src/time_pub.cpp.o[0m
[ 81%] [32m[1mLinking CXX executable hello_subscriber_class[0m
[ 81%] Built target hello_subscriber_class
[ 86%] [32m[1mLinking CXX executable time_publisher_class[0m
[ 86%] Built target time_publisher_class
[ 90%] [32mBuilding CXX object CMakeFiles/time_subscriber_class.dir/src/time_subscriber_class.cpp.o[0m
[ 95%] [32mBuilding CXX object CMakeFiles/time_subscriber_class.dir/src/time_sub.cpp.o[0m
[100%] [32m[1mLinking CXX executable time_subscriber_class[0m
[100%] Built target time_subscriber_class
-- Install configuration: ""
-- Execute custom install script
-- Symlinking: /home/yhan/yhan_ROS2/yhan_ws/src/install/simple_pkg_cpp/lib/simple_pkg_cpp/helloword
-- Symlinking: /home/yhan/yhan_ROS2/yhan_ws/src/install/simple_pkg_cpp/lib/simple_pkg_cpp/helloOpenCV
-- Symlinking: /home/yhan/yhan_ROS2/yhan_ws/src/install/simple_pkg_cpp/lib/simple_pkg_cpp/hello_publisher
-- Symlinking: /home/yhan/yhan_ROS2/yhan_ws/src/install/simple_pkg_cpp/lib/simple_pkg_cpp/hello_publisher2
-- Symlinking: /home/yhan/yhan_ROS2/yhan_ws/src/install/simple_pkg_cpp/lib/simple_pkg_cpp/hello_publisher_class
-- Symlinking: /home/yhan/yhan_ROS2/yhan_ws/src/install/simple_pkg_cpp/lib/simple_pkg_cpp/hello_publisher_class2
-- Symlinking: /home/yhan/yhan_ROS2/yhan_ws/src/install/simple_pkg_cpp/lib/simple_pkg_cpp/hello_subscriber_class
-- Symlinking: /home/yhan/yhan_ROS2/yhan_ws/src/install/simple_pkg_cpp/lib/simple_pkg_cpp/time_publisher_class
-- Symlinking: /home/yhan/yhan_ROS2/yhan_ws/src/install/simple_pkg_cpp/lib/simple_pkg_cpp/time_subscriber_class
-- Symlinking: /home/yhan/yhan_ROS2/yhan_ws/src/install/simple_pkg_cpp/share/ament_index/resource_index/package_run_dependencies/simple_pkg_cpp
-- Symlinking: /home/yhan/yhan_ROS2/yhan_ws/src/install/simple_pkg_cpp/share/ament_index/resource_index/parent_prefix_path/simple_pkg_cpp
-- Symlinking: /home/yhan/yhan_ROS2/yhan_ws/src/install/simple_pkg_cpp/share/simple_pkg_cpp/environment/ament_prefix_path.sh
-- Symlinking: /home/yhan/yhan_ROS2/yhan_ws/src/install/simple_pkg_cpp/share/simple_pkg_cpp/environment/ament_prefix_path.dsv
-- Symlinking: /home/yhan/yhan_ROS2/yhan_ws/src/install/simple_pkg_cpp/share/simple_pkg_cpp/environment/path.sh
-- Symlinking: /home/yhan/yhan_ROS2/yhan_ws/src/install/simple_pkg_cpp/share/simple_pkg_cpp/environment/path.dsv
-- Symlinking: /home/yhan/yhan_ROS2/yhan_ws/src/install/simple_pkg_cpp/share/simple_pkg_cpp/local_setup.bash
-- Symlinking: /home/yhan/yhan_ROS2/yhan_ws/src/install/simple_pkg_cpp/share/simple_pkg_cpp/local_setup.sh
-- Symlinking: /home/yhan/yhan_ROS2/yhan_ws/src/install/simple_pkg_cpp/share/simple_pkg_cpp/local_setup.zsh
-- Symlinking: /home/yhan/yhan_ROS2/yhan_ws/src/install/simple_pkg_cpp/share/simple_pkg_cpp/local_setup.dsv
-- Symlinking: /home/yhan/yhan_ROS2/yhan_ws/src/install/simple_pkg_cpp/share/simple_pkg_cpp/package.dsv
-- Symlinking: /home/yhan/yhan_ROS2/yhan_ws/src/install/simple_pkg_cpp/share/ament_index/resource_index/packages/simple_pkg_cpp
-- Symlinking: /home/yhan/yhan_ROS2/yhan_ws/src/install/simple_pkg_cpp/share/simple_pkg_cpp/cmake/simple_pkg_cppConfig.cmake
-- Symlinking: /home/yhan/yhan_ROS2/yhan_ws/src/install/simple_pkg_cpp/share/simple_pkg_cpp/cmake/simple_pkg_cppConfig-version.cmake
-- Symlinking: /home/yhan/yhan_ROS2/yhan_ws/src/install/simple_pkg_cpp/share/simple_pkg_cpp/package.xml
