[0.012s] Invoking command in '/home/yhan/yhan_ROS2/yhan_ws/src/build/simple_pkg_cpp': CMAKE_PREFIX_PATH=/opt/ros/humble /usr/bin/cmake --build /home/yhan/yhan_ROS2/yhan_ws/src/build/simple_pkg_cpp -- -j2 -l2
[0.086s] [  9%] Built target helloword
[0.090s] [ 18%] Built target helloOpenCV
[0.132s] [ 27%] Built target hello_publisher2
[0.137s] [ 36%] Built target hello_publisher
[0.173s] [ 45%] Built target hello_publisher_class
[0.186s] [ 50%] [32mBuilding CXX object CMakeFiles/hello_publisher_class2.dir/src/hello_publisher_class2.cpp.o[0m
[0.217s] [ 54%] [32mBuilding CXX object CMakeFiles/hello_subscriber_class.dir/src/hello_subscriber_class.cpp.o[0m
[5.882s] [ 59%] [32mBuilding CXX object CMakeFiles/hello_subscriber_class.dir/src/subscriber.cpp.o[0m
[6.653s] [ 63%] [32mBuilding CXX object CMakeFiles/hello_publisher_class2.dir/src/publisher.cpp.o[0m
[17.409s] [ 68%] [32m[1mLinking CXX executable hello_publisher_class2[0m
[17.979s] [ 68%] Built target hello_publisher_class2
[18.140s] [ 72%] [32mBuilding CXX object CMakeFiles/time_publisher_class.dir/src/time_publisher_class.cpp.o[0m
[26.017s] [ 77%] [32mBuilding CXX object CMakeFiles/time_publisher_class.dir/src/time_pub.cpp.o[0m
[26.365s] [ 81%] [32m[1mLinking CXX executable hello_subscriber_class[0m
[27.103s] [ 81%] Built target hello_subscriber_class
[30.972s] [ 86%] [32m[1mLinking CXX executable time_publisher_class[0m
[31.214s] [ 86%] Built target time_publisher_class
[31.260s] [ 90%] [32mBuilding CXX object CMakeFiles/time_subscriber_class.dir/src/time_subscriber_class.cpp.o[0m
[34.524s] [ 95%] [32mBuilding CXX object CMakeFiles/time_subscriber_class.dir/src/time_sub.cpp.o[0m
[44.171s] [100%] [32m[1mLinking CXX executable time_subscriber_class[0m
[44.706s] [100%] Built target time_subscriber_class
[44.811s] Invoked command in '/home/yhan/yhan_ROS2/yhan_ws/src/build/simple_pkg_cpp' returned '0': CMAKE_PREFIX_PATH=/opt/ros/humble /usr/bin/cmake --build /home/yhan/yhan_ROS2/yhan_ws/src/build/simple_pkg_cpp -- -j2 -l2
[44.918s] Invoking command in '/home/yhan/yhan_ROS2/yhan_ws/src/build/simple_pkg_cpp': CMAKE_PREFIX_PATH=/opt/ros/humble /usr/bin/cmake --install /home/yhan/yhan_ROS2/yhan_ws/src/build/simple_pkg_cpp
[44.939s] -- Install configuration: ""
[44.940s] -- Execute custom install script
[44.942s] -- Symlinking: /home/yhan/yhan_ROS2/yhan_ws/src/install/simple_pkg_cpp/lib/simple_pkg_cpp/helloword
[44.958s] -- Symlinking: /home/yhan/yhan_ROS2/yhan_ws/src/install/simple_pkg_cpp/lib/simple_pkg_cpp/helloOpenCV
[44.975s] -- Symlinking: /home/yhan/yhan_ROS2/yhan_ws/src/install/simple_pkg_cpp/lib/simple_pkg_cpp/hello_publisher
[44.992s] -- Symlinking: /home/yhan/yhan_ROS2/yhan_ws/src/install/simple_pkg_cpp/lib/simple_pkg_cpp/hello_publisher2
[45.006s] -- Symlinking: /home/yhan/yhan_ROS2/yhan_ws/src/install/simple_pkg_cpp/lib/simple_pkg_cpp/hello_publisher_class
[45.022s] -- Symlinking: /home/yhan/yhan_ROS2/yhan_ws/src/install/simple_pkg_cpp/lib/simple_pkg_cpp/hello_publisher_class2
[45.039s] -- Symlinking: /home/yhan/yhan_ROS2/yhan_ws/src/install/simple_pkg_cpp/lib/simple_pkg_cpp/hello_subscriber_class
[45.055s] -- Symlinking: /home/yhan/yhan_ROS2/yhan_ws/src/install/simple_pkg_cpp/lib/simple_pkg_cpp/time_publisher_class
[45.072s] -- Symlinking: /home/yhan/yhan_ROS2/yhan_ws/src/install/simple_pkg_cpp/lib/simple_pkg_cpp/time_subscriber_class
[45.089s] -- Symlinking: /home/yhan/yhan_ROS2/yhan_ws/src/install/simple_pkg_cpp/share/ament_index/resource_index/package_run_dependencies/simple_pkg_cpp
[45.106s] -- Symlinking: /home/yhan/yhan_ROS2/yhan_ws/src/install/simple_pkg_cpp/share/ament_index/resource_index/parent_prefix_path/simple_pkg_cpp
[45.125s] -- Symlinking: /home/yhan/yhan_ROS2/yhan_ws/src/install/simple_pkg_cpp/share/simple_pkg_cpp/environment/ament_prefix_path.sh
[45.135s] -- Symlinking: /home/yhan/yhan_ROS2/yhan_ws/src/install/simple_pkg_cpp/share/simple_pkg_cpp/environment/ament_prefix_path.dsv
[45.154s] -- Symlinking: /home/yhan/yhan_ROS2/yhan_ws/src/install/simple_pkg_cpp/share/simple_pkg_cpp/environment/path.sh
[45.173s] -- Symlinking: /home/yhan/yhan_ROS2/yhan_ws/src/install/simple_pkg_cpp/share/simple_pkg_cpp/environment/path.dsv
[45.187s] -- Symlinking: /home/yhan/yhan_ROS2/yhan_ws/src/install/simple_pkg_cpp/share/simple_pkg_cpp/local_setup.bash
[45.196s] -- Symlinking: /home/yhan/yhan_ROS2/yhan_ws/src/install/simple_pkg_cpp/share/simple_pkg_cpp/local_setup.sh
[45.203s] -- Symlinking: /home/yhan/yhan_ROS2/yhan_ws/src/install/simple_pkg_cpp/share/simple_pkg_cpp/local_setup.zsh
[45.226s] -- Symlinking: /home/yhan/yhan_ROS2/yhan_ws/src/install/simple_pkg_cpp/share/simple_pkg_cpp/local_setup.dsv
[45.236s] -- Symlinking: /home/yhan/yhan_ROS2/yhan_ws/src/install/simple_pkg_cpp/share/simple_pkg_cpp/package.dsv
[45.279s] -- Symlinking: /home/yhan/yhan_ROS2/yhan_ws/src/install/simple_pkg_cpp/share/ament_index/resource_index/packages/simple_pkg_cpp
[45.298s] -- Symlinking: /home/yhan/yhan_ROS2/yhan_ws/src/install/simple_pkg_cpp/share/simple_pkg_cpp/cmake/simple_pkg_cppConfig.cmake
[45.311s] -- Symlinking: /home/yhan/yhan_ROS2/yhan_ws/src/install/simple_pkg_cpp/share/simple_pkg_cpp/cmake/simple_pkg_cppConfig-version.cmake
[45.338s] -- Symlinking: /home/yhan/yhan_ROS2/yhan_ws/src/install/simple_pkg_cpp/share/simple_pkg_cpp/package.xml
[45.369s] Invoked command in '/home/yhan/yhan_ROS2/yhan_ws/src/build/simple_pkg_cpp' returned '0': CMAKE_PREFIX_PATH=/opt/ros/humble /usr/bin/cmake --install /home/yhan/yhan_ROS2/yhan_ws/src/build/simple_pkg_cpp
