[0.016s] Invoking command in '/home/yhan/yhan_ROS2/yhan_ws/src/build/topic_final': CMAKE_PREFIX_PATH=${CMAKE_PREFIX_PATH}:/opt/ros/humble /usr/bin/cmake /home/yhan/yhan_ROS2/yhan_ws/src/topic_final -DCMAKE_INSTALL_PREFIX=/home/yhan/yhan_ROS2/yhan_ws/src/install/topic_final
[0.035s] -- Found ament_cmake: 1.3.9 (/opt/ros/humble/share/ament_cmake/cmake)
[0.179s] -- Override CMake install command with custom implementation using symlinks instead of copying resources
[0.184s] -- Found rclcpp: 16.0.9 (/opt/ros/humble/share/rclcpp/cmake)
[0.210s] -- Found rosidl_generator_c: 3.1.5 (/opt/ros/humble/share/rosidl_generator_c/cmake)
[0.212s] -- Found rosidl_adapter: 3.1.5 (/opt/ros/humble/share/rosidl_adapter/cmake)
[0.219s] -- Found rosidl_generator_cpp: 3.1.5 (/opt/ros/humble/share/rosidl_generator_cpp/cmake)
[0.232s] -- Using all available rosidl_typesupport_c: rosidl_typesupport_fastrtps_c;rosidl_typesupport_introspection_c
[0.252s] -- Using all available rosidl_typesupport_cpp: rosidl_typesupport_fastrtps_cpp;rosidl_typesupport_introspection_cpp
[0.324s] -- Found rmw_implementation_cmake: 6.1.2 (/opt/ros/humble/share/rmw_implementation_cmake/cmake)
[0.326s] -- Found rmw_fastrtps_cpp: 6.2.6 (/opt/ros/humble/share/rmw_fastrtps_cpp/cmake)
[0.431s] -- Using RMW implementation 'rmw_fastrtps_cpp' as default
[0.575s] -- Found ament_lint_auto: 0.12.11 (/opt/ros/humble/share/ament_lint_auto/cmake)
[0.664s] -- Added test 'cppcheck' to perform static code analysis on C / C++ code
[0.665s] -- Configured cppcheck include dirs: 
[0.665s] -- Configured cppcheck exclude dirs and/or files: 
[0.667s] -- Added test 'lint_cmake' to check CMake code style
[0.677s] -- Added test 'uncrustify' to check C / C++ code style
[0.680s] -- Configured uncrustify additional arguments: 
[0.681s] -- Added test 'xmllint' to check XML markup files
[0.685s] -- Configuring done
[0.710s] -- Generating done
[0.716s] -- Build files have been written to: /home/yhan/yhan_ROS2/yhan_ws/src/build/topic_final
[0.731s] Invoked command in '/home/yhan/yhan_ROS2/yhan_ws/src/build/topic_final' returned '0': CMAKE_PREFIX_PATH=${CMAKE_PREFIX_PATH}:/opt/ros/humble /usr/bin/cmake /home/yhan/yhan_ROS2/yhan_ws/src/topic_final -DCMAKE_INSTALL_PREFIX=/home/yhan/yhan_ROS2/yhan_ws/src/install/topic_final
[0.733s] Invoking command in '/home/yhan/yhan_ROS2/yhan_ws/src/build/topic_final': CMAKE_PREFIX_PATH=${CMAKE_PREFIX_PATH}:/opt/ros/humble /usr/bin/cmake --build /home/yhan/yhan_ROS2/yhan_ws/src/build/topic_final -- -j2 -l2
[0.872s] [35m[1mConsolidate compiler generated dependencies of target msub[0m
[0.905s] [35m[1mConsolidate compiler generated dependencies of target mpub[0m
[0.961s] [ 20%] Built target msub
[0.966s] [ 40%] Built target mpub
[0.995s] [35m[1mConsolidate compiler generated dependencies of target tpub[0m
[1.004s] [35m[1mConsolidate compiler generated dependencies of target msub2[0m
[1.080s] [ 60%] Built target msub2
[1.086s] [ 80%] Built target tpub
[1.127s] [35m[1mConsolidate compiler generated dependencies of target mtsub[0m
[1.196s] [100%] Built target mtsub
[1.243s] Invoked command in '/home/yhan/yhan_ROS2/yhan_ws/src/build/topic_final' returned '0': CMAKE_PREFIX_PATH=${CMAKE_PREFIX_PATH}:/opt/ros/humble /usr/bin/cmake --build /home/yhan/yhan_ROS2/yhan_ws/src/build/topic_final -- -j2 -l2
[1.392s] Invoking command in '/home/yhan/yhan_ROS2/yhan_ws/src/build/topic_final': CMAKE_PREFIX_PATH=${CMAKE_PREFIX_PATH}:/opt/ros/humble /usr/bin/cmake --install /home/yhan/yhan_ROS2/yhan_ws/src/build/topic_final
[1.399s] -- Install configuration: ""
[1.399s] -- Execute custom install script
[1.401s] -- Up-to-date symlink: /home/yhan/yhan_ROS2/yhan_ws/src/install/topic_final/lib/topic_final/mpub
[1.401s] -- Up-to-date symlink: /home/yhan/yhan_ROS2/yhan_ws/src/install/topic_final/lib/topic_final/msub
[1.401s] -- Up-to-date symlink: /home/yhan/yhan_ROS2/yhan_ws/src/install/topic_final/lib/topic_final/msub2
[1.401s] -- Up-to-date symlink: /home/yhan/yhan_ROS2/yhan_ws/src/install/topic_final/lib/topic_final/tpub
[1.401s] -- Up-to-date symlink: /home/yhan/yhan_ROS2/yhan_ws/src/install/topic_final/lib/topic_final/mtsub
[1.402s] -- Up-to-date symlink: /home/yhan/yhan_ROS2/yhan_ws/src/install/topic_final/share/ament_index/resource_index/package_run_dependencies/topic_final
[1.403s] -- Up-to-date symlink: /home/yhan/yhan_ROS2/yhan_ws/src/install/topic_final/share/ament_index/resource_index/parent_prefix_path/topic_final
[1.404s] -- Up-to-date symlink: /home/yhan/yhan_ROS2/yhan_ws/src/install/topic_final/share/topic_final/environment/ament_prefix_path.sh
[1.404s] -- Up-to-date symlink: /home/yhan/yhan_ROS2/yhan_ws/src/install/topic_final/share/topic_final/environment/ament_prefix_path.dsv
[1.404s] -- Up-to-date symlink: /home/yhan/yhan_ROS2/yhan_ws/src/install/topic_final/share/topic_final/environment/path.sh
[1.404s] -- Up-to-date symlink: /home/yhan/yhan_ROS2/yhan_ws/src/install/topic_final/share/topic_final/environment/path.dsv
[1.404s] -- Up-to-date symlink: /home/yhan/yhan_ROS2/yhan_ws/src/install/topic_final/share/topic_final/local_setup.bash
[1.404s] -- Up-to-date symlink: /home/yhan/yhan_ROS2/yhan_ws/src/install/topic_final/share/topic_final/local_setup.sh
[1.405s] -- Up-to-date symlink: /home/yhan/yhan_ROS2/yhan_ws/src/install/topic_final/share/topic_final/local_setup.zsh
[1.405s] -- Up-to-date symlink: /home/yhan/yhan_ROS2/yhan_ws/src/install/topic_final/share/topic_final/local_setup.dsv
[1.405s] -- Symlinking: /home/yhan/yhan_ROS2/yhan_ws/src/install/topic_final/share/topic_final/package.dsv
[1.423s] -- Up-to-date symlink: /home/yhan/yhan_ROS2/yhan_ws/src/install/topic_final/share/ament_index/resource_index/packages/topic_final
[1.424s] -- Up-to-date symlink: /home/yhan/yhan_ROS2/yhan_ws/src/install/topic_final/share/topic_final/cmake/topic_finalConfig.cmake
[1.424s] -- Up-to-date symlink: /home/yhan/yhan_ROS2/yhan_ws/src/install/topic_final/share/topic_final/cmake/topic_finalConfig-version.cmake
[1.424s] -- Up-to-date symlink: /home/yhan/yhan_ROS2/yhan_ws/src/install/topic_final/share/topic_final/package.xml
[1.429s] Invoked command in '/home/yhan/yhan_ROS2/yhan_ws/src/build/topic_final' returned '0': CMAKE_PREFIX_PATH=${CMAKE_PREFIX_PATH}:/opt/ros/humble /usr/bin/cmake --install /home/yhan/yhan_ROS2/yhan_ws/src/build/topic_final
