[0.013s] Invoking command in '/home/yhan/yhan_ws/build/simple_pkg_cpp': CMAKE_PREFIX_PATH=${CMAKE_PREFIX_PATH}:/opt/ros/humble /usr/bin/cmake --build /home/yhan/yhan_ws/build/simple_pkg_cpp -- -j2 -l2
[0.062s] -- Found ament_cmake: 1.3.9 (/opt/ros/humble/share/ament_cmake/cmake)
[0.175s] -- Found rclcpp: 16.0.9 (/opt/ros/humble/share/rclcpp/cmake)
[0.206s] -- Found rosidl_generator_c: 3.1.5 (/opt/ros/humble/share/rosidl_generator_c/cmake)
[0.209s] -- Found rosidl_adapter: 3.1.5 (/opt/ros/humble/share/rosidl_adapter/cmake)
[0.215s] -- Found rosidl_generator_cpp: 3.1.5 (/opt/ros/humble/share/rosidl_generator_cpp/cmake)
[0.225s] -- Using all available rosidl_typesupport_c: rosidl_typesupport_fastrtps_c;rosidl_typesupport_introspection_c
[0.243s] -- Using all available rosidl_typesupport_cpp: rosidl_typesupport_fastrtps_cpp;rosidl_typesupport_introspection_cpp
[0.290s] -- Found rmw_implementation_cmake: 6.1.2 (/opt/ros/humble/share/rmw_implementation_cmake/cmake)
[0.291s] -- Found rmw_fastrtps_cpp: 6.2.6 (/opt/ros/humble/share/rmw_fastrtps_cpp/cmake)
[0.385s] -- Using RMW implementation 'rmw_fastrtps_cpp' as default
[0.517s] -- Found OpenCV: /usr (found version "4.5.4") 
[0.517s] [31mCMake Error at CMakeLists.txt:20 (target_link_libraries):
[0.517s]   Syntax error in cmake code at
[0.517s] 
[0.517s]     /home/yhan/yhan_ws/src/simple_pkg_cpp/CMakeLists.txt:20
[0.517s] 
[0.517s]   when parsing string
[0.517s] 
[0.517s]     ${OpenCV
[0.518s] 
[0.518s]   There is an unterminated variable reference.
[0.518s] 
[0.518s] [0m
[0.518s] -- Configuring incomplete, errors occurred!
[0.518s] See also "/home/yhan/yhan_ws/build/simple_pkg_cpp/CMakeFiles/CMakeOutput.log".
[0.527s] gmake: *** [Makefile:267: cmake_check_build_system] 오류 1
[0.529s] Invoked command in '/home/yhan/yhan_ws/build/simple_pkg_cpp' returned '2': CMAKE_PREFIX_PATH=${CMAKE_PREFIX_PATH}:/opt/ros/humble /usr/bin/cmake --build /home/yhan/yhan_ws/build/simple_pkg_cpp -- -j2 -l2
