[0.021s] Invoking command in '/home/yhan/yhan_ROS2/yhan_ws/build/topic_final': CMAKE_PREFIX_PATH=${CMAKE_PREFIX_PATH}:/opt/ros/humble /usr/bin/cmake --build /home/yhan/yhan_ROS2/yhan_ws/build/topic_final -- -j2 -l2
[0.101s] -- Found ament_cmake: 1.3.9 (/opt/ros/humble/share/ament_cmake/cmake)
[0.333s] -- Override CMake install command with custom implementation using symlinks instead of copying resources
[0.379s] -- Found rclcpp: 16.0.9 (/opt/ros/humble/share/rclcpp/cmake)
[0.473s] -- Found rosidl_generator_c: 3.1.5 (/opt/ros/humble/share/rosidl_generator_c/cmake)
[0.477s] -- Found rosidl_adapter: 3.1.5 (/opt/ros/humble/share/rosidl_adapter/cmake)
[0.489s] -- Found rosidl_generator_cpp: 3.1.5 (/opt/ros/humble/share/rosidl_generator_cpp/cmake)
[0.511s] -- Using all available rosidl_typesupport_c: rosidl_typesupport_fastrtps_c;rosidl_typesupport_introspection_c
[0.543s] -- Using all available rosidl_typesupport_cpp: rosidl_typesupport_fastrtps_cpp;rosidl_typesupport_introspection_cpp
[0.671s] -- Found rmw_implementation_cmake: 6.1.2 (/opt/ros/humble/share/rmw_implementation_cmake/cmake)
[0.674s] -- Found rmw_fastrtps_cpp: 6.2.6 (/opt/ros/humble/share/rmw_fastrtps_cpp/cmake)
[0.814s] -- Using RMW implementation 'rmw_fastrtps_cpp' as default
[0.963s] -- Found ament_lint_auto: 0.12.11 (/opt/ros/humble/share/ament_lint_auto/cmake)
[1.026s] -- Added test 'cppcheck' to perform static code analysis on C / C++ code
[1.026s] -- Configured cppcheck include dirs: 
[1.026s] -- Configured cppcheck exclude dirs and/or files: 
[1.027s] -- Added test 'flake8' to check Python code syntax and style conventions
[1.028s] -- Added test 'lint_cmake' to check CMake code style
[1.028s] -- Added test 'pep257' to check Python code against some of the docstring style conventions in PEP 257
[1.030s] -- Added test 'uncrustify' to check C / C++ code style
[1.030s] -- Configured uncrustify additional arguments: 
[1.030s] -- Added test 'xmllint' to check XML markup files
[1.032s] -- Configuring done
[1.074s] -- Generating done
[1.079s] -- Build files have been written to: /home/yhan/yhan_ROS2/yhan_ws/build/topic_final
[1.107s] [35m[1mConsolidate compiler generated dependencies of target msub[0m
[1.111s] [35m[1mConsolidate compiler generated dependencies of target mpub[0m
[1.129s] [ 10%] [32mBuilding CXX object CMakeFiles/mpub.dir/src/mpub.cpp.o[0m
[1.133s] [ 20%] [32mBuilding CXX object CMakeFiles/msub.dir/src/msub.cpp.o[0m
[6.723s] [ 30%] [32m[1mLinking CXX executable mpub[0m
[6.960s] [ 30%] Built target mpub
[6.983s] [35m[1mConsolidate compiler generated dependencies of target msub2[0m
[7.011s] [ 40%] [32mBuilding CXX object CMakeFiles/msub2.dir/src/msub2.cpp.o[0m
[10.680s] [ 50%] [32m[1mLinking CXX executable msub[0m
[11.199s] [ 50%] Built target msub
[11.213s] [35m[1mConsolidate compiler generated dependencies of target tpub[0m
[11.234s] [ 60%] [32mBuilding CXX object CMakeFiles/tpub.dir/src/tpub.cpp.o[0m
[15.661s] [ 70%] [32m[1mLinking CXX executable msub2[0m
[15.662s] [ 80%] [32m[1mLinking CXX executable tpub[0m
[15.900s] [ 80%] Built target tpub
[15.921s] [35m[1mConsolidate compiler generated dependencies of target mtsub[0m
[15.951s] [ 90%] [32mBuilding CXX object CMakeFiles/mtsub.dir/src/mtsub.cpp.o[0m
[16.113s] [ 90%] Built target msub2
[23.894s] [100%] [32m[1mLinking CXX executable mtsub[0m
[24.303s] [100%] Built target mtsub
[24.320s] Invoked command in '/home/yhan/yhan_ROS2/yhan_ws/build/topic_final' returned '0': CMAKE_PREFIX_PATH=${CMAKE_PREFIX_PATH}:/opt/ros/humble /usr/bin/cmake --build /home/yhan/yhan_ROS2/yhan_ws/build/topic_final -- -j2 -l2
[24.356s] Invoking command in '/home/yhan/yhan_ROS2/yhan_ws/build/topic_final': CMAKE_PREFIX_PATH=${CMAKE_PREFIX_PATH}:/opt/ros/humble /usr/bin/cmake --install /home/yhan/yhan_ROS2/yhan_ws/build/topic_final
[24.362s] -- Install configuration: ""
[24.363s] -- Execute custom install script
[24.373s] -- Up-to-date symlink: /home/yhan/yhan_ROS2/yhan_ws/install/topic_final/lib/topic_final/mpub
[24.373s] -- Up-to-date symlink: /home/yhan/yhan_ROS2/yhan_ws/install/topic_final/lib/topic_final/msub
[24.374s] -- Up-to-date symlink: /home/yhan/yhan_ROS2/yhan_ws/install/topic_final/lib/topic_final/msub2
[24.374s] -- Up-to-date symlink: /home/yhan/yhan_ROS2/yhan_ws/install/topic_final/lib/topic_final/tpub
[24.375s] -- Up-to-date symlink: /home/yhan/yhan_ROS2/yhan_ws/install/topic_final/lib/topic_final/mtsub
[24.376s] -- Symlinking: /home/yhan/yhan_ROS2/yhan_ws/install/topic_final/share/topic_final/launch/tmpubsub.launch.py
[24.383s] -- Symlinking: /home/yhan/yhan_ROS2/yhan_ws/install/topic_final/share/topic_final/param/turtlesim.yaml
[24.391s] -- Up-to-date symlink: /home/yhan/yhan_ROS2/yhan_ws/install/topic_final/share/ament_index/resource_index/package_run_dependencies/topic_final
[24.392s] -- Up-to-date symlink: /home/yhan/yhan_ROS2/yhan_ws/install/topic_final/share/ament_index/resource_index/parent_prefix_path/topic_final
[24.393s] -- Up-to-date symlink: /home/yhan/yhan_ROS2/yhan_ws/install/topic_final/share/topic_final/environment/ament_prefix_path.sh
[24.394s] -- Up-to-date symlink: /home/yhan/yhan_ROS2/yhan_ws/install/topic_final/share/topic_final/environment/ament_prefix_path.dsv
[24.395s] -- Up-to-date symlink: /home/yhan/yhan_ROS2/yhan_ws/install/topic_final/share/topic_final/environment/path.sh
[24.395s] -- Up-to-date symlink: /home/yhan/yhan_ROS2/yhan_ws/install/topic_final/share/topic_final/environment/path.dsv
[24.396s] -- Up-to-date symlink: /home/yhan/yhan_ROS2/yhan_ws/install/topic_final/share/topic_final/local_setup.bash
[24.398s] -- Up-to-date symlink: /home/yhan/yhan_ROS2/yhan_ws/install/topic_final/share/topic_final/local_setup.sh
[24.398s] -- Up-to-date symlink: /home/yhan/yhan_ROS2/yhan_ws/install/topic_final/share/topic_final/local_setup.zsh
[24.399s] -- Up-to-date symlink: /home/yhan/yhan_ROS2/yhan_ws/install/topic_final/share/topic_final/local_setup.dsv
[24.399s] -- Symlinking: /home/yhan/yhan_ROS2/yhan_ws/install/topic_final/share/topic_final/package.dsv
[24.407s] -- Up-to-date symlink: /home/yhan/yhan_ROS2/yhan_ws/install/topic_final/share/ament_index/resource_index/packages/topic_final
[24.408s] -- Up-to-date symlink: /home/yhan/yhan_ROS2/yhan_ws/install/topic_final/share/topic_final/cmake/topic_finalConfig.cmake
[24.409s] -- Up-to-date symlink: /home/yhan/yhan_ROS2/yhan_ws/install/topic_final/share/topic_final/cmake/topic_finalConfig-version.cmake
[24.409s] -- Up-to-date symlink: /home/yhan/yhan_ROS2/yhan_ws/install/topic_final/share/topic_final/package.xml
[24.412s] Invoked command in '/home/yhan/yhan_ROS2/yhan_ws/build/topic_final' returned '0': CMAKE_PREFIX_PATH=${CMAKE_PREFIX_PATH}:/opt/ros/humble /usr/bin/cmake --install /home/yhan/yhan_ROS2/yhan_ws/build/topic_final
