[0.009s] Invoking command in '/home/yhan/yhan_ROS2/yhan_ws/build/interface_example': CMAKE_PREFIX_PATH=${CMAKE_PREFIX_PATH}:/opt/ros/humble /usr/bin/cmake --build /home/yhan/yhan_ROS2/yhan_ws/build/interface_example -- -j2 -l2
[0.086s] [35m[1mConsolidate compiler generated dependencies of target interface_example__rosidl_generator_c[0m
[0.105s] [  3%] Built target interface_example__cpp
[0.117s] [ 12%] Built target interface_example__rosidl_generator_c
[0.137s] [35m[1mConsolidate compiler generated dependencies of target interface_example__rosidl_typesupport_cpp[0m
[0.163s] [ 22%] Built target interface_example__rosidl_typesupport_cpp
[0.171s] [ 22%] Built target ament_cmake_python_symlink_interface_example
[0.182s] [35m[1mConsolidate compiler generated dependencies of target interface_example__rosidl_typesupport_fastrtps_c[0m
[0.192s] [35m[1mConsolidate compiler generated dependencies of target interface_example__rosidl_typesupport_introspection_c[0m
[0.203s] [ 32%] Built target interface_example__rosidl_typesupport_fastrtps_c
[0.205s] [ 41%] Built target interface_example__rosidl_typesupport_introspection_c
[0.217s] [35m[1mConsolidate compiler generated dependencies of target interface_example__rosidl_typesupport_c[0m
[0.225s] [35m[1mConsolidate compiler generated dependencies of target interface_example__rosidl_typesupport_fastrtps_cpp[0m
[0.247s] [ 51%] Built target interface_example__rosidl_typesupport_c
[0.267s] [ 61%] Built target interface_example__rosidl_typesupport_fastrtps_cpp
[0.269s] [35m[1mConsolidate compiler generated dependencies of target interface_example__rosidl_typesupport_introspection_cpp[0m
[0.292s] [ 70%] Built target interface_example__rosidl_typesupport_introspection_cpp
[0.365s] [ 70%] Built target interface_example
[0.447s] [ 74%] Built target interface_example__py
[0.463s] [35m[1mConsolidate compiler generated dependencies of target interface_example__rosidl_generator_py[0m
[0.500s] [ 80%] Built target interface_example__rosidl_generator_py
[0.540s] [35m[1mConsolidate compiler generated dependencies of target interface_example__rosidl_typesupport_fastrtps_c__pyext[0m
[0.557s] [ 87%] Built target interface_example__rosidl_typesupport_fastrtps_c__pyext
[0.582s] [35m[1mConsolidate compiler generated dependencies of target interface_example__rosidl_typesupport_introspection_c__pyext[0m
[0.605s] [ 93%] Built target interface_example__rosidl_typesupport_introspection_c__pyext
[0.621s] [35m[1mConsolidate compiler generated dependencies of target interface_example__rosidl_typesupport_c__pyext[0m
[0.651s] [100%] Built target interface_example__rosidl_typesupport_c__pyext
[0.758s] running egg_info
[0.760s] writing interface_example.egg-info/PKG-INFO
[0.761s] writing dependency_links to interface_example.egg-info/dependency_links.txt
[0.763s] writing top-level names to interface_example.egg-info/top_level.txt
[0.768s] reading manifest file 'interface_example.egg-info/SOURCES.txt'
[0.769s] writing manifest file 'interface_example.egg-info/SOURCES.txt'
[0.809s] [100%] Built target ament_cmake_python_build_interface_example_egg
[0.834s] Invoked command in '/home/yhan/yhan_ROS2/yhan_ws/build/interface_example' returned '0': CMAKE_PREFIX_PATH=${CMAKE_PREFIX_PATH}:/opt/ros/humble /usr/bin/cmake --build /home/yhan/yhan_ROS2/yhan_ws/build/interface_example -- -j2 -l2
[1.212s] Invoking command in '/home/yhan/yhan_ROS2/yhan_ws/build/interface_example': CMAKE_PREFIX_PATH=${CMAKE_PREFIX_PATH}:/opt/ros/humble /usr/bin/cmake --install /home/yhan/yhan_ROS2/yhan_ws/build/interface_example
[1.237s] -- Install configuration: ""
[1.237s] -- Execute custom install script
[1.237s] -- Up-to-date symlink: /home/yhan/yhan_ROS2/yhan_ws/install/interface_example/share/ament_index/resource_index/rosidl_interfaces/interface_example
[1.238s] -- Up-to-date symlink: /home/yhan/yhan_ROS2/yhan_ws/install/interface_example/include/interface_example/interface_example/msg/rosidl_generator_c__visibility_control.h
[1.239s] -- Up-to-date symlink: /home/yhan/yhan_ROS2/yhan_ws/install/interface_example/include/interface_example/interface_example/srv/add_two_int.h
[1.242s] -- Up-to-date symlink: /home/yhan/yhan_ROS2/yhan_ws/install/interface_example/include/interface_example/interface_example/srv/detail/add_two_int__functions.h
[1.243s] -- Up-to-date symlink: /home/yhan/yhan_ROS2/yhan_ws/install/interface_example/include/interface_example/interface_example/srv/detail/add_two_int__struct.h
[1.243s] -- Up-to-date symlink: /home/yhan/yhan_ROS2/yhan_ws/install/interface_example/include/interface_example/interface_example/srv/detail/add_two_int__type_support.h
[1.243s] -- Up-to-date symlink: /home/yhan/yhan_ROS2/yhan_ws/install/interface_example/share/interface_example/environment/library_path.sh
[1.243s] -- Up-to-date symlink: /home/yhan/yhan_ROS2/yhan_ws/install/interface_example/share/interface_example/environment/library_path.dsv
[1.243s] -- Up-to-date symlink: /home/yhan/yhan_ROS2/yhan_ws/install/interface_example/include/interface_example/interface_example/msg/rosidl_typesupport_fastrtps_c__visibility_control.h
[1.243s] -- Up-to-date symlink: /home/yhan/yhan_ROS2/yhan_ws/install/interface_example/include/interface_example/interface_example/srv/detail/add_two_int__rosidl_typesupport_fastrtps_c.h
[1.243s] -- Up-to-date symlink: /home/yhan/yhan_ROS2/yhan_ws/install/interface_example/include/interface_example/interface_example/msg/rosidl_typesupport_introspection_c__visibility_control.h
[1.243s] -- Up-to-date symlink: /home/yhan/yhan_ROS2/yhan_ws/install/interface_example/include/interface_example/interface_example/srv/detail/add_two_int__rosidl_typesupport_introspection_c.h
[1.243s] -- Up-to-date symlink: /home/yhan/yhan_ROS2/yhan_ws/install/interface_example/include/interface_example/interface_example/srv/add_two_int.hpp
[1.244s] -- Up-to-date symlink: /home/yhan/yhan_ROS2/yhan_ws/install/interface_example/include/interface_example/interface_example/srv/detail/add_two_int__builder.hpp
[1.244s] -- Up-to-date symlink: /home/yhan/yhan_ROS2/yhan_ws/install/interface_example/include/interface_example/interface_example/srv/detail/add_two_int__struct.hpp
[1.244s] -- Up-to-date symlink: /home/yhan/yhan_ROS2/yhan_ws/install/interface_example/include/interface_example/interface_example/srv/detail/add_two_int__traits.hpp
[1.244s] -- Up-to-date symlink: /home/yhan/yhan_ROS2/yhan_ws/install/interface_example/include/interface_example/interface_example/msg/rosidl_typesupport_fastrtps_cpp__visibility_control.h
[1.244s] -- Up-to-date symlink: /home/yhan/yhan_ROS2/yhan_ws/install/interface_example/include/interface_example/interface_example/srv/detail/add_two_int__rosidl_typesupport_fastrtps_cpp.hpp
[1.244s] -- Up-to-date symlink: /home/yhan/yhan_ROS2/yhan_ws/install/interface_example/include/interface_example/interface_example/srv/detail/add_two_int__rosidl_typesupport_introspection_cpp.hpp
[1.244s] -- Up-to-date symlink: /home/yhan/yhan_ROS2/yhan_ws/install/interface_example/share/interface_example/environment/pythonpath.sh
[1.253s] -- Up-to-date symlink: /home/yhan/yhan_ROS2/yhan_ws/install/interface_example/share/interface_example/environment/pythonpath.dsv
[1.253s] -- Up-to-date symlink: /home/yhan/yhan_ROS2/yhan_ws/install/interface_example/local/lib/python3.10/dist-packages/interface_example-0.0.0-py3.10.egg-info/PKG-INFO
[1.254s] -- Up-to-date symlink: /home/yhan/yhan_ROS2/yhan_ws/install/interface_example/local/lib/python3.10/dist-packages/interface_example-0.0.0-py3.10.egg-info/SOURCES.txt
[1.254s] -- Up-to-date symlink: /home/yhan/yhan_ROS2/yhan_ws/install/interface_example/local/lib/python3.10/dist-packages/interface_example-0.0.0-py3.10.egg-info/dependency_links.txt
[1.254s] -- Up-to-date symlink: /home/yhan/yhan_ROS2/yhan_ws/install/interface_example/local/lib/python3.10/dist-packages/interface_example-0.0.0-py3.10.egg-info/top_level.txt
[1.255s] -- Up-to-date symlink: /home/yhan/yhan_ROS2/yhan_ws/install/interface_example/local/lib/python3.10/dist-packages/interface_example/__init__.py
[1.255s] -- Up-to-date symlink: /home/yhan/yhan_ROS2/yhan_ws/install/interface_example/local/lib/python3.10/dist-packages/interface_example/_interface_example_s.ep.rosidl_typesupport_c.c
[1.255s] -- Up-to-date symlink: /home/yhan/yhan_ROS2/yhan_ws/install/interface_example/local/lib/python3.10/dist-packages/interface_example/_interface_example_s.ep.rosidl_typesupport_fastrtps_c.c
[1.256s] -- Up-to-date symlink: /home/yhan/yhan_ROS2/yhan_ws/install/interface_example/local/lib/python3.10/dist-packages/interface_example/_interface_example_s.ep.rosidl_typesupport_introspection_c.c
[1.256s] -- Up-to-date symlink: /home/yhan/yhan_ROS2/yhan_ws/install/interface_example/local/lib/python3.10/dist-packages/interface_example/interface_example_s__rosidl_typesupport_c.cpython-310-x86_64-linux-gnu.so
[1.256s] -- Up-to-date symlink: /home/yhan/yhan_ROS2/yhan_ws/install/interface_example/local/lib/python3.10/dist-packages/interface_example/interface_example_s__rosidl_typesupport_fastrtps_c.cpython-310-x86_64-linux-gnu.so
[1.256s] -- Up-to-date symlink: /home/yhan/yhan_ROS2/yhan_ws/install/interface_example/local/lib/python3.10/dist-packages/interface_example/interface_example_s__rosidl_typesupport_introspection_c.cpython-310-x86_64-linux-gnu.so
[1.256s] -- Up-to-date symlink: /home/yhan/yhan_ROS2/yhan_ws/install/interface_example/local/lib/python3.10/dist-packages/interface_example/libinterface_example__rosidl_generator_py.so
[1.256s] -- Up-to-date symlink: /home/yhan/yhan_ROS2/yhan_ws/install/interface_example/local/lib/python3.10/dist-packages/interface_example/srv/__init__.py
[1.256s] -- Up-to-date symlink: /home/yhan/yhan_ROS2/yhan_ws/install/interface_example/local/lib/python3.10/dist-packages/interface_example/srv/_add_two_int.py
[1.256s] -- Up-to-date symlink: /home/yhan/yhan_ROS2/yhan_ws/install/interface_example/local/lib/python3.10/dist-packages/interface_example/srv/_add_two_int_s.c
[1.256s] -- Up-to-date symlink: /home/yhan/yhan_ROS2/yhan_ws/install/interface_example/local/lib/python3.10/dist-packages/interface_example/interface_example_s__rosidl_typesupport_fastrtps_c.cpython-310-x86_64-linux-gnu.so
[1.256s] -- Up-to-date symlink: /home/yhan/yhan_ROS2/yhan_ws/install/interface_example/local/lib/python3.10/dist-packages/interface_example/interface_example_s__rosidl_typesupport_introspection_c.cpython-310-x86_64-linux-gnu.so
[1.256s] -- Up-to-date symlink: /home/yhan/yhan_ROS2/yhan_ws/install/interface_example/local/lib/python3.10/dist-packages/interface_example/interface_example_s__rosidl_typesupport_c.cpython-310-x86_64-linux-gnu.so
[1.256s] -- Up-to-date symlink: /home/yhan/yhan_ROS2/yhan_ws/install/interface_example/share/interface_example/srv/AddTwoInt.idl
[1.256s] -- Up-to-date symlink: /home/yhan/yhan_ROS2/yhan_ws/install/interface_example/share/interface_example/srv/AddTwoInt.srv
[1.257s] -- Up-to-date symlink: /home/yhan/yhan_ROS2/yhan_ws/install/interface_example/share/interface_example/srv/AddTwoInt_Request.msg
[1.260s] -- Up-to-date symlink: /home/yhan/yhan_ROS2/yhan_ws/install/interface_example/share/interface_example/srv/AddTwoInt_Response.msg
[1.261s] -- Up-to-date symlink: /home/yhan/yhan_ROS2/yhan_ws/install/interface_example/share/ament_index/resource_index/package_run_dependencies/interface_example
[1.261s] -- Up-to-date symlink: /home/yhan/yhan_ROS2/yhan_ws/install/interface_example/share/ament_index/resource_index/parent_prefix_path/interface_example
[1.265s] -- Up-to-date symlink: /home/yhan/yhan_ROS2/yhan_ws/install/interface_example/share/interface_example/environment/ament_prefix_path.sh
[1.265s] -- Up-to-date symlink: /home/yhan/yhan_ROS2/yhan_ws/install/interface_example/share/interface_example/environment/ament_prefix_path.dsv
[1.265s] -- Up-to-date symlink: /home/yhan/yhan_ROS2/yhan_ws/install/interface_example/share/interface_example/environment/path.sh
[1.265s] -- Up-to-date symlink: /home/yhan/yhan_ROS2/yhan_ws/install/interface_example/share/interface_example/environment/path.dsv
[1.265s] -- Up-to-date symlink: /home/yhan/yhan_ROS2/yhan_ws/install/interface_example/share/interface_example/local_setup.bash
[1.265s] -- Up-to-date symlink: /home/yhan/yhan_ROS2/yhan_ws/install/interface_example/share/interface_example/local_setup.sh
[1.267s] -- Up-to-date symlink: /home/yhan/yhan_ROS2/yhan_ws/install/interface_example/share/interface_example/local_setup.zsh
[1.267s] -- Up-to-date symlink: /home/yhan/yhan_ROS2/yhan_ws/install/interface_example/share/interface_example/local_setup.dsv
[1.267s] -- Symlinking: /home/yhan/yhan_ROS2/yhan_ws/install/interface_example/share/interface_example/package.dsv
[1.300s] -- Up-to-date symlink: /home/yhan/yhan_ROS2/yhan_ws/install/interface_example/share/ament_index/resource_index/packages/interface_example
[1.300s] -- Up-to-date symlink: /home/yhan/yhan_ROS2/yhan_ws/install/interface_example/share/interface_example/cmake/rosidl_cmake-extras.cmake
[1.300s] -- Up-to-date symlink: /home/yhan/yhan_ROS2/yhan_ws/install/interface_example/share/interface_example/cmake/ament_cmake_export_include_directories-extras.cmake
[1.300s] -- Up-to-date symlink: /home/yhan/yhan_ROS2/yhan_ws/install/interface_example/share/interface_example/cmake/ament_cmake_export_libraries-extras.cmake
[1.300s] -- Up-to-date symlink: /home/yhan/yhan_ROS2/yhan_ws/install/interface_example/share/interface_example/cmake/ament_cmake_export_targets-extras.cmake
[1.300s] -- Up-to-date symlink: /home/yhan/yhan_ROS2/yhan_ws/install/interface_example/share/interface_example/cmake/rosidl_cmake_export_typesupport_targets-extras.cmake
[1.300s] -- Up-to-date symlink: /home/yhan/yhan_ROS2/yhan_ws/install/interface_example/share/interface_example/cmake/ament_cmake_export_dependencies-extras.cmake
[1.300s] -- Up-to-date symlink: /home/yhan/yhan_ROS2/yhan_ws/install/interface_example/share/interface_example/cmake/rosidl_cmake_export_typesupport_libraries-extras.cmake
[1.300s] -- Up-to-date symlink: /home/yhan/yhan_ROS2/yhan_ws/install/interface_example/share/interface_example/cmake/interface_exampleConfig.cmake
[1.301s] -- Up-to-date symlink: /home/yhan/yhan_ROS2/yhan_ws/install/interface_example/share/interface_example/cmake/interface_exampleConfig-version.cmake
[1.301s] -- Up-to-date symlink: /home/yhan/yhan_ROS2/yhan_ws/install/interface_example/share/interface_example/package.xml
[1.302s] -- Up-to-date: /home/yhan/yhan_ROS2/yhan_ws/install/interface_example/lib/libinterface_example__rosidl_generator_c.so
[1.304s] -- Up-to-date: /home/yhan/yhan_ROS2/yhan_ws/install/interface_example/lib/libinterface_example__rosidl_typesupport_fastrtps_c.so
[1.305s] -- Up-to-date: /home/yhan/yhan_ROS2/yhan_ws/install/interface_example/lib/libinterface_example__rosidl_typesupport_introspection_c.so
[1.305s] -- Up-to-date: /home/yhan/yhan_ROS2/yhan_ws/install/interface_example/lib/libinterface_example__rosidl_typesupport_c.so
[1.306s] -- Up-to-date: /home/yhan/yhan_ROS2/yhan_ws/install/interface_example/lib/libinterface_example__rosidl_typesupport_fastrtps_cpp.so
[1.306s] -- Up-to-date: /home/yhan/yhan_ROS2/yhan_ws/install/interface_example/lib/libinterface_example__rosidl_typesupport_introspection_cpp.so
[1.313s] -- Up-to-date: /home/yhan/yhan_ROS2/yhan_ws/install/interface_example/lib/libinterface_example__rosidl_typesupport_cpp.so
[1.432s] Listing '/home/yhan/yhan_ROS2/yhan_ws/install/interface_example/local/lib/python3.10/dist-packages/interface_example'...
[1.432s] Listing '/home/yhan/yhan_ROS2/yhan_ws/install/interface_example/local/lib/python3.10/dist-packages/interface_example/srv'...
[1.448s] -- Up-to-date: /home/yhan/yhan_ROS2/yhan_ws/install/interface_example/lib/libinterface_example__rosidl_generator_py.so
[1.448s] -- Up-to-date: /home/yhan/yhan_ROS2/yhan_ws/install/interface_example/share/interface_example/cmake/export_interface_example__rosidl_generator_cExport.cmake
[1.448s] -- Up-to-date: /home/yhan/yhan_ROS2/yhan_ws/install/interface_example/share/interface_example/cmake/export_interface_example__rosidl_generator_cExport-noconfig.cmake
[1.448s] -- Up-to-date: /home/yhan/yhan_ROS2/yhan_ws/install/interface_example/share/interface_example/cmake/export_interface_example__rosidl_typesupport_fastrtps_cExport.cmake
[1.448s] -- Up-to-date: /home/yhan/yhan_ROS2/yhan_ws/install/interface_example/share/interface_example/cmake/export_interface_example__rosidl_typesupport_fastrtps_cExport-noconfig.cmake
[1.448s] -- Up-to-date: /home/yhan/yhan_ROS2/yhan_ws/install/interface_example/share/interface_example/cmake/interface_example__rosidl_typesupport_introspection_cExport.cmake
[1.448s] -- Up-to-date: /home/yhan/yhan_ROS2/yhan_ws/install/interface_example/share/interface_example/cmake/interface_example__rosidl_typesupport_introspection_cExport-noconfig.cmake
[1.449s] -- Up-to-date: /home/yhan/yhan_ROS2/yhan_ws/install/interface_example/share/interface_example/cmake/interface_example__rosidl_typesupport_cExport.cmake
[1.449s] -- Up-to-date: /home/yhan/yhan_ROS2/yhan_ws/install/interface_example/share/interface_example/cmake/interface_example__rosidl_typesupport_cExport-noconfig.cmake
[1.449s] -- Up-to-date: /home/yhan/yhan_ROS2/yhan_ws/install/interface_example/share/interface_example/cmake/export_interface_example__rosidl_generator_cppExport.cmake
[1.449s] -- Up-to-date: /home/yhan/yhan_ROS2/yhan_ws/install/interface_example/share/interface_example/cmake/export_interface_example__rosidl_typesupport_fastrtps_cppExport.cmake
[1.450s] -- Up-to-date: /home/yhan/yhan_ROS2/yhan_ws/install/interface_example/share/interface_example/cmake/export_interface_example__rosidl_typesupport_fastrtps_cppExport-noconfig.cmake
[1.457s] -- Up-to-date: /home/yhan/yhan_ROS2/yhan_ws/install/interface_example/share/interface_example/cmake/interface_example__rosidl_typesupport_introspection_cppExport.cmake
[1.457s] -- Up-to-date: /home/yhan/yhan_ROS2/yhan_ws/install/interface_example/share/interface_example/cmake/interface_example__rosidl_typesupport_introspection_cppExport-noconfig.cmake
[1.457s] -- Up-to-date: /home/yhan/yhan_ROS2/yhan_ws/install/interface_example/share/interface_example/cmake/interface_example__rosidl_typesupport_cppExport.cmake
[1.457s] -- Up-to-date: /home/yhan/yhan_ROS2/yhan_ws/install/interface_example/share/interface_example/cmake/interface_example__rosidl_typesupport_cppExport-noconfig.cmake
[1.457s] -- Up-to-date: /home/yhan/yhan_ROS2/yhan_ws/install/interface_example/share/interface_example/cmake/export_interface_example__rosidl_generator_pyExport.cmake
[1.457s] -- Up-to-date: /home/yhan/yhan_ROS2/yhan_ws/install/interface_example/share/interface_example/cmake/export_interface_example__rosidl_generator_pyExport-noconfig.cmake
[1.457s] Invoked command in '/home/yhan/yhan_ROS2/yhan_ws/build/interface_example' returned '0': CMAKE_PREFIX_PATH=${CMAKE_PREFIX_PATH}:/opt/ros/humble /usr/bin/cmake --install /home/yhan/yhan_ROS2/yhan_ws/build/interface_example
