[0.015s] Invoking command in '/home/yhan/yhan_ROS2/yhan_ws/src/build/turtlebot3_simulations': AMENT_PREFIX_PATH=/home/yhan/yhan_ROS2/yhan_ws/src/install/turtlebot3_gazebo:/home/yhan/yhan_ROS2/yhan_ws/src/install/turtlebot3_fake_node:${AMENT_PREFIX_PATH} CMAKE_PREFIX_PATH=/home/yhan/yhan_ROS2/yhan_ws/src/install/turtlebot3_gazebo:/home/yhan/yhan_ROS2/yhan_ws/src/install/turtlebot3_fake_node:/home/yhan/yhan_ROS2/yhan_ws/install/simple_pkg_cpp:/opt/ros/humble /usr/bin/cmake /home/yhan/yhan_ROS2/yhan_ws/src/turtlebot3_simulations/turtlebot3_simulations -DCMAKE_INSTALL_PREFIX=/home/yhan/yhan_ROS2/yhan_ws/src/install/turtlebot3_simulations
[0.030s] -- Found ament_cmake: 1.3.9 (/opt/ros/humble/share/ament_cmake/cmake)
[0.164s] -- Override CMake install command with custom implementation using symlinks instead of copying resources
[0.237s] -- Configuring done
[0.249s] -- Generating done
[0.249s] -- Build files have been written to: /home/yhan/yhan_ROS2/yhan_ws/src/build/turtlebot3_simulations
[0.254s] Invoked command in '/home/yhan/yhan_ROS2/yhan_ws/src/build/turtlebot3_simulations' returned '0': AMENT_PREFIX_PATH=/home/yhan/yhan_ROS2/yhan_ws/src/install/turtlebot3_gazebo:/home/yhan/yhan_ROS2/yhan_ws/src/install/turtlebot3_fake_node:${AMENT_PREFIX_PATH} CMAKE_PREFIX_PATH=/home/yhan/yhan_ROS2/yhan_ws/src/install/turtlebot3_gazebo:/home/yhan/yhan_ROS2/yhan_ws/src/install/turtlebot3_fake_node:/home/yhan/yhan_ROS2/yhan_ws/install/simple_pkg_cpp:/opt/ros/humble /usr/bin/cmake /home/yhan/yhan_ROS2/yhan_ws/src/turtlebot3_simulations/turtlebot3_simulations -DCMAKE_INSTALL_PREFIX=/home/yhan/yhan_ROS2/yhan_ws/src/install/turtlebot3_simulations
[0.255s] Invoking command in '/home/yhan/yhan_ROS2/yhan_ws/src/build/turtlebot3_simulations': AMENT_PREFIX_PATH=/home/yhan/yhan_ROS2/yhan_ws/src/install/turtlebot3_gazebo:/home/yhan/yhan_ROS2/yhan_ws/src/install/turtlebot3_fake_node:${AMENT_PREFIX_PATH} CMAKE_PREFIX_PATH=/home/yhan/yhan_ROS2/yhan_ws/src/install/turtlebot3_gazebo:/home/yhan/yhan_ROS2/yhan_ws/src/install/turtlebot3_fake_node:/home/yhan/yhan_ROS2/yhan_ws/install/simple_pkg_cpp:/opt/ros/humble /usr/bin/cmake --build /home/yhan/yhan_ROS2/yhan_ws/src/build/turtlebot3_simulations -- -j2 -l2
[0.302s] Invoked command in '/home/yhan/yhan_ROS2/yhan_ws/src/build/turtlebot3_simulations' returned '0': AMENT_PREFIX_PATH=/home/yhan/yhan_ROS2/yhan_ws/src/install/turtlebot3_gazebo:/home/yhan/yhan_ROS2/yhan_ws/src/install/turtlebot3_fake_node:${AMENT_PREFIX_PATH} CMAKE_PREFIX_PATH=/home/yhan/yhan_ROS2/yhan_ws/src/install/turtlebot3_gazebo:/home/yhan/yhan_ROS2/yhan_ws/src/install/turtlebot3_fake_node:/home/yhan/yhan_ROS2/yhan_ws/install/simple_pkg_cpp:/opt/ros/humble /usr/bin/cmake --build /home/yhan/yhan_ROS2/yhan_ws/src/build/turtlebot3_simulations -- -j2 -l2
[0.327s] Invoking command in '/home/yhan/yhan_ROS2/yhan_ws/src/build/turtlebot3_simulations': AMENT_PREFIX_PATH=/home/yhan/yhan_ROS2/yhan_ws/src/install/turtlebot3_gazebo:/home/yhan/yhan_ROS2/yhan_ws/src/install/turtlebot3_fake_node:${AMENT_PREFIX_PATH} CMAKE_PREFIX_PATH=/home/yhan/yhan_ROS2/yhan_ws/src/install/turtlebot3_gazebo:/home/yhan/yhan_ROS2/yhan_ws/src/install/turtlebot3_fake_node:/home/yhan/yhan_ROS2/yhan_ws/install/simple_pkg_cpp:/opt/ros/humble /usr/bin/cmake --install /home/yhan/yhan_ROS2/yhan_ws/src/build/turtlebot3_simulations
[0.335s] -- Install configuration: ""
[0.337s] -- Execute custom install script
[0.337s] -- Up-to-date symlink: /home/yhan/yhan_ROS2/yhan_ws/src/install/turtlebot3_simulations/share/ament_index/resource_index/package_run_dependencies/turtlebot3_simulations
[0.337s] -- Up-to-date symlink: /home/yhan/yhan_ROS2/yhan_ws/src/install/turtlebot3_simulations/share/ament_index/resource_index/parent_prefix_path/turtlebot3_simulations
[0.337s] -- Up-to-date symlink: /home/yhan/yhan_ROS2/yhan_ws/src/install/turtlebot3_simulations/share/turtlebot3_simulations/environment/ament_prefix_path.sh
[0.339s] -- Up-to-date symlink: /home/yhan/yhan_ROS2/yhan_ws/src/install/turtlebot3_simulations/share/turtlebot3_simulations/environment/ament_prefix_path.dsv
[0.339s] -- Up-to-date symlink: /home/yhan/yhan_ROS2/yhan_ws/src/install/turtlebot3_simulations/share/turtlebot3_simulations/environment/path.sh
[0.339s] -- Up-to-date symlink: /home/yhan/yhan_ROS2/yhan_ws/src/install/turtlebot3_simulations/share/turtlebot3_simulations/environment/path.dsv
[0.339s] -- Up-to-date symlink: /home/yhan/yhan_ROS2/yhan_ws/src/install/turtlebot3_simulations/share/turtlebot3_simulations/local_setup.bash
[0.339s] -- Up-to-date symlink: /home/yhan/yhan_ROS2/yhan_ws/src/install/turtlebot3_simulations/share/turtlebot3_simulations/local_setup.sh
[0.339s] -- Up-to-date symlink: /home/yhan/yhan_ROS2/yhan_ws/src/install/turtlebot3_simulations/share/turtlebot3_simulations/local_setup.zsh
[0.339s] -- Up-to-date symlink: /home/yhan/yhan_ROS2/yhan_ws/src/install/turtlebot3_simulations/share/turtlebot3_simulations/local_setup.dsv
[0.339s] -- Symlinking: /home/yhan/yhan_ROS2/yhan_ws/src/install/turtlebot3_simulations/share/turtlebot3_simulations/package.dsv
[0.349s] -- Up-to-date symlink: /home/yhan/yhan_ROS2/yhan_ws/src/install/turtlebot3_simulations/share/ament_index/resource_index/packages/turtlebot3_simulations
[0.349s] -- Up-to-date symlink: /home/yhan/yhan_ROS2/yhan_ws/src/install/turtlebot3_simulations/share/turtlebot3_simulations/cmake/turtlebot3_simulationsConfig.cmake
[0.350s] -- Up-to-date symlink: /home/yhan/yhan_ROS2/yhan_ws/src/install/turtlebot3_simulations/share/turtlebot3_simulations/cmake/turtlebot3_simulationsConfig-version.cmake
[0.350s] -- Up-to-date symlink: /home/yhan/yhan_ROS2/yhan_ws/src/install/turtlebot3_simulations/share/turtlebot3_simulations/package.xml
[0.352s] Invoked command in '/home/yhan/yhan_ROS2/yhan_ws/src/build/turtlebot3_simulations' returned '0': AMENT_PREFIX_PATH=/home/yhan/yhan_ROS2/yhan_ws/src/install/turtlebot3_gazebo:/home/yhan/yhan_ROS2/yhan_ws/src/install/turtlebot3_fake_node:${AMENT_PREFIX_PATH} CMAKE_PREFIX_PATH=/home/yhan/yhan_ROS2/yhan_ws/src/install/turtlebot3_gazebo:/home/yhan/yhan_ROS2/yhan_ws/src/install/turtlebot3_fake_node:/home/yhan/yhan_ROS2/yhan_ws/install/simple_pkg_cpp:/opt/ros/humble /usr/bin/cmake --install /home/yhan/yhan_ROS2/yhan_ws/src/build/turtlebot3_simulations
