[0.015s] Invoking command in '/home/yhan/yhan_ROS2/yhan_ws/src/build/simple_pkg_cpp': CMAKE_PREFIX_PATH=${CMAKE_PREFIX_PATH}:/opt/ros/humble /usr/bin/cmake --build /home/yhan/yhan_ROS2/yhan_ws/src/build/simple_pkg_cpp -- -j2 -l2
[0.144s] [  9%] Built target helloword
[0.154s] [ 18%] Built target helloOpenCV
[0.188s] [ 27%] Built target hello_publisher2
[0.204s] [ 36%] Built target hello_publisher
[0.228s] [35m[1mConsolidate compiler generated dependencies of target hello_publisher_class2[0m
[0.258s] [ 45%] Built target hello_publisher_class
[0.289s] [35m[1mConsolidate compiler generated dependencies of target hello_subscriber_class[0m
[0.299s] [ 59%] Built target hello_publisher_class2
[0.323s] [35m[1mConsolidate compiler generated dependencies of target time_publisher_class[0m
[0.332s] [ 72%] Built target hello_subscriber_class
[0.358s] [35m[1mConsolidate compiler generated dependencies of target time_subscriber_class[0m
[0.394s] [ 86%] Built target time_publisher_class
[0.403s] [100%] Built target time_subscriber_class
[0.421s] Invoked command in '/home/yhan/yhan_ROS2/yhan_ws/src/build/simple_pkg_cpp' returned '0': CMAKE_PREFIX_PATH=${CMAKE_PREFIX_PATH}:/opt/ros/humble /usr/bin/cmake --build /home/yhan/yhan_ROS2/yhan_ws/src/build/simple_pkg_cpp -- -j2 -l2
[0.506s] Invoking command in '/home/yhan/yhan_ROS2/yhan_ws/src/build/simple_pkg_cpp': CMAKE_PREFIX_PATH=${CMAKE_PREFIX_PATH}:/opt/ros/humble /usr/bin/cmake --install /home/yhan/yhan_ROS2/yhan_ws/src/build/simple_pkg_cpp
[0.517s] -- Install configuration: ""
[0.518s] -- Execute custom install script
[0.519s] -- Up-to-date symlink: /home/yhan/yhan_ROS2/yhan_ws/src/install/simple_pkg_cpp/lib/simple_pkg_cpp/helloword
[0.519s] -- Up-to-date symlink: /home/yhan/yhan_ROS2/yhan_ws/src/install/simple_pkg_cpp/lib/simple_pkg_cpp/helloOpenCV
[0.519s] -- Up-to-date symlink: /home/yhan/yhan_ROS2/yhan_ws/src/install/simple_pkg_cpp/lib/simple_pkg_cpp/hello_publisher
[0.520s] -- Up-to-date symlink: /home/yhan/yhan_ROS2/yhan_ws/src/install/simple_pkg_cpp/lib/simple_pkg_cpp/hello_publisher2
[0.520s] -- Up-to-date symlink: /home/yhan/yhan_ROS2/yhan_ws/src/install/simple_pkg_cpp/lib/simple_pkg_cpp/hello_publisher_class
[0.520s] -- Up-to-date symlink: /home/yhan/yhan_ROS2/yhan_ws/src/install/simple_pkg_cpp/lib/simple_pkg_cpp/hello_publisher_class2
[0.520s] -- Up-to-date symlink: /home/yhan/yhan_ROS2/yhan_ws/src/install/simple_pkg_cpp/lib/simple_pkg_cpp/hello_subscriber_class
[0.520s] -- Up-to-date symlink: /home/yhan/yhan_ROS2/yhan_ws/src/install/simple_pkg_cpp/lib/simple_pkg_cpp/time_publisher_class
[0.520s] -- Up-to-date symlink: /home/yhan/yhan_ROS2/yhan_ws/src/install/simple_pkg_cpp/lib/simple_pkg_cpp/time_subscriber_class
[0.520s] -- Up-to-date symlink: /home/yhan/yhan_ROS2/yhan_ws/src/install/simple_pkg_cpp/share/ament_index/resource_index/package_run_dependencies/simple_pkg_cpp
[0.520s] -- Up-to-date symlink: /home/yhan/yhan_ROS2/yhan_ws/src/install/simple_pkg_cpp/share/ament_index/resource_index/parent_prefix_path/simple_pkg_cpp
[0.524s] -- Up-to-date symlink: /home/yhan/yhan_ROS2/yhan_ws/src/install/simple_pkg_cpp/share/simple_pkg_cpp/environment/ament_prefix_path.sh
[0.525s] -- Up-to-date symlink: /home/yhan/yhan_ROS2/yhan_ws/src/install/simple_pkg_cpp/share/simple_pkg_cpp/environment/ament_prefix_path.dsv
[0.525s] -- Up-to-date symlink: /home/yhan/yhan_ROS2/yhan_ws/src/install/simple_pkg_cpp/share/simple_pkg_cpp/environment/path.sh
[0.525s] -- Up-to-date symlink: /home/yhan/yhan_ROS2/yhan_ws/src/install/simple_pkg_cpp/share/simple_pkg_cpp/environment/path.dsv
[0.525s] -- Up-to-date symlink: /home/yhan/yhan_ROS2/yhan_ws/src/install/simple_pkg_cpp/share/simple_pkg_cpp/local_setup.bash
[0.525s] -- Up-to-date symlink: /home/yhan/yhan_ROS2/yhan_ws/src/install/simple_pkg_cpp/share/simple_pkg_cpp/local_setup.sh
[0.525s] -- Up-to-date symlink: /home/yhan/yhan_ROS2/yhan_ws/src/install/simple_pkg_cpp/share/simple_pkg_cpp/local_setup.zsh
[0.525s] -- Up-to-date symlink: /home/yhan/yhan_ROS2/yhan_ws/src/install/simple_pkg_cpp/share/simple_pkg_cpp/local_setup.dsv
[0.525s] -- Symlinking: /home/yhan/yhan_ROS2/yhan_ws/src/install/simple_pkg_cpp/share/simple_pkg_cpp/package.dsv
[0.530s] -- Up-to-date symlink: /home/yhan/yhan_ROS2/yhan_ws/src/install/simple_pkg_cpp/share/ament_index/resource_index/packages/simple_pkg_cpp
[0.530s] -- Up-to-date symlink: /home/yhan/yhan_ROS2/yhan_ws/src/install/simple_pkg_cpp/share/simple_pkg_cpp/cmake/simple_pkg_cppConfig.cmake
[0.530s] -- Up-to-date symlink: /home/yhan/yhan_ROS2/yhan_ws/src/install/simple_pkg_cpp/share/simple_pkg_cpp/cmake/simple_pkg_cppConfig-version.cmake
[0.530s] -- Up-to-date symlink: /home/yhan/yhan_ROS2/yhan_ws/src/install/simple_pkg_cpp/share/simple_pkg_cpp/package.xml
[0.536s] Invoked command in '/home/yhan/yhan_ROS2/yhan_ws/src/build/simple_pkg_cpp' returned '0': CMAKE_PREFIX_PATH=${CMAKE_PREFIX_PATH}:/opt/ros/humble /usr/bin/cmake --install /home/yhan/yhan_ROS2/yhan_ws/src/build/simple_pkg_cpp
