[35m[1mConsolidate compiler generated dependencies of target helloword[0m
[35m[1mConsolidate compiler generated dependencies of target helloOpenCV[0m
[  9%] Built target helloword
[ 18%] Built target helloOpenCV
[35m[1mConsolidate compiler generated dependencies of target hello_publisher[0m
[35m[1mConsolidate compiler generated dependencies of target hello_publisher2[0m
[ 27%] Built target hello_publisher
[35m[1mConsolidate compiler generated dependencies of target hello_publisher_class[0m
[ 36%] Built target hello_publisher2
[ 45%] Built target hello_publisher_class
[ 50%] [32mBuilding CXX object CMakeFiles/hello_subscriber_class.dir/src/hello_subscriber_class.cpp.o[0m
[ 54%] [32mBuilding CXX object CMakeFiles/hello_publisher_class2.dir/src/hello_publisher_class2.cpp.o[0m
[01m[K/home/yhan/yhan_ROS2/yhan_ws/src/simple_pkg_cpp/src/hello_subscriber_class.cpp:1:10:[m[K [01;31m[Kfatal error: [m[Ksimple_pkg_cpp/subscriber.hpp: ê·¸ëŸ° íŒŒì¼ì´ë‚˜ ë””ë ‰í„°ë¦¬ê°€ ì—†ìŠµë‹ˆë‹¤
    1 | #include [01;31m[K"simple_pkg_cpp/subscriber.hpp"[m[K
      |          [01;31m[K^~~~~~~~~~~~~~~~~~~~~~~~~~~~~~~[m[K
compilation terminated.
gmake[2]: *** [CMakeFiles/hello_subscriber_class.dir/build.make:76: CMakeFiles/hello_subscriber_class.dir/src/hello_subscriber_class.cpp.o] ì˜¤ë¥˜ 1
gmake[1]: *** [CMakeFiles/Makefile2:309: CMakeFiles/hello_subscriber_class.dir/all] ì˜¤ë¥˜ 2
gmake[1]: *** ëë‚˜ì§€ ì•Šì€ ì‘ì—…ì„ ê¸°ë‹¤ë¦¬ê³  ìˆìŠµë‹ˆë‹¤....
[01m[K/home/yhan/yhan_ROS2/yhan_ws/src/simple_pkg_cpp/src/hello_publisher_class2.cpp:1:10:[m[K [01;31m[Kfatal error: [m[Ksimple_pkg_cpp/publisher.hpp: ê·¸ëŸ° íŒŒì¼ì´ë‚˜ ë””ë ‰í„°ë¦¬ê°€ ì—†ìŠµë‹ˆë‹¤
    1 | #include [01;31m[K"simple_pkg_cpp/publisher.hpp"[m[K
      |          [01;31m[K^~~~~~~~~~~~~~~~~~~~~~~~~~~~~~[m[K
compilation terminated.
gmake[2]: *** [CMakeFiles/hello_publisher_class2.dir/build.make:76: CMakeFiles/hello_publisher_class2.dir/src/hello_publisher_class2.cpp.o] ì˜¤ë¥˜ 1
gmake[2]: *** ëë‚˜ì§€ ì•Šì€ ì‘ì—…ì„ ê¸°ë‹¤ë¦¬ê³  ìˆìŠµë‹ˆë‹¤....
[ 59%] [32mBuilding CXX object CMakeFiles/hello_publisher_class2.dir/src/publisher.cpp.o[0m
[01m[K/home/yhan/yhan_ROS2/yhan_ws/src/simple_pkg_cpp/src/publisher.cpp:1:10:[m[K [01;31m[Kfatal error: [m[Ksimple_pkg_cpp/publisher.hpp: ê·¸ëŸ° íŒŒì¼ì´ë‚˜ ë””ë ‰í„°ë¦¬ê°€ ì—†ìŠµë‹ˆë‹¤
    1 | #include [01;31m[K"simple_pkg_cpp/publisher.hpp"[m[K
      |          [01;31m[K^~~~~~~~~~~~~~~~~~~~~~~~~~~~~~[m[K
compilation terminated.
gmake[2]: *** [CMakeFiles/hello_publisher_class2.dir/build.make:90: CMakeFiles/hello_publisher_class2.dir/src/publisher.cpp.o] ì˜¤ë¥˜ 1
gmake[1]: *** [CMakeFiles/Makefile2:283: CMakeFiles/hello_publisher_class2.dir/all] ì˜¤ë¥˜ 2
gmake: *** [Makefile:146: all] ì˜¤ë¥˜ 2
