[0.022s] Invoking command in '/home/yhan/yhan_ROS2/yhan_ws/src/build/topic_final': CMAKE_PREFIX_PATH=${CMAKE_PREFIX_PATH}:/opt/ros/humble /usr/bin/cmake --build /home/yhan/yhan_ROS2/yhan_ws/src/build/topic_final -- -j2 -l2
[0.213s] [ 20%] Built target msub
[0.219s] [ 40%] Built target mpub
[0.303s] [ 60%] Built target tpub
[0.312s] [ 80%] Built target msub2
[0.366s] [100%] Built target mtsub
[0.403s] Invoked command in '/home/yhan/yhan_ROS2/yhan_ws/src/build/topic_final' returned '0': CMAKE_PREFIX_PATH=${CMAKE_PREFIX_PATH}:/opt/ros/humble /usr/bin/cmake --build /home/yhan/yhan_ROS2/yhan_ws/src/build/topic_final -- -j2 -l2
[0.566s] Invoking command in '/home/yhan/yhan_ROS2/yhan_ws/src/build/topic_final': CMAKE_PREFIX_PATH=${CMAKE_PREFIX_PATH}:/opt/ros/humble /usr/bin/cmake --install /home/yhan/yhan_ROS2/yhan_ws/src/build/topic_final
[0.582s] -- Install configuration: ""
[0.586s] -- Execute custom install script
[0.587s] -- Up-to-date symlink: /home/yhan/yhan_ROS2/yhan_ws/src/install/topic_final/lib/topic_final/mpub
[0.587s] -- Up-to-date symlink: /home/yhan/yhan_ROS2/yhan_ws/src/install/topic_final/lib/topic_final/msub
[0.588s] -- Up-to-date symlink: /home/yhan/yhan_ROS2/yhan_ws/src/install/topic_final/lib/topic_final/msub2
[0.588s] -- Up-to-date symlink: /home/yhan/yhan_ROS2/yhan_ws/src/install/topic_final/lib/topic_final/tpub
[0.589s] -- Up-to-date symlink: /home/yhan/yhan_ROS2/yhan_ws/src/install/topic_final/lib/topic_final/mtsub
[0.589s] -- Up-to-date symlink: /home/yhan/yhan_ROS2/yhan_ws/src/install/topic_final/share/ament_index/resource_index/package_run_dependencies/topic_final
[0.597s] -- Up-to-date symlink: /home/yhan/yhan_ROS2/yhan_ws/src/install/topic_final/share/ament_index/resource_index/parent_prefix_path/topic_final
[0.597s] -- Up-to-date symlink: /home/yhan/yhan_ROS2/yhan_ws/src/install/topic_final/share/topic_final/environment/ament_prefix_path.sh
[0.598s] -- Up-to-date symlink: /home/yhan/yhan_ROS2/yhan_ws/src/install/topic_final/share/topic_final/environment/ament_prefix_path.dsv
[0.598s] -- Up-to-date symlink: /home/yhan/yhan_ROS2/yhan_ws/src/install/topic_final/share/topic_final/environment/path.sh
[0.598s] -- Up-to-date symlink: /home/yhan/yhan_ROS2/yhan_ws/src/install/topic_final/share/topic_final/environment/path.dsv
[0.598s] -- Up-to-date symlink: /home/yhan/yhan_ROS2/yhan_ws/src/install/topic_final/share/topic_final/local_setup.bash
[0.598s] -- Up-to-date symlink: /home/yhan/yhan_ROS2/yhan_ws/src/install/topic_final/share/topic_final/local_setup.sh
[0.598s] -- Up-to-date symlink: /home/yhan/yhan_ROS2/yhan_ws/src/install/topic_final/share/topic_final/local_setup.zsh
[0.599s] -- Up-to-date symlink: /home/yhan/yhan_ROS2/yhan_ws/src/install/topic_final/share/topic_final/local_setup.dsv
[0.599s] -- Symlinking: /home/yhan/yhan_ROS2/yhan_ws/src/install/topic_final/share/topic_final/package.dsv
[0.635s] -- Up-to-date symlink: /home/yhan/yhan_ROS2/yhan_ws/src/install/topic_final/share/ament_index/resource_index/packages/topic_final
[0.635s] -- Up-to-date symlink: /home/yhan/yhan_ROS2/yhan_ws/src/install/topic_final/share/topic_final/cmake/topic_finalConfig.cmake
[0.635s] -- Up-to-date symlink: /home/yhan/yhan_ROS2/yhan_ws/src/install/topic_final/share/topic_final/cmake/topic_finalConfig-version.cmake
[0.636s] -- Up-to-date symlink: /home/yhan/yhan_ROS2/yhan_ws/src/install/topic_final/share/topic_final/package.xml
[0.639s] Invoked command in '/home/yhan/yhan_ROS2/yhan_ws/src/build/topic_final' returned '0': CMAKE_PREFIX_PATH=${CMAKE_PREFIX_PATH}:/opt/ros/humble /usr/bin/cmake --install /home/yhan/yhan_ROS2/yhan_ws/src/build/topic_final
