[0.013s] Invoking command in '/home/yhan/yhan_ROS2/yhan_ws/build/simple_pkg_cpp': CMAKE_PREFIX_PATH=${CMAKE_PREFIX_PATH}:/opt/ros/humble /usr/bin/cmake --build /home/yhan/yhan_ROS2/yhan_ws/build/simple_pkg_cpp -- -j2 -l2
[0.139s] [  9%] Built target helloword
[0.161s] [ 18%] Built target hello_publisher
[0.185s] [ 27%] Built target helloOpenCV
[0.228s] [ 36%] Built target hello_publisher_class
[0.240s] [ 45%] Built target hello_publisher2
[0.271s] [ 59%] Built target hello_publisher_class2
[0.298s] [ 72%] Built target hello_subscriber_class
[0.347s] [ 86%] Built target time_subscriber_class
[0.352s] [100%] Built target time_publisher_class
[0.387s] Invoked command in '/home/yhan/yhan_ROS2/yhan_ws/build/simple_pkg_cpp' returned '0': CMAKE_PREFIX_PATH=${CMAKE_PREFIX_PATH}:/opt/ros/humble /usr/bin/cmake --build /home/yhan/yhan_ROS2/yhan_ws/build/simple_pkg_cpp -- -j2 -l2
[0.458s] Invoking command in '/home/yhan/yhan_ROS2/yhan_ws/build/simple_pkg_cpp': CMAKE_PREFIX_PATH=${CMAKE_PREFIX_PATH}:/opt/ros/humble /usr/bin/cmake --install /home/yhan/yhan_ROS2/yhan_ws/build/simple_pkg_cpp
[0.466s] -- Install configuration: ""
[0.467s] -- Execute custom install script
[0.469s] -- Up-to-date symlink: /home/yhan/yhan_ROS2/yhan_ws/install/simple_pkg_cpp/lib/simple_pkg_cpp/helloword
[0.469s] -- Up-to-date symlink: /home/yhan/yhan_ROS2/yhan_ws/install/simple_pkg_cpp/lib/simple_pkg_cpp/helloOpenCV
[0.471s] -- Up-to-date symlink: /home/yhan/yhan_ROS2/yhan_ws/install/simple_pkg_cpp/lib/simple_pkg_cpp/hello_publisher
[0.472s] -- Up-to-date symlink: /home/yhan/yhan_ROS2/yhan_ws/install/simple_pkg_cpp/lib/simple_pkg_cpp/hello_publisher2
[0.472s] -- Up-to-date symlink: /home/yhan/yhan_ROS2/yhan_ws/install/simple_pkg_cpp/lib/simple_pkg_cpp/hello_publisher_class
[0.473s] -- Up-to-date symlink: /home/yhan/yhan_ROS2/yhan_ws/install/simple_pkg_cpp/lib/simple_pkg_cpp/hello_publisher_class2
[0.473s] -- Up-to-date symlink: /home/yhan/yhan_ROS2/yhan_ws/install/simple_pkg_cpp/lib/simple_pkg_cpp/hello_subscriber_class
[0.474s] -- Up-to-date symlink: /home/yhan/yhan_ROS2/yhan_ws/install/simple_pkg_cpp/lib/simple_pkg_cpp/time_publisher_class
[0.474s] -- Up-to-date symlink: /home/yhan/yhan_ROS2/yhan_ws/install/simple_pkg_cpp/lib/simple_pkg_cpp/time_subscriber_class
[0.475s] -- Up-to-date symlink: /home/yhan/yhan_ROS2/yhan_ws/install/simple_pkg_cpp/share/ament_index/resource_index/package_run_dependencies/simple_pkg_cpp
[0.475s] -- Up-to-date symlink: /home/yhan/yhan_ROS2/yhan_ws/install/simple_pkg_cpp/share/ament_index/resource_index/parent_prefix_path/simple_pkg_cpp
[0.476s] -- Up-to-date symlink: /home/yhan/yhan_ROS2/yhan_ws/install/simple_pkg_cpp/share/simple_pkg_cpp/environment/ament_prefix_path.sh
[0.476s] -- Up-to-date symlink: /home/yhan/yhan_ROS2/yhan_ws/install/simple_pkg_cpp/share/simple_pkg_cpp/environment/ament_prefix_path.dsv
[0.476s] -- Up-to-date symlink: /home/yhan/yhan_ROS2/yhan_ws/install/simple_pkg_cpp/share/simple_pkg_cpp/environment/path.sh
[0.476s] -- Up-to-date symlink: /home/yhan/yhan_ROS2/yhan_ws/install/simple_pkg_cpp/share/simple_pkg_cpp/environment/path.dsv
[0.476s] -- Up-to-date symlink: /home/yhan/yhan_ROS2/yhan_ws/install/simple_pkg_cpp/share/simple_pkg_cpp/local_setup.bash
[0.476s] -- Up-to-date symlink: /home/yhan/yhan_ROS2/yhan_ws/install/simple_pkg_cpp/share/simple_pkg_cpp/local_setup.sh
[0.476s] -- Up-to-date symlink: /home/yhan/yhan_ROS2/yhan_ws/install/simple_pkg_cpp/share/simple_pkg_cpp/local_setup.zsh
[0.476s] -- Up-to-date symlink: /home/yhan/yhan_ROS2/yhan_ws/install/simple_pkg_cpp/share/simple_pkg_cpp/local_setup.dsv
[0.477s] -- Symlinking: /home/yhan/yhan_ROS2/yhan_ws/install/simple_pkg_cpp/share/simple_pkg_cpp/package.dsv
[0.487s] -- Up-to-date symlink: /home/yhan/yhan_ROS2/yhan_ws/install/simple_pkg_cpp/share/ament_index/resource_index/packages/simple_pkg_cpp
[0.488s] -- Up-to-date symlink: /home/yhan/yhan_ROS2/yhan_ws/install/simple_pkg_cpp/share/simple_pkg_cpp/cmake/simple_pkg_cppConfig.cmake
[0.489s] -- Up-to-date symlink: /home/yhan/yhan_ROS2/yhan_ws/install/simple_pkg_cpp/share/simple_pkg_cpp/cmake/simple_pkg_cppConfig-version.cmake
[0.490s] -- Up-to-date symlink: /home/yhan/yhan_ROS2/yhan_ws/install/simple_pkg_cpp/share/simple_pkg_cpp/package.xml
[0.491s] Invoked command in '/home/yhan/yhan_ROS2/yhan_ws/build/simple_pkg_cpp' returned '0': CMAKE_PREFIX_PATH=${CMAKE_PREFIX_PATH}:/opt/ros/humble /usr/bin/cmake --install /home/yhan/yhan_ROS2/yhan_ws/build/simple_pkg_cpp
