[0.012s] Invoking command in '/home/yhan/yhan_ws/build/simple_pkg_cpp': CMAKE_PREFIX_PATH=${CMAKE_PREFIX_PATH}:/opt/ros/humble /usr/bin/cmake --build /home/yhan/yhan_ws/build/simple_pkg_cpp -- -j2 -l2
[0.078s] -- Found ament_cmake: 1.3.9 (/opt/ros/humble/share/ament_cmake/cmake)
[0.184s] -- Found rclcpp: 16.0.9 (/opt/ros/humble/share/rclcpp/cmake)
[0.216s] -- Found rosidl_generator_c: 3.1.5 (/opt/ros/humble/share/rosidl_generator_c/cmake)
[0.219s] -- Found rosidl_adapter: 3.1.5 (/opt/ros/humble/share/rosidl_adapter/cmake)
[0.226s] -- Found rosidl_generator_cpp: 3.1.5 (/opt/ros/humble/share/rosidl_generator_cpp/cmake)
[0.241s] -- Using all available rosidl_typesupport_c: rosidl_typesupport_fastrtps_c;rosidl_typesupport_introspection_c
[0.256s] -- Using all available rosidl_typesupport_cpp: rosidl_typesupport_fastrtps_cpp;rosidl_typesupport_introspection_cpp
[0.305s] -- Found rmw_implementation_cmake: 6.1.2 (/opt/ros/humble/share/rmw_implementation_cmake/cmake)
[0.308s] -- Found rmw_fastrtps_cpp: 6.2.6 (/opt/ros/humble/share/rmw_fastrtps_cpp/cmake)
[0.397s] -- Using RMW implementation 'rmw_fastrtps_cpp' as default
[0.523s] -- Found ament_lint_auto: 0.12.11 (/opt/ros/humble/share/ament_lint_auto/cmake)
[0.600s] -- Added test 'cppcheck' to perform static code analysis on C / C++ code
[0.600s] -- Configured cppcheck include dirs: 
[0.601s] -- Configured cppcheck exclude dirs and/or files: 
[0.608s] -- Added test 'lint_cmake' to check CMake code style
[0.630s] -- Added test 'uncrustify' to check C / C++ code style
[0.631s] -- Configured uncrustify additional arguments: 
[0.634s] -- Added test 'xmllint' to check XML markup files
[0.635s] -- Configuring done
[0.655s] -- Generating done
[0.657s] -- Build files have been written to: /home/yhan/yhan_ws/build/simple_pkg_cpp
[0.683s] [35m[1mConsolidate compiler generated dependencies of target helloworld[0m
[0.683s] [35m[1mConsolidate compiler generated dependencies of target helloOpenCV[0m
[0.694s] [ 25%] Built target helloworld
[0.695s] [ 50%] Built target helloOpenCV
[0.704s] [35m[1mConsolidate compiler generated dependencies of target hello_publisher[0m
[0.714s] [ 62%] [32mBuilding CXX object CMakeFiles/hello_publisher2.dir/src/hello_publisher2.cpp.o[0m
[0.722s] [ 87%] Built target hello_publisher
[4.047s] [100%] [32m[1mLinking CXX executable hello_publisher2[0m
[4.218s] [100%] Built target hello_publisher2
[4.227s] Invoked command in '/home/yhan/yhan_ws/build/simple_pkg_cpp' returned '0': CMAKE_PREFIX_PATH=${CMAKE_PREFIX_PATH}:/opt/ros/humble /usr/bin/cmake --build /home/yhan/yhan_ws/build/simple_pkg_cpp -- -j2 -l2
[4.271s] Invoking command in '/home/yhan/yhan_ws/build/simple_pkg_cpp': CMAKE_PREFIX_PATH=${CMAKE_PREFIX_PATH}:/opt/ros/humble /usr/bin/cmake --install /home/yhan/yhan_ws/build/simple_pkg_cpp
[4.277s] -- Install configuration: ""
[4.278s] -- Up-to-date: /home/yhan/yhan_ws/install/simple_pkg_cpp/lib/simple_pkg_cpp/helloworld
[4.279s] -- Up-to-date: /home/yhan/yhan_ws/install/simple_pkg_cpp/lib/simple_pkg_cpp/helloOpenCV
[4.279s] -- Up-to-date: /home/yhan/yhan_ws/install/simple_pkg_cpp/lib/simple_pkg_cpp/hello_publisher
[4.279s] -- Installing: /home/yhan/yhan_ws/install/simple_pkg_cpp/lib/simple_pkg_cpp/hello_publisher2
[4.280s] -- Set runtime path of "/home/yhan/yhan_ws/install/simple_pkg_cpp/lib/simple_pkg_cpp/hello_publisher2" to ""
[4.280s] -- Up-to-date: /home/yhan/yhan_ws/install/simple_pkg_cpp/share/ament_index/resource_index/package_run_dependencies/simple_pkg_cpp
[4.280s] -- Up-to-date: /home/yhan/yhan_ws/install/simple_pkg_cpp/share/ament_index/resource_index/parent_prefix_path/simple_pkg_cpp
[4.280s] -- Up-to-date: /home/yhan/yhan_ws/install/simple_pkg_cpp/share/simple_pkg_cpp/environment/ament_prefix_path.sh
[4.280s] -- Installing: /home/yhan/yhan_ws/install/simple_pkg_cpp/share/simple_pkg_cpp/environment/ament_prefix_path.dsv
[4.281s] -- Up-to-date: /home/yhan/yhan_ws/install/simple_pkg_cpp/share/simple_pkg_cpp/environment/path.sh
[4.281s] -- Installing: /home/yhan/yhan_ws/install/simple_pkg_cpp/share/simple_pkg_cpp/environment/path.dsv
[4.281s] -- Up-to-date: /home/yhan/yhan_ws/install/simple_pkg_cpp/share/simple_pkg_cpp/local_setup.bash
[4.281s] -- Up-to-date: /home/yhan/yhan_ws/install/simple_pkg_cpp/share/simple_pkg_cpp/local_setup.sh
[4.281s] -- Up-to-date: /home/yhan/yhan_ws/install/simple_pkg_cpp/share/simple_pkg_cpp/local_setup.zsh
[4.281s] -- Installing: /home/yhan/yhan_ws/install/simple_pkg_cpp/share/simple_pkg_cpp/local_setup.dsv
[4.281s] -- Installing: /home/yhan/yhan_ws/install/simple_pkg_cpp/share/simple_pkg_cpp/package.dsv
[4.281s] -- Up-to-date: /home/yhan/yhan_ws/install/simple_pkg_cpp/share/ament_index/resource_index/packages/simple_pkg_cpp
[4.281s] -- Up-to-date: /home/yhan/yhan_ws/install/simple_pkg_cpp/share/simple_pkg_cpp/cmake/simple_pkg_cppConfig.cmake
[4.281s] -- Up-to-date: /home/yhan/yhan_ws/install/simple_pkg_cpp/share/simple_pkg_cpp/cmake/simple_pkg_cppConfig-version.cmake
[4.281s] -- Up-to-date: /home/yhan/yhan_ws/install/simple_pkg_cpp/share/simple_pkg_cpp/package.xml
[4.283s] Invoked command in '/home/yhan/yhan_ws/build/simple_pkg_cpp' returned '0': CMAKE_PREFIX_PATH=${CMAKE_PREFIX_PATH}:/opt/ros/humble /usr/bin/cmake --install /home/yhan/yhan_ws/build/simple_pkg_cpp
