[0.101s] DEBUG:colcon:Command line arguments: ['/usr/bin/colcon', 'build', '--symlink-install']
[0.102s] DEBUG:colcon:Parsed command line arguments: Namespace(log_base=None, log_level=None, verb_name='build', build_base='build', install_base='install', merge_install=False, symlink_install=True, test_result_base=None, continue_on_error=False, executor='parallel', parallel_workers=2, event_handlers=None, ignore_user_meta=False, metas=['./colcon.meta'], base_paths=['.'], packages_ignore=None, packages_ignore_regex=None, paths=None, packages_up_to=None, packages_up_to_regex=None, packages_above=None, packages_above_and_dependencies=None, packages_above_depth=None, packages_select_by_dep=None, packages_skip_by_dep=None, packages_skip_up_to=None, packages_select_build_failed=False, packages_skip_build_finished=False, packages_select_test_failures=False, packages_skip_test_passed=False, packages_select=None, packages_skip=None, packages_select_regex=None, packages_skip_regex=None, packages_start=None, packages_end=None, allow_overriding=[], cmake_args=None, cmake_target=None, cmake_target_skip_unavailable=False, cmake_clean_cache=False, cmake_clean_first=False, cmake_force_configure=False, ament_cmake_args=None, catkin_cmake_args=None, catkin_skip_building_tests=False, mixin_files=None, mixin=None, verb_parser=<colcon_mixin.mixin.mixin_argument.MixinArgumentDecorator object at 0x7cb2b5922a10>, verb_extension=<colcon_core.verb.build.BuildVerb object at 0x7cb2b5a22f80>, main=<bound method BuildVerb.main of <colcon_core.verb.build.BuildVerb object at 0x7cb2b5a22f80>>, mixin_verb=('build',))
[0.227s] Level 1:colcon.colcon_core.package_discovery:discover_packages(colcon_meta) check parameters
[0.227s] Level 1:colcon.colcon_core.package_discovery:discover_packages(recursive) check parameters
[0.227s] Level 1:colcon.colcon_core.package_discovery:discover_packages(ignore) check parameters
[0.227s] Level 1:colcon.colcon_core.package_discovery:discover_packages(path) check parameters
[0.227s] Level 1:colcon.colcon_core.package_discovery:discover_packages(colcon_meta) discover
[0.227s] Level 1:colcon.colcon_core.package_discovery:discover_packages(recursive) discover
[0.228s] INFO:colcon.colcon_core.package_discovery:Crawling recursively for packages in '/home/yhan/yhan_ROS2'
[0.228s] Level 1:colcon.colcon_core.package_identification:_identify(.) by extensions ['ignore', 'ignore_ament_install']
[0.228s] Level 1:colcon.colcon_core.package_identification:_identify(.) by extension 'ignore'
[0.228s] Level 1:colcon.colcon_core.package_identification:_identify(.) by extension 'ignore_ament_install'
[0.228s] Level 1:colcon.colcon_core.package_identification:_identify(.) by extensions ['colcon_pkg']
[0.228s] Level 1:colcon.colcon_core.package_identification:_identify(.) by extension 'colcon_pkg'
[0.228s] Level 1:colcon.colcon_core.package_identification:_identify(.) by extensions ['colcon_meta']
[0.228s] Level 1:colcon.colcon_core.package_identification:_identify(.) by extension 'colcon_meta'
[0.228s] Level 1:colcon.colcon_core.package_identification:_identify(.) by extensions ['ros']
[0.228s] Level 1:colcon.colcon_core.package_identification:_identify(.) by extension 'ros'
[0.238s] Level 1:colcon.colcon_core.package_identification:_identify(.) by extensions ['cmake', 'python']
[0.238s] Level 1:colcon.colcon_core.package_identification:_identify(.) by extension 'cmake'
[0.238s] Level 1:colcon.colcon_core.package_identification:_identify(.) by extension 'python'
[0.238s] Level 1:colcon.colcon_core.package_identification:_identify(.) by extensions ['python_setup_py']
[0.238s] Level 1:colcon.colcon_core.package_identification:_identify(.) by extension 'python_setup_py'
[0.238s] Level 1:colcon.colcon_core.package_identification:_identify(build) by extensions ['ignore', 'ignore_ament_install']
[0.239s] Level 1:colcon.colcon_core.package_identification:_identify(build) by extension 'ignore'
[0.239s] Level 1:colcon.colcon_core.package_identification:_identify(build) ignored
[0.239s] Level 1:colcon.colcon_core.package_identification:_identify(c) by extensions ['ignore', 'ignore_ament_install']
[0.239s] Level 1:colcon.colcon_core.package_identification:_identify(c) by extension 'ignore'
[0.239s] Level 1:colcon.colcon_core.package_identification:_identify(c) by extension 'ignore_ament_install'
[0.239s] Level 1:colcon.colcon_core.package_identification:_identify(c) by extensions ['colcon_pkg']
[0.239s] Level 1:colcon.colcon_core.package_identification:_identify(c) by extension 'colcon_pkg'
[0.239s] Level 1:colcon.colcon_core.package_identification:_identify(c) by extensions ['colcon_meta']
[0.239s] Level 1:colcon.colcon_core.package_identification:_identify(c) by extension 'colcon_meta'
[0.239s] Level 1:colcon.colcon_core.package_identification:_identify(c) by extensions ['ros']
[0.239s] Level 1:colcon.colcon_core.package_identification:_identify(c) by extension 'ros'
[0.239s] Level 1:colcon.colcon_core.package_identification:_identify(c) by extensions ['cmake', 'python']
[0.239s] Level 1:colcon.colcon_core.package_identification:_identify(c) by extension 'cmake'
[0.239s] Level 1:colcon.colcon_core.package_identification:_identify(c) by extension 'python'
[0.239s] Level 1:colcon.colcon_core.package_identification:_identify(c) by extensions ['python_setup_py']
[0.239s] Level 1:colcon.colcon_core.package_identification:_identify(c) by extension 'python_setup_py'
[0.239s] Level 1:colcon.colcon_core.package_identification:_identify(data) by extensions ['ignore', 'ignore_ament_install']
[0.239s] Level 1:colcon.colcon_core.package_identification:_identify(data) by extension 'ignore'
[0.239s] Level 1:colcon.colcon_core.package_identification:_identify(data) by extension 'ignore_ament_install'
[0.239s] Level 1:colcon.colcon_core.package_identification:_identify(data) by extensions ['colcon_pkg']
[0.239s] Level 1:colcon.colcon_core.package_identification:_identify(data) by extension 'colcon_pkg'
[0.239s] Level 1:colcon.colcon_core.package_identification:_identify(data) by extensions ['colcon_meta']
[0.239s] Level 1:colcon.colcon_core.package_identification:_identify(data) by extension 'colcon_meta'
[0.239s] Level 1:colcon.colcon_core.package_identification:_identify(data) by extensions ['ros']
[0.239s] Level 1:colcon.colcon_core.package_identification:_identify(data) by extension 'ros'
[0.239s] Level 1:colcon.colcon_core.package_identification:_identify(data) by extensions ['cmake', 'python']
[0.239s] Level 1:colcon.colcon_core.package_identification:_identify(data) by extension 'cmake'
[0.239s] Level 1:colcon.colcon_core.package_identification:_identify(data) by extension 'python'
[0.239s] Level 1:colcon.colcon_core.package_identification:_identify(data) by extensions ['python_setup_py']
[0.239s] Level 1:colcon.colcon_core.package_identification:_identify(data) by extension 'python_setup_py'
[0.240s] Level 1:colcon.colcon_core.package_identification:_identify(install) by extensions ['ignore', 'ignore_ament_install']
[0.240s] Level 1:colcon.colcon_core.package_identification:_identify(install) by extension 'ignore'
[0.240s] Level 1:colcon.colcon_core.package_identification:_identify(install) ignored
[0.240s] Level 1:colcon.colcon_core.package_identification:_identify(log) by extensions ['ignore', 'ignore_ament_install']
[0.240s] Level 1:colcon.colcon_core.package_identification:_identify(log) by extension 'ignore'
[0.240s] Level 1:colcon.colcon_core.package_identification:_identify(log) ignored
[0.240s] Level 1:colcon.colcon_core.package_identification:_identify(opencv1) by extensions ['ignore', 'ignore_ament_install']
[0.240s] Level 1:colcon.colcon_core.package_identification:_identify(opencv1) by extension 'ignore'
[0.240s] Level 1:colcon.colcon_core.package_identification:_identify(opencv1) by extension 'ignore_ament_install'
[0.240s] Level 1:colcon.colcon_core.package_identification:_identify(opencv1) by extensions ['colcon_pkg']
[0.240s] Level 1:colcon.colcon_core.package_identification:_identify(opencv1) by extension 'colcon_pkg'
[0.240s] Level 1:colcon.colcon_core.package_identification:_identify(opencv1) by extensions ['colcon_meta']
[0.240s] Level 1:colcon.colcon_core.package_identification:_identify(opencv1) by extension 'colcon_meta'
[0.240s] Level 1:colcon.colcon_core.package_identification:_identify(opencv1) by extensions ['ros']
[0.240s] Level 1:colcon.colcon_core.package_identification:_identify(opencv1) by extension 'ros'
[0.240s] Level 1:colcon.colcon_core.package_identification:_identify(opencv1) by extensions ['cmake', 'python']
[0.240s] Level 1:colcon.colcon_core.package_identification:_identify(opencv1) by extension 'cmake'
[0.240s] Level 1:colcon.colcon_core.package_identification:_identify(opencv1) by extension 'python'
[0.240s] Level 1:colcon.colcon_core.package_identification:_identify(opencv1) by extensions ['python_setup_py']
[0.240s] Level 1:colcon.colcon_core.package_identification:_identify(opencv1) by extension 'python_setup_py'
[0.240s] Level 1:colcon.colcon_core.package_identification:_identify(opencv1/ch02) by extensions ['ignore', 'ignore_ament_install']
[0.240s] Level 1:colcon.colcon_core.package_identification:_identify(opencv1/ch02) by extension 'ignore'
[0.240s] Level 1:colcon.colcon_core.package_identification:_identify(opencv1/ch02) by extension 'ignore_ament_install'
[0.240s] Level 1:colcon.colcon_core.package_identification:_identify(opencv1/ch02) by extensions ['colcon_pkg']
[0.240s] Level 1:colcon.colcon_core.package_identification:_identify(opencv1/ch02) by extension 'colcon_pkg'
[0.240s] Level 1:colcon.colcon_core.package_identification:_identify(opencv1/ch02) by extensions ['colcon_meta']
[0.240s] Level 1:colcon.colcon_core.package_identification:_identify(opencv1/ch02) by extension 'colcon_meta'
[0.240s] Level 1:colcon.colcon_core.package_identification:_identify(opencv1/ch02) by extensions ['ros']
[0.240s] Level 1:colcon.colcon_core.package_identification:_identify(opencv1/ch02) by extension 'ros'
[0.240s] Level 1:colcon.colcon_core.package_identification:_identify(opencv1/ch02) by extensions ['cmake', 'python']
[0.240s] Level 1:colcon.colcon_core.package_identification:_identify(opencv1/ch02) by extension 'cmake'
[0.247s] Level 1:colcon.colcon_core.package_identification:_identify(opencv1/ch02) by extension 'python'
[0.247s] DEBUG:colcon.colcon_core.package_identification:Package 'opencv1/ch02' with type 'cmake' and name 'windows'
[0.247s] Level 1:colcon.colcon_core.package_identification:_identify(opencv1/ch03) by extensions ['ignore', 'ignore_ament_install']
[0.247s] Level 1:colcon.colcon_core.package_identification:_identify(opencv1/ch03) by extension 'ignore'
[0.247s] Level 1:colcon.colcon_core.package_identification:_identify(opencv1/ch03) by extension 'ignore_ament_install'
[0.247s] Level 1:colcon.colcon_core.package_identification:_identify(opencv1/ch03) by extensions ['colcon_pkg']
[0.247s] Level 1:colcon.colcon_core.package_identification:_identify(opencv1/ch03) by extension 'colcon_pkg'
[0.247s] Level 1:colcon.colcon_core.package_identification:_identify(opencv1/ch03) by extensions ['colcon_meta']
[0.247s] Level 1:colcon.colcon_core.package_identification:_identify(opencv1/ch03) by extension 'colcon_meta'
[0.247s] Level 1:colcon.colcon_core.package_identification:_identify(opencv1/ch03) by extensions ['ros']
[0.247s] Level 1:colcon.colcon_core.package_identification:_identify(opencv1/ch03) by extension 'ros'
[0.247s] Level 1:colcon.colcon_core.package_identification:_identify(opencv1/ch03) by extensions ['cmake', 'python']
[0.247s] Level 1:colcon.colcon_core.package_identification:_identify(opencv1/ch03) by extension 'cmake'
[0.256s] Level 1:colcon.colcon_core.package_identification:_identify(opencv1/ch03) by extension 'python'
[0.256s] DEBUG:colcon.colcon_core.package_identification:Package 'opencv1/ch03' with type 'cmake' and name 'windows'
[0.256s] Level 1:colcon.colcon_core.package_identification:_identify(opencv1/ch04) by extensions ['ignore', 'ignore_ament_install']
[0.256s] Level 1:colcon.colcon_core.package_identification:_identify(opencv1/ch04) by extension 'ignore'
[0.257s] Level 1:colcon.colcon_core.package_identification:_identify(opencv1/ch04) by extension 'ignore_ament_install'
[0.257s] Level 1:colcon.colcon_core.package_identification:_identify(opencv1/ch04) by extensions ['colcon_pkg']
[0.257s] Level 1:colcon.colcon_core.package_identification:_identify(opencv1/ch04) by extension 'colcon_pkg'
[0.257s] Level 1:colcon.colcon_core.package_identification:_identify(opencv1/ch04) by extensions ['colcon_meta']
[0.257s] Level 1:colcon.colcon_core.package_identification:_identify(opencv1/ch04) by extension 'colcon_meta'
[0.257s] Level 1:colcon.colcon_core.package_identification:_identify(opencv1/ch04) by extensions ['ros']
[0.257s] Level 1:colcon.colcon_core.package_identification:_identify(opencv1/ch04) by extension 'ros'
[0.257s] Level 1:colcon.colcon_core.package_identification:_identify(opencv1/ch04) by extensions ['cmake', 'python']
[0.257s] Level 1:colcon.colcon_core.package_identification:_identify(opencv1/ch04) by extension 'cmake'
[0.267s] Level 1:colcon.colcon_core.package_identification:_identify(opencv1/ch04) by extension 'python'
[0.267s] DEBUG:colcon.colcon_core.package_identification:Package 'opencv1/ch04' with type 'cmake' and name 'windows'
[0.268s] Level 1:colcon.colcon_core.package_identification:_identify(opencv1/ch05) by extensions ['ignore', 'ignore_ament_install']
[0.268s] Level 1:colcon.colcon_core.package_identification:_identify(opencv1/ch05) by extension 'ignore'
[0.268s] Level 1:colcon.colcon_core.package_identification:_identify(opencv1/ch05) by extension 'ignore_ament_install'
[0.268s] Level 1:colcon.colcon_core.package_identification:_identify(opencv1/ch05) by extensions ['colcon_pkg']
[0.268s] Level 1:colcon.colcon_core.package_identification:_identify(opencv1/ch05) by extension 'colcon_pkg'
[0.268s] Level 1:colcon.colcon_core.package_identification:_identify(opencv1/ch05) by extensions ['colcon_meta']
[0.268s] Level 1:colcon.colcon_core.package_identification:_identify(opencv1/ch05) by extension 'colcon_meta'
[0.268s] Level 1:colcon.colcon_core.package_identification:_identify(opencv1/ch05) by extensions ['ros']
[0.268s] Level 1:colcon.colcon_core.package_identification:_identify(opencv1/ch05) by extension 'ros'
[0.268s] Level 1:colcon.colcon_core.package_identification:_identify(opencv1/ch05) by extensions ['cmake', 'python']
[0.268s] Level 1:colcon.colcon_core.package_identification:_identify(opencv1/ch05) by extension 'cmake'
[0.272s] Level 1:colcon.colcon_core.package_identification:_identify(opencv1/ch05) by extension 'python'
[0.273s] DEBUG:colcon.colcon_core.package_identification:Package 'opencv1/ch05' with type 'cmake' and name 'windows'
[0.273s] Level 1:colcon.colcon_core.package_identification:_identify(opencv1/ch07) by extensions ['ignore', 'ignore_ament_install']
[0.273s] Level 1:colcon.colcon_core.package_identification:_identify(opencv1/ch07) by extension 'ignore'
[0.273s] Level 1:colcon.colcon_core.package_identification:_identify(opencv1/ch07) by extension 'ignore_ament_install'
[0.273s] Level 1:colcon.colcon_core.package_identification:_identify(opencv1/ch07) by extensions ['colcon_pkg']
[0.273s] Level 1:colcon.colcon_core.package_identification:_identify(opencv1/ch07) by extension 'colcon_pkg'
[0.273s] Level 1:colcon.colcon_core.package_identification:_identify(opencv1/ch07) by extensions ['colcon_meta']
[0.273s] Level 1:colcon.colcon_core.package_identification:_identify(opencv1/ch07) by extension 'colcon_meta'
[0.273s] Level 1:colcon.colcon_core.package_identification:_identify(opencv1/ch07) by extensions ['ros']
[0.273s] Level 1:colcon.colcon_core.package_identification:_identify(opencv1/ch07) by extension 'ros'
[0.273s] Level 1:colcon.colcon_core.package_identification:_identify(opencv1/ch07) by extensions ['cmake', 'python']
[0.273s] Level 1:colcon.colcon_core.package_identification:_identify(opencv1/ch07) by extension 'cmake'
[0.279s] Level 1:colcon.colcon_core.package_identification:_identify(opencv1/ch07) by extension 'python'
[0.279s] DEBUG:colcon.colcon_core.package_identification:Package 'opencv1/ch07' with type 'cmake' and name 'windows'
[0.279s] Level 1:colcon.colcon_core.package_identification:_identify(opencv1/ch08) by extensions ['ignore', 'ignore_ament_install']
[0.279s] Level 1:colcon.colcon_core.package_identification:_identify(opencv1/ch08) by extension 'ignore'
[0.279s] Level 1:colcon.colcon_core.package_identification:_identify(opencv1/ch08) by extension 'ignore_ament_install'
[0.279s] Level 1:colcon.colcon_core.package_identification:_identify(opencv1/ch08) by extensions ['colcon_pkg']
[0.279s] Level 1:colcon.colcon_core.package_identification:_identify(opencv1/ch08) by extension 'colcon_pkg'
[0.279s] Level 1:colcon.colcon_core.package_identification:_identify(opencv1/ch08) by extensions ['colcon_meta']
[0.279s] Level 1:colcon.colcon_core.package_identification:_identify(opencv1/ch08) by extension 'colcon_meta'
[0.279s] Level 1:colcon.colcon_core.package_identification:_identify(opencv1/ch08) by extensions ['ros']
[0.279s] Level 1:colcon.colcon_core.package_identification:_identify(opencv1/ch08) by extension 'ros'
[0.279s] Level 1:colcon.colcon_core.package_identification:_identify(opencv1/ch08) by extensions ['cmake', 'python']
[0.279s] Level 1:colcon.colcon_core.package_identification:_identify(opencv1/ch08) by extension 'cmake'
[0.284s] Level 1:colcon.colcon_core.package_identification:_identify(opencv1/ch08) by extension 'python'
[0.284s] DEBUG:colcon.colcon_core.package_identification:Package 'opencv1/ch08' with type 'cmake' and name 'windows'
[0.285s] Level 1:colcon.colcon_core.package_identification:_identify(opencv1/ch09) by extensions ['ignore', 'ignore_ament_install']
[0.285s] Level 1:colcon.colcon_core.package_identification:_identify(opencv1/ch09) by extension 'ignore'
[0.285s] Level 1:colcon.colcon_core.package_identification:_identify(opencv1/ch09) by extension 'ignore_ament_install'
[0.285s] Level 1:colcon.colcon_core.package_identification:_identify(opencv1/ch09) by extensions ['colcon_pkg']
[0.285s] Level 1:colcon.colcon_core.package_identification:_identify(opencv1/ch09) by extension 'colcon_pkg'
[0.285s] Level 1:colcon.colcon_core.package_identification:_identify(opencv1/ch09) by extensions ['colcon_meta']
[0.285s] Level 1:colcon.colcon_core.package_identification:_identify(opencv1/ch09) by extension 'colcon_meta'
[0.285s] Level 1:colcon.colcon_core.package_identification:_identify(opencv1/ch09) by extensions ['ros']
[0.285s] Level 1:colcon.colcon_core.package_identification:_identify(opencv1/ch09) by extension 'ros'
[0.285s] Level 1:colcon.colcon_core.package_identification:_identify(opencv1/ch09) by extensions ['cmake', 'python']
[0.285s] Level 1:colcon.colcon_core.package_identification:_identify(opencv1/ch09) by extension 'cmake'
[0.291s] Level 1:colcon.colcon_core.package_identification:_identify(opencv1/ch09) by extension 'python'
[0.291s] DEBUG:colcon.colcon_core.package_identification:Package 'opencv1/ch09' with type 'cmake' and name 'windows'
[0.291s] Level 1:colcon.colcon_core.package_identification:_identify(opencv1/ch11) by extensions ['ignore', 'ignore_ament_install']
[0.291s] Level 1:colcon.colcon_core.package_identification:_identify(opencv1/ch11) by extension 'ignore'
[0.291s] Level 1:colcon.colcon_core.package_identification:_identify(opencv1/ch11) by extension 'ignore_ament_install'
[0.291s] Level 1:colcon.colcon_core.package_identification:_identify(opencv1/ch11) by extensions ['colcon_pkg']
[0.291s] Level 1:colcon.colcon_core.package_identification:_identify(opencv1/ch11) by extension 'colcon_pkg'
[0.291s] Level 1:colcon.colcon_core.package_identification:_identify(opencv1/ch11) by extensions ['colcon_meta']
[0.291s] Level 1:colcon.colcon_core.package_identification:_identify(opencv1/ch11) by extension 'colcon_meta'
[0.291s] Level 1:colcon.colcon_core.package_identification:_identify(opencv1/ch11) by extensions ['ros']
[0.292s] Level 1:colcon.colcon_core.package_identification:_identify(opencv1/ch11) by extension 'ros'
[0.292s] Level 1:colcon.colcon_core.package_identification:_identify(opencv1/ch11) by extensions ['cmake', 'python']
[0.292s] Level 1:colcon.colcon_core.package_identification:_identify(opencv1/ch11) by extension 'cmake'
[0.298s] Level 1:colcon.colcon_core.package_identification:_identify(opencv1/ch11) by extension 'python'
[0.298s] DEBUG:colcon.colcon_core.package_identification:Package 'opencv1/ch11' with type 'cmake' and name 'windows'
[0.298s] Level 1:colcon.colcon_core.package_identification:_identify(opencv1/first) by extensions ['ignore', 'ignore_ament_install']
[0.298s] Level 1:colcon.colcon_core.package_identification:_identify(opencv1/first) by extension 'ignore'
[0.298s] Level 1:colcon.colcon_core.package_identification:_identify(opencv1/first) by extension 'ignore_ament_install'
[0.298s] Level 1:colcon.colcon_core.package_identification:_identify(opencv1/first) by extensions ['colcon_pkg']
[0.298s] Level 1:colcon.colcon_core.package_identification:_identify(opencv1/first) by extension 'colcon_pkg'
[0.298s] Level 1:colcon.colcon_core.package_identification:_identify(opencv1/first) by extensions ['colcon_meta']
[0.298s] Level 1:colcon.colcon_core.package_identification:_identify(opencv1/first) by extension 'colcon_meta'
[0.298s] Level 1:colcon.colcon_core.package_identification:_identify(opencv1/first) by extensions ['ros']
[0.298s] Level 1:colcon.colcon_core.package_identification:_identify(opencv1/first) by extension 'ros'
[0.298s] Level 1:colcon.colcon_core.package_identification:_identify(opencv1/first) by extensions ['cmake', 'python']
[0.298s] Level 1:colcon.colcon_core.package_identification:_identify(opencv1/first) by extension 'cmake'
[0.304s] Level 1:colcon.colcon_core.package_identification:_identify(opencv1/first) by extension 'python'
[0.304s] DEBUG:colcon.colcon_core.package_identification:Package 'opencv1/first' with type 'cmake' and name 'HelloWorld'
[0.304s] Level 1:colcon.colcon_core.package_identification:_identify(yhan_ws) by extensions ['ignore', 'ignore_ament_install']
[0.304s] Level 1:colcon.colcon_core.package_identification:_identify(yhan_ws) by extension 'ignore'
[0.304s] Level 1:colcon.colcon_core.package_identification:_identify(yhan_ws) by extension 'ignore_ament_install'
[0.304s] Level 1:colcon.colcon_core.package_identification:_identify(yhan_ws) by extensions ['colcon_pkg']
[0.304s] Level 1:colcon.colcon_core.package_identification:_identify(yhan_ws) by extension 'colcon_pkg'
[0.304s] Level 1:colcon.colcon_core.package_identification:_identify(yhan_ws) by extensions ['colcon_meta']
[0.304s] Level 1:colcon.colcon_core.package_identification:_identify(yhan_ws) by extension 'colcon_meta'
[0.304s] Level 1:colcon.colcon_core.package_identification:_identify(yhan_ws) by extensions ['ros']
[0.304s] Level 1:colcon.colcon_core.package_identification:_identify(yhan_ws) by extension 'ros'
[0.304s] Level 1:colcon.colcon_core.package_identification:_identify(yhan_ws) by extensions ['cmake', 'python']
[0.304s] Level 1:colcon.colcon_core.package_identification:_identify(yhan_ws) by extension 'cmake'
[0.304s] Level 1:colcon.colcon_core.package_identification:_identify(yhan_ws) by extension 'python'
[0.304s] Level 1:colcon.colcon_core.package_identification:_identify(yhan_ws) by extensions ['python_setup_py']
[0.304s] Level 1:colcon.colcon_core.package_identification:_identify(yhan_ws) by extension 'python_setup_py'
[0.304s] Level 1:colcon.colcon_core.package_identification:_identify(yhan_ws/build) by extensions ['ignore', 'ignore_ament_install']
[0.304s] Level 1:colcon.colcon_core.package_identification:_identify(yhan_ws/build) by extension 'ignore'
[0.305s] Level 1:colcon.colcon_core.package_identification:_identify(yhan_ws/build) ignored
[0.305s] Level 1:colcon.colcon_core.package_identification:_identify(yhan_ws/install) by extensions ['ignore', 'ignore_ament_install']
[0.305s] Level 1:colcon.colcon_core.package_identification:_identify(yhan_ws/install) by extension 'ignore'
[0.305s] Level 1:colcon.colcon_core.package_identification:_identify(yhan_ws/install) ignored
[0.305s] Level 1:colcon.colcon_core.package_identification:_identify(yhan_ws/log) by extensions ['ignore', 'ignore_ament_install']
[0.305s] Level 1:colcon.colcon_core.package_identification:_identify(yhan_ws/log) by extension 'ignore'
[0.305s] Level 1:colcon.colcon_core.package_identification:_identify(yhan_ws/log) ignored
[0.305s] Level 1:colcon.colcon_core.package_identification:_identify(yhan_ws/src) by extensions ['ignore', 'ignore_ament_install']
[0.305s] Level 1:colcon.colcon_core.package_identification:_identify(yhan_ws/src) by extension 'ignore'
[0.305s] Level 1:colcon.colcon_core.package_identification:_identify(yhan_ws/src) by extension 'ignore_ament_install'
[0.305s] Level 1:colcon.colcon_core.package_identification:_identify(yhan_ws/src) by extensions ['colcon_pkg']
[0.305s] Level 1:colcon.colcon_core.package_identification:_identify(yhan_ws/src) by extension 'colcon_pkg'
[0.305s] Level 1:colcon.colcon_core.package_identification:_identify(yhan_ws/src) by extensions ['colcon_meta']
[0.305s] Level 1:colcon.colcon_core.package_identification:_identify(yhan_ws/src) by extension 'colcon_meta'
[0.305s] Level 1:colcon.colcon_core.package_identification:_identify(yhan_ws/src) by extensions ['ros']
[0.305s] Level 1:colcon.colcon_core.package_identification:_identify(yhan_ws/src) by extension 'ros'
[0.305s] Level 1:colcon.colcon_core.package_identification:_identify(yhan_ws/src) by extensions ['cmake', 'python']
[0.305s] Level 1:colcon.colcon_core.package_identification:_identify(yhan_ws/src) by extension 'cmake'
[0.305s] Level 1:colcon.colcon_core.package_identification:_identify(yhan_ws/src) by extension 'python'
[0.305s] Level 1:colcon.colcon_core.package_identification:_identify(yhan_ws/src) by extensions ['python_setup_py']
[0.305s] Level 1:colcon.colcon_core.package_identification:_identify(yhan_ws/src) by extension 'python_setup_py'
[0.305s] Level 1:colcon.colcon_core.package_identification:_identify(yhan_ws/src/move_t_sim) by extensions ['ignore', 'ignore_ament_install']
[0.305s] Level 1:colcon.colcon_core.package_identification:_identify(yhan_ws/src/move_t_sim) by extension 'ignore'
[0.305s] Level 1:colcon.colcon_core.package_identification:_identify(yhan_ws/src/move_t_sim) by extension 'ignore_ament_install'
[0.305s] Level 1:colcon.colcon_core.package_identification:_identify(yhan_ws/src/move_t_sim) by extensions ['colcon_pkg']
[0.305s] Level 1:colcon.colcon_core.package_identification:_identify(yhan_ws/src/move_t_sim) by extension 'colcon_pkg'
[0.305s] Level 1:colcon.colcon_core.package_identification:_identify(yhan_ws/src/move_t_sim) by extensions ['colcon_meta']
[0.305s] Level 1:colcon.colcon_core.package_identification:_identify(yhan_ws/src/move_t_sim) by extension 'colcon_meta'
[0.305s] Level 1:colcon.colcon_core.package_identification:_identify(yhan_ws/src/move_t_sim) by extensions ['ros']
[0.305s] Level 1:colcon.colcon_core.package_identification:_identify(yhan_ws/src/move_t_sim) by extension 'ros'
[0.307s] DEBUG:colcon.colcon_core.package_identification:Package 'yhan_ws/src/move_t_sim' with type 'ros.ament_cmake' and name 'move_t_sim'
[0.307s] Level 1:colcon.colcon_core.package_identification:_identify(yhan_ws/src/simple_pkg_cpp) by extensions ['ignore', 'ignore_ament_install']
[0.307s] Level 1:colcon.colcon_core.package_identification:_identify(yhan_ws/src/simple_pkg_cpp) by extension 'ignore'
[0.308s] Level 1:colcon.colcon_core.package_identification:_identify(yhan_ws/src/simple_pkg_cpp) by extension 'ignore_ament_install'
[0.308s] Level 1:colcon.colcon_core.package_identification:_identify(yhan_ws/src/simple_pkg_cpp) by extensions ['colcon_pkg']
[0.308s] Level 1:colcon.colcon_core.package_identification:_identify(yhan_ws/src/simple_pkg_cpp) by extension 'colcon_pkg'
[0.308s] Level 1:colcon.colcon_core.package_identification:_identify(yhan_ws/src/simple_pkg_cpp) by extensions ['colcon_meta']
[0.308s] Level 1:colcon.colcon_core.package_identification:_identify(yhan_ws/src/simple_pkg_cpp) by extension 'colcon_meta'
[0.308s] Level 1:colcon.colcon_core.package_identification:_identify(yhan_ws/src/simple_pkg_cpp) by extensions ['ros']
[0.308s] Level 1:colcon.colcon_core.package_identification:_identify(yhan_ws/src/simple_pkg_cpp) by extension 'ros'
[0.308s] DEBUG:colcon.colcon_core.package_identification:Package 'yhan_ws/src/simple_pkg_cpp' with type 'ros.ament_cmake' and name 'simple_pkg_cpp'
[0.308s] Level 1:colcon.colcon_core.package_identification:_identify(yhan_ws/src/topic_final) by extensions ['ignore', 'ignore_ament_install']
[0.308s] Level 1:colcon.colcon_core.package_identification:_identify(yhan_ws/src/topic_final) by extension 'ignore'
[0.309s] Level 1:colcon.colcon_core.package_identification:_identify(yhan_ws/src/topic_final) by extension 'ignore_ament_install'
[0.309s] Level 1:colcon.colcon_core.package_identification:_identify(yhan_ws/src/topic_final) by extensions ['colcon_pkg']
[0.309s] Level 1:colcon.colcon_core.package_identification:_identify(yhan_ws/src/topic_final) by extension 'colcon_pkg'
[0.309s] Level 1:colcon.colcon_core.package_identification:_identify(yhan_ws/src/topic_final) by extensions ['colcon_meta']
[0.309s] Level 1:colcon.colcon_core.package_identification:_identify(yhan_ws/src/topic_final) by extension 'colcon_meta'
[0.309s] Level 1:colcon.colcon_core.package_identification:_identify(yhan_ws/src/topic_final) by extensions ['ros']
[0.309s] Level 1:colcon.colcon_core.package_identification:_identify(yhan_ws/src/topic_final) by extension 'ros'
[0.309s] DEBUG:colcon.colcon_core.package_identification:Package 'yhan_ws/src/topic_final' with type 'ros.ament_cmake' and name 'topic_final'
[0.309s] Level 1:colcon.colcon_core.package_identification:_identify(yhan_ws/src/turtlebot3_simulations) by extensions ['ignore', 'ignore_ament_install']
[0.309s] Level 1:colcon.colcon_core.package_identification:_identify(yhan_ws/src/turtlebot3_simulations) by extension 'ignore'
[0.309s] Level 1:colcon.colcon_core.package_identification:_identify(yhan_ws/src/turtlebot3_simulations) by extension 'ignore_ament_install'
[0.310s] Level 1:colcon.colcon_core.package_identification:_identify(yhan_ws/src/turtlebot3_simulations) by extensions ['colcon_pkg']
[0.310s] Level 1:colcon.colcon_core.package_identification:_identify(yhan_ws/src/turtlebot3_simulations) by extension 'colcon_pkg'
[0.310s] Level 1:colcon.colcon_core.package_identification:_identify(yhan_ws/src/turtlebot3_simulations) by extensions ['colcon_meta']
[0.310s] Level 1:colcon.colcon_core.package_identification:_identify(yhan_ws/src/turtlebot3_simulations) by extension 'colcon_meta'
[0.310s] Level 1:colcon.colcon_core.package_identification:_identify(yhan_ws/src/turtlebot3_simulations) by extensions ['ros']
[0.310s] Level 1:colcon.colcon_core.package_identification:_identify(yhan_ws/src/turtlebot3_simulations) by extension 'ros'
[0.310s] Level 1:colcon.colcon_core.package_identification:_identify(yhan_ws/src/turtlebot3_simulations) by extensions ['cmake', 'python']
[0.310s] Level 1:colcon.colcon_core.package_identification:_identify(yhan_ws/src/turtlebot3_simulations) by extension 'cmake'
[0.310s] Level 1:colcon.colcon_core.package_identification:_identify(yhan_ws/src/turtlebot3_simulations) by extension 'python'
[0.310s] Level 1:colcon.colcon_core.package_identification:_identify(yhan_ws/src/turtlebot3_simulations) by extensions ['python_setup_py']
[0.310s] Level 1:colcon.colcon_core.package_identification:_identify(yhan_ws/src/turtlebot3_simulations) by extension 'python_setup_py'
[0.310s] Level 1:colcon.colcon_core.package_identification:_identify(yhan_ws/src/turtlebot3_simulations/turtlebot3_fake_node) by extensions ['ignore', 'ignore_ament_install']
[0.310s] Level 1:colcon.colcon_core.package_identification:_identify(yhan_ws/src/turtlebot3_simulations/turtlebot3_fake_node) by extension 'ignore'
[0.310s] Level 1:colcon.colcon_core.package_identification:_identify(yhan_ws/src/turtlebot3_simulations/turtlebot3_fake_node) by extension 'ignore_ament_install'
[0.310s] Level 1:colcon.colcon_core.package_identification:_identify(yhan_ws/src/turtlebot3_simulations/turtlebot3_fake_node) by extensions ['colcon_pkg']
[0.310s] Level 1:colcon.colcon_core.package_identification:_identify(yhan_ws/src/turtlebot3_simulations/turtlebot3_fake_node) by extension 'colcon_pkg'
[0.310s] Level 1:colcon.colcon_core.package_identification:_identify(yhan_ws/src/turtlebot3_simulations/turtlebot3_fake_node) by extensions ['colcon_meta']
[0.310s] Level 1:colcon.colcon_core.package_identification:_identify(yhan_ws/src/turtlebot3_simulations/turtlebot3_fake_node) by extension 'colcon_meta'
[0.310s] Level 1:colcon.colcon_core.package_identification:_identify(yhan_ws/src/turtlebot3_simulations/turtlebot3_fake_node) by extensions ['ros']
[0.310s] Level 1:colcon.colcon_core.package_identification:_identify(yhan_ws/src/turtlebot3_simulations/turtlebot3_fake_node) by extension 'ros'
[0.311s] DEBUG:colcon.colcon_core.package_identification:Package 'yhan_ws/src/turtlebot3_simulations/turtlebot3_fake_node' with type 'ros.ament_cmake' and name 'turtlebot3_fake_node'
[0.311s] Level 1:colcon.colcon_core.package_identification:_identify(yhan_ws/src/turtlebot3_simulations/turtlebot3_gazebo) by extensions ['ignore', 'ignore_ament_install']
[0.311s] Level 1:colcon.colcon_core.package_identification:_identify(yhan_ws/src/turtlebot3_simulations/turtlebot3_gazebo) by extension 'ignore'
[0.311s] Level 1:colcon.colcon_core.package_identification:_identify(yhan_ws/src/turtlebot3_simulations/turtlebot3_gazebo) by extension 'ignore_ament_install'
[0.311s] Level 1:colcon.colcon_core.package_identification:_identify(yhan_ws/src/turtlebot3_simulations/turtlebot3_gazebo) by extensions ['colcon_pkg']
[0.311s] Level 1:colcon.colcon_core.package_identification:_identify(yhan_ws/src/turtlebot3_simulations/turtlebot3_gazebo) by extension 'colcon_pkg'
[0.311s] Level 1:colcon.colcon_core.package_identification:_identify(yhan_ws/src/turtlebot3_simulations/turtlebot3_gazebo) by extensions ['colcon_meta']
[0.311s] Level 1:colcon.colcon_core.package_identification:_identify(yhan_ws/src/turtlebot3_simulations/turtlebot3_gazebo) by extension 'colcon_meta'
[0.311s] Level 1:colcon.colcon_core.package_identification:_identify(yhan_ws/src/turtlebot3_simulations/turtlebot3_gazebo) by extensions ['ros']
[0.311s] Level 1:colcon.colcon_core.package_identification:_identify(yhan_ws/src/turtlebot3_simulations/turtlebot3_gazebo) by extension 'ros'
[0.312s] DEBUG:colcon.colcon_core.package_identification:Package 'yhan_ws/src/turtlebot3_simulations/turtlebot3_gazebo' with type 'ros.ament_cmake' and name 'turtlebot3_gazebo'
[0.312s] Level 1:colcon.colcon_core.package_identification:_identify(yhan_ws/src/turtlebot3_simulations/turtlebot3_simulations) by extensions ['ignore', 'ignore_ament_install']
[0.312s] Level 1:colcon.colcon_core.package_identification:_identify(yhan_ws/src/turtlebot3_simulations/turtlebot3_simulations) by extension 'ignore'
[0.312s] Level 1:colcon.colcon_core.package_identification:_identify(yhan_ws/src/turtlebot3_simulations/turtlebot3_simulations) by extension 'ignore_ament_install'
[0.312s] Level 1:colcon.colcon_core.package_identification:_identify(yhan_ws/src/turtlebot3_simulations/turtlebot3_simulations) by extensions ['colcon_pkg']
[0.312s] Level 1:colcon.colcon_core.package_identification:_identify(yhan_ws/src/turtlebot3_simulations/turtlebot3_simulations) by extension 'colcon_pkg'
[0.312s] Level 1:colcon.colcon_core.package_identification:_identify(yhan_ws/src/turtlebot3_simulations/turtlebot3_simulations) by extensions ['colcon_meta']
[0.312s] Level 1:colcon.colcon_core.package_identification:_identify(yhan_ws/src/turtlebot3_simulations/turtlebot3_simulations) by extension 'colcon_meta'
[0.312s] Level 1:colcon.colcon_core.package_identification:_identify(yhan_ws/src/turtlebot3_simulations/turtlebot3_simulations) by extensions ['ros']
[0.312s] Level 1:colcon.colcon_core.package_identification:_identify(yhan_ws/src/turtlebot3_simulations/turtlebot3_simulations) by extension 'ros'
[0.313s] DEBUG:colcon.colcon_core.package_identification:Package 'yhan_ws/src/turtlebot3_simulations/turtlebot3_simulations' with type 'ros.ament_cmake' and name 'turtlebot3_simulations'
[0.313s] Level 1:colcon.colcon_core.package_discovery:discover_packages(recursive) using defaults
[0.313s] Level 1:colcon.colcon_core.package_discovery:discover_packages(ignore) discover
[0.313s] Level 1:colcon.colcon_core.package_discovery:discover_packages(ignore) using defaults
[0.313s] Level 1:colcon.colcon_core.package_discovery:discover_packages(path) discover
[0.313s] Level 1:colcon.colcon_core.package_discovery:discover_packages(path) using defaults
[0.341s] Level 1:colcon.colcon_core.package_discovery:discover_packages(prefix_path) check parameters
[0.342s] Level 1:colcon.colcon_core.package_discovery:discover_packages(prefix_path) discover
[0.344s] DEBUG:colcon.colcon_installed_package_information.package_discovery:Found 373 installed packages in /opt/ros/humble
[0.345s] Level 1:colcon.colcon_core.package_discovery:discover_packages(prefix_path) using defaults
[0.375s] ERROR:colcon:colcon build: Duplicate package names not supported:
- windows:
  - opencv1/ch02
  - opencv1/ch03
  - opencv1/ch04
  - opencv1/ch05
  - opencv1/ch07
  - opencv1/ch08
  - opencv1/ch09
  - opencv1/ch11
