[0.007s] Invoking command in '/home/yhan/yhan_ROS2/yhan_ws/build/move_t_sim': CMAKE_PREFIX_PATH=${CMAKE_PREFIX_PATH}:/opt/ros/humble /usr/bin/cmake --build /home/yhan/yhan_ROS2/yhan_ws/build/move_t_sim -- -j2 -l2
[0.034s] -- Found ament_cmake: 1.3.9 (/opt/ros/humble/share/ament_cmake/cmake)
[0.198s] -- Override CMake install command with custom implementation using symlinks instead of copying resources
[0.217s] -- Found rclcpp: 16.0.9 (/opt/ros/humble/share/rclcpp/cmake)
[0.288s] -- Found rosidl_generator_c: 3.1.5 (/opt/ros/humble/share/rosidl_generator_c/cmake)
[0.291s] -- Found rosidl_adapter: 3.1.5 (/opt/ros/humble/share/rosidl_adapter/cmake)
[0.296s] -- Found rosidl_generator_cpp: 3.1.5 (/opt/ros/humble/share/rosidl_generator_cpp/cmake)
[0.315s] -- Using all available rosidl_typesupport_c: rosidl_typesupport_fastrtps_c;rosidl_typesupport_introspection_c
[0.338s] -- Using all available rosidl_typesupport_cpp: rosidl_typesupport_fastrtps_cpp;rosidl_typesupport_introspection_cpp
[0.433s] -- Found rmw_implementation_cmake: 6.1.2 (/opt/ros/humble/share/rmw_implementation_cmake/cmake)
[0.434s] -- Found rmw_fastrtps_cpp: 6.2.6 (/opt/ros/humble/share/rmw_fastrtps_cpp/cmake)
[0.620s] -- Using RMW implementation 'rmw_fastrtps_cpp' as default
[0.833s] -- Found geometry_msgs: 4.2.4 (/opt/ros/humble/share/geometry_msgs/cmake)
[0.914s] -- Found nav_msgs: 4.2.4 (/opt/ros/humble/share/nav_msgs/cmake)
[1.031s] [33mCMake Warning (dev) at /usr/share/cmake-3.22/Modules/FindPackageHandleStandardArgs.cmake:438 (message):
[1.031s]   The package name passed to `find_package_handle_standard_args` (PkgConfig)
[1.032s]   does not match the name of the calling package (gazebo).  This can lead to
[1.033s]   problems in calling code that expects `find_package` result variables
[1.033s]   (e.g., `_FOUND`) to follow a certain pattern.
[1.034s] Call Stack (most recent call first):
[1.034s]   /usr/share/cmake-3.22/Modules/FindPkgConfig.cmake:99 (find_package_handle_standard_args)
[1.035s]   /usr/lib/x86_64-linux-gnu/cmake/gazebo/gazebo-config.cmake:72 (include)
[1.036s]   CMakeLists.txt:14 (find_package)
[1.036s] This warning is for project developers.  Use -Wno-dev to suppress it.
[1.037s] [0m
[1.056s] -- Found DART: /usr/include (Required is at least version "6.6") found components: dart 
[1.107s] -- Found Protobuf: /usr/lib/x86_64-linux-gnu/libprotobuf.so (found version "3.12.4") 
[1.108s] -- Looking for ignition-math6 -- found version 6.15.1
[1.113s] -- Searching for dependencies of ignition-math6
[1.114s] -- Looking for OGRE...
[1.120s] -- Found Ogre Ghadamon (1.9.0)
[1.120s] -- Found OGRE: optimized;/usr/lib/x86_64-linux-gnu/libOgreMain.so;debug;/usr/lib/x86_64-linux-gnu/libOgreMain.so
[1.129s] -- Looking for OGRE_Paging...
[1.129s] -- Found OGRE_Paging: optimized;/usr/lib/x86_64-linux-gnu/libOgrePaging.so;debug;/usr/lib/x86_64-linux-gnu/libOgrePaging.so
[1.129s] -- Looking for OGRE_Terrain...
[1.130s] -- Found OGRE_Terrain: optimized;/usr/lib/x86_64-linux-gnu/libOgreTerrain.so;debug;/usr/lib/x86_64-linux-gnu/libOgreTerrain.so
[1.130s] -- Looking for OGRE_Property...
[1.130s] -- Found OGRE_Property: optimized;/usr/lib/x86_64-linux-gnu/libOgreProperty.so;debug;/usr/lib/x86_64-linux-gnu/libOgreProperty.so
[1.131s] -- Looking for OGRE_RTShaderSystem...
[1.131s] -- Found OGRE_RTShaderSystem: optimized;/usr/lib/x86_64-linux-gnu/libOgreRTShaderSystem.so;debug;/usr/lib/x86_64-linux-gnu/libOgreRTShaderSystem.so
[1.131s] -- Looking for OGRE_Volume...
[1.131s] -- Found OGRE_Volume: optimized;/usr/lib/x86_64-linux-gnu/libOgreVolume.so;debug;/usr/lib/x86_64-linux-gnu/libOgreVolume.so
[1.132s] -- Looking for OGRE_Overlay...
[1.132s] -- Found OGRE_Overlay: optimized;/usr/lib/x86_64-linux-gnu/libOgreOverlay.so;debug;/usr/lib/x86_64-linux-gnu/libOgreOverlay.so
[1.290s] -- Looking for ignition-math6 -- found version 6.15.1
[1.290s] -- Looking for ignition-transport8 -- found version 8.2.1
[1.291s] -- Searching for dependencies of ignition-transport8
[1.299s] -- Found Protobuf: /usr/lib/x86_64-linux-gnu/libprotobuf.so (found suitable version "3.12.4", minimum required is "3") 
[1.307s] -- Config-file not installed for ZeroMQ -- checking for pkg-config
[1.313s] -- Checking for module 'libzmq >= 4'
[1.323s] --   Found libzmq , version 4.3.4
[1.360s] -- Checking for module 'uuid'
[1.372s] --   Found uuid, version 2.37.2
[1.400s] -- Looking for ignition-msgs5 -- found version 5.8.1
[1.401s] -- Searching for dependencies of ignition-msgs5
[1.418s] -- Looking for ignition-math6 -- found version 6.15.1
[1.423s] -- Checking for module 'tinyxml2'
[1.439s] --   Found tinyxml2, version 9.0.0
[1.466s] -- Looking for ignition-msgs5 -- found version 5.8.1
[1.467s] -- Looking for ignition-common3 -- found version 3.14.0
[1.468s] -- Searching for dependencies of ignition-common3
[1.468s] -- Looking for dlfcn.h - found
[1.468s] -- Looking for libdl - found
[1.480s] -- Searching for <ignition-common3> component [graphics]
[1.481s] -- Looking for ignition-common3-graphics -- found version 3.14.0
[1.481s] -- Searching for dependencies of ignition-common3-graphics
[1.482s] -- Looking for ignition-math6 -- found version 6.15.1
[1.483s] -- Looking for ignition-fuel_tools4 -- found version 4.4.0
[1.483s] -- Searching for dependencies of ignition-fuel_tools4
[1.515s] -- Checking for module 'jsoncpp'
[1.526s] --   Found jsoncpp, version 1.9.5
[1.559s] -- Checking for module 'libzip'
[1.580s] --   Found libzip, version 1.7.3
[1.606s] -- Looking for ignition-common3 -- found version 3.14.0
[1.606s] -- Looking for ignition-math6 -- found version 6.15.1
[1.606s] -- Looking for ignition-msgs5 -- found version 5.8.1
[1.607s] -- Checking for module 'gazebo'
[1.621s] --   Found gazebo, version 11.10.2
[1.669s] -- Found ament_lint_auto: 0.12.11 (/opt/ros/humble/share/ament_lint_auto/cmake)
[1.730s] -- Added test 'cppcheck' to perform static code analysis on C / C++ code
[1.731s] -- Configured cppcheck include dirs: /home/yhan/yhan_ROS2/yhan_ws/src/move_t_sim/include
[1.731s] -- Configured cppcheck exclude dirs and/or files: 
[1.731s] -- Added test 'lint_cmake' to check CMake code style
[1.732s] -- Added test 'uncrustify' to check C / C++ code style
[1.733s] -- Configured uncrustify additional arguments: 
[1.733s] -- Added test 'xmllint' to check XML markup files
[1.735s] -- Configuring done
[1.756s] -- Generating done
[1.764s] -- Build files have been written to: /home/yhan/yhan_ROS2/yhan_ws/build/move_t_sim
[1.798s] [35m[1mConsolidate compiler generated dependencies of target moveTurtleSim[0m
[1.799s] [35m[1mConsolidate compiler generated dependencies of target moveTurtleBot[0m
[1.824s] [ 50%] Built target moveTurtleBot
[1.839s] [100%] Built target moveTurtleSim
[1.867s] Invoked command in '/home/yhan/yhan_ROS2/yhan_ws/build/move_t_sim' returned '0': CMAKE_PREFIX_PATH=${CMAKE_PREFIX_PATH}:/opt/ros/humble /usr/bin/cmake --build /home/yhan/yhan_ROS2/yhan_ws/build/move_t_sim -- -j2 -l2
[1.919s] Invoking command in '/home/yhan/yhan_ROS2/yhan_ws/build/move_t_sim': CMAKE_PREFIX_PATH=${CMAKE_PREFIX_PATH}:/opt/ros/humble /usr/bin/cmake --install /home/yhan/yhan_ROS2/yhan_ws/build/move_t_sim
[1.929s] -- Install configuration: ""
[1.930s] -- Execute custom install script
[1.931s] -- Up-to-date symlink: /home/yhan/yhan_ROS2/yhan_ws/install/move_t_sim/lib/move_t_sim/moveTurtleSim
[1.931s] -- Up-to-date symlink: /home/yhan/yhan_ROS2/yhan_ws/install/move_t_sim/lib/move_t_sim/moveTurtleBot
[1.931s] -- Up-to-date symlink: /home/yhan/yhan_ROS2/yhan_ws/install/move_t_sim/share/ament_index/resource_index/package_run_dependencies/move_t_sim
[1.932s] -- Up-to-date symlink: /home/yhan/yhan_ROS2/yhan_ws/install/move_t_sim/share/ament_index/resource_index/parent_prefix_path/move_t_sim
[1.932s] -- Up-to-date symlink: /home/yhan/yhan_ROS2/yhan_ws/install/move_t_sim/share/move_t_sim/environment/ament_prefix_path.sh
[1.932s] -- Up-to-date symlink: /home/yhan/yhan_ROS2/yhan_ws/install/move_t_sim/share/move_t_sim/environment/ament_prefix_path.dsv
[1.933s] -- Up-to-date symlink: /home/yhan/yhan_ROS2/yhan_ws/install/move_t_sim/share/move_t_sim/environment/path.sh
[1.933s] -- Up-to-date symlink: /home/yhan/yhan_ROS2/yhan_ws/install/move_t_sim/share/move_t_sim/environment/path.dsv
[1.933s] -- Up-to-date symlink: /home/yhan/yhan_ROS2/yhan_ws/install/move_t_sim/share/move_t_sim/local_setup.bash
[1.933s] -- Up-to-date symlink: /home/yhan/yhan_ROS2/yhan_ws/install/move_t_sim/share/move_t_sim/local_setup.sh
[1.934s] -- Up-to-date symlink: /home/yhan/yhan_ROS2/yhan_ws/install/move_t_sim/share/move_t_sim/local_setup.zsh
[1.934s] -- Up-to-date symlink: /home/yhan/yhan_ROS2/yhan_ws/install/move_t_sim/share/move_t_sim/local_setup.dsv
[1.934s] -- Symlinking: /home/yhan/yhan_ROS2/yhan_ws/install/move_t_sim/share/move_t_sim/package.dsv
[1.945s] -- Up-to-date symlink: /home/yhan/yhan_ROS2/yhan_ws/install/move_t_sim/share/ament_index/resource_index/packages/move_t_sim
[1.945s] -- Up-to-date symlink: /home/yhan/yhan_ROS2/yhan_ws/install/move_t_sim/share/move_t_sim/cmake/move_t_simConfig.cmake
[1.946s] -- Up-to-date symlink: /home/yhan/yhan_ROS2/yhan_ws/install/move_t_sim/share/move_t_sim/cmake/move_t_simConfig-version.cmake
[1.946s] -- Up-to-date symlink: /home/yhan/yhan_ROS2/yhan_ws/install/move_t_sim/share/move_t_sim/package.xml
[1.948s] Invoked command in '/home/yhan/yhan_ROS2/yhan_ws/build/move_t_sim' returned '0': CMAKE_PREFIX_PATH=${CMAKE_PREFIX_PATH}:/opt/ros/humble /usr/bin/cmake --install /home/yhan/yhan_ROS2/yhan_ws/build/move_t_sim
