[0.019s] Invoking command in '/home/yhan/yhan_ROS2/yhan_ws/build/turtlebot3_fake_node': CMAKE_PREFIX_PATH=${CMAKE_PREFIX_PATH}:/opt/ros/humble /usr/bin/cmake /home/yhan/yhan_ROS2/yhan_ws/src/turtlebot3_simulations/turtlebot3_fake_node -DAMENT_CMAKE_SYMLINK_INSTALL=1 -DCMAKE_INSTALL_PREFIX=/home/yhan/yhan_ROS2/yhan_ws/install/turtlebot3_fake_node
[0.119s] -- The C compiler identification is GNU 11.4.0
[0.232s] -- The CXX compiler identification is GNU 11.4.0
[0.241s] -- Detecting C compiler ABI info
[0.407s] -- Detecting C compiler ABI info - done
[0.421s] -- Check for working C compiler: /usr/bin/cc - skipped
[0.423s] -- Detecting C compile features
[0.423s] -- Detecting C compile features - done
[0.431s] -- Detecting CXX compiler ABI info
[0.658s] -- Detecting CXX compiler ABI info - done
[0.665s] -- Check for working CXX compiler: /usr/bin/c++ - skipped
[0.673s] -- Detecting CXX compile features
[0.673s] -- Detecting CXX compile features - done
[0.675s] -- Found ament_cmake: 1.3.9 (/opt/ros/humble/share/ament_cmake/cmake)
[0.939s] -- Found Python3: /usr/bin/python3 (found version "3.10.12") found components: Interpreter 
[1.031s] -- Override CMake install command with custom implementation using symlinks instead of copying resources
[1.065s] -- Found geometry_msgs: 4.2.4 (/opt/ros/humble/share/geometry_msgs/cmake)
[1.117s] -- Found rosidl_generator_c: 3.1.5 (/opt/ros/humble/share/rosidl_generator_c/cmake)
[1.121s] -- Found rosidl_adapter: 3.1.5 (/opt/ros/humble/share/rosidl_adapter/cmake)
[1.134s] -- Found rosidl_generator_cpp: 3.1.5 (/opt/ros/humble/share/rosidl_generator_cpp/cmake)
[1.152s] -- Using all available rosidl_typesupport_c: rosidl_typesupport_fastrtps_c;rosidl_typesupport_introspection_c
[1.180s] -- Using all available rosidl_typesupport_cpp: rosidl_typesupport_fastrtps_cpp;rosidl_typesupport_introspection_cpp
[1.395s] -- Found nav_msgs: 4.2.4 (/opt/ros/humble/share/nav_msgs/cmake)
[1.597s] -- Found rclcpp: 16.0.9 (/opt/ros/humble/share/rclcpp/cmake)
[1.726s] -- Found rmw_implementation_cmake: 6.1.2 (/opt/ros/humble/share/rmw_implementation_cmake/cmake)
[1.729s] -- Found rmw_fastrtps_cpp: 6.2.6 (/opt/ros/humble/share/rmw_fastrtps_cpp/cmake)
[1.875s] -- Found OpenSSL: /usr/lib/x86_64-linux-gnu/libcrypto.so (found version "3.0.2")  
[1.931s] -- Found FastRTPS: /opt/ros/humble/include  
[2.022s] -- Using RMW implementation 'rmw_fastrtps_cpp' as default
[2.051s] -- Looking for pthread.h
[2.168s] -- Looking for pthread.h - found
[2.171s] -- Performing Test CMAKE_HAVE_LIBC_PTHREAD
[2.388s] -- Performing Test CMAKE_HAVE_LIBC_PTHREAD - Success
[2.390s] -- Found Threads: TRUE  
[2.639s] -- Found sensor_msgs: 4.2.4 (/opt/ros/humble/share/sensor_msgs/cmake)
[2.838s] -- Found tf2: 0.25.7 (/opt/ros/humble/share/tf2/cmake)
[2.891s] -- Found tf2_msgs: 0.25.7 (/opt/ros/humble/share/tf2_msgs/cmake)
[3.270s] -- Found turtlebot3_msgs: 2.2.3 (/opt/ros/humble/share/turtlebot3_msgs/cmake)
[3.547s] -- Configuring done
[3.576s] -- Generating done
[3.582s] -- Build files have been written to: /home/yhan/yhan_ROS2/yhan_ws/build/turtlebot3_fake_node
[3.625s] Invoked command in '/home/yhan/yhan_ROS2/yhan_ws/build/turtlebot3_fake_node' returned '0': CMAKE_PREFIX_PATH=${CMAKE_PREFIX_PATH}:/opt/ros/humble /usr/bin/cmake /home/yhan/yhan_ROS2/yhan_ws/src/turtlebot3_simulations/turtlebot3_fake_node -DAMENT_CMAKE_SYMLINK_INSTALL=1 -DCMAKE_INSTALL_PREFIX=/home/yhan/yhan_ROS2/yhan_ws/install/turtlebot3_fake_node
[3.626s] Invoking command in '/home/yhan/yhan_ROS2/yhan_ws/build/turtlebot3_fake_node': CMAKE_PREFIX_PATH=${CMAKE_PREFIX_PATH}:/opt/ros/humble /usr/bin/cmake --build /home/yhan/yhan_ROS2/yhan_ws/build/turtlebot3_fake_node -- -j2 -l2
[3.803s] [ 50%] [32mBuilding CXX object CMakeFiles/turtlebot3_fake_node.dir/src/turtlebot3_fake_node.cpp.o[0m
[24.359s] [100%] [32m[1mLinking CXX executable turtlebot3_fake_node[0m
[26.484s] [100%] Built target turtlebot3_fake_node
[26.690s] Invoked command in '/home/yhan/yhan_ROS2/yhan_ws/build/turtlebot3_fake_node' returned '0': CMAKE_PREFIX_PATH=${CMAKE_PREFIX_PATH}:/opt/ros/humble /usr/bin/cmake --build /home/yhan/yhan_ROS2/yhan_ws/build/turtlebot3_fake_node -- -j2 -l2
[26.899s] Invoking command in '/home/yhan/yhan_ROS2/yhan_ws/build/turtlebot3_fake_node': CMAKE_PREFIX_PATH=${CMAKE_PREFIX_PATH}:/opt/ros/humble /usr/bin/cmake --install /home/yhan/yhan_ROS2/yhan_ws/build/turtlebot3_fake_node
[26.923s] -- Install configuration: ""
[26.923s] -- Execute custom install script
[26.923s] -- Symlinking: /home/yhan/yhan_ROS2/yhan_ws/install/turtlebot3_fake_node/lib/turtlebot3_fake_node/turtlebot3_fake_node
[26.932s] -- Symlinking: /home/yhan/yhan_ROS2/yhan_ws/install/turtlebot3_fake_node/share/turtlebot3_fake_node/launch/rviz2.launch.py
[26.944s] -- Symlinking: /home/yhan/yhan_ROS2/yhan_ws/install/turtlebot3_fake_node/share/turtlebot3_fake_node/launch/turtlebot3_fake_node.launch.py
[26.956s] -- Symlinking: /home/yhan/yhan_ROS2/yhan_ws/install/turtlebot3_fake_node/share/turtlebot3_fake_node/param/burger.yaml
[26.967s] -- Symlinking: /home/yhan/yhan_ROS2/yhan_ws/install/turtlebot3_fake_node/share/turtlebot3_fake_node/param/waffle.yaml
[26.981s] -- Symlinking: /home/yhan/yhan_ROS2/yhan_ws/install/turtlebot3_fake_node/share/turtlebot3_fake_node/param/waffle_pi.yaml
[26.993s] -- Symlinking: /home/yhan/yhan_ROS2/yhan_ws/install/turtlebot3_fake_node/include//turtlebot3_fake_node/turtlebot3_fake_node.hpp
[27.012s] -- Symlinking: /home/yhan/yhan_ROS2/yhan_ws/install/turtlebot3_fake_node/share/ament_index/resource_index/package_run_dependencies/turtlebot3_fake_node
[27.024s] -- Symlinking: /home/yhan/yhan_ROS2/yhan_ws/install/turtlebot3_fake_node/share/ament_index/resource_index/parent_prefix_path/turtlebot3_fake_node
[27.036s] -- Symlinking: /home/yhan/yhan_ROS2/yhan_ws/install/turtlebot3_fake_node/share/turtlebot3_fake_node/environment/ament_prefix_path.sh
[27.065s] -- Symlinking: /home/yhan/yhan_ROS2/yhan_ws/install/turtlebot3_fake_node/share/turtlebot3_fake_node/environment/ament_prefix_path.dsv
[27.088s] -- Symlinking: /home/yhan/yhan_ROS2/yhan_ws/install/turtlebot3_fake_node/share/turtlebot3_fake_node/environment/path.sh
[27.100s] -- Symlinking: /home/yhan/yhan_ROS2/yhan_ws/install/turtlebot3_fake_node/share/turtlebot3_fake_node/environment/path.dsv
[27.114s] -- Symlinking: /home/yhan/yhan_ROS2/yhan_ws/install/turtlebot3_fake_node/share/turtlebot3_fake_node/local_setup.bash
[27.122s] -- Symlinking: /home/yhan/yhan_ROS2/yhan_ws/install/turtlebot3_fake_node/share/turtlebot3_fake_node/local_setup.sh
[27.130s] -- Symlinking: /home/yhan/yhan_ROS2/yhan_ws/install/turtlebot3_fake_node/share/turtlebot3_fake_node/local_setup.zsh
[27.138s] -- Symlinking: /home/yhan/yhan_ROS2/yhan_ws/install/turtlebot3_fake_node/share/turtlebot3_fake_node/local_setup.dsv
[27.147s] -- Symlinking: /home/yhan/yhan_ROS2/yhan_ws/install/turtlebot3_fake_node/share/turtlebot3_fake_node/package.dsv
[27.154s] -- Symlinking: /home/yhan/yhan_ROS2/yhan_ws/install/turtlebot3_fake_node/share/ament_index/resource_index/packages/turtlebot3_fake_node
[27.163s] -- Symlinking: /home/yhan/yhan_ROS2/yhan_ws/install/turtlebot3_fake_node/share/turtlebot3_fake_node/cmake/ament_cmake_export_include_directories-extras.cmake
[27.214s] -- Symlinking: /home/yhan/yhan_ROS2/yhan_ws/install/turtlebot3_fake_node/share/turtlebot3_fake_node/cmake/ament_cmake_export_dependencies-extras.cmake
[27.245s] -- Symlinking: /home/yhan/yhan_ROS2/yhan_ws/install/turtlebot3_fake_node/share/turtlebot3_fake_node/cmake/turtlebot3_fake_nodeConfig.cmake
[27.267s] -- Symlinking: /home/yhan/yhan_ROS2/yhan_ws/install/turtlebot3_fake_node/share/turtlebot3_fake_node/cmake/turtlebot3_fake_nodeConfig-version.cmake
[27.293s] -- Symlinking: /home/yhan/yhan_ROS2/yhan_ws/install/turtlebot3_fake_node/share/turtlebot3_fake_node/package.xml
[27.339s] Invoked command in '/home/yhan/yhan_ROS2/yhan_ws/build/turtlebot3_fake_node' returned '0': CMAKE_PREFIX_PATH=${CMAKE_PREFIX_PATH}:/opt/ros/humble /usr/bin/cmake --install /home/yhan/yhan_ROS2/yhan_ws/build/turtlebot3_fake_node
