[0.014s] Invoking command in '/home/yhan/yhan_ROS2/yhan_ws/build/move_t_sim': CMAKE_PREFIX_PATH=${CMAKE_PREFIX_PATH}:/opt/ros/humble /usr/bin/cmake --build /home/yhan/yhan_ROS2/yhan_ws/build/move_t_sim -- -j2 -l2
[0.103s] [35m[1mConsolidate compiler generated dependencies of target moveTurtleSim[0m
[0.124s] [35m[1mConsolidate compiler generated dependencies of target moveTurtleBot[0m
[0.147s] [ 33%] Built target moveTurtleSim
[0.175s] [35m[1mConsolidate compiler generated dependencies of target moveTurtleBot2[0m
[0.182s] [ 66%] Built target moveTurtleBot
[0.246s] [100%] Built target moveTurtleBot2
[0.286s] Invoked command in '/home/yhan/yhan_ROS2/yhan_ws/build/move_t_sim' returned '0': CMAKE_PREFIX_PATH=${CMAKE_PREFIX_PATH}:/opt/ros/humble /usr/bin/cmake --build /home/yhan/yhan_ROS2/yhan_ws/build/move_t_sim -- -j2 -l2
[0.388s] Invoking command in '/home/yhan/yhan_ROS2/yhan_ws/build/move_t_sim': CMAKE_PREFIX_PATH=${CMAKE_PREFIX_PATH}:/opt/ros/humble /usr/bin/cmake --install /home/yhan/yhan_ROS2/yhan_ws/build/move_t_sim
[0.399s] -- Install configuration: ""
[0.400s] -- Execute custom install script
[0.400s] -- Up-to-date symlink: /home/yhan/yhan_ROS2/yhan_ws/install/move_t_sim/lib/move_t_sim/moveTurtleSim
[0.401s] -- Up-to-date symlink: /home/yhan/yhan_ROS2/yhan_ws/install/move_t_sim/lib/move_t_sim/moveTurtleBot
[0.402s] -- Up-to-date symlink: /home/yhan/yhan_ROS2/yhan_ws/install/move_t_sim/lib/move_t_sim/moveTurtleBot2
[0.402s] -- Up-to-date symlink: /home/yhan/yhan_ROS2/yhan_ws/install/move_t_sim/share/ament_index/resource_index/package_run_dependencies/move_t_sim
[0.403s] -- Up-to-date symlink: /home/yhan/yhan_ROS2/yhan_ws/install/move_t_sim/share/ament_index/resource_index/parent_prefix_path/move_t_sim
[0.403s] -- Up-to-date symlink: /home/yhan/yhan_ROS2/yhan_ws/install/move_t_sim/share/move_t_sim/environment/ament_prefix_path.sh
[0.403s] -- Up-to-date symlink: /home/yhan/yhan_ROS2/yhan_ws/install/move_t_sim/share/move_t_sim/environment/ament_prefix_path.dsv
[0.403s] -- Up-to-date symlink: /home/yhan/yhan_ROS2/yhan_ws/install/move_t_sim/share/move_t_sim/environment/path.sh
[0.404s] -- Up-to-date symlink: /home/yhan/yhan_ROS2/yhan_ws/install/move_t_sim/share/move_t_sim/environment/path.dsv
[0.404s] -- Up-to-date symlink: /home/yhan/yhan_ROS2/yhan_ws/install/move_t_sim/share/move_t_sim/local_setup.bash
[0.405s] -- Up-to-date symlink: /home/yhan/yhan_ROS2/yhan_ws/install/move_t_sim/share/move_t_sim/local_setup.sh
[0.405s] -- Up-to-date symlink: /home/yhan/yhan_ROS2/yhan_ws/install/move_t_sim/share/move_t_sim/local_setup.zsh
[0.405s] -- Up-to-date symlink: /home/yhan/yhan_ROS2/yhan_ws/install/move_t_sim/share/move_t_sim/local_setup.dsv
[0.405s] -- Symlinking: /home/yhan/yhan_ROS2/yhan_ws/install/move_t_sim/share/move_t_sim/package.dsv
[0.417s] -- Up-to-date symlink: /home/yhan/yhan_ROS2/yhan_ws/install/move_t_sim/share/ament_index/resource_index/packages/move_t_sim
[0.418s] -- Up-to-date symlink: /home/yhan/yhan_ROS2/yhan_ws/install/move_t_sim/share/move_t_sim/cmake/move_t_simConfig.cmake
[0.418s] -- Up-to-date symlink: /home/yhan/yhan_ROS2/yhan_ws/install/move_t_sim/share/move_t_sim/cmake/move_t_simConfig-version.cmake
[0.418s] -- Up-to-date symlink: /home/yhan/yhan_ROS2/yhan_ws/install/move_t_sim/share/move_t_sim/package.xml
[0.418s] Invoked command in '/home/yhan/yhan_ROS2/yhan_ws/build/move_t_sim' returned '0': CMAKE_PREFIX_PATH=${CMAKE_PREFIX_PATH}:/opt/ros/humble /usr/bin/cmake --install /home/yhan/yhan_ROS2/yhan_ws/build/move_t_sim
