[0.038s] Invoking command in '/home/yhan/yhan_ROS2/yhan_ws/src/build/simple_pkg_cpp': CMAKE_PREFIX_PATH=/opt/ros/humble /usr/bin/cmake --build /home/yhan/yhan_ROS2/yhan_ws/src/build/simple_pkg_cpp -- -j2 -l2
[0.189s] [  9%] Built target helloword
[0.227s] [ 18%] Built target helloOpenCV
[0.262s] [ 27%] Built target hello_publisher
[0.292s] [ 36%] Built target hello_publisher2
[0.313s] [ 45%] Built target hello_publisher_class
[0.355s] [ 59%] Built target hello_publisher_class2
[0.400s] [ 72%] Built target hello_subscriber_class
[0.444s] [ 86%] Built target time_publisher_class
[0.504s] [100%] Built target time_subscriber_class
[0.549s] Invoked command in '/home/yhan/yhan_ROS2/yhan_ws/src/build/simple_pkg_cpp' returned '0': CMAKE_PREFIX_PATH=/opt/ros/humble /usr/bin/cmake --build /home/yhan/yhan_ROS2/yhan_ws/src/build/simple_pkg_cpp -- -j2 -l2
[0.733s] Invoking command in '/home/yhan/yhan_ROS2/yhan_ws/src/build/simple_pkg_cpp': CMAKE_PREFIX_PATH=/opt/ros/humble /usr/bin/cmake --install /home/yhan/yhan_ROS2/yhan_ws/src/build/simple_pkg_cpp
[0.755s] -- Install configuration: ""
[0.755s] -- Execute custom install script
[0.755s] -- Up-to-date symlink: /home/yhan/yhan_ROS2/yhan_ws/src/install/simple_pkg_cpp/lib/simple_pkg_cpp/helloword
[0.755s] -- Up-to-date symlink: /home/yhan/yhan_ROS2/yhan_ws/src/install/simple_pkg_cpp/lib/simple_pkg_cpp/helloOpenCV
[0.755s] -- Up-to-date symlink: /home/yhan/yhan_ROS2/yhan_ws/src/install/simple_pkg_cpp/lib/simple_pkg_cpp/hello_publisher
[0.756s] -- Up-to-date symlink: /home/yhan/yhan_ROS2/yhan_ws/src/install/simple_pkg_cpp/lib/simple_pkg_cpp/hello_publisher2
[0.765s] -- Up-to-date symlink: /home/yhan/yhan_ROS2/yhan_ws/src/install/simple_pkg_cpp/lib/simple_pkg_cpp/hello_publisher_class
[0.765s] -- Up-to-date symlink: /home/yhan/yhan_ROS2/yhan_ws/src/install/simple_pkg_cpp/lib/simple_pkg_cpp/hello_publisher_class2
[0.765s] -- Up-to-date symlink: /home/yhan/yhan_ROS2/yhan_ws/src/install/simple_pkg_cpp/lib/simple_pkg_cpp/hello_subscriber_class
[0.765s] -- Up-to-date symlink: /home/yhan/yhan_ROS2/yhan_ws/src/install/simple_pkg_cpp/lib/simple_pkg_cpp/time_publisher_class
[0.766s] -- Up-to-date symlink: /home/yhan/yhan_ROS2/yhan_ws/src/install/simple_pkg_cpp/lib/simple_pkg_cpp/time_subscriber_class
[0.766s] -- Up-to-date symlink: /home/yhan/yhan_ROS2/yhan_ws/src/install/simple_pkg_cpp/share/ament_index/resource_index/package_run_dependencies/simple_pkg_cpp
[0.766s] -- Up-to-date symlink: /home/yhan/yhan_ROS2/yhan_ws/src/install/simple_pkg_cpp/share/ament_index/resource_index/parent_prefix_path/simple_pkg_cpp
[0.766s] -- Up-to-date symlink: /home/yhan/yhan_ROS2/yhan_ws/src/install/simple_pkg_cpp/share/simple_pkg_cpp/environment/ament_prefix_path.sh
[0.766s] -- Up-to-date symlink: /home/yhan/yhan_ROS2/yhan_ws/src/install/simple_pkg_cpp/share/simple_pkg_cpp/environment/ament_prefix_path.dsv
[0.767s] -- Up-to-date symlink: /home/yhan/yhan_ROS2/yhan_ws/src/install/simple_pkg_cpp/share/simple_pkg_cpp/environment/path.sh
[0.767s] -- Up-to-date symlink: /home/yhan/yhan_ROS2/yhan_ws/src/install/simple_pkg_cpp/share/simple_pkg_cpp/environment/path.dsv
[0.767s] -- Up-to-date symlink: /home/yhan/yhan_ROS2/yhan_ws/src/install/simple_pkg_cpp/share/simple_pkg_cpp/local_setup.bash
[0.767s] -- Up-to-date symlink: /home/yhan/yhan_ROS2/yhan_ws/src/install/simple_pkg_cpp/share/simple_pkg_cpp/local_setup.sh
[0.779s] -- Up-to-date symlink: /home/yhan/yhan_ROS2/yhan_ws/src/install/simple_pkg_cpp/share/simple_pkg_cpp/local_setup.zsh
[0.779s] -- Up-to-date symlink: /home/yhan/yhan_ROS2/yhan_ws/src/install/simple_pkg_cpp/share/simple_pkg_cpp/local_setup.dsv
[0.780s] -- Symlinking: /home/yhan/yhan_ROS2/yhan_ws/src/install/simple_pkg_cpp/share/simple_pkg_cpp/package.dsv
[0.816s] -- Up-to-date symlink: /home/yhan/yhan_ROS2/yhan_ws/src/install/simple_pkg_cpp/share/ament_index/resource_index/packages/simple_pkg_cpp
[0.817s] -- Up-to-date symlink: /home/yhan/yhan_ROS2/yhan_ws/src/install/simple_pkg_cpp/share/simple_pkg_cpp/cmake/simple_pkg_cppConfig.cmake
[0.817s] -- Up-to-date symlink: /home/yhan/yhan_ROS2/yhan_ws/src/install/simple_pkg_cpp/share/simple_pkg_cpp/cmake/simple_pkg_cppConfig-version.cmake
[0.817s] -- Up-to-date symlink: /home/yhan/yhan_ROS2/yhan_ws/src/install/simple_pkg_cpp/share/simple_pkg_cpp/package.xml
[0.832s] Invoked command in '/home/yhan/yhan_ROS2/yhan_ws/src/build/simple_pkg_cpp' returned '0': CMAKE_PREFIX_PATH=/opt/ros/humble /usr/bin/cmake --install /home/yhan/yhan_ROS2/yhan_ws/src/build/simple_pkg_cpp
