[0.016s] Invoking command in '/home/yhan/yhan_ROS2/yhan_ws/build/turtlebot3_simulations': CMAKE_PREFIX_PATH=/home/yhan/yhan_ROS2/yhan_ws/install/turtlebot3_gazebo:/home/yhan/yhan_ROS2/yhan_ws/install/turtlebot3_fake_node:/home/yhan/yhan_ROS2/yhan_ws/install/turtlebot3_simulations:/home/yhan/yhan_ROS2/yhan_ws/install/topic_final:/home/yhan/yhan_ROS2/yhan_ws/install/move_t_sim:/home/yhan/yhan_ROS2/yhan_ws/install/simple_pkg_cpp:/opt/ros/humble /usr/bin/cmake --build /home/yhan/yhan_ROS2/yhan_ws/build/turtlebot3_simulations -- -j2 -l2
[0.079s] Invoked command in '/home/yhan/yhan_ROS2/yhan_ws/build/turtlebot3_simulations' returned '0': CMAKE_PREFIX_PATH=/home/yhan/yhan_ROS2/yhan_ws/install/turtlebot3_gazebo:/home/yhan/yhan_ROS2/yhan_ws/install/turtlebot3_fake_node:/home/yhan/yhan_ROS2/yhan_ws/install/turtlebot3_simulations:/home/yhan/yhan_ROS2/yhan_ws/install/topic_final:/home/yhan/yhan_ROS2/yhan_ws/install/move_t_sim:/home/yhan/yhan_ROS2/yhan_ws/install/simple_pkg_cpp:/opt/ros/humble /usr/bin/cmake --build /home/yhan/yhan_ROS2/yhan_ws/build/turtlebot3_simulations -- -j2 -l2
[0.123s] Invoking command in '/home/yhan/yhan_ROS2/yhan_ws/build/turtlebot3_simulations': CMAKE_PREFIX_PATH=/home/yhan/yhan_ROS2/yhan_ws/install/turtlebot3_gazebo:/home/yhan/yhan_ROS2/yhan_ws/install/turtlebot3_fake_node:/home/yhan/yhan_ROS2/yhan_ws/install/turtlebot3_simulations:/home/yhan/yhan_ROS2/yhan_ws/install/topic_final:/home/yhan/yhan_ROS2/yhan_ws/install/move_t_sim:/home/yhan/yhan_ROS2/yhan_ws/install/simple_pkg_cpp:/opt/ros/humble /usr/bin/cmake --install /home/yhan/yhan_ROS2/yhan_ws/build/turtlebot3_simulations
[0.132s] -- Install configuration: ""
[0.133s] -- Execute custom install script
[0.134s] -- Up-to-date symlink: /home/yhan/yhan_ROS2/yhan_ws/install/turtlebot3_simulations/share/ament_index/resource_index/package_run_dependencies/turtlebot3_simulations
[0.134s] -- Up-to-date symlink: /home/yhan/yhan_ROS2/yhan_ws/install/turtlebot3_simulations/share/ament_index/resource_index/parent_prefix_path/turtlebot3_simulations
[0.135s] -- Up-to-date symlink: /home/yhan/yhan_ROS2/yhan_ws/install/turtlebot3_simulations/share/turtlebot3_simulations/environment/ament_prefix_path.sh
[0.136s] -- Up-to-date symlink: /home/yhan/yhan_ROS2/yhan_ws/install/turtlebot3_simulations/share/turtlebot3_simulations/environment/ament_prefix_path.dsv
[0.136s] -- Up-to-date symlink: /home/yhan/yhan_ROS2/yhan_ws/install/turtlebot3_simulations/share/turtlebot3_simulations/environment/path.sh
[0.137s] -- Up-to-date symlink: /home/yhan/yhan_ROS2/yhan_ws/install/turtlebot3_simulations/share/turtlebot3_simulations/environment/path.dsv
[0.138s] -- Up-to-date symlink: /home/yhan/yhan_ROS2/yhan_ws/install/turtlebot3_simulations/share/turtlebot3_simulations/local_setup.bash
[0.138s] -- Up-to-date symlink: /home/yhan/yhan_ROS2/yhan_ws/install/turtlebot3_simulations/share/turtlebot3_simulations/local_setup.sh
[0.138s] -- Up-to-date symlink: /home/yhan/yhan_ROS2/yhan_ws/install/turtlebot3_simulations/share/turtlebot3_simulations/local_setup.zsh
[0.139s] -- Up-to-date symlink: /home/yhan/yhan_ROS2/yhan_ws/install/turtlebot3_simulations/share/turtlebot3_simulations/local_setup.dsv
[0.139s] -- Symlinking: /home/yhan/yhan_ROS2/yhan_ws/install/turtlebot3_simulations/share/turtlebot3_simulations/package.dsv
[0.148s] -- Up-to-date symlink: /home/yhan/yhan_ROS2/yhan_ws/install/turtlebot3_simulations/share/ament_index/resource_index/packages/turtlebot3_simulations
[0.148s] -- Up-to-date symlink: /home/yhan/yhan_ROS2/yhan_ws/install/turtlebot3_simulations/share/turtlebot3_simulations/cmake/turtlebot3_simulationsConfig.cmake
[0.148s] -- Up-to-date symlink: /home/yhan/yhan_ROS2/yhan_ws/install/turtlebot3_simulations/share/turtlebot3_simulations/cmake/turtlebot3_simulationsConfig-version.cmake
[0.149s] -- Up-to-date symlink: /home/yhan/yhan_ROS2/yhan_ws/install/turtlebot3_simulations/share/turtlebot3_simulations/package.xml
[0.151s] Invoked command in '/home/yhan/yhan_ROS2/yhan_ws/build/turtlebot3_simulations' returned '0': CMAKE_PREFIX_PATH=/home/yhan/yhan_ROS2/yhan_ws/install/turtlebot3_gazebo:/home/yhan/yhan_ROS2/yhan_ws/install/turtlebot3_fake_node:/home/yhan/yhan_ROS2/yhan_ws/install/turtlebot3_simulations:/home/yhan/yhan_ROS2/yhan_ws/install/topic_final:/home/yhan/yhan_ROS2/yhan_ws/install/move_t_sim:/home/yhan/yhan_ROS2/yhan_ws/install/simple_pkg_cpp:/opt/ros/humble /usr/bin/cmake --install /home/yhan/yhan_ROS2/yhan_ws/build/turtlebot3_simulations
