[0.137s] DEBUG:colcon:Command line arguments: ['/usr/bin/colcon', 'build', '--symlink-install']
[0.137s] DEBUG:colcon:Parsed command line arguments: Namespace(log_base=None, log_level=None, verb_name='build', build_base='build', install_base='install', merge_install=False, symlink_install=True, test_result_base=None, continue_on_error=False, executor='parallel', parallel_workers=2, event_handlers=None, ignore_user_meta=False, metas=['./colcon.meta'], base_paths=['.'], packages_ignore=None, packages_ignore_regex=None, paths=None, packages_up_to=None, packages_up_to_regex=None, packages_above=None, packages_above_and_dependencies=None, packages_above_depth=None, packages_select_by_dep=None, packages_skip_by_dep=None, packages_skip_up_to=None, packages_select_build_failed=False, packages_skip_build_finished=False, packages_select_test_failures=False, packages_skip_test_passed=False, packages_select=None, packages_skip=None, packages_select_regex=None, packages_skip_regex=None, packages_start=None, packages_end=None, allow_overriding=[], cmake_args=None, cmake_target=None, cmake_target_skip_unavailable=False, cmake_clean_cache=False, cmake_clean_first=False, cmake_force_configure=False, ament_cmake_args=None, catkin_cmake_args=None, catkin_skip_building_tests=False, mixin_files=None, mixin=None, verb_parser=<colcon_mixin.mixin.mixin_argument.MixinArgumentDecorator object at 0x76bb0b5268f0>, verb_extension=<colcon_core.verb.build.BuildVerb object at 0x76bb0b622e60>, main=<bound method BuildVerb.main of <colcon_core.verb.build.BuildVerb object at 0x76bb0b622e60>>, mixin_verb=('build',))
[0.333s] Level 1:colcon.colcon_core.package_discovery:discover_packages(colcon_meta) check parameters
[0.334s] Level 1:colcon.colcon_core.package_discovery:discover_packages(recursive) check parameters
[0.334s] Level 1:colcon.colcon_core.package_discovery:discover_packages(ignore) check parameters
[0.334s] Level 1:colcon.colcon_core.package_discovery:discover_packages(path) check parameters
[0.334s] Level 1:colcon.colcon_core.package_discovery:discover_packages(colcon_meta) discover
[0.334s] Level 1:colcon.colcon_core.package_discovery:discover_packages(recursive) discover
[0.334s] INFO:colcon.colcon_core.package_discovery:Crawling recursively for packages in '/home/yhan/yhan_ROS2/yhan_ws'
[0.334s] Level 1:colcon.colcon_core.package_identification:_identify(.) by extensions ['ignore', 'ignore_ament_install']
[0.334s] Level 1:colcon.colcon_core.package_identification:_identify(.) by extension 'ignore'
[0.334s] Level 1:colcon.colcon_core.package_identification:_identify(.) by extension 'ignore_ament_install'
[0.334s] Level 1:colcon.colcon_core.package_identification:_identify(.) by extensions ['colcon_pkg']
[0.334s] Level 1:colcon.colcon_core.package_identification:_identify(.) by extension 'colcon_pkg'
[0.334s] Level 1:colcon.colcon_core.package_identification:_identify(.) by extensions ['colcon_meta']
[0.334s] Level 1:colcon.colcon_core.package_identification:_identify(.) by extension 'colcon_meta'
[0.334s] Level 1:colcon.colcon_core.package_identification:_identify(.) by extensions ['ros']
[0.334s] Level 1:colcon.colcon_core.package_identification:_identify(.) by extension 'ros'
[0.342s] Level 1:colcon.colcon_core.package_identification:_identify(.) by extensions ['cmake', 'python']
[0.342s] Level 1:colcon.colcon_core.package_identification:_identify(.) by extension 'cmake'
[0.342s] Level 1:colcon.colcon_core.package_identification:_identify(.) by extension 'python'
[0.342s] Level 1:colcon.colcon_core.package_identification:_identify(.) by extensions ['python_setup_py']
[0.342s] Level 1:colcon.colcon_core.package_identification:_identify(.) by extension 'python_setup_py'
[0.342s] Level 1:colcon.colcon_core.package_identification:_identify(build) by extensions ['ignore', 'ignore_ament_install']
[0.342s] Level 1:colcon.colcon_core.package_identification:_identify(build) by extension 'ignore'
[0.342s] Level 1:colcon.colcon_core.package_identification:_identify(build) ignored
[0.343s] Level 1:colcon.colcon_core.package_identification:_identify(install) by extensions ['ignore', 'ignore_ament_install']
[0.343s] Level 1:colcon.colcon_core.package_identification:_identify(install) by extension 'ignore'
[0.343s] Level 1:colcon.colcon_core.package_identification:_identify(install) ignored
[0.343s] Level 1:colcon.colcon_core.package_identification:_identify(log) by extensions ['ignore', 'ignore_ament_install']
[0.343s] Level 1:colcon.colcon_core.package_identification:_identify(log) by extension 'ignore'
[0.343s] Level 1:colcon.colcon_core.package_identification:_identify(log) ignored
[0.343s] Level 1:colcon.colcon_core.package_identification:_identify(src) by extensions ['ignore', 'ignore_ament_install']
[0.343s] Level 1:colcon.colcon_core.package_identification:_identify(src) by extension 'ignore'
[0.343s] Level 1:colcon.colcon_core.package_identification:_identify(src) by extension 'ignore_ament_install'
[0.343s] Level 1:colcon.colcon_core.package_identification:_identify(src) by extensions ['colcon_pkg']
[0.343s] Level 1:colcon.colcon_core.package_identification:_identify(src) by extension 'colcon_pkg'
[0.343s] Level 1:colcon.colcon_core.package_identification:_identify(src) by extensions ['colcon_meta']
[0.343s] Level 1:colcon.colcon_core.package_identification:_identify(src) by extension 'colcon_meta'
[0.343s] Level 1:colcon.colcon_core.package_identification:_identify(src) by extensions ['ros']
[0.343s] Level 1:colcon.colcon_core.package_identification:_identify(src) by extension 'ros'
[0.343s] Level 1:colcon.colcon_core.package_identification:_identify(src) by extensions ['cmake', 'python']
[0.343s] Level 1:colcon.colcon_core.package_identification:_identify(src) by extension 'cmake'
[0.343s] Level 1:colcon.colcon_core.package_identification:_identify(src) by extension 'python'
[0.343s] Level 1:colcon.colcon_core.package_identification:_identify(src) by extensions ['python_setup_py']
[0.343s] Level 1:colcon.colcon_core.package_identification:_identify(src) by extension 'python_setup_py'
[0.343s] Level 1:colcon.colcon_core.package_identification:_identify(src/move_t_sim) by extensions ['ignore', 'ignore_ament_install']
[0.343s] Level 1:colcon.colcon_core.package_identification:_identify(src/move_t_sim) by extension 'ignore'
[0.343s] Level 1:colcon.colcon_core.package_identification:_identify(src/move_t_sim) by extension 'ignore_ament_install'
[0.343s] Level 1:colcon.colcon_core.package_identification:_identify(src/move_t_sim) by extensions ['colcon_pkg']
[0.343s] Level 1:colcon.colcon_core.package_identification:_identify(src/move_t_sim) by extension 'colcon_pkg'
[0.343s] Level 1:colcon.colcon_core.package_identification:_identify(src/move_t_sim) by extensions ['colcon_meta']
[0.343s] Level 1:colcon.colcon_core.package_identification:_identify(src/move_t_sim) by extension 'colcon_meta'
[0.343s] Level 1:colcon.colcon_core.package_identification:_identify(src/move_t_sim) by extensions ['ros']
[0.343s] Level 1:colcon.colcon_core.package_identification:_identify(src/move_t_sim) by extension 'ros'
[0.345s] DEBUG:colcon.colcon_core.package_identification:Package 'src/move_t_sim' with type 'ros.ament_cmake' and name 'move_t_sim'
[0.345s] Level 1:colcon.colcon_core.package_identification:_identify(src/simple_pkg_cpp) by extensions ['ignore', 'ignore_ament_install']
[0.345s] Level 1:colcon.colcon_core.package_identification:_identify(src/simple_pkg_cpp) by extension 'ignore'
[0.345s] Level 1:colcon.colcon_core.package_identification:_identify(src/simple_pkg_cpp) by extension 'ignore_ament_install'
[0.345s] Level 1:colcon.colcon_core.package_identification:_identify(src/simple_pkg_cpp) by extensions ['colcon_pkg']
[0.345s] Level 1:colcon.colcon_core.package_identification:_identify(src/simple_pkg_cpp) by extension 'colcon_pkg'
[0.345s] Level 1:colcon.colcon_core.package_identification:_identify(src/simple_pkg_cpp) by extensions ['colcon_meta']
[0.345s] Level 1:colcon.colcon_core.package_identification:_identify(src/simple_pkg_cpp) by extension 'colcon_meta'
[0.346s] Level 1:colcon.colcon_core.package_identification:_identify(src/simple_pkg_cpp) by extensions ['ros']
[0.346s] Level 1:colcon.colcon_core.package_identification:_identify(src/simple_pkg_cpp) by extension 'ros'
[0.346s] DEBUG:colcon.colcon_core.package_identification:Package 'src/simple_pkg_cpp' with type 'ros.ament_cmake' and name 'simple_pkg_cpp'
[0.347s] Level 1:colcon.colcon_core.package_identification:_identify(src/topic_final) by extensions ['ignore', 'ignore_ament_install']
[0.347s] Level 1:colcon.colcon_core.package_identification:_identify(src/topic_final) by extension 'ignore'
[0.347s] Level 1:colcon.colcon_core.package_identification:_identify(src/topic_final) by extension 'ignore_ament_install'
[0.347s] Level 1:colcon.colcon_core.package_identification:_identify(src/topic_final) by extensions ['colcon_pkg']
[0.347s] Level 1:colcon.colcon_core.package_identification:_identify(src/topic_final) by extension 'colcon_pkg'
[0.347s] Level 1:colcon.colcon_core.package_identification:_identify(src/topic_final) by extensions ['colcon_meta']
[0.347s] Level 1:colcon.colcon_core.package_identification:_identify(src/topic_final) by extension 'colcon_meta'
[0.347s] Level 1:colcon.colcon_core.package_identification:_identify(src/topic_final) by extensions ['ros']
[0.347s] Level 1:colcon.colcon_core.package_identification:_identify(src/topic_final) by extension 'ros'
[0.347s] DEBUG:colcon.colcon_core.package_identification:Package 'src/topic_final' with type 'ros.ament_cmake' and name 'topic_final'
[0.348s] Level 1:colcon.colcon_core.package_identification:_identify(src/turtlebot3_simulations) by extensions ['ignore', 'ignore_ament_install']
[0.348s] Level 1:colcon.colcon_core.package_identification:_identify(src/turtlebot3_simulations) by extension 'ignore'
[0.348s] Level 1:colcon.colcon_core.package_identification:_identify(src/turtlebot3_simulations) by extension 'ignore_ament_install'
[0.348s] Level 1:colcon.colcon_core.package_identification:_identify(src/turtlebot3_simulations) by extensions ['colcon_pkg']
[0.348s] Level 1:colcon.colcon_core.package_identification:_identify(src/turtlebot3_simulations) by extension 'colcon_pkg'
[0.348s] Level 1:colcon.colcon_core.package_identification:_identify(src/turtlebot3_simulations) by extensions ['colcon_meta']
[0.348s] Level 1:colcon.colcon_core.package_identification:_identify(src/turtlebot3_simulations) by extension 'colcon_meta'
[0.348s] Level 1:colcon.colcon_core.package_identification:_identify(src/turtlebot3_simulations) by extensions ['ros']
[0.348s] Level 1:colcon.colcon_core.package_identification:_identify(src/turtlebot3_simulations) by extension 'ros'
[0.348s] Level 1:colcon.colcon_core.package_identification:_identify(src/turtlebot3_simulations) by extensions ['cmake', 'python']
[0.348s] Level 1:colcon.colcon_core.package_identification:_identify(src/turtlebot3_simulations) by extension 'cmake'
[0.348s] Level 1:colcon.colcon_core.package_identification:_identify(src/turtlebot3_simulations) by extension 'python'
[0.348s] Level 1:colcon.colcon_core.package_identification:_identify(src/turtlebot3_simulations) by extensions ['python_setup_py']
[0.348s] Level 1:colcon.colcon_core.package_identification:_identify(src/turtlebot3_simulations) by extension 'python_setup_py'
[0.348s] Level 1:colcon.colcon_core.package_identification:_identify(src/turtlebot3_simulations/turtlebot3_fake_node) by extensions ['ignore', 'ignore_ament_install']
[0.348s] Level 1:colcon.colcon_core.package_identification:_identify(src/turtlebot3_simulations/turtlebot3_fake_node) by extension 'ignore'
[0.348s] Level 1:colcon.colcon_core.package_identification:_identify(src/turtlebot3_simulations/turtlebot3_fake_node) by extension 'ignore_ament_install'
[0.348s] Level 1:colcon.colcon_core.package_identification:_identify(src/turtlebot3_simulations/turtlebot3_fake_node) by extensions ['colcon_pkg']
[0.348s] Level 1:colcon.colcon_core.package_identification:_identify(src/turtlebot3_simulations/turtlebot3_fake_node) by extension 'colcon_pkg'
[0.348s] Level 1:colcon.colcon_core.package_identification:_identify(src/turtlebot3_simulations/turtlebot3_fake_node) by extensions ['colcon_meta']
[0.348s] Level 1:colcon.colcon_core.package_identification:_identify(src/turtlebot3_simulations/turtlebot3_fake_node) by extension 'colcon_meta'
[0.348s] Level 1:colcon.colcon_core.package_identification:_identify(src/turtlebot3_simulations/turtlebot3_fake_node) by extensions ['ros']
[0.348s] Level 1:colcon.colcon_core.package_identification:_identify(src/turtlebot3_simulations/turtlebot3_fake_node) by extension 'ros'
[0.349s] DEBUG:colcon.colcon_core.package_identification:Package 'src/turtlebot3_simulations/turtlebot3_fake_node' with type 'ros.ament_cmake' and name 'turtlebot3_fake_node'
[0.349s] Level 1:colcon.colcon_core.package_identification:_identify(src/turtlebot3_simulations/turtlebot3_gazebo) by extensions ['ignore', 'ignore_ament_install']
[0.349s] Level 1:colcon.colcon_core.package_identification:_identify(src/turtlebot3_simulations/turtlebot3_gazebo) by extension 'ignore'
[0.349s] Level 1:colcon.colcon_core.package_identification:_identify(src/turtlebot3_simulations/turtlebot3_gazebo) by extension 'ignore_ament_install'
[0.349s] Level 1:colcon.colcon_core.package_identification:_identify(src/turtlebot3_simulations/turtlebot3_gazebo) by extensions ['colcon_pkg']
[0.349s] Level 1:colcon.colcon_core.package_identification:_identify(src/turtlebot3_simulations/turtlebot3_gazebo) by extension 'colcon_pkg'
[0.349s] Level 1:colcon.colcon_core.package_identification:_identify(src/turtlebot3_simulations/turtlebot3_gazebo) by extensions ['colcon_meta']
[0.349s] Level 1:colcon.colcon_core.package_identification:_identify(src/turtlebot3_simulations/turtlebot3_gazebo) by extension 'colcon_meta'
[0.349s] Level 1:colcon.colcon_core.package_identification:_identify(src/turtlebot3_simulations/turtlebot3_gazebo) by extensions ['ros']
[0.349s] Level 1:colcon.colcon_core.package_identification:_identify(src/turtlebot3_simulations/turtlebot3_gazebo) by extension 'ros'
[0.350s] DEBUG:colcon.colcon_core.package_identification:Package 'src/turtlebot3_simulations/turtlebot3_gazebo' with type 'ros.ament_cmake' and name 'turtlebot3_gazebo'
[0.351s] Level 1:colcon.colcon_core.package_identification:_identify(src/turtlebot3_simulations/turtlebot3_simulations) by extensions ['ignore', 'ignore_ament_install']
[0.351s] Level 1:colcon.colcon_core.package_identification:_identify(src/turtlebot3_simulations/turtlebot3_simulations) by extension 'ignore'
[0.351s] Level 1:colcon.colcon_core.package_identification:_identify(src/turtlebot3_simulations/turtlebot3_simulations) by extension 'ignore_ament_install'
[0.351s] Level 1:colcon.colcon_core.package_identification:_identify(src/turtlebot3_simulations/turtlebot3_simulations) by extensions ['colcon_pkg']
[0.351s] Level 1:colcon.colcon_core.package_identification:_identify(src/turtlebot3_simulations/turtlebot3_simulations) by extension 'colcon_pkg'
[0.351s] Level 1:colcon.colcon_core.package_identification:_identify(src/turtlebot3_simulations/turtlebot3_simulations) by extensions ['colcon_meta']
[0.351s] Level 1:colcon.colcon_core.package_identification:_identify(src/turtlebot3_simulations/turtlebot3_simulations) by extension 'colcon_meta'
[0.351s] Level 1:colcon.colcon_core.package_identification:_identify(src/turtlebot3_simulations/turtlebot3_simulations) by extensions ['ros']
[0.351s] Level 1:colcon.colcon_core.package_identification:_identify(src/turtlebot3_simulations/turtlebot3_simulations) by extension 'ros'
[0.351s] DEBUG:colcon.colcon_core.package_identification:Package 'src/turtlebot3_simulations/turtlebot3_simulations' with type 'ros.ament_cmake' and name 'turtlebot3_simulations'
[0.351s] Level 1:colcon.colcon_core.package_discovery:discover_packages(recursive) using defaults
[0.352s] Level 1:colcon.colcon_core.package_discovery:discover_packages(ignore) discover
[0.352s] Level 1:colcon.colcon_core.package_discovery:discover_packages(ignore) using defaults
[0.352s] Level 1:colcon.colcon_core.package_discovery:discover_packages(path) discover
[0.352s] Level 1:colcon.colcon_core.package_discovery:discover_packages(path) using defaults
[0.406s] Level 1:colcon.colcon_core.package_discovery:discover_packages(prefix_path) check parameters
[0.406s] Level 1:colcon.colcon_core.package_discovery:discover_packages(prefix_path) discover
[0.408s] WARNING:colcon.colcon_ros.prefix_path.ament:The path '/home/yhan/yhan_ROS2/yhan_ws/install/simple_pkg_cpp' in the environment variable AMENT_PREFIX_PATH doesn't exist
[0.409s] WARNING:colcon.colcon_ros.prefix_path.catkin:The path '/home/yhan/yhan_ROS2/yhan_ws/install/simple_pkg_cpp' in the environment variable CMAKE_PREFIX_PATH doesn't exist
[0.410s] DEBUG:colcon.colcon_installed_package_information.package_discovery:Found 0 installed packages in /home/yhan/yhan_ROS2/yhan_ws/install
[0.411s] DEBUG:colcon.colcon_installed_package_information.package_discovery:Found 373 installed packages in /opt/ros/humble
[0.412s] Level 1:colcon.colcon_core.package_discovery:discover_packages(prefix_path) using defaults
[0.497s] Level 5:colcon.colcon_core.verb:set package 'move_t_sim' build argument 'cmake_args' from command line to 'None'
[0.497s] Level 5:colcon.colcon_core.verb:set package 'move_t_sim' build argument 'cmake_target' from command line to 'None'
[0.497s] Level 5:colcon.colcon_core.verb:set package 'move_t_sim' build argument 'cmake_target_skip_unavailable' from command line to 'False'
[0.497s] Level 5:colcon.colcon_core.verb:set package 'move_t_sim' build argument 'cmake_clean_cache' from command line to 'False'
[0.497s] Level 5:colcon.colcon_core.verb:set package 'move_t_sim' build argument 'cmake_clean_first' from command line to 'False'
[0.497s] Level 5:colcon.colcon_core.verb:set package 'move_t_sim' build argument 'cmake_force_configure' from command line to 'False'
[0.497s] Level 5:colcon.colcon_core.verb:set package 'move_t_sim' build argument 'ament_cmake_args' from command line to 'None'
[0.497s] Level 5:colcon.colcon_core.verb:set package 'move_t_sim' build argument 'catkin_cmake_args' from command line to 'None'
[0.497s] Level 5:colcon.colcon_core.verb:set package 'move_t_sim' build argument 'catkin_skip_building_tests' from command line to 'False'
[0.497s] DEBUG:colcon.colcon_core.verb:Building package 'move_t_sim' with the following arguments: {'ament_cmake_args': None, 'build_base': '/home/yhan/yhan_ROS2/yhan_ws/build/move_t_sim', 'catkin_cmake_args': None, 'catkin_skip_building_tests': False, 'cmake_args': None, 'cmake_clean_cache': False, 'cmake_clean_first': False, 'cmake_force_configure': False, 'cmake_target': None, 'cmake_target_skip_unavailable': False, 'install_base': '/home/yhan/yhan_ROS2/yhan_ws/install/move_t_sim', 'merge_install': False, 'path': '/home/yhan/yhan_ROS2/yhan_ws/src/move_t_sim', 'symlink_install': True, 'test_result_base': None}
[0.498s] Level 5:colcon.colcon_core.verb:set package 'simple_pkg_cpp' build argument 'cmake_args' from command line to 'None'
[0.498s] Level 5:colcon.colcon_core.verb:set package 'simple_pkg_cpp' build argument 'cmake_target' from command line to 'None'
[0.498s] Level 5:colcon.colcon_core.verb:set package 'simple_pkg_cpp' build argument 'cmake_target_skip_unavailable' from command line to 'False'
[0.498s] Level 5:colcon.colcon_core.verb:set package 'simple_pkg_cpp' build argument 'cmake_clean_cache' from command line to 'False'
[0.498s] Level 5:colcon.colcon_core.verb:set package 'simple_pkg_cpp' build argument 'cmake_clean_first' from command line to 'False'
[0.498s] Level 5:colcon.colcon_core.verb:set package 'simple_pkg_cpp' build argument 'cmake_force_configure' from command line to 'False'
[0.498s] Level 5:colcon.colcon_core.verb:set package 'simple_pkg_cpp' build argument 'ament_cmake_args' from command line to 'None'
[0.498s] Level 5:colcon.colcon_core.verb:set package 'simple_pkg_cpp' build argument 'catkin_cmake_args' from command line to 'None'
[0.498s] Level 5:colcon.colcon_core.verb:set package 'simple_pkg_cpp' build argument 'catkin_skip_building_tests' from command line to 'False'
[0.498s] DEBUG:colcon.colcon_core.verb:Building package 'simple_pkg_cpp' with the following arguments: {'ament_cmake_args': None, 'build_base': '/home/yhan/yhan_ROS2/yhan_ws/build/simple_pkg_cpp', 'catkin_cmake_args': None, 'catkin_skip_building_tests': False, 'cmake_args': None, 'cmake_clean_cache': False, 'cmake_clean_first': False, 'cmake_force_configure': False, 'cmake_target': None, 'cmake_target_skip_unavailable': False, 'install_base': '/home/yhan/yhan_ROS2/yhan_ws/install/simple_pkg_cpp', 'merge_install': False, 'path': '/home/yhan/yhan_ROS2/yhan_ws/src/simple_pkg_cpp', 'symlink_install': True, 'test_result_base': None}
[0.498s] Level 5:colcon.colcon_core.verb:set package 'topic_final' build argument 'cmake_args' from command line to 'None'
[0.498s] Level 5:colcon.colcon_core.verb:set package 'topic_final' build argument 'cmake_target' from command line to 'None'
[0.498s] Level 5:colcon.colcon_core.verb:set package 'topic_final' build argument 'cmake_target_skip_unavailable' from command line to 'False'
[0.498s] Level 5:colcon.colcon_core.verb:set package 'topic_final' build argument 'cmake_clean_cache' from command line to 'False'
[0.498s] Level 5:colcon.colcon_core.verb:set package 'topic_final' build argument 'cmake_clean_first' from command line to 'False'
[0.498s] Level 5:colcon.colcon_core.verb:set package 'topic_final' build argument 'cmake_force_configure' from command line to 'False'
[0.498s] Level 5:colcon.colcon_core.verb:set package 'topic_final' build argument 'ament_cmake_args' from command line to 'None'
[0.498s] Level 5:colcon.colcon_core.verb:set package 'topic_final' build argument 'catkin_cmake_args' from command line to 'None'
[0.498s] Level 5:colcon.colcon_core.verb:set package 'topic_final' build argument 'catkin_skip_building_tests' from command line to 'False'
[0.498s] DEBUG:colcon.colcon_core.verb:Building package 'topic_final' with the following arguments: {'ament_cmake_args': None, 'build_base': '/home/yhan/yhan_ROS2/yhan_ws/build/topic_final', 'catkin_cmake_args': None, 'catkin_skip_building_tests': False, 'cmake_args': None, 'cmake_clean_cache': False, 'cmake_clean_first': False, 'cmake_force_configure': False, 'cmake_target': None, 'cmake_target_skip_unavailable': False, 'install_base': '/home/yhan/yhan_ROS2/yhan_ws/install/topic_final', 'merge_install': False, 'path': '/home/yhan/yhan_ROS2/yhan_ws/src/topic_final', 'symlink_install': True, 'test_result_base': None}
[0.498s] Level 5:colcon.colcon_core.verb:set package 'turtlebot3_fake_node' build argument 'cmake_args' from command line to 'None'
[0.498s] Level 5:colcon.colcon_core.verb:set package 'turtlebot3_fake_node' build argument 'cmake_target' from command line to 'None'
[0.498s] Level 5:colcon.colcon_core.verb:set package 'turtlebot3_fake_node' build argument 'cmake_target_skip_unavailable' from command line to 'False'
[0.498s] Level 5:colcon.colcon_core.verb:set package 'turtlebot3_fake_node' build argument 'cmake_clean_cache' from command line to 'False'
[0.498s] Level 5:colcon.colcon_core.verb:set package 'turtlebot3_fake_node' build argument 'cmake_clean_first' from command line to 'False'
[0.498s] Level 5:colcon.colcon_core.verb:set package 'turtlebot3_fake_node' build argument 'cmake_force_configure' from command line to 'False'
[0.498s] Level 5:colcon.colcon_core.verb:set package 'turtlebot3_fake_node' build argument 'ament_cmake_args' from command line to 'None'
[0.498s] Level 5:colcon.colcon_core.verb:set package 'turtlebot3_fake_node' build argument 'catkin_cmake_args' from command line to 'None'
[0.498s] Level 5:colcon.colcon_core.verb:set package 'turtlebot3_fake_node' build argument 'catkin_skip_building_tests' from command line to 'False'
[0.498s] DEBUG:colcon.colcon_core.verb:Building package 'turtlebot3_fake_node' with the following arguments: {'ament_cmake_args': None, 'build_base': '/home/yhan/yhan_ROS2/yhan_ws/build/turtlebot3_fake_node', 'catkin_cmake_args': None, 'catkin_skip_building_tests': False, 'cmake_args': None, 'cmake_clean_cache': False, 'cmake_clean_first': False, 'cmake_force_configure': False, 'cmake_target': None, 'cmake_target_skip_unavailable': False, 'install_base': '/home/yhan/yhan_ROS2/yhan_ws/install/turtlebot3_fake_node', 'merge_install': False, 'path': '/home/yhan/yhan_ROS2/yhan_ws/src/turtlebot3_simulations/turtlebot3_fake_node', 'symlink_install': True, 'test_result_base': None}
[0.499s] Level 5:colcon.colcon_core.verb:set package 'turtlebot3_gazebo' build argument 'cmake_args' from command line to 'None'
[0.499s] Level 5:colcon.colcon_core.verb:set package 'turtlebot3_gazebo' build argument 'cmake_target' from command line to 'None'
[0.499s] Level 5:colcon.colcon_core.verb:set package 'turtlebot3_gazebo' build argument 'cmake_target_skip_unavailable' from command line to 'False'
[0.499s] Level 5:colcon.colcon_core.verb:set package 'turtlebot3_gazebo' build argument 'cmake_clean_cache' from command line to 'False'
[0.499s] Level 5:colcon.colcon_core.verb:set package 'turtlebot3_gazebo' build argument 'cmake_clean_first' from command line to 'False'
[0.499s] Level 5:colcon.colcon_core.verb:set package 'turtlebot3_gazebo' build argument 'cmake_force_configure' from command line to 'False'
[0.499s] Level 5:colcon.colcon_core.verb:set package 'turtlebot3_gazebo' build argument 'ament_cmake_args' from command line to 'None'
[0.499s] Level 5:colcon.colcon_core.verb:set package 'turtlebot3_gazebo' build argument 'catkin_cmake_args' from command line to 'None'
[0.499s] Level 5:colcon.colcon_core.verb:set package 'turtlebot3_gazebo' build argument 'catkin_skip_building_tests' from command line to 'False'
[0.499s] DEBUG:colcon.colcon_core.verb:Building package 'turtlebot3_gazebo' with the following arguments: {'ament_cmake_args': None, 'build_base': '/home/yhan/yhan_ROS2/yhan_ws/build/turtlebot3_gazebo', 'catkin_cmake_args': None, 'catkin_skip_building_tests': False, 'cmake_args': None, 'cmake_clean_cache': False, 'cmake_clean_first': False, 'cmake_force_configure': False, 'cmake_target': None, 'cmake_target_skip_unavailable': False, 'install_base': '/home/yhan/yhan_ROS2/yhan_ws/install/turtlebot3_gazebo', 'merge_install': False, 'path': '/home/yhan/yhan_ROS2/yhan_ws/src/turtlebot3_simulations/turtlebot3_gazebo', 'symlink_install': True, 'test_result_base': None}
[0.499s] Level 5:colcon.colcon_core.verb:set package 'turtlebot3_simulations' build argument 'cmake_args' from command line to 'None'
[0.499s] Level 5:colcon.colcon_core.verb:set package 'turtlebot3_simulations' build argument 'cmake_target' from command line to 'None'
[0.499s] Level 5:colcon.colcon_core.verb:set package 'turtlebot3_simulations' build argument 'cmake_target_skip_unavailable' from command line to 'False'
[0.499s] Level 5:colcon.colcon_core.verb:set package 'turtlebot3_simulations' build argument 'cmake_clean_cache' from command line to 'False'
[0.499s] Level 5:colcon.colcon_core.verb:set package 'turtlebot3_simulations' build argument 'cmake_clean_first' from command line to 'False'
[0.499s] Level 5:colcon.colcon_core.verb:set package 'turtlebot3_simulations' build argument 'cmake_force_configure' from command line to 'False'
[0.499s] Level 5:colcon.colcon_core.verb:set package 'turtlebot3_simulations' build argument 'ament_cmake_args' from command line to 'None'
[0.499s] Level 5:colcon.colcon_core.verb:set package 'turtlebot3_simulations' build argument 'catkin_cmake_args' from command line to 'None'
[0.499s] Level 5:colcon.colcon_core.verb:set package 'turtlebot3_simulations' build argument 'catkin_skip_building_tests' from command line to 'False'
[0.499s] DEBUG:colcon.colcon_core.verb:Building package 'turtlebot3_simulations' with the following arguments: {'ament_cmake_args': None, 'build_base': '/home/yhan/yhan_ROS2/yhan_ws/build/turtlebot3_simulations', 'catkin_cmake_args': None, 'catkin_skip_building_tests': False, 'cmake_args': None, 'cmake_clean_cache': False, 'cmake_clean_first': False, 'cmake_force_configure': False, 'cmake_target': None, 'cmake_target_skip_unavailable': False, 'install_base': '/home/yhan/yhan_ROS2/yhan_ws/install/turtlebot3_simulations', 'merge_install': False, 'path': '/home/yhan/yhan_ROS2/yhan_ws/src/turtlebot3_simulations/turtlebot3_simulations', 'symlink_install': True, 'test_result_base': None}
[0.499s] INFO:colcon.colcon_core.executor:Executing jobs using 'parallel' executor
[0.500s] DEBUG:colcon.colcon_parallel_executor.executor.parallel:run_until_complete
[0.500s] INFO:colcon.colcon_ros.task.ament_cmake.build:Building ROS package in '/home/yhan/yhan_ROS2/yhan_ws/src/turtlebot3_simulations/turtlebot3_fake_node' with build type 'ament_cmake'
[0.500s] INFO:colcon.colcon_cmake.task.cmake.build:Building CMake package in '/home/yhan/yhan_ROS2/yhan_ws/src/turtlebot3_simulations/turtlebot3_fake_node'
[0.504s] INFO:colcon.colcon_core.plugin_system:Skipping extension 'colcon_core.shell.bat': Not used on non-Windows systems
[0.505s] INFO:colcon.colcon_core.shell:Skip shell extension 'powershell' for command environment: Not usable outside of PowerShell
[0.505s] DEBUG:colcon.colcon_core.shell:Skip shell extension 'dsv' for command environment
[0.508s] INFO:colcon.colcon_ros.task.ament_cmake.build:Building ROS package in '/home/yhan/yhan_ROS2/yhan_ws/src/turtlebot3_simulations/turtlebot3_gazebo' with build type 'ament_cmake'
[0.508s] INFO:colcon.colcon_cmake.task.cmake.build:Building CMake package in '/home/yhan/yhan_ROS2/yhan_ws/src/turtlebot3_simulations/turtlebot3_gazebo'
[0.508s] INFO:colcon.colcon_core.shell:Skip shell extension 'powershell' for command environment: Not usable outside of PowerShell
[0.508s] DEBUG:colcon.colcon_core.shell:Skip shell extension 'dsv' for command environment
[0.520s] DEBUG:colcon.colcon_core.event_handler.log_command:Invoking command in '/home/yhan/yhan_ROS2/yhan_ws/build/turtlebot3_fake_node': CMAKE_PREFIX_PATH=${CMAKE_PREFIX_PATH}:/opt/ros/humble /usr/bin/cmake /home/yhan/yhan_ROS2/yhan_ws/src/turtlebot3_simulations/turtlebot3_fake_node -DAMENT_CMAKE_SYMLINK_INSTALL=1 -DCMAKE_INSTALL_PREFIX=/home/yhan/yhan_ROS2/yhan_ws/install/turtlebot3_fake_node
[0.530s] DEBUG:colcon.colcon_core.event_handler.log_command:Invoking command in '/home/yhan/yhan_ROS2/yhan_ws/build/turtlebot3_gazebo': CMAKE_PREFIX_PATH=${CMAKE_PREFIX_PATH}:/opt/ros/humble /usr/bin/cmake /home/yhan/yhan_ROS2/yhan_ws/src/turtlebot3_simulations/turtlebot3_gazebo -DAMENT_CMAKE_SYMLINK_INSTALL=1 -DCMAKE_INSTALL_PREFIX=/home/yhan/yhan_ROS2/yhan_ws/install/turtlebot3_gazebo
[4.126s] DEBUG:colcon.colcon_core.event_handler.log_command:Invoked command in '/home/yhan/yhan_ROS2/yhan_ws/build/turtlebot3_fake_node' returned '0': CMAKE_PREFIX_PATH=${CMAKE_PREFIX_PATH}:/opt/ros/humble /usr/bin/cmake /home/yhan/yhan_ROS2/yhan_ws/src/turtlebot3_simulations/turtlebot3_fake_node -DAMENT_CMAKE_SYMLINK_INSTALL=1 -DCMAKE_INSTALL_PREFIX=/home/yhan/yhan_ROS2/yhan_ws/install/turtlebot3_fake_node
[4.127s] DEBUG:colcon.colcon_core.event_handler.log_command:Invoking command in '/home/yhan/yhan_ROS2/yhan_ws/build/turtlebot3_fake_node': CMAKE_PREFIX_PATH=${CMAKE_PREFIX_PATH}:/opt/ros/humble /usr/bin/cmake --build /home/yhan/yhan_ROS2/yhan_ws/build/turtlebot3_fake_node -- -j2 -l2
[6.022s] DEBUG:colcon.colcon_core.event_handler.log_command:Invoked command in '/home/yhan/yhan_ROS2/yhan_ws/build/turtlebot3_gazebo' returned '0': CMAKE_PREFIX_PATH=${CMAKE_PREFIX_PATH}:/opt/ros/humble /usr/bin/cmake /home/yhan/yhan_ROS2/yhan_ws/src/turtlebot3_simulations/turtlebot3_gazebo -DAMENT_CMAKE_SYMLINK_INSTALL=1 -DCMAKE_INSTALL_PREFIX=/home/yhan/yhan_ROS2/yhan_ws/install/turtlebot3_gazebo
[6.022s] DEBUG:colcon.colcon_core.event_handler.log_command:Invoking command in '/home/yhan/yhan_ROS2/yhan_ws/build/turtlebot3_gazebo': CMAKE_PREFIX_PATH=${CMAKE_PREFIX_PATH}:/opt/ros/humble /usr/bin/cmake --build /home/yhan/yhan_ROS2/yhan_ws/build/turtlebot3_gazebo -- -j2 -l2
[27.195s] DEBUG:colcon.colcon_core.event_handler.log_command:Invoked command in '/home/yhan/yhan_ROS2/yhan_ws/build/turtlebot3_fake_node' returned '0': CMAKE_PREFIX_PATH=${CMAKE_PREFIX_PATH}:/opt/ros/humble /usr/bin/cmake --build /home/yhan/yhan_ROS2/yhan_ws/build/turtlebot3_fake_node -- -j2 -l2
[27.400s] DEBUG:colcon.colcon_core.event_handler.log_command:Invoking command in '/home/yhan/yhan_ROS2/yhan_ws/build/turtlebot3_fake_node': CMAKE_PREFIX_PATH=${CMAKE_PREFIX_PATH}:/opt/ros/humble /usr/bin/cmake --install /home/yhan/yhan_ROS2/yhan_ws/build/turtlebot3_fake_node
[27.840s] DEBUG:colcon.colcon_core.event_handler.log_command:Invoked command in '/home/yhan/yhan_ROS2/yhan_ws/build/turtlebot3_fake_node' returned '0': CMAKE_PREFIX_PATH=${CMAKE_PREFIX_PATH}:/opt/ros/humble /usr/bin/cmake --install /home/yhan/yhan_ROS2/yhan_ws/build/turtlebot3_fake_node
[27.843s] Level 1:colcon.colcon_core.environment:create_environment_scripts_only(turtlebot3_fake_node)
[27.941s] Level 1:colcon.colcon_core.environment:checking '/home/yhan/yhan_ROS2/yhan_ws/install/turtlebot3_fake_node' for CMake module files
[27.943s] Level 1:colcon.colcon_core.environment:checking '/home/yhan/yhan_ROS2/yhan_ws/install/turtlebot3_fake_node' for CMake config files
[27.944s] Level 1:colcon.colcon_core.shell:create_environment_hook('turtlebot3_fake_node', 'cmake_prefix_path')
[27.947s] INFO:colcon.colcon_core.shell:Creating environment hook '/home/yhan/yhan_ROS2/yhan_ws/install/turtlebot3_fake_node/share/turtlebot3_fake_node/hook/cmake_prefix_path.ps1'
[27.961s] INFO:colcon.colcon_core.shell:Creating environment descriptor '/home/yhan/yhan_ROS2/yhan_ws/install/turtlebot3_fake_node/share/turtlebot3_fake_node/hook/cmake_prefix_path.dsv'
[27.962s] INFO:colcon.colcon_core.shell:Creating environment hook '/home/yhan/yhan_ROS2/yhan_ws/install/turtlebot3_fake_node/share/turtlebot3_fake_node/hook/cmake_prefix_path.sh'
[27.967s] Level 1:colcon.colcon_core.environment:checking '/home/yhan/yhan_ROS2/yhan_ws/install/turtlebot3_fake_node/lib'
[27.972s] Level 1:colcon.colcon_core.environment:checking '/home/yhan/yhan_ROS2/yhan_ws/install/turtlebot3_fake_node/bin'
[27.972s] Level 1:colcon.colcon_core.environment:checking '/home/yhan/yhan_ROS2/yhan_ws/install/turtlebot3_fake_node/lib/pkgconfig/turtlebot3_fake_node.pc'
[27.978s] Level 1:colcon.colcon_core.environment:checking '/home/yhan/yhan_ROS2/yhan_ws/install/turtlebot3_fake_node/lib/python3.10/site-packages'
[27.978s] Level 1:colcon.colcon_core.environment:checking '/home/yhan/yhan_ROS2/yhan_ws/install/turtlebot3_fake_node/bin'
[27.979s] INFO:colcon.colcon_core.shell:Creating package script '/home/yhan/yhan_ROS2/yhan_ws/install/turtlebot3_fake_node/share/turtlebot3_fake_node/package.ps1'
[27.982s] INFO:colcon.colcon_core.shell:Creating package descriptor '/home/yhan/yhan_ROS2/yhan_ws/install/turtlebot3_fake_node/share/turtlebot3_fake_node/package.dsv'
[27.984s] INFO:colcon.colcon_core.shell:Creating package script '/home/yhan/yhan_ROS2/yhan_ws/install/turtlebot3_fake_node/share/turtlebot3_fake_node/package.sh'
[27.985s] INFO:colcon.colcon_core.shell:Creating package script '/home/yhan/yhan_ROS2/yhan_ws/install/turtlebot3_fake_node/share/turtlebot3_fake_node/package.bash'
[27.987s] INFO:colcon.colcon_core.shell:Creating package script '/home/yhan/yhan_ROS2/yhan_ws/install/turtlebot3_fake_node/share/turtlebot3_fake_node/package.zsh'
[27.990s] Level 1:colcon.colcon_core.environment:create_file_with_runtime_dependencies(/home/yhan/yhan_ROS2/yhan_ws/install/turtlebot3_fake_node/share/colcon-core/packages/turtlebot3_fake_node)
[28.192s] Level 1:colcon.colcon_core.environment:create_environment_scripts_only(turtlebot3_fake_node)
[28.193s] Level 1:colcon.colcon_core.environment:checking '/home/yhan/yhan_ROS2/yhan_ws/install/turtlebot3_fake_node' for CMake module files
[28.194s] Level 1:colcon.colcon_core.environment:checking '/home/yhan/yhan_ROS2/yhan_ws/install/turtlebot3_fake_node' for CMake config files
[28.200s] Level 1:colcon.colcon_core.shell:create_environment_hook('turtlebot3_fake_node', 'cmake_prefix_path')
[28.201s] INFO:colcon.colcon_core.shell:Creating environment hook '/home/yhan/yhan_ROS2/yhan_ws/install/turtlebot3_fake_node/share/turtlebot3_fake_node/hook/cmake_prefix_path.ps1'
[28.212s] INFO:colcon.colcon_core.shell:Creating environment descriptor '/home/yhan/yhan_ROS2/yhan_ws/install/turtlebot3_fake_node/share/turtlebot3_fake_node/hook/cmake_prefix_path.dsv'
[28.213s] INFO:colcon.colcon_core.shell:Creating environment hook '/home/yhan/yhan_ROS2/yhan_ws/install/turtlebot3_fake_node/share/turtlebot3_fake_node/hook/cmake_prefix_path.sh'
[28.214s] Level 1:colcon.colcon_core.environment:checking '/home/yhan/yhan_ROS2/yhan_ws/install/turtlebot3_fake_node/lib'
[28.214s] Level 1:colcon.colcon_core.environment:checking '/home/yhan/yhan_ROS2/yhan_ws/install/turtlebot3_fake_node/bin'
[28.214s] Level 1:colcon.colcon_core.environment:checking '/home/yhan/yhan_ROS2/yhan_ws/install/turtlebot3_fake_node/lib/pkgconfig/turtlebot3_fake_node.pc'
[28.214s] Level 1:colcon.colcon_core.environment:checking '/home/yhan/yhan_ROS2/yhan_ws/install/turtlebot3_fake_node/lib/python3.10/site-packages'
[28.215s] Level 1:colcon.colcon_core.environment:checking '/home/yhan/yhan_ROS2/yhan_ws/install/turtlebot3_fake_node/bin'
[28.215s] INFO:colcon.colcon_core.shell:Creating package script '/home/yhan/yhan_ROS2/yhan_ws/install/turtlebot3_fake_node/share/turtlebot3_fake_node/package.ps1'
[28.219s] INFO:colcon.colcon_core.shell:Creating package descriptor '/home/yhan/yhan_ROS2/yhan_ws/install/turtlebot3_fake_node/share/turtlebot3_fake_node/package.dsv'
[28.240s] INFO:colcon.colcon_core.shell:Creating package script '/home/yhan/yhan_ROS2/yhan_ws/install/turtlebot3_fake_node/share/turtlebot3_fake_node/package.sh'
[28.243s] INFO:colcon.colcon_core.shell:Creating package script '/home/yhan/yhan_ROS2/yhan_ws/install/turtlebot3_fake_node/share/turtlebot3_fake_node/package.bash'
[28.248s] INFO:colcon.colcon_core.shell:Creating package script '/home/yhan/yhan_ROS2/yhan_ws/install/turtlebot3_fake_node/share/turtlebot3_fake_node/package.zsh'
[28.249s] Level 1:colcon.colcon_core.environment:create_file_with_runtime_dependencies(/home/yhan/yhan_ROS2/yhan_ws/install/turtlebot3_fake_node/share/colcon-core/packages/turtlebot3_fake_node)
[28.262s] INFO:colcon.colcon_ros.task.ament_cmake.build:Building ROS package in '/home/yhan/yhan_ROS2/yhan_ws/src/move_t_sim' with build type 'ament_cmake'
[28.264s] INFO:colcon.colcon_cmake.task.cmake.build:Building CMake package in '/home/yhan/yhan_ROS2/yhan_ws/src/move_t_sim'
[28.269s] INFO:colcon.colcon_core.shell:Skip shell extension 'powershell' for command environment: Not usable outside of PowerShell
[28.269s] DEBUG:colcon.colcon_core.shell:Skip shell extension 'dsv' for command environment
[28.362s] DEBUG:colcon.colcon_core.event_handler.log_command:Invoking command in '/home/yhan/yhan_ROS2/yhan_ws/build/move_t_sim': CMAKE_PREFIX_PATH=${CMAKE_PREFIX_PATH}:/opt/ros/humble /usr/bin/cmake /home/yhan/yhan_ROS2/yhan_ws/src/move_t_sim -DAMENT_CMAKE_SYMLINK_INSTALL=1 -DCMAKE_INSTALL_PREFIX=/home/yhan/yhan_ROS2/yhan_ws/install/move_t_sim
[34.173s] DEBUG:colcon.colcon_core.event_handler.log_command:Invoked command in '/home/yhan/yhan_ROS2/yhan_ws/build/move_t_sim' returned '0': CMAKE_PREFIX_PATH=${CMAKE_PREFIX_PATH}:/opt/ros/humble /usr/bin/cmake /home/yhan/yhan_ROS2/yhan_ws/src/move_t_sim -DAMENT_CMAKE_SYMLINK_INSTALL=1 -DCMAKE_INSTALL_PREFIX=/home/yhan/yhan_ROS2/yhan_ws/install/move_t_sim
[34.174s] DEBUG:colcon.colcon_core.event_handler.log_command:Invoking command in '/home/yhan/yhan_ROS2/yhan_ws/build/move_t_sim': CMAKE_PREFIX_PATH=${CMAKE_PREFIX_PATH}:/opt/ros/humble /usr/bin/cmake --build /home/yhan/yhan_ROS2/yhan_ws/build/move_t_sim -- -j2 -l2
[63.721s] DEBUG:colcon.colcon_core.event_handler.log_command:Invoked command in '/home/yhan/yhan_ROS2/yhan_ws/build/move_t_sim' returned '0': CMAKE_PREFIX_PATH=${CMAKE_PREFIX_PATH}:/opt/ros/humble /usr/bin/cmake --build /home/yhan/yhan_ROS2/yhan_ws/build/move_t_sim -- -j2 -l2
[63.904s] DEBUG:colcon.colcon_core.event_handler.log_command:Invoking command in '/home/yhan/yhan_ROS2/yhan_ws/build/move_t_sim': CMAKE_PREFIX_PATH=${CMAKE_PREFIX_PATH}:/opt/ros/humble /usr/bin/cmake --install /home/yhan/yhan_ROS2/yhan_ws/build/move_t_sim
[64.291s] Level 1:colcon.colcon_core.environment:create_environment_scripts_only(move_t_sim)
[64.292s] Level 1:colcon.colcon_core.environment:checking '/home/yhan/yhan_ROS2/yhan_ws/install/move_t_sim' for CMake module files
[64.292s] Level 1:colcon.colcon_core.environment:checking '/home/yhan/yhan_ROS2/yhan_ws/install/move_t_sim' for CMake config files
[64.292s] DEBUG:colcon.colcon_core.event_handler.log_command:Invoked command in '/home/yhan/yhan_ROS2/yhan_ws/build/move_t_sim' returned '0': CMAKE_PREFIX_PATH=${CMAKE_PREFIX_PATH}:/opt/ros/humble /usr/bin/cmake --install /home/yhan/yhan_ROS2/yhan_ws/build/move_t_sim
[64.293s] Level 1:colcon.colcon_core.shell:create_environment_hook('move_t_sim', 'cmake_prefix_path')
[64.294s] INFO:colcon.colcon_core.shell:Creating environment hook '/home/yhan/yhan_ROS2/yhan_ws/install/move_t_sim/share/move_t_sim/hook/cmake_prefix_path.ps1'
[64.294s] INFO:colcon.colcon_core.shell:Creating environment descriptor '/home/yhan/yhan_ROS2/yhan_ws/install/move_t_sim/share/move_t_sim/hook/cmake_prefix_path.dsv'
[64.295s] INFO:colcon.colcon_core.shell:Creating environment hook '/home/yhan/yhan_ROS2/yhan_ws/install/move_t_sim/share/move_t_sim/hook/cmake_prefix_path.sh'
[64.296s] Level 1:colcon.colcon_core.environment:checking '/home/yhan/yhan_ROS2/yhan_ws/install/move_t_sim/lib'
[64.296s] Level 1:colcon.colcon_core.environment:checking '/home/yhan/yhan_ROS2/yhan_ws/install/move_t_sim/bin'
[64.296s] Level 1:colcon.colcon_core.environment:checking '/home/yhan/yhan_ROS2/yhan_ws/install/move_t_sim/lib/pkgconfig/move_t_sim.pc'
[64.296s] Level 1:colcon.colcon_core.environment:checking '/home/yhan/yhan_ROS2/yhan_ws/install/move_t_sim/lib/python3.10/site-packages'
[64.297s] Level 1:colcon.colcon_core.environment:checking '/home/yhan/yhan_ROS2/yhan_ws/install/move_t_sim/bin'
[64.297s] INFO:colcon.colcon_core.shell:Creating package script '/home/yhan/yhan_ROS2/yhan_ws/install/move_t_sim/share/move_t_sim/package.ps1'
[64.297s] INFO:colcon.colcon_core.shell:Creating package descriptor '/home/yhan/yhan_ROS2/yhan_ws/install/move_t_sim/share/move_t_sim/package.dsv'
[64.298s] INFO:colcon.colcon_core.shell:Creating package script '/home/yhan/yhan_ROS2/yhan_ws/install/move_t_sim/share/move_t_sim/package.sh'
[64.302s] INFO:colcon.colcon_core.shell:Creating package script '/home/yhan/yhan_ROS2/yhan_ws/install/move_t_sim/share/move_t_sim/package.bash'
[64.303s] INFO:colcon.colcon_core.shell:Creating package script '/home/yhan/yhan_ROS2/yhan_ws/install/move_t_sim/share/move_t_sim/package.zsh'
[64.304s] Level 1:colcon.colcon_core.environment:create_file_with_runtime_dependencies(/home/yhan/yhan_ROS2/yhan_ws/install/move_t_sim/share/colcon-core/packages/move_t_sim)
[64.514s] Level 1:colcon.colcon_core.environment:create_environment_scripts_only(move_t_sim)
[64.514s] Level 1:colcon.colcon_core.environment:checking '/home/yhan/yhan_ROS2/yhan_ws/install/move_t_sim' for CMake module files
[64.515s] Level 1:colcon.colcon_core.environment:checking '/home/yhan/yhan_ROS2/yhan_ws/install/move_t_sim' for CMake config files
[64.515s] Level 1:colcon.colcon_core.shell:create_environment_hook('move_t_sim', 'cmake_prefix_path')
[64.517s] INFO:colcon.colcon_core.shell:Creating environment hook '/home/yhan/yhan_ROS2/yhan_ws/install/move_t_sim/share/move_t_sim/hook/cmake_prefix_path.ps1'
[64.518s] INFO:colcon.colcon_core.shell:Creating environment descriptor '/home/yhan/yhan_ROS2/yhan_ws/install/move_t_sim/share/move_t_sim/hook/cmake_prefix_path.dsv'
[64.519s] INFO:colcon.colcon_core.shell:Creating environment hook '/home/yhan/yhan_ROS2/yhan_ws/install/move_t_sim/share/move_t_sim/hook/cmake_prefix_path.sh'
[64.521s] Level 1:colcon.colcon_core.environment:checking '/home/yhan/yhan_ROS2/yhan_ws/install/move_t_sim/lib'
[64.522s] Level 1:colcon.colcon_core.environment:checking '/home/yhan/yhan_ROS2/yhan_ws/install/move_t_sim/bin'
[64.522s] Level 1:colcon.colcon_core.environment:checking '/home/yhan/yhan_ROS2/yhan_ws/install/move_t_sim/lib/pkgconfig/move_t_sim.pc'
[64.522s] Level 1:colcon.colcon_core.environment:checking '/home/yhan/yhan_ROS2/yhan_ws/install/move_t_sim/lib/python3.10/site-packages'
[64.522s] Level 1:colcon.colcon_core.environment:checking '/home/yhan/yhan_ROS2/yhan_ws/install/move_t_sim/bin'
[64.523s] INFO:colcon.colcon_core.shell:Creating package script '/home/yhan/yhan_ROS2/yhan_ws/install/move_t_sim/share/move_t_sim/package.ps1'
[64.526s] INFO:colcon.colcon_core.shell:Creating package descriptor '/home/yhan/yhan_ROS2/yhan_ws/install/move_t_sim/share/move_t_sim/package.dsv'
[64.527s] INFO:colcon.colcon_core.shell:Creating package script '/home/yhan/yhan_ROS2/yhan_ws/install/move_t_sim/share/move_t_sim/package.sh'
[64.528s] INFO:colcon.colcon_core.shell:Creating package script '/home/yhan/yhan_ROS2/yhan_ws/install/move_t_sim/share/move_t_sim/package.bash'
[64.529s] INFO:colcon.colcon_core.shell:Creating package script '/home/yhan/yhan_ROS2/yhan_ws/install/move_t_sim/share/move_t_sim/package.zsh'
[64.529s] Level 1:colcon.colcon_core.environment:create_file_with_runtime_dependencies(/home/yhan/yhan_ROS2/yhan_ws/install/move_t_sim/share/colcon-core/packages/move_t_sim)
[64.531s] INFO:colcon.colcon_ros.task.ament_cmake.build:Building ROS package in '/home/yhan/yhan_ROS2/yhan_ws/src/simple_pkg_cpp' with build type 'ament_cmake'
[64.532s] INFO:colcon.colcon_cmake.task.cmake.build:Building CMake package in '/home/yhan/yhan_ROS2/yhan_ws/src/simple_pkg_cpp'
[64.532s] INFO:colcon.colcon_core.shell:Skip shell extension 'powershell' for command environment: Not usable outside of PowerShell
[64.532s] DEBUG:colcon.colcon_core.shell:Skip shell extension 'dsv' for command environment
[64.566s] DEBUG:colcon.colcon_core.event_handler.log_command:Invoking command in '/home/yhan/yhan_ROS2/yhan_ws/build/simple_pkg_cpp': CMAKE_PREFIX_PATH=${CMAKE_PREFIX_PATH}:/opt/ros/humble /usr/bin/cmake /home/yhan/yhan_ROS2/yhan_ws/src/simple_pkg_cpp -DAMENT_CMAKE_SYMLINK_INSTALL=1 -DCMAKE_INSTALL_PREFIX=/home/yhan/yhan_ROS2/yhan_ws/install/simple_pkg_cpp
[67.814s] DEBUG:colcon.colcon_core.event_handler.log_command:Invoked command in '/home/yhan/yhan_ROS2/yhan_ws/build/simple_pkg_cpp' returned '0': CMAKE_PREFIX_PATH=${CMAKE_PREFIX_PATH}:/opt/ros/humble /usr/bin/cmake /home/yhan/yhan_ROS2/yhan_ws/src/simple_pkg_cpp -DAMENT_CMAKE_SYMLINK_INSTALL=1 -DCMAKE_INSTALL_PREFIX=/home/yhan/yhan_ROS2/yhan_ws/install/simple_pkg_cpp
[67.822s] DEBUG:colcon.colcon_core.event_handler.log_command:Invoking command in '/home/yhan/yhan_ROS2/yhan_ws/build/simple_pkg_cpp': CMAKE_PREFIX_PATH=${CMAKE_PREFIX_PATH}:/opt/ros/humble /usr/bin/cmake --build /home/yhan/yhan_ROS2/yhan_ws/build/simple_pkg_cpp -- -j2 -l2
[73.828s] DEBUG:colcon.colcon_core.event_handler.log_command:Invoked command in '/home/yhan/yhan_ROS2/yhan_ws/build/turtlebot3_gazebo' returned '0': CMAKE_PREFIX_PATH=${CMAKE_PREFIX_PATH}:/opt/ros/humble /usr/bin/cmake --build /home/yhan/yhan_ROS2/yhan_ws/build/turtlebot3_gazebo -- -j2 -l2
[73.875s] DEBUG:colcon.colcon_core.event_handler.log_command:Invoking command in '/home/yhan/yhan_ROS2/yhan_ws/build/turtlebot3_gazebo': CMAKE_PREFIX_PATH=${CMAKE_PREFIX_PATH}:/opt/ros/humble /usr/bin/cmake --install /home/yhan/yhan_ROS2/yhan_ws/build/turtlebot3_gazebo
[75.387s] Level 1:colcon.colcon_core.environment:create_environment_scripts_only(turtlebot3_gazebo)
[75.397s] DEBUG:colcon.colcon_core.event_handler.log_command:Invoked command in '/home/yhan/yhan_ROS2/yhan_ws/build/turtlebot3_gazebo' returned '0': CMAKE_PREFIX_PATH=${CMAKE_PREFIX_PATH}:/opt/ros/humble /usr/bin/cmake --install /home/yhan/yhan_ROS2/yhan_ws/build/turtlebot3_gazebo
[75.397s] Level 1:colcon.colcon_core.environment:checking '/home/yhan/yhan_ROS2/yhan_ws/install/turtlebot3_gazebo' for CMake module files
[75.397s] Level 1:colcon.colcon_core.environment:checking '/home/yhan/yhan_ROS2/yhan_ws/install/turtlebot3_gazebo' for CMake config files
[75.398s] Level 1:colcon.colcon_core.shell:create_environment_hook('turtlebot3_gazebo', 'cmake_prefix_path')
[75.398s] INFO:colcon.colcon_core.shell:Creating environment hook '/home/yhan/yhan_ROS2/yhan_ws/install/turtlebot3_gazebo/share/turtlebot3_gazebo/hook/cmake_prefix_path.ps1'
[75.398s] INFO:colcon.colcon_core.shell:Creating environment descriptor '/home/yhan/yhan_ROS2/yhan_ws/install/turtlebot3_gazebo/share/turtlebot3_gazebo/hook/cmake_prefix_path.dsv'
[75.399s] INFO:colcon.colcon_core.shell:Creating environment hook '/home/yhan/yhan_ROS2/yhan_ws/install/turtlebot3_gazebo/share/turtlebot3_gazebo/hook/cmake_prefix_path.sh'
[75.400s] Level 1:colcon.colcon_core.environment:checking '/home/yhan/yhan_ROS2/yhan_ws/install/turtlebot3_gazebo/lib'
[75.400s] Level 1:colcon.colcon_core.environment:checking '/home/yhan/yhan_ROS2/yhan_ws/install/turtlebot3_gazebo/bin'
[75.401s] Level 1:colcon.colcon_core.environment:checking '/home/yhan/yhan_ROS2/yhan_ws/install/turtlebot3_gazebo/lib/pkgconfig/turtlebot3_gazebo.pc'
[75.401s] Level 1:colcon.colcon_core.environment:checking '/home/yhan/yhan_ROS2/yhan_ws/install/turtlebot3_gazebo/lib/python3.10/site-packages'
[75.401s] Level 1:colcon.colcon_core.environment:checking '/home/yhan/yhan_ROS2/yhan_ws/install/turtlebot3_gazebo/bin'
[75.401s] INFO:colcon.colcon_core.shell:Creating package script '/home/yhan/yhan_ROS2/yhan_ws/install/turtlebot3_gazebo/share/turtlebot3_gazebo/package.ps1'
[75.402s] INFO:colcon.colcon_core.shell:Creating package descriptor '/home/yhan/yhan_ROS2/yhan_ws/install/turtlebot3_gazebo/share/turtlebot3_gazebo/package.dsv'
[75.402s] INFO:colcon.colcon_core.shell:Creating package script '/home/yhan/yhan_ROS2/yhan_ws/install/turtlebot3_gazebo/share/turtlebot3_gazebo/package.sh'
[75.402s] INFO:colcon.colcon_core.shell:Creating package script '/home/yhan/yhan_ROS2/yhan_ws/install/turtlebot3_gazebo/share/turtlebot3_gazebo/package.bash'
[75.405s] INFO:colcon.colcon_core.shell:Creating package script '/home/yhan/yhan_ROS2/yhan_ws/install/turtlebot3_gazebo/share/turtlebot3_gazebo/package.zsh'
[75.405s] Level 1:colcon.colcon_core.environment:create_file_with_runtime_dependencies(/home/yhan/yhan_ROS2/yhan_ws/install/turtlebot3_gazebo/share/colcon-core/packages/turtlebot3_gazebo)
[75.578s] Level 1:colcon.colcon_core.environment:create_environment_scripts_only(turtlebot3_gazebo)
[75.578s] Level 1:colcon.colcon_core.environment:checking '/home/yhan/yhan_ROS2/yhan_ws/install/turtlebot3_gazebo' for CMake module files
[75.579s] Level 1:colcon.colcon_core.environment:checking '/home/yhan/yhan_ROS2/yhan_ws/install/turtlebot3_gazebo' for CMake config files
[75.579s] Level 1:colcon.colcon_core.shell:create_environment_hook('turtlebot3_gazebo', 'cmake_prefix_path')
[75.580s] INFO:colcon.colcon_core.shell:Creating environment hook '/home/yhan/yhan_ROS2/yhan_ws/install/turtlebot3_gazebo/share/turtlebot3_gazebo/hook/cmake_prefix_path.ps1'
[75.580s] INFO:colcon.colcon_core.shell:Creating environment descriptor '/home/yhan/yhan_ROS2/yhan_ws/install/turtlebot3_gazebo/share/turtlebot3_gazebo/hook/cmake_prefix_path.dsv'
[75.581s] INFO:colcon.colcon_core.shell:Creating environment hook '/home/yhan/yhan_ROS2/yhan_ws/install/turtlebot3_gazebo/share/turtlebot3_gazebo/hook/cmake_prefix_path.sh'
[75.581s] Level 1:colcon.colcon_core.environment:checking '/home/yhan/yhan_ROS2/yhan_ws/install/turtlebot3_gazebo/lib'
[75.582s] Level 1:colcon.colcon_core.environment:checking '/home/yhan/yhan_ROS2/yhan_ws/install/turtlebot3_gazebo/bin'
[75.582s] Level 1:colcon.colcon_core.environment:checking '/home/yhan/yhan_ROS2/yhan_ws/install/turtlebot3_gazebo/lib/pkgconfig/turtlebot3_gazebo.pc'
[75.582s] Level 1:colcon.colcon_core.environment:checking '/home/yhan/yhan_ROS2/yhan_ws/install/turtlebot3_gazebo/lib/python3.10/site-packages'
[75.582s] Level 1:colcon.colcon_core.environment:checking '/home/yhan/yhan_ROS2/yhan_ws/install/turtlebot3_gazebo/bin'
[75.582s] INFO:colcon.colcon_core.shell:Creating package script '/home/yhan/yhan_ROS2/yhan_ws/install/turtlebot3_gazebo/share/turtlebot3_gazebo/package.ps1'
[75.585s] INFO:colcon.colcon_core.shell:Creating package descriptor '/home/yhan/yhan_ROS2/yhan_ws/install/turtlebot3_gazebo/share/turtlebot3_gazebo/package.dsv'
[75.585s] INFO:colcon.colcon_core.shell:Creating package script '/home/yhan/yhan_ROS2/yhan_ws/install/turtlebot3_gazebo/share/turtlebot3_gazebo/package.sh'
[75.586s] INFO:colcon.colcon_core.shell:Creating package script '/home/yhan/yhan_ROS2/yhan_ws/install/turtlebot3_gazebo/share/turtlebot3_gazebo/package.bash'
[75.586s] INFO:colcon.colcon_core.shell:Creating package script '/home/yhan/yhan_ROS2/yhan_ws/install/turtlebot3_gazebo/share/turtlebot3_gazebo/package.zsh'
[75.587s] Level 1:colcon.colcon_core.environment:create_file_with_runtime_dependencies(/home/yhan/yhan_ROS2/yhan_ws/install/turtlebot3_gazebo/share/colcon-core/packages/turtlebot3_gazebo)
[75.588s] INFO:colcon.colcon_ros.task.ament_cmake.build:Building ROS package in '/home/yhan/yhan_ROS2/yhan_ws/src/topic_final' with build type 'ament_cmake'
[75.588s] INFO:colcon.colcon_cmake.task.cmake.build:Building CMake package in '/home/yhan/yhan_ROS2/yhan_ws/src/topic_final'
[75.589s] INFO:colcon.colcon_core.shell:Skip shell extension 'powershell' for command environment: Not usable outside of PowerShell
[75.589s] DEBUG:colcon.colcon_core.shell:Skip shell extension 'dsv' for command environment
[75.606s] DEBUG:colcon.colcon_core.event_handler.log_command:Invoking command in '/home/yhan/yhan_ROS2/yhan_ws/build/topic_final': CMAKE_PREFIX_PATH=${CMAKE_PREFIX_PATH}:/opt/ros/humble /usr/bin/cmake /home/yhan/yhan_ROS2/yhan_ws/src/topic_final -DAMENT_CMAKE_SYMLINK_INSTALL=1 -DCMAKE_INSTALL_PREFIX=/home/yhan/yhan_ROS2/yhan_ws/install/topic_final
[78.630s] DEBUG:colcon.colcon_core.event_handler.log_command:Invoked command in '/home/yhan/yhan_ROS2/yhan_ws/build/topic_final' returned '0': CMAKE_PREFIX_PATH=${CMAKE_PREFIX_PATH}:/opt/ros/humble /usr/bin/cmake /home/yhan/yhan_ROS2/yhan_ws/src/topic_final -DAMENT_CMAKE_SYMLINK_INSTALL=1 -DCMAKE_INSTALL_PREFIX=/home/yhan/yhan_ROS2/yhan_ws/install/topic_final
[78.630s] DEBUG:colcon.colcon_core.event_handler.log_command:Invoking command in '/home/yhan/yhan_ROS2/yhan_ws/build/topic_final': CMAKE_PREFIX_PATH=${CMAKE_PREFIX_PATH}:/opt/ros/humble /usr/bin/cmake --build /home/yhan/yhan_ROS2/yhan_ws/build/topic_final -- -j2 -l2
[135.299s] DEBUG:colcon.colcon_core.event_handler.log_command:Invoked command in '/home/yhan/yhan_ROS2/yhan_ws/build/topic_final' returned '0': CMAKE_PREFIX_PATH=${CMAKE_PREFIX_PATH}:/opt/ros/humble /usr/bin/cmake --build /home/yhan/yhan_ROS2/yhan_ws/build/topic_final -- -j2 -l2
[135.514s] DEBUG:colcon.colcon_core.event_handler.log_command:Invoking command in '/home/yhan/yhan_ROS2/yhan_ws/build/topic_final': CMAKE_PREFIX_PATH=${CMAKE_PREFIX_PATH}:/opt/ros/humble /usr/bin/cmake --install /home/yhan/yhan_ROS2/yhan_ws/build/topic_final
[136.074s] Level 1:colcon.colcon_core.environment:create_environment_scripts_only(topic_final)
[136.075s] Level 1:colcon.colcon_core.environment:checking '/home/yhan/yhan_ROS2/yhan_ws/install/topic_final' for CMake module files
[136.076s] DEBUG:colcon.colcon_core.event_handler.log_command:Invoked command in '/home/yhan/yhan_ROS2/yhan_ws/build/topic_final' returned '0': CMAKE_PREFIX_PATH=${CMAKE_PREFIX_PATH}:/opt/ros/humble /usr/bin/cmake --install /home/yhan/yhan_ROS2/yhan_ws/build/topic_final
[136.076s] Level 1:colcon.colcon_core.environment:checking '/home/yhan/yhan_ROS2/yhan_ws/install/topic_final' for CMake config files
[136.076s] Level 1:colcon.colcon_core.shell:create_environment_hook('topic_final', 'cmake_prefix_path')
[136.077s] INFO:colcon.colcon_core.shell:Creating environment hook '/home/yhan/yhan_ROS2/yhan_ws/install/topic_final/share/topic_final/hook/cmake_prefix_path.ps1'
[136.078s] INFO:colcon.colcon_core.shell:Creating environment descriptor '/home/yhan/yhan_ROS2/yhan_ws/install/topic_final/share/topic_final/hook/cmake_prefix_path.dsv'
[136.078s] INFO:colcon.colcon_core.shell:Creating environment hook '/home/yhan/yhan_ROS2/yhan_ws/install/topic_final/share/topic_final/hook/cmake_prefix_path.sh'
[136.079s] Level 1:colcon.colcon_core.environment:checking '/home/yhan/yhan_ROS2/yhan_ws/install/topic_final/lib'
[136.079s] Level 1:colcon.colcon_core.environment:checking '/home/yhan/yhan_ROS2/yhan_ws/install/topic_final/bin'
[136.079s] Level 1:colcon.colcon_core.environment:checking '/home/yhan/yhan_ROS2/yhan_ws/install/topic_final/lib/pkgconfig/topic_final.pc'
[136.080s] Level 1:colcon.colcon_core.environment:checking '/home/yhan/yhan_ROS2/yhan_ws/install/topic_final/lib/python3.10/site-packages'
[136.080s] Level 1:colcon.colcon_core.environment:checking '/home/yhan/yhan_ROS2/yhan_ws/install/topic_final/bin'
[136.081s] INFO:colcon.colcon_core.shell:Creating package script '/home/yhan/yhan_ROS2/yhan_ws/install/topic_final/share/topic_final/package.ps1'
[136.083s] INFO:colcon.colcon_core.shell:Creating package descriptor '/home/yhan/yhan_ROS2/yhan_ws/install/topic_final/share/topic_final/package.dsv'
[136.084s] INFO:colcon.colcon_core.shell:Creating package script '/home/yhan/yhan_ROS2/yhan_ws/install/topic_final/share/topic_final/package.sh'
[136.084s] INFO:colcon.colcon_core.shell:Creating package script '/home/yhan/yhan_ROS2/yhan_ws/install/topic_final/share/topic_final/package.bash'
[136.085s] INFO:colcon.colcon_core.shell:Creating package script '/home/yhan/yhan_ROS2/yhan_ws/install/topic_final/share/topic_final/package.zsh'
[136.086s] Level 1:colcon.colcon_core.environment:create_file_with_runtime_dependencies(/home/yhan/yhan_ROS2/yhan_ws/install/topic_final/share/colcon-core/packages/topic_final)
[136.315s] Level 1:colcon.colcon_core.environment:create_environment_scripts_only(topic_final)
[136.316s] Level 1:colcon.colcon_core.environment:checking '/home/yhan/yhan_ROS2/yhan_ws/install/topic_final' for CMake module files
[136.317s] Level 1:colcon.colcon_core.environment:checking '/home/yhan/yhan_ROS2/yhan_ws/install/topic_final' for CMake config files
[136.318s] Level 1:colcon.colcon_core.shell:create_environment_hook('topic_final', 'cmake_prefix_path')
[136.318s] INFO:colcon.colcon_core.shell:Creating environment hook '/home/yhan/yhan_ROS2/yhan_ws/install/topic_final/share/topic_final/hook/cmake_prefix_path.ps1'
[136.319s] INFO:colcon.colcon_core.shell:Creating environment descriptor '/home/yhan/yhan_ROS2/yhan_ws/install/topic_final/share/topic_final/hook/cmake_prefix_path.dsv'
[136.319s] INFO:colcon.colcon_core.shell:Creating environment hook '/home/yhan/yhan_ROS2/yhan_ws/install/topic_final/share/topic_final/hook/cmake_prefix_path.sh'
[136.321s] Level 1:colcon.colcon_core.environment:checking '/home/yhan/yhan_ROS2/yhan_ws/install/topic_final/lib'
[136.321s] Level 1:colcon.colcon_core.environment:checking '/home/yhan/yhan_ROS2/yhan_ws/install/topic_final/bin'
[136.321s] Level 1:colcon.colcon_core.environment:checking '/home/yhan/yhan_ROS2/yhan_ws/install/topic_final/lib/pkgconfig/topic_final.pc'
[136.321s] Level 1:colcon.colcon_core.environment:checking '/home/yhan/yhan_ROS2/yhan_ws/install/topic_final/lib/python3.10/site-packages'
[136.321s] Level 1:colcon.colcon_core.environment:checking '/home/yhan/yhan_ROS2/yhan_ws/install/topic_final/bin'
[136.321s] INFO:colcon.colcon_core.shell:Creating package script '/home/yhan/yhan_ROS2/yhan_ws/install/topic_final/share/topic_final/package.ps1'
[136.322s] INFO:colcon.colcon_core.shell:Creating package descriptor '/home/yhan/yhan_ROS2/yhan_ws/install/topic_final/share/topic_final/package.dsv'
[136.323s] INFO:colcon.colcon_core.shell:Creating package script '/home/yhan/yhan_ROS2/yhan_ws/install/topic_final/share/topic_final/package.sh'
[136.325s] INFO:colcon.colcon_core.shell:Creating package script '/home/yhan/yhan_ROS2/yhan_ws/install/topic_final/share/topic_final/package.bash'
[136.329s] INFO:colcon.colcon_core.shell:Creating package script '/home/yhan/yhan_ROS2/yhan_ws/install/topic_final/share/topic_final/package.zsh'
[136.331s] Level 1:colcon.colcon_core.environment:create_file_with_runtime_dependencies(/home/yhan/yhan_ROS2/yhan_ws/install/topic_final/share/colcon-core/packages/topic_final)
[136.336s] INFO:colcon.colcon_ros.task.ament_cmake.build:Building ROS package in '/home/yhan/yhan_ROS2/yhan_ws/src/turtlebot3_simulations/turtlebot3_simulations' with build type 'ament_cmake'
[136.336s] INFO:colcon.colcon_cmake.task.cmake.build:Building CMake package in '/home/yhan/yhan_ROS2/yhan_ws/src/turtlebot3_simulations/turtlebot3_simulations'
[136.337s] INFO:colcon.colcon_core.shell:Skip shell extension 'powershell' for command environment: Not usable outside of PowerShell
[136.337s] DEBUG:colcon.colcon_core.shell:Skip shell extension 'dsv' for command environment
[136.373s] DEBUG:colcon.colcon_core.event_handler.log_command:Invoking command in '/home/yhan/yhan_ROS2/yhan_ws/build/turtlebot3_simulations': AMENT_PREFIX_PATH=/home/yhan/yhan_ROS2/yhan_ws/install/turtlebot3_gazebo:/home/yhan/yhan_ROS2/yhan_ws/install/turtlebot3_fake_node:${AMENT_PREFIX_PATH} CMAKE_PREFIX_PATH=/home/yhan/yhan_ROS2/yhan_ws/install/turtlebot3_gazebo:/home/yhan/yhan_ROS2/yhan_ws/install/turtlebot3_fake_node:/home/yhan/yhan_ROS2/yhan_ws/install/simple_pkg_cpp:/opt/ros/humble /usr/bin/cmake /home/yhan/yhan_ROS2/yhan_ws/src/turtlebot3_simulations/turtlebot3_simulations -DAMENT_CMAKE_SYMLINK_INSTALL=1 -DCMAKE_INSTALL_PREFIX=/home/yhan/yhan_ROS2/yhan_ws/install/turtlebot3_simulations
[138.165s] DEBUG:colcon.colcon_core.event_handler.log_command:Invoked command in '/home/yhan/yhan_ROS2/yhan_ws/build/turtlebot3_simulations' returned '0': AMENT_PREFIX_PATH=/home/yhan/yhan_ROS2/yhan_ws/install/turtlebot3_gazebo:/home/yhan/yhan_ROS2/yhan_ws/install/turtlebot3_fake_node:${AMENT_PREFIX_PATH} CMAKE_PREFIX_PATH=/home/yhan/yhan_ROS2/yhan_ws/install/turtlebot3_gazebo:/home/yhan/yhan_ROS2/yhan_ws/install/turtlebot3_fake_node:/home/yhan/yhan_ROS2/yhan_ws/install/simple_pkg_cpp:/opt/ros/humble /usr/bin/cmake /home/yhan/yhan_ROS2/yhan_ws/src/turtlebot3_simulations/turtlebot3_simulations -DAMENT_CMAKE_SYMLINK_INSTALL=1 -DCMAKE_INSTALL_PREFIX=/home/yhan/yhan_ROS2/yhan_ws/install/turtlebot3_simulations
[138.166s] DEBUG:colcon.colcon_core.event_handler.log_command:Invoking command in '/home/yhan/yhan_ROS2/yhan_ws/build/turtlebot3_simulations': AMENT_PREFIX_PATH=/home/yhan/yhan_ROS2/yhan_ws/install/turtlebot3_gazebo:/home/yhan/yhan_ROS2/yhan_ws/install/turtlebot3_fake_node:${AMENT_PREFIX_PATH} CMAKE_PREFIX_PATH=/home/yhan/yhan_ROS2/yhan_ws/install/turtlebot3_gazebo:/home/yhan/yhan_ROS2/yhan_ws/install/turtlebot3_fake_node:/home/yhan/yhan_ROS2/yhan_ws/install/simple_pkg_cpp:/opt/ros/humble /usr/bin/cmake --build /home/yhan/yhan_ROS2/yhan_ws/build/turtlebot3_simulations -- -j2 -l2
[138.296s] DEBUG:colcon.colcon_core.event_handler.log_command:Invoked command in '/home/yhan/yhan_ROS2/yhan_ws/build/turtlebot3_simulations' returned '0': AMENT_PREFIX_PATH=/home/yhan/yhan_ROS2/yhan_ws/install/turtlebot3_gazebo:/home/yhan/yhan_ROS2/yhan_ws/install/turtlebot3_fake_node:${AMENT_PREFIX_PATH} CMAKE_PREFIX_PATH=/home/yhan/yhan_ROS2/yhan_ws/install/turtlebot3_gazebo:/home/yhan/yhan_ROS2/yhan_ws/install/turtlebot3_fake_node:/home/yhan/yhan_ROS2/yhan_ws/install/simple_pkg_cpp:/opt/ros/humble /usr/bin/cmake --build /home/yhan/yhan_ROS2/yhan_ws/build/turtlebot3_simulations -- -j2 -l2
[138.423s] DEBUG:colcon.colcon_core.event_handler.log_command:Invoking command in '/home/yhan/yhan_ROS2/yhan_ws/build/turtlebot3_simulations': AMENT_PREFIX_PATH=/home/yhan/yhan_ROS2/yhan_ws/install/turtlebot3_gazebo:/home/yhan/yhan_ROS2/yhan_ws/install/turtlebot3_fake_node:${AMENT_PREFIX_PATH} CMAKE_PREFIX_PATH=/home/yhan/yhan_ROS2/yhan_ws/install/turtlebot3_gazebo:/home/yhan/yhan_ROS2/yhan_ws/install/turtlebot3_fake_node:/home/yhan/yhan_ROS2/yhan_ws/install/simple_pkg_cpp:/opt/ros/humble /usr/bin/cmake --install /home/yhan/yhan_ROS2/yhan_ws/build/turtlebot3_simulations
[138.841s] Level 1:colcon.colcon_core.environment:create_environment_scripts_only(turtlebot3_simulations)
[138.842s] Level 1:colcon.colcon_core.environment:checking '/home/yhan/yhan_ROS2/yhan_ws/install/turtlebot3_simulations' for CMake module files
[138.842s] Level 1:colcon.colcon_core.environment:checking '/home/yhan/yhan_ROS2/yhan_ws/install/turtlebot3_simulations' for CMake config files
[138.843s] Level 1:colcon.colcon_core.shell:create_environment_hook('turtlebot3_simulations', 'cmake_prefix_path')
[138.843s] INFO:colcon.colcon_core.shell:Creating environment hook '/home/yhan/yhan_ROS2/yhan_ws/install/turtlebot3_simulations/share/turtlebot3_simulations/hook/cmake_prefix_path.ps1'
[138.847s] DEBUG:colcon.colcon_core.event_handler.log_command:Invoked command in '/home/yhan/yhan_ROS2/yhan_ws/build/turtlebot3_simulations' returned '0': AMENT_PREFIX_PATH=/home/yhan/yhan_ROS2/yhan_ws/install/turtlebot3_gazebo:/home/yhan/yhan_ROS2/yhan_ws/install/turtlebot3_fake_node:${AMENT_PREFIX_PATH} CMAKE_PREFIX_PATH=/home/yhan/yhan_ROS2/yhan_ws/install/turtlebot3_gazebo:/home/yhan/yhan_ROS2/yhan_ws/install/turtlebot3_fake_node:/home/yhan/yhan_ROS2/yhan_ws/install/simple_pkg_cpp:/opt/ros/humble /usr/bin/cmake --install /home/yhan/yhan_ROS2/yhan_ws/build/turtlebot3_simulations
[138.847s] INFO:colcon.colcon_core.shell:Creating environment descriptor '/home/yhan/yhan_ROS2/yhan_ws/install/turtlebot3_simulations/share/turtlebot3_simulations/hook/cmake_prefix_path.dsv'
[138.848s] INFO:colcon.colcon_core.shell:Creating environment hook '/home/yhan/yhan_ROS2/yhan_ws/install/turtlebot3_simulations/share/turtlebot3_simulations/hook/cmake_prefix_path.sh'
[138.849s] Level 1:colcon.colcon_core.environment:checking '/home/yhan/yhan_ROS2/yhan_ws/install/turtlebot3_simulations/bin'
[138.849s] Level 1:colcon.colcon_core.environment:checking '/home/yhan/yhan_ROS2/yhan_ws/install/turtlebot3_simulations/lib/pkgconfig/turtlebot3_simulations.pc'
[138.849s] Level 1:colcon.colcon_core.environment:checking '/home/yhan/yhan_ROS2/yhan_ws/install/turtlebot3_simulations/lib/python3.10/site-packages'
[138.850s] Level 1:colcon.colcon_core.environment:checking '/home/yhan/yhan_ROS2/yhan_ws/install/turtlebot3_simulations/bin'
[138.853s] INFO:colcon.colcon_core.shell:Creating package script '/home/yhan/yhan_ROS2/yhan_ws/install/turtlebot3_simulations/share/turtlebot3_simulations/package.ps1'
[138.853s] INFO:colcon.colcon_core.shell:Creating package descriptor '/home/yhan/yhan_ROS2/yhan_ws/install/turtlebot3_simulations/share/turtlebot3_simulations/package.dsv'
[138.854s] INFO:colcon.colcon_core.shell:Creating package script '/home/yhan/yhan_ROS2/yhan_ws/install/turtlebot3_simulations/share/turtlebot3_simulations/package.sh'
[138.854s] INFO:colcon.colcon_core.shell:Creating package script '/home/yhan/yhan_ROS2/yhan_ws/install/turtlebot3_simulations/share/turtlebot3_simulations/package.bash'
[138.859s] INFO:colcon.colcon_core.shell:Creating package script '/home/yhan/yhan_ROS2/yhan_ws/install/turtlebot3_simulations/share/turtlebot3_simulations/package.zsh'
[138.859s] Level 1:colcon.colcon_core.environment:create_file_with_runtime_dependencies(/home/yhan/yhan_ROS2/yhan_ws/install/turtlebot3_simulations/share/colcon-core/packages/turtlebot3_simulations)
[138.948s] Level 1:colcon.colcon_core.environment:create_environment_scripts_only(turtlebot3_simulations)
[138.949s] Level 1:colcon.colcon_core.environment:checking '/home/yhan/yhan_ROS2/yhan_ws/install/turtlebot3_simulations' for CMake module files
[138.949s] Level 1:colcon.colcon_core.environment:checking '/home/yhan/yhan_ROS2/yhan_ws/install/turtlebot3_simulations' for CMake config files
[138.950s] Level 1:colcon.colcon_core.shell:create_environment_hook('turtlebot3_simulations', 'cmake_prefix_path')
[138.950s] INFO:colcon.colcon_core.shell:Creating environment hook '/home/yhan/yhan_ROS2/yhan_ws/install/turtlebot3_simulations/share/turtlebot3_simulations/hook/cmake_prefix_path.ps1'
[138.950s] INFO:colcon.colcon_core.shell:Creating environment descriptor '/home/yhan/yhan_ROS2/yhan_ws/install/turtlebot3_simulations/share/turtlebot3_simulations/hook/cmake_prefix_path.dsv'
[138.951s] INFO:colcon.colcon_core.shell:Creating environment hook '/home/yhan/yhan_ROS2/yhan_ws/install/turtlebot3_simulations/share/turtlebot3_simulations/hook/cmake_prefix_path.sh'
[138.951s] Level 1:colcon.colcon_core.environment:checking '/home/yhan/yhan_ROS2/yhan_ws/install/turtlebot3_simulations/bin'
[138.951s] Level 1:colcon.colcon_core.environment:checking '/home/yhan/yhan_ROS2/yhan_ws/install/turtlebot3_simulations/lib/pkgconfig/turtlebot3_simulations.pc'
[138.951s] Level 1:colcon.colcon_core.environment:checking '/home/yhan/yhan_ROS2/yhan_ws/install/turtlebot3_simulations/lib/python3.10/site-packages'
[138.952s] Level 1:colcon.colcon_core.environment:checking '/home/yhan/yhan_ROS2/yhan_ws/install/turtlebot3_simulations/bin'
[138.952s] INFO:colcon.colcon_core.shell:Creating package script '/home/yhan/yhan_ROS2/yhan_ws/install/turtlebot3_simulations/share/turtlebot3_simulations/package.ps1'
[138.960s] INFO:colcon.colcon_core.shell:Creating package descriptor '/home/yhan/yhan_ROS2/yhan_ws/install/turtlebot3_simulations/share/turtlebot3_simulations/package.dsv'
[138.961s] INFO:colcon.colcon_core.shell:Creating package script '/home/yhan/yhan_ROS2/yhan_ws/install/turtlebot3_simulations/share/turtlebot3_simulations/package.sh'
[138.961s] INFO:colcon.colcon_core.shell:Creating package script '/home/yhan/yhan_ROS2/yhan_ws/install/turtlebot3_simulations/share/turtlebot3_simulations/package.bash'
[138.962s] INFO:colcon.colcon_core.shell:Creating package script '/home/yhan/yhan_ROS2/yhan_ws/install/turtlebot3_simulations/share/turtlebot3_simulations/package.zsh'
[138.962s] Level 1:colcon.colcon_core.environment:create_file_with_runtime_dependencies(/home/yhan/yhan_ROS2/yhan_ws/install/turtlebot3_simulations/share/colcon-core/packages/turtlebot3_simulations)
[145.526s] DEBUG:colcon.colcon_core.event_handler.log_command:Invoked command in '/home/yhan/yhan_ROS2/yhan_ws/build/simple_pkg_cpp' returned '0': CMAKE_PREFIX_PATH=${CMAKE_PREFIX_PATH}:/opt/ros/humble /usr/bin/cmake --build /home/yhan/yhan_ROS2/yhan_ws/build/simple_pkg_cpp -- -j2 -l2
[145.585s] DEBUG:colcon.colcon_core.event_handler.log_command:Invoking command in '/home/yhan/yhan_ROS2/yhan_ws/build/simple_pkg_cpp': CMAKE_PREFIX_PATH=${CMAKE_PREFIX_PATH}:/opt/ros/humble /usr/bin/cmake --install /home/yhan/yhan_ROS2/yhan_ws/build/simple_pkg_cpp
[145.921s] Level 1:colcon.colcon_core.environment:create_environment_scripts_only(simple_pkg_cpp)
[145.921s] DEBUG:colcon.colcon_core.event_handler.log_command:Invoked command in '/home/yhan/yhan_ROS2/yhan_ws/build/simple_pkg_cpp' returned '0': CMAKE_PREFIX_PATH=${CMAKE_PREFIX_PATH}:/opt/ros/humble /usr/bin/cmake --install /home/yhan/yhan_ROS2/yhan_ws/build/simple_pkg_cpp
[145.922s] Level 1:colcon.colcon_core.environment:checking '/home/yhan/yhan_ROS2/yhan_ws/install/simple_pkg_cpp' for CMake module files
[145.922s] Level 1:colcon.colcon_core.environment:checking '/home/yhan/yhan_ROS2/yhan_ws/install/simple_pkg_cpp' for CMake config files
[145.923s] Level 1:colcon.colcon_core.shell:create_environment_hook('simple_pkg_cpp', 'cmake_prefix_path')
[145.923s] INFO:colcon.colcon_core.shell:Creating environment hook '/home/yhan/yhan_ROS2/yhan_ws/install/simple_pkg_cpp/share/simple_pkg_cpp/hook/cmake_prefix_path.ps1'
[145.924s] INFO:colcon.colcon_core.shell:Creating environment descriptor '/home/yhan/yhan_ROS2/yhan_ws/install/simple_pkg_cpp/share/simple_pkg_cpp/hook/cmake_prefix_path.dsv'
[145.924s] INFO:colcon.colcon_core.shell:Creating environment hook '/home/yhan/yhan_ROS2/yhan_ws/install/simple_pkg_cpp/share/simple_pkg_cpp/hook/cmake_prefix_path.sh'
[145.924s] Level 1:colcon.colcon_core.environment:checking '/home/yhan/yhan_ROS2/yhan_ws/install/simple_pkg_cpp/lib'
[145.924s] Level 1:colcon.colcon_core.environment:checking '/home/yhan/yhan_ROS2/yhan_ws/install/simple_pkg_cpp/bin'
[145.924s] Level 1:colcon.colcon_core.environment:checking '/home/yhan/yhan_ROS2/yhan_ws/install/simple_pkg_cpp/lib/pkgconfig/simple_pkg_cpp.pc'
[145.924s] Level 1:colcon.colcon_core.environment:checking '/home/yhan/yhan_ROS2/yhan_ws/install/simple_pkg_cpp/lib/python3.10/site-packages'
[145.924s] Level 1:colcon.colcon_core.environment:checking '/home/yhan/yhan_ROS2/yhan_ws/install/simple_pkg_cpp/bin'
[145.925s] INFO:colcon.colcon_core.shell:Creating package script '/home/yhan/yhan_ROS2/yhan_ws/install/simple_pkg_cpp/share/simple_pkg_cpp/package.ps1'
[145.925s] INFO:colcon.colcon_core.shell:Creating package descriptor '/home/yhan/yhan_ROS2/yhan_ws/install/simple_pkg_cpp/share/simple_pkg_cpp/package.dsv'
[145.925s] INFO:colcon.colcon_core.shell:Creating package script '/home/yhan/yhan_ROS2/yhan_ws/install/simple_pkg_cpp/share/simple_pkg_cpp/package.sh'
[145.925s] INFO:colcon.colcon_core.shell:Creating package script '/home/yhan/yhan_ROS2/yhan_ws/install/simple_pkg_cpp/share/simple_pkg_cpp/package.bash'
[145.926s] INFO:colcon.colcon_core.shell:Creating package script '/home/yhan/yhan_ROS2/yhan_ws/install/simple_pkg_cpp/share/simple_pkg_cpp/package.zsh'
[145.927s] Level 1:colcon.colcon_core.environment:create_file_with_runtime_dependencies(/home/yhan/yhan_ROS2/yhan_ws/install/simple_pkg_cpp/share/colcon-core/packages/simple_pkg_cpp)
[146.022s] Level 1:colcon.colcon_core.environment:create_environment_scripts_only(simple_pkg_cpp)
[146.023s] Level 1:colcon.colcon_core.environment:checking '/home/yhan/yhan_ROS2/yhan_ws/install/simple_pkg_cpp' for CMake module files
[146.023s] Level 1:colcon.colcon_core.environment:checking '/home/yhan/yhan_ROS2/yhan_ws/install/simple_pkg_cpp' for CMake config files
[146.024s] Level 1:colcon.colcon_core.shell:create_environment_hook('simple_pkg_cpp', 'cmake_prefix_path')
[146.024s] INFO:colcon.colcon_core.shell:Creating environment hook '/home/yhan/yhan_ROS2/yhan_ws/install/simple_pkg_cpp/share/simple_pkg_cpp/hook/cmake_prefix_path.ps1'
[146.025s] INFO:colcon.colcon_core.shell:Creating environment descriptor '/home/yhan/yhan_ROS2/yhan_ws/install/simple_pkg_cpp/share/simple_pkg_cpp/hook/cmake_prefix_path.dsv'
[146.025s] INFO:colcon.colcon_core.shell:Creating environment hook '/home/yhan/yhan_ROS2/yhan_ws/install/simple_pkg_cpp/share/simple_pkg_cpp/hook/cmake_prefix_path.sh'
[146.026s] Level 1:colcon.colcon_core.environment:checking '/home/yhan/yhan_ROS2/yhan_ws/install/simple_pkg_cpp/lib'
[146.026s] Level 1:colcon.colcon_core.environment:checking '/home/yhan/yhan_ROS2/yhan_ws/install/simple_pkg_cpp/bin'
[146.026s] Level 1:colcon.colcon_core.environment:checking '/home/yhan/yhan_ROS2/yhan_ws/install/simple_pkg_cpp/lib/pkgconfig/simple_pkg_cpp.pc'
[146.026s] Level 1:colcon.colcon_core.environment:checking '/home/yhan/yhan_ROS2/yhan_ws/install/simple_pkg_cpp/lib/python3.10/site-packages'
[146.026s] Level 1:colcon.colcon_core.environment:checking '/home/yhan/yhan_ROS2/yhan_ws/install/simple_pkg_cpp/bin'
[146.027s] INFO:colcon.colcon_core.shell:Creating package script '/home/yhan/yhan_ROS2/yhan_ws/install/simple_pkg_cpp/share/simple_pkg_cpp/package.ps1'
[146.029s] INFO:colcon.colcon_core.shell:Creating package descriptor '/home/yhan/yhan_ROS2/yhan_ws/install/simple_pkg_cpp/share/simple_pkg_cpp/package.dsv'
[146.030s] INFO:colcon.colcon_core.shell:Creating package script '/home/yhan/yhan_ROS2/yhan_ws/install/simple_pkg_cpp/share/simple_pkg_cpp/package.sh'
[146.030s] INFO:colcon.colcon_core.shell:Creating package script '/home/yhan/yhan_ROS2/yhan_ws/install/simple_pkg_cpp/share/simple_pkg_cpp/package.bash'
[146.031s] INFO:colcon.colcon_core.shell:Creating package script '/home/yhan/yhan_ROS2/yhan_ws/install/simple_pkg_cpp/share/simple_pkg_cpp/package.zsh'
[146.040s] Level 1:colcon.colcon_core.environment:create_file_with_runtime_dependencies(/home/yhan/yhan_ROS2/yhan_ws/install/simple_pkg_cpp/share/colcon-core/packages/simple_pkg_cpp)
[146.042s] DEBUG:colcon.colcon_parallel_executor.executor.parallel:closing loop
[146.044s] DEBUG:colcon.colcon_parallel_executor.executor.parallel:loop closed
[146.045s] DEBUG:colcon.colcon_parallel_executor.executor.parallel:run_until_complete finished with '0'
[146.045s] DEBUG:colcon.colcon_core.event_reactor:joining thread
[146.074s] INFO:colcon.colcon_core.plugin_system:Skipping extension 'colcon_notification.desktop_notification.terminal_notifier': Not used on non-Darwin systems
[146.074s] INFO:colcon.colcon_core.plugin_system:Skipping extension 'colcon_notification.desktop_notification.win32': Not used on non-Windows systems
[146.074s] INFO:colcon.colcon_notification.desktop_notification:Sending desktop notification using 'notify2'
[146.147s] DEBUG:colcon.colcon_core.event_reactor:joined thread
[146.150s] INFO:colcon.colcon_core.shell:Creating prefix script '/home/yhan/yhan_ROS2/yhan_ws/install/local_setup.ps1'
[146.154s] INFO:colcon.colcon_core.shell:Creating prefix util module '/home/yhan/yhan_ROS2/yhan_ws/install/_local_setup_util_ps1.py'
[146.156s] INFO:colcon.colcon_core.shell:Creating prefix chain script '/home/yhan/yhan_ROS2/yhan_ws/install/setup.ps1'
[146.157s] INFO:colcon.colcon_core.shell:Creating prefix script '/home/yhan/yhan_ROS2/yhan_ws/install/local_setup.sh'
[146.160s] INFO:colcon.colcon_core.shell:Creating prefix util module '/home/yhan/yhan_ROS2/yhan_ws/install/_local_setup_util_sh.py'
[146.160s] INFO:colcon.colcon_core.shell:Creating prefix chain script '/home/yhan/yhan_ROS2/yhan_ws/install/setup.sh'
[146.162s] INFO:colcon.colcon_core.shell:Creating prefix script '/home/yhan/yhan_ROS2/yhan_ws/install/local_setup.bash'
[146.163s] INFO:colcon.colcon_core.shell:Creating prefix chain script '/home/yhan/yhan_ROS2/yhan_ws/install/setup.bash'
[146.165s] INFO:colcon.colcon_core.shell:Creating prefix script '/home/yhan/yhan_ROS2/yhan_ws/install/local_setup.zsh'
[146.166s] INFO:colcon.colcon_core.shell:Creating prefix chain script '/home/yhan/yhan_ROS2/yhan_ws/install/setup.zsh'
