[0.016s] Invoking command in '/home/yhan/yhan_ROS2/yhan_ws/build/move_t_sim': CMAKE_PREFIX_PATH=${CMAKE_PREFIX_PATH}:/opt/ros/humble /usr/bin/cmake --build /home/yhan/yhan_ROS2/yhan_ws/build/move_t_sim -- -j2 -l2
[0.061s] -- Found ament_cmake: 1.3.9 (/opt/ros/humble/share/ament_cmake/cmake)
[0.258s] -- Override CMake install command with custom implementation using symlinks instead of copying resources
[0.272s] -- Found rclcpp: 16.0.9 (/opt/ros/humble/share/rclcpp/cmake)
[0.303s] -- Found rosidl_generator_c: 3.1.5 (/opt/ros/humble/share/rosidl_generator_c/cmake)
[0.305s] -- Found rosidl_adapter: 3.1.5 (/opt/ros/humble/share/rosidl_adapter/cmake)
[0.311s] -- Found rosidl_generator_cpp: 3.1.5 (/opt/ros/humble/share/rosidl_generator_cpp/cmake)
[0.321s] -- Using all available rosidl_typesupport_c: rosidl_typesupport_fastrtps_c;rosidl_typesupport_introspection_c
[0.355s] -- Using all available rosidl_typesupport_cpp: rosidl_typesupport_fastrtps_cpp;rosidl_typesupport_introspection_cpp
[0.434s] -- Found rmw_implementation_cmake: 6.1.2 (/opt/ros/humble/share/rmw_implementation_cmake/cmake)
[0.438s] -- Found rmw_fastrtps_cpp: 6.2.6 (/opt/ros/humble/share/rmw_fastrtps_cpp/cmake)
[0.602s] -- Using RMW implementation 'rmw_fastrtps_cpp' as default
[0.794s] -- Found geometry_msgs: 4.2.4 (/opt/ros/humble/share/geometry_msgs/cmake)
[0.859s] -- Found nav_msgs: 4.2.4 (/opt/ros/humble/share/nav_msgs/cmake)
[0.959s] [33mCMake Warning (dev) at /usr/share/cmake-3.22/Modules/FindPackageHandleStandardArgs.cmake:438 (message):
[0.959s]   The package name passed to `find_package_handle_standard_args` (PkgConfig)
[0.959s]   does not match the name of the calling package (gazebo).  This can lead to
[0.959s]   problems in calling code that expects `find_package` result variables
[0.959s]   (e.g., `_FOUND`) to follow a certain pattern.
[0.959s] Call Stack (most recent call first):
[0.959s]   /usr/share/cmake-3.22/Modules/FindPkgConfig.cmake:99 (find_package_handle_standard_args)
[0.959s]   /usr/lib/x86_64-linux-gnu/cmake/gazebo/gazebo-config.cmake:72 (include)
[0.960s]   CMakeLists.txt:14 (find_package)
[0.960s] This warning is for project developers.  Use -Wno-dev to suppress it.
[0.960s] [0m
[0.987s] -- Found DART: /usr/include (Required is at least version "6.6") found components: dart 
[1.019s] -- Found Protobuf: /usr/lib/x86_64-linux-gnu/libprotobuf.so (found version "3.12.4") 
[1.022s] -- Looking for ignition-math6 -- found version 6.15.1
[1.030s] -- Searching for dependencies of ignition-math6
[1.033s] -- Looking for OGRE...
[1.041s] -- Found Ogre Ghadamon (1.9.0)
[1.054s] -- Found OGRE: optimized;/usr/lib/x86_64-linux-gnu/libOgreMain.so;debug;/usr/lib/x86_64-linux-gnu/libOgreMain.so
[1.059s] -- Looking for OGRE_Paging...
[1.059s] -- Found OGRE_Paging: optimized;/usr/lib/x86_64-linux-gnu/libOgrePaging.so;debug;/usr/lib/x86_64-linux-gnu/libOgrePaging.so
[1.059s] -- Looking for OGRE_Terrain...
[1.060s] -- Found OGRE_Terrain: optimized;/usr/lib/x86_64-linux-gnu/libOgreTerrain.so;debug;/usr/lib/x86_64-linux-gnu/libOgreTerrain.so
[1.060s] -- Looking for OGRE_Property...
[1.060s] -- Found OGRE_Property: optimized;/usr/lib/x86_64-linux-gnu/libOgreProperty.so;debug;/usr/lib/x86_64-linux-gnu/libOgreProperty.so
[1.060s] -- Looking for OGRE_RTShaderSystem...
[1.060s] -- Found OGRE_RTShaderSystem: optimized;/usr/lib/x86_64-linux-gnu/libOgreRTShaderSystem.so;debug;/usr/lib/x86_64-linux-gnu/libOgreRTShaderSystem.so
[1.060s] -- Looking for OGRE_Volume...
[1.060s] -- Found OGRE_Volume: optimized;/usr/lib/x86_64-linux-gnu/libOgreVolume.so;debug;/usr/lib/x86_64-linux-gnu/libOgreVolume.so
[1.060s] -- Looking for OGRE_Overlay...
[1.060s] -- Found OGRE_Overlay: optimized;/usr/lib/x86_64-linux-gnu/libOgreOverlay.so;debug;/usr/lib/x86_64-linux-gnu/libOgreOverlay.so
[1.203s] -- Looking for ignition-math6 -- found version 6.15.1
[1.204s] -- Looking for ignition-transport8 -- found version 8.2.1
[1.205s] -- Searching for dependencies of ignition-transport8
[1.233s] -- Found Protobuf: /usr/lib/x86_64-linux-gnu/libprotobuf.so (found suitable version "3.12.4", minimum required is "3") 
[1.242s] -- Config-file not installed for ZeroMQ -- checking for pkg-config
[1.249s] -- Checking for module 'libzmq >= 4'
[1.266s] --   Found libzmq , version 4.3.4
[1.299s] -- Checking for module 'uuid'
[1.311s] --   Found uuid, version 2.37.2
[1.354s] -- Looking for ignition-msgs5 -- found version 5.8.1
[1.355s] -- Searching for dependencies of ignition-msgs5
[1.371s] -- Looking for ignition-math6 -- found version 6.15.1
[1.376s] -- Checking for module 'tinyxml2'
[1.387s] --   Found tinyxml2, version 9.0.0
[1.411s] -- Looking for ignition-msgs5 -- found version 5.8.1
[1.412s] -- Looking for ignition-common3 -- found version 3.14.0
[1.412s] -- Searching for dependencies of ignition-common3
[1.413s] -- Looking for dlfcn.h - found
[1.414s] -- Looking for libdl - found
[1.427s] -- Searching for <ignition-common3> component [graphics]
[1.428s] -- Looking for ignition-common3-graphics -- found version 3.14.0
[1.429s] -- Searching for dependencies of ignition-common3-graphics
[1.430s] -- Looking for ignition-math6 -- found version 6.15.1
[1.431s] -- Looking for ignition-fuel_tools4 -- found version 4.4.0
[1.432s] -- Searching for dependencies of ignition-fuel_tools4
[1.463s] -- Checking for module 'jsoncpp'
[1.474s] --   Found jsoncpp, version 1.9.5
[1.503s] -- Checking for module 'libzip'
[1.513s] --   Found libzip, version 1.7.3
[1.551s] -- Looking for ignition-common3 -- found version 3.14.0
[1.551s] -- Looking for ignition-math6 -- found version 6.15.1
[1.552s] -- Looking for ignition-msgs5 -- found version 5.8.1
[1.558s] -- Found ament_lint_auto: 0.12.11 (/opt/ros/humble/share/ament_lint_auto/cmake)
[1.615s] -- Added test 'cppcheck' to perform static code analysis on C / C++ code
[1.615s] -- Configured cppcheck include dirs: /home/yhan/yhan_ROS2/yhan_ws/src/move_t_sim/include
[1.615s] -- Configured cppcheck exclude dirs and/or files: 
[1.616s] -- Added test 'lint_cmake' to check CMake code style
[1.622s] -- Added test 'uncrustify' to check C / C++ code style
[1.622s] -- Configured uncrustify additional arguments: 
[1.622s] -- Added test 'xmllint' to check XML markup files
[1.622s] -- Configuring done
[1.633s] -- Generating done
[1.638s] -- Build files have been written to: /home/yhan/yhan_ROS2/yhan_ws/build/move_t_sim
[1.669s] [35m[1mConsolidate compiler generated dependencies of target moveTurtleSim[0m
[1.675s] [35m[1mConsolidate compiler generated dependencies of target moveTurtleBot[0m
[1.692s] [ 50%] Built target moveTurtleBot
[1.702s] [100%] Built target moveTurtleSim
[1.713s] Invoked command in '/home/yhan/yhan_ROS2/yhan_ws/build/move_t_sim' returned '0': CMAKE_PREFIX_PATH=${CMAKE_PREFIX_PATH}:/opt/ros/humble /usr/bin/cmake --build /home/yhan/yhan_ROS2/yhan_ws/build/move_t_sim -- -j2 -l2
[1.757s] Invoking command in '/home/yhan/yhan_ROS2/yhan_ws/build/move_t_sim': CMAKE_PREFIX_PATH=${CMAKE_PREFIX_PATH}:/opt/ros/humble /usr/bin/cmake --install /home/yhan/yhan_ROS2/yhan_ws/build/move_t_sim
[1.764s] -- Install configuration: ""
[1.765s] -- Execute custom install script
[1.765s] -- Up-to-date symlink: /home/yhan/yhan_ROS2/yhan_ws/install/move_t_sim/lib/move_t_sim/moveTurtleSim
[1.767s] -- Up-to-date symlink: /home/yhan/yhan_ROS2/yhan_ws/install/move_t_sim/lib/move_t_sim/moveTurtleBot
[1.770s] -- Up-to-date symlink: /home/yhan/yhan_ROS2/yhan_ws/install/move_t_sim/share/ament_index/resource_index/package_run_dependencies/move_t_sim
[1.771s] -- Up-to-date symlink: /home/yhan/yhan_ROS2/yhan_ws/install/move_t_sim/share/ament_index/resource_index/parent_prefix_path/move_t_sim
[1.772s] -- Up-to-date symlink: /home/yhan/yhan_ROS2/yhan_ws/install/move_t_sim/share/move_t_sim/environment/ament_prefix_path.sh
[1.772s] -- Up-to-date symlink: /home/yhan/yhan_ROS2/yhan_ws/install/move_t_sim/share/move_t_sim/environment/ament_prefix_path.dsv
[1.773s] -- Up-to-date symlink: /home/yhan/yhan_ROS2/yhan_ws/install/move_t_sim/share/move_t_sim/environment/path.sh
[1.773s] -- Up-to-date symlink: /home/yhan/yhan_ROS2/yhan_ws/install/move_t_sim/share/move_t_sim/environment/path.dsv
[1.774s] -- Up-to-date symlink: /home/yhan/yhan_ROS2/yhan_ws/install/move_t_sim/share/move_t_sim/local_setup.bash
[1.774s] -- Up-to-date symlink: /home/yhan/yhan_ROS2/yhan_ws/install/move_t_sim/share/move_t_sim/local_setup.sh
[1.774s] -- Up-to-date symlink: /home/yhan/yhan_ROS2/yhan_ws/install/move_t_sim/share/move_t_sim/local_setup.zsh
[1.775s] -- Up-to-date symlink: /home/yhan/yhan_ROS2/yhan_ws/install/move_t_sim/share/move_t_sim/local_setup.dsv
[1.775s] -- Symlinking: /home/yhan/yhan_ROS2/yhan_ws/install/move_t_sim/share/move_t_sim/package.dsv
[1.780s] -- Up-to-date symlink: /home/yhan/yhan_ROS2/yhan_ws/install/move_t_sim/share/ament_index/resource_index/packages/move_t_sim
[1.781s] -- Up-to-date symlink: /home/yhan/yhan_ROS2/yhan_ws/install/move_t_sim/share/move_t_sim/cmake/move_t_simConfig.cmake
[1.782s] -- Up-to-date symlink: /home/yhan/yhan_ROS2/yhan_ws/install/move_t_sim/share/move_t_sim/cmake/move_t_simConfig-version.cmake
[1.782s] -- Up-to-date symlink: /home/yhan/yhan_ROS2/yhan_ws/install/move_t_sim/share/move_t_sim/package.xml
[1.783s] Invoked command in '/home/yhan/yhan_ROS2/yhan_ws/build/move_t_sim' returned '0': CMAKE_PREFIX_PATH=${CMAKE_PREFIX_PATH}:/opt/ros/humble /usr/bin/cmake --install /home/yhan/yhan_ROS2/yhan_ws/build/move_t_sim
