-- Found ament_cmake: 1.3.9 (/opt/ros/humble/share/ament_cmake/cmake)
-- Override CMake install command with custom implementation using symlinks instead of copying resources
-- Found rclcpp: 16.0.9 (/opt/ros/humble/share/rclcpp/cmake)
-- Found rosidl_generator_c: 3.1.5 (/opt/ros/humble/share/rosidl_generator_c/cmake)
-- Found rosidl_adapter: 3.1.5 (/opt/ros/humble/share/rosidl_adapter/cmake)
-- Found rosidl_generator_cpp: 3.1.5 (/opt/ros/humble/share/rosidl_generator_cpp/cmake)
-- Using all available rosidl_typesupport_c: rosidl_typesupport_fastrtps_c;rosidl_typesupport_introspection_c
-- Using all available rosidl_typesupport_cpp: rosidl_typesupport_fastrtps_cpp;rosidl_typesupport_introspection_cpp
-- Found rmw_implementation_cmake: 6.1.2 (/opt/ros/humble/share/rmw_implementation_cmake/cmake)
-- Found rmw_fastrtps_cpp: 6.2.6 (/opt/ros/humble/share/rmw_fastrtps_cpp/cmake)
-- Using RMW implementation 'rmw_fastrtps_cpp' as default
-- Found ament_lint_auto: 0.12.11 (/opt/ros/humble/share/ament_lint_auto/cmake)
-- Added test 'cppcheck' to perform static code analysis on C / C++ code
-- Configured cppcheck include dirs: 
-- Configured cppcheck exclude dirs and/or files: 
-- Added test 'flake8' to check Python code syntax and style conventions
-- Added test 'lint_cmake' to check CMake code style
-- Added test 'pep257' to check Python code against some of the docstring style conventions in PEP 257
-- Added test 'uncrustify' to check C / C++ code style
-- Configured uncrustify additional arguments: 
-- Added test 'xmllint' to check XML markup files
-- Configuring done
-- Generating done
-- Build files have been written to: /home/yhan/yhan_ROS2/yhan_ws/build/topic_final
[35m[1mConsolidate compiler generated dependencies of target mpub[0m
[ 10%] [32mBuilding CXX object CMakeFiles/mpub.dir/src/mpub.cpp.o[0m
[ 20%] [32m[1mLinking CXX executable mpub[0m
[ 20%] Built target mpub
[35m[1mConsolidate compiler generated dependencies of target msub[0m
[ 30%] [32mBuilding CXX object CMakeFiles/msub.dir/src/msub.cpp.o[0m
[ 40%] [32m[1mLinking CXX executable msub[0m
[ 40%] Built target msub
[35m[1mConsolidate compiler generated dependencies of target msub2[0m
[ 50%] [32mBuilding CXX object CMakeFiles/msub2.dir/src/msub2.cpp.o[0m
[ 60%] [32m[1mLinking CXX executable msub2[0m
[ 60%] Built target msub2
[35m[1mConsolidate compiler generated dependencies of target tpub[0m
[ 70%] [32mBuilding CXX object CMakeFiles/tpub.dir/src/tpub.cpp.o[0m
[ 80%] [32m[1mLinking CXX executable tpub[0m
[ 80%] Built target tpub
[35m[1mConsolidate compiler generated dependencies of target mtsub[0m
[ 90%] [32mBuilding CXX object CMakeFiles/mtsub.dir/src/mtsub.cpp.o[0m
[100%] [32m[1mLinking CXX executable mtsub[0m
[100%] Built target mtsub
-- Install configuration: ""
-- Execute custom install script
-- Up-to-date symlink: /home/yhan/yhan_ROS2/yhan_ws/install/topic_final/lib/topic_final/mpub
-- Up-to-date symlink: /home/yhan/yhan_ROS2/yhan_ws/install/topic_final/lib/topic_final/msub
-- Up-to-date symlink: /home/yhan/yhan_ROS2/yhan_ws/install/topic_final/lib/topic_final/msub2
-- Up-to-date symlink: /home/yhan/yhan_ROS2/yhan_ws/install/topic_final/lib/topic_final/tpub
-- Up-to-date symlink: /home/yhan/yhan_ROS2/yhan_ws/install/topic_final/lib/topic_final/mtsub
-- Up-to-date symlink: /home/yhan/yhan_ROS2/yhan_ws/install/topic_final/share/topic_final/launch/tmpubsub.launch.py
-- Up-to-date symlink: /home/yhan/yhan_ROS2/yhan_ws/install/topic_final/share/topic_final/param/turtlesim.yaml
-- Up-to-date symlink: /home/yhan/yhan_ROS2/yhan_ws/install/topic_final/share/ament_index/resource_index/package_run_dependencies/topic_final
-- Up-to-date symlink: /home/yhan/yhan_ROS2/yhan_ws/install/topic_final/share/ament_index/resource_index/parent_prefix_path/topic_final
-- Up-to-date symlink: /home/yhan/yhan_ROS2/yhan_ws/install/topic_final/share/topic_final/environment/ament_prefix_path.sh
-- Up-to-date symlink: /home/yhan/yhan_ROS2/yhan_ws/install/topic_final/share/topic_final/environment/ament_prefix_path.dsv
-- Up-to-date symlink: /home/yhan/yhan_ROS2/yhan_ws/install/topic_final/share/topic_final/environment/path.sh
-- Up-to-date symlink: /home/yhan/yhan_ROS2/yhan_ws/install/topic_final/share/topic_final/environment/path.dsv
-- Up-to-date symlink: /home/yhan/yhan_ROS2/yhan_ws/install/topic_final/share/topic_final/local_setup.bash
-- Up-to-date symlink: /home/yhan/yhan_ROS2/yhan_ws/install/topic_final/share/topic_final/local_setup.sh
-- Up-to-date symlink: /home/yhan/yhan_ROS2/yhan_ws/install/topic_final/share/topic_final/local_setup.zsh
-- Up-to-date symlink: /home/yhan/yhan_ROS2/yhan_ws/install/topic_final/share/topic_final/local_setup.dsv
-- Symlinking: /home/yhan/yhan_ROS2/yhan_ws/install/topic_final/share/topic_final/package.dsv
-- Up-to-date symlink: /home/yhan/yhan_ROS2/yhan_ws/install/topic_final/share/ament_index/resource_index/packages/topic_final
-- Up-to-date symlink: /home/yhan/yhan_ROS2/yhan_ws/install/topic_final/share/topic_final/cmake/topic_finalConfig.cmake
-- Up-to-date symlink: /home/yhan/yhan_ROS2/yhan_ws/install/topic_final/share/topic_final/cmake/topic_finalConfig-version.cmake
-- Up-to-date symlink: /home/yhan/yhan_ROS2/yhan_ws/install/topic_final/share/topic_final/package.xml
