[0.035s] Invoking command in '/home/yhan/yhan_ROS2/yhan_ws/build/topic_final': CMAKE_PREFIX_PATH=${CMAKE_PREFIX_PATH}:/opt/ros/humble /usr/bin/cmake --build /home/yhan/yhan_ROS2/yhan_ws/build/topic_final -- -j2 -l2
[0.126s] -- Found ament_cmake: 1.3.9 (/opt/ros/humble/share/ament_cmake/cmake)
[0.456s] -- Override CMake install command with custom implementation using symlinks instead of copying resources
[0.477s] -- Found rclcpp: 16.0.9 (/opt/ros/humble/share/rclcpp/cmake)
[0.546s] -- Found rosidl_generator_c: 3.1.5 (/opt/ros/humble/share/rosidl_generator_c/cmake)
[0.555s] -- Found rosidl_adapter: 3.1.5 (/opt/ros/humble/share/rosidl_adapter/cmake)
[0.575s] -- Found rosidl_generator_cpp: 3.1.5 (/opt/ros/humble/share/rosidl_generator_cpp/cmake)
[0.627s] -- Using all available rosidl_typesupport_c: rosidl_typesupport_fastrtps_c;rosidl_typesupport_introspection_c
[0.672s] -- Using all available rosidl_typesupport_cpp: rosidl_typesupport_fastrtps_cpp;rosidl_typesupport_introspection_cpp
[0.779s] -- Found rmw_implementation_cmake: 6.1.2 (/opt/ros/humble/share/rmw_implementation_cmake/cmake)
[0.788s] -- Found rmw_fastrtps_cpp: 6.2.6 (/opt/ros/humble/share/rmw_fastrtps_cpp/cmake)
[0.989s] -- Using RMW implementation 'rmw_fastrtps_cpp' as default
[1.282s] -- Found ament_lint_auto: 0.12.11 (/opt/ros/humble/share/ament_lint_auto/cmake)
[1.485s] -- Added test 'cppcheck' to perform static code analysis on C / C++ code
[1.486s] -- Configured cppcheck include dirs: 
[1.486s] -- Configured cppcheck exclude dirs and/or files: 
[1.486s] -- Added test 'flake8' to check Python code syntax and style conventions
[1.486s] -- Added test 'lint_cmake' to check CMake code style
[1.486s] -- Added test 'pep257' to check Python code against some of the docstring style conventions in PEP 257
[1.487s] -- Added test 'uncrustify' to check C / C++ code style
[1.487s] -- Configured uncrustify additional arguments: 
[1.487s] -- Added test 'xmllint' to check XML markup files
[1.500s] -- Configuring done
[1.560s] -- Generating done
[1.565s] -- Build files have been written to: /home/yhan/yhan_ROS2/yhan_ws/build/topic_final
[1.653s] [35m[1mConsolidate compiler generated dependencies of target mpub[0m
[1.722s] [ 10%] [32mBuilding CXX object CMakeFiles/mpub.dir/src/mpub.cpp.o[0m
[9.006s] [ 20%] [32m[1mLinking CXX executable mpub[0m
[9.225s] [ 20%] Built target mpub
[9.247s] [35m[1mConsolidate compiler generated dependencies of target msub[0m
[9.272s] [ 30%] [32mBuilding CXX object CMakeFiles/msub.dir/src/msub.cpp.o[0m
[21.382s] [ 40%] [32m[1mLinking CXX executable msub[0m
[21.907s] [ 40%] Built target msub
[21.926s] [35m[1mConsolidate compiler generated dependencies of target msub2[0m
[21.970s] [ 50%] [32mBuilding CXX object CMakeFiles/msub2.dir/src/msub2.cpp.o[0m
[34.019s] [ 60%] [32m[1mLinking CXX executable msub2[0m
[34.493s] [ 60%] Built target msub2
[34.508s] [35m[1mConsolidate compiler generated dependencies of target tpub[0m
[34.538s] [ 70%] [32mBuilding CXX object CMakeFiles/tpub.dir/src/tpub.cpp.o[0m
[40.842s] [ 80%] [32m[1mLinking CXX executable tpub[0m
[41.080s] [ 80%] Built target tpub
[41.125s] [35m[1mConsolidate compiler generated dependencies of target mtsub[0m
[41.160s] [ 90%] [32mBuilding CXX object CMakeFiles/mtsub.dir/src/mtsub.cpp.o[0m
[56.105s] [100%] [32m[1mLinking CXX executable mtsub[0m
[56.905s] [100%] Built target mtsub
[56.938s] Invoked command in '/home/yhan/yhan_ROS2/yhan_ws/build/topic_final' returned '0': CMAKE_PREFIX_PATH=${CMAKE_PREFIX_PATH}:/opt/ros/humble /usr/bin/cmake --build /home/yhan/yhan_ROS2/yhan_ws/build/topic_final -- -j2 -l2
[57.175s] Invoking command in '/home/yhan/yhan_ROS2/yhan_ws/build/topic_final': CMAKE_PREFIX_PATH=${CMAKE_PREFIX_PATH}:/opt/ros/humble /usr/bin/cmake --install /home/yhan/yhan_ROS2/yhan_ws/build/topic_final
[57.189s] -- Install configuration: ""
[57.189s] -- Execute custom install script
[57.190s] -- Up-to-date symlink: /home/yhan/yhan_ROS2/yhan_ws/install/topic_final/lib/topic_final/mpub
[57.190s] -- Up-to-date symlink: /home/yhan/yhan_ROS2/yhan_ws/install/topic_final/lib/topic_final/msub
[57.190s] -- Up-to-date symlink: /home/yhan/yhan_ROS2/yhan_ws/install/topic_final/lib/topic_final/msub2
[57.190s] -- Up-to-date symlink: /home/yhan/yhan_ROS2/yhan_ws/install/topic_final/lib/topic_final/tpub
[57.190s] -- Up-to-date symlink: /home/yhan/yhan_ROS2/yhan_ws/install/topic_final/lib/topic_final/mtsub
[57.191s] -- Up-to-date symlink: /home/yhan/yhan_ROS2/yhan_ws/install/topic_final/share/topic_final/launch/tmpubsub.launch.py
[57.191s] -- Up-to-date symlink: /home/yhan/yhan_ROS2/yhan_ws/install/topic_final/share/topic_final/param/turtlesim.yaml
[57.191s] -- Up-to-date symlink: /home/yhan/yhan_ROS2/yhan_ws/install/topic_final/share/ament_index/resource_index/package_run_dependencies/topic_final
[57.192s] -- Up-to-date symlink: /home/yhan/yhan_ROS2/yhan_ws/install/topic_final/share/ament_index/resource_index/parent_prefix_path/topic_final
[57.193s] -- Up-to-date symlink: /home/yhan/yhan_ROS2/yhan_ws/install/topic_final/share/topic_final/environment/ament_prefix_path.sh
[57.193s] -- Up-to-date symlink: /home/yhan/yhan_ROS2/yhan_ws/install/topic_final/share/topic_final/environment/ament_prefix_path.dsv
[57.198s] -- Up-to-date symlink: /home/yhan/yhan_ROS2/yhan_ws/install/topic_final/share/topic_final/environment/path.sh
[57.198s] -- Up-to-date symlink: /home/yhan/yhan_ROS2/yhan_ws/install/topic_final/share/topic_final/environment/path.dsv
[57.198s] -- Up-to-date symlink: /home/yhan/yhan_ROS2/yhan_ws/install/topic_final/share/topic_final/local_setup.bash
[57.199s] -- Up-to-date symlink: /home/yhan/yhan_ROS2/yhan_ws/install/topic_final/share/topic_final/local_setup.sh
[57.199s] -- Up-to-date symlink: /home/yhan/yhan_ROS2/yhan_ws/install/topic_final/share/topic_final/local_setup.zsh
[57.199s] -- Up-to-date symlink: /home/yhan/yhan_ROS2/yhan_ws/install/topic_final/share/topic_final/local_setup.dsv
[57.199s] -- Symlinking: /home/yhan/yhan_ROS2/yhan_ws/install/topic_final/share/topic_final/package.dsv
[57.227s] -- Up-to-date symlink: /home/yhan/yhan_ROS2/yhan_ws/install/topic_final/share/ament_index/resource_index/packages/topic_final
[57.232s] -- Up-to-date symlink: /home/yhan/yhan_ROS2/yhan_ws/install/topic_final/share/topic_final/cmake/topic_finalConfig.cmake
[57.232s] -- Up-to-date symlink: /home/yhan/yhan_ROS2/yhan_ws/install/topic_final/share/topic_final/cmake/topic_finalConfig-version.cmake
[57.232s] -- Up-to-date symlink: /home/yhan/yhan_ROS2/yhan_ws/install/topic_final/share/topic_final/package.xml
[57.241s] Invoked command in '/home/yhan/yhan_ROS2/yhan_ws/build/topic_final' returned '0': CMAKE_PREFIX_PATH=${CMAKE_PREFIX_PATH}:/opt/ros/humble /usr/bin/cmake --install /home/yhan/yhan_ROS2/yhan_ws/build/topic_final
