[0.038s] Invoking command in '/home/yhan/yhan_ROS2/yhan_ws/build/move_t_sim': CMAKE_PREFIX_PATH=${CMAKE_PREFIX_PATH}:/opt/ros/humble /usr/bin/cmake --build /home/yhan/yhan_ROS2/yhan_ws/build/move_t_sim -- -j2 -l2
[0.114s] -- Found ament_cmake: 1.3.9 (/opt/ros/humble/share/ament_cmake/cmake)
[0.297s] -- Override CMake install command with custom implementation using symlinks instead of copying resources
[0.327s] -- Found rclcpp: 16.0.9 (/opt/ros/humble/share/rclcpp/cmake)
[0.391s] -- Found rosidl_generator_c: 3.1.5 (/opt/ros/humble/share/rosidl_generator_c/cmake)
[0.401s] -- Found rosidl_adapter: 3.1.5 (/opt/ros/humble/share/rosidl_adapter/cmake)
[0.435s] -- Found rosidl_generator_cpp: 3.1.5 (/opt/ros/humble/share/rosidl_generator_cpp/cmake)
[0.483s] -- Using all available rosidl_typesupport_c: rosidl_typesupport_fastrtps_c;rosidl_typesupport_introspection_c
[0.529s] -- Using all available rosidl_typesupport_cpp: rosidl_typesupport_fastrtps_cpp;rosidl_typesupport_introspection_cpp
[0.673s] -- Found rmw_implementation_cmake: 6.1.2 (/opt/ros/humble/share/rmw_implementation_cmake/cmake)
[0.677s] -- Found rmw_fastrtps_cpp: 6.2.6 (/opt/ros/humble/share/rmw_fastrtps_cpp/cmake)
[1.000s] -- Using RMW implementation 'rmw_fastrtps_cpp' as default
[1.351s] -- Found geometry_msgs: 4.2.4 (/opt/ros/humble/share/geometry_msgs/cmake)
[1.446s] -- Found nav_msgs: 4.2.4 (/opt/ros/humble/share/nav_msgs/cmake)
[1.598s] -- Found tf2: 0.25.7 (/opt/ros/humble/share/tf2/cmake)
[1.617s] -- Found ament_lint_auto: 0.12.11 (/opt/ros/humble/share/ament_lint_auto/cmake)
[1.822s] -- Added test 'cppcheck' to perform static code analysis on C / C++ code
[1.823s] -- Configured cppcheck include dirs: /home/yhan/yhan_ROS2/yhan_ws/src/move_t_sim/include
[1.823s] -- Configured cppcheck exclude dirs and/or files: 
[1.829s] -- Added test 'lint_cmake' to check CMake code style
[1.834s] -- Added test 'uncrustify' to check C / C++ code style
[1.835s] -- Configured uncrustify additional arguments: 
[1.835s] -- Added test 'xmllint' to check XML markup files
[1.837s] -- Configuring done
[1.889s] -- Generating done
[1.891s] -- Build files have been written to: /home/yhan/yhan_ROS2/yhan_ws/build/move_t_sim
[1.972s] [35m[1mConsolidate compiler generated dependencies of target moveTurtleSim[0m
[1.972s] [35m[1mConsolidate compiler generated dependencies of target moveTurtleBot[0m
[2.033s] [ 11%] [32mBuilding CXX object CMakeFiles/moveTurtleBot.dir/src/moveTurtleBot.cpp.o[0m
[2.039s] [ 22%] [32mBuilding CXX object CMakeFiles/moveTurtleSim.dir/src/moveTurtleSim.cpp.o[0m
[13.269s] [ 33%] [32mBuilding CXX object CMakeFiles/moveTurtleSim.dir/src/moveTurtle.cpp.o[0m
[13.540s] [ 44%] [32mBuilding CXX object CMakeFiles/moveTurtleBot.dir/src/moveTurtleBotcpp.cpp.o[0m
[26.352s] [ 55%] [32m[1mLinking CXX executable moveTurtleSim[0m
[27.040s] [ 55%] Built target moveTurtleSim
[33.746s] [ 66%] [32m[1mLinking CXX executable moveTurtleBot[0m
[34.224s] [ 66%] Built target moveTurtleBot
[34.250s] [35m[1mConsolidate compiler generated dependencies of target moveTurtleBot2[0m
[34.279s] [ 77%] [32mBuilding CXX object CMakeFiles/moveTurtleBot2.dir/src/moveTurtleBot2.cpp.o[0m
[38.001s] [ 88%] [32mBuilding CXX object CMakeFiles/moveTurtleBot2.dir/src/moveTurtleBotcpp2.cpp.o[0m
[49.026s] [100%] [32m[1mLinking CXX executable moveTurtleBot2[0m
[49.432s] [100%] Built target moveTurtleBot2
[49.444s] Invoked command in '/home/yhan/yhan_ROS2/yhan_ws/build/move_t_sim' returned '0': CMAKE_PREFIX_PATH=${CMAKE_PREFIX_PATH}:/opt/ros/humble /usr/bin/cmake --build /home/yhan/yhan_ROS2/yhan_ws/build/move_t_sim -- -j2 -l2
[49.512s] Invoking command in '/home/yhan/yhan_ROS2/yhan_ws/build/move_t_sim': CMAKE_PREFIX_PATH=${CMAKE_PREFIX_PATH}:/opt/ros/humble /usr/bin/cmake --install /home/yhan/yhan_ROS2/yhan_ws/build/move_t_sim
[49.526s] -- Install configuration: ""
[49.527s] -- Execute custom install script
[49.529s] -- Up-to-date symlink: /home/yhan/yhan_ROS2/yhan_ws/install/move_t_sim/lib/move_t_sim/moveTurtleSim
[49.529s] -- Up-to-date symlink: /home/yhan/yhan_ROS2/yhan_ws/install/move_t_sim/lib/move_t_sim/moveTurtleBot
[49.530s] -- Up-to-date symlink: /home/yhan/yhan_ROS2/yhan_ws/install/move_t_sim/lib/move_t_sim/moveTurtleBot2
[49.532s] -- Up-to-date symlink: /home/yhan/yhan_ROS2/yhan_ws/install/move_t_sim/share/ament_index/resource_index/package_run_dependencies/move_t_sim
[49.533s] -- Up-to-date symlink: /home/yhan/yhan_ROS2/yhan_ws/install/move_t_sim/share/ament_index/resource_index/parent_prefix_path/move_t_sim
[49.534s] -- Up-to-date symlink: /home/yhan/yhan_ROS2/yhan_ws/install/move_t_sim/share/move_t_sim/environment/ament_prefix_path.sh
[49.535s] -- Up-to-date symlink: /home/yhan/yhan_ROS2/yhan_ws/install/move_t_sim/share/move_t_sim/environment/ament_prefix_path.dsv
[49.536s] -- Up-to-date symlink: /home/yhan/yhan_ROS2/yhan_ws/install/move_t_sim/share/move_t_sim/environment/path.sh
[49.537s] -- Up-to-date symlink: /home/yhan/yhan_ROS2/yhan_ws/install/move_t_sim/share/move_t_sim/environment/path.dsv
[49.538s] -- Up-to-date symlink: /home/yhan/yhan_ROS2/yhan_ws/install/move_t_sim/share/move_t_sim/local_setup.bash
[49.539s] -- Up-to-date symlink: /home/yhan/yhan_ROS2/yhan_ws/install/move_t_sim/share/move_t_sim/local_setup.sh
[49.540s] -- Up-to-date symlink: /home/yhan/yhan_ROS2/yhan_ws/install/move_t_sim/share/move_t_sim/local_setup.zsh
[49.541s] -- Up-to-date symlink: /home/yhan/yhan_ROS2/yhan_ws/install/move_t_sim/share/move_t_sim/local_setup.dsv
[49.542s] -- Symlinking: /home/yhan/yhan_ROS2/yhan_ws/install/move_t_sim/share/move_t_sim/package.dsv
[49.556s] -- Up-to-date symlink: /home/yhan/yhan_ROS2/yhan_ws/install/move_t_sim/share/ament_index/resource_index/packages/move_t_sim
[49.559s] -- Up-to-date symlink: /home/yhan/yhan_ROS2/yhan_ws/install/move_t_sim/share/move_t_sim/cmake/move_t_simConfig.cmake
[49.559s] -- Up-to-date symlink: /home/yhan/yhan_ROS2/yhan_ws/install/move_t_sim/share/move_t_sim/cmake/move_t_simConfig-version.cmake
[49.560s] -- Up-to-date symlink: /home/yhan/yhan_ROS2/yhan_ws/install/move_t_sim/share/move_t_sim/package.xml
[49.566s] Invoked command in '/home/yhan/yhan_ROS2/yhan_ws/build/move_t_sim' returned '0': CMAKE_PREFIX_PATH=${CMAKE_PREFIX_PATH}:/opt/ros/humble /usr/bin/cmake --install /home/yhan/yhan_ROS2/yhan_ws/build/move_t_sim
