[0.027s] Invoking command in '/home/yhan/yhan_ROS2/yhan_ws/src/build/move_t_sim': CMAKE_PREFIX_PATH=/opt/ros/humble /usr/bin/cmake /home/yhan/yhan_ROS2/yhan_ws/src/move_t_sim -DAMENT_CMAKE_SYMLINK_INSTALL=1 -DCMAKE_INSTALL_PREFIX=/home/yhan/yhan_ROS2/yhan_ws/src/install/move_t_sim
[0.195s] -- The C compiler identification is GNU 11.4.0
[0.325s] -- The CXX compiler identification is GNU 11.4.0
[0.336s] -- Detecting C compiler ABI info
[0.496s] -- Detecting C compiler ABI info - done
[0.501s] -- Check for working C compiler: /usr/bin/cc - skipped
[0.501s] -- Detecting C compile features
[0.502s] -- Detecting C compile features - done
[0.506s] -- Detecting CXX compiler ABI info
[0.639s] -- Detecting CXX compiler ABI info - done
[0.643s] -- Check for working CXX compiler: /usr/bin/c++ - skipped
[0.643s] -- Detecting CXX compile features
[0.643s] -- Detecting CXX compile features - done
[0.652s] -- Found ament_cmake: 1.3.9 (/opt/ros/humble/share/ament_cmake/cmake)
[0.867s] -- Found Python3: /usr/bin/python3 (found version "3.10.12") found components: Interpreter 
[0.984s] -- Override CMake install command with custom implementation using symlinks instead of copying resources
[1.046s] -- Found rclcpp: 16.0.9 (/opt/ros/humble/share/rclcpp/cmake)
[1.108s] -- Found rosidl_generator_c: 3.1.5 (/opt/ros/humble/share/rosidl_generator_c/cmake)
[1.124s] -- Found rosidl_adapter: 3.1.5 (/opt/ros/humble/share/rosidl_adapter/cmake)
[1.145s] -- Found rosidl_generator_cpp: 3.1.5 (/opt/ros/humble/share/rosidl_generator_cpp/cmake)
[1.167s] -- Using all available rosidl_typesupport_c: rosidl_typesupport_fastrtps_c;rosidl_typesupport_introspection_c
[1.207s] -- Using all available rosidl_typesupport_cpp: rosidl_typesupport_fastrtps_cpp;rosidl_typesupport_introspection_cpp
[1.363s] -- Found rmw_implementation_cmake: 6.1.2 (/opt/ros/humble/share/rmw_implementation_cmake/cmake)
[1.390s] -- Found rmw_fastrtps_cpp: 6.2.6 (/opt/ros/humble/share/rmw_fastrtps_cpp/cmake)
[1.513s] -- Found OpenSSL: /usr/lib/x86_64-linux-gnu/libcrypto.so (found version "3.0.2")  
[1.537s] -- Found FastRTPS: /opt/ros/humble/include  
[1.589s] -- Using RMW implementation 'rmw_fastrtps_cpp' as default
[1.599s] -- Looking for pthread.h
[1.700s] -- Looking for pthread.h - found
[1.700s] -- Performing Test CMAKE_HAVE_LIBC_PTHREAD
[1.776s] -- Performing Test CMAKE_HAVE_LIBC_PTHREAD - Success
[1.777s] -- Found Threads: TRUE  
[1.925s] -- Found geometry_msgs: 4.2.4 (/opt/ros/humble/share/geometry_msgs/cmake)
[1.963s] -- Found nav_msgs: 4.2.4 (/opt/ros/humble/share/nav_msgs/cmake)
[2.035s] -- Found ament_lint_auto: 0.12.11 (/opt/ros/humble/share/ament_lint_auto/cmake)
[2.125s] -- Added test 'cppcheck' to perform static code analysis on C / C++ code
[2.126s] -- Configured cppcheck include dirs: /home/yhan/yhan_ROS2/yhan_ws/src/move_t_sim/include
[2.126s] -- Configured cppcheck exclude dirs and/or files: 
[2.128s] -- Added test 'lint_cmake' to check CMake code style
[2.130s] -- Added test 'uncrustify' to check C / C++ code style
[2.130s] -- Configured uncrustify additional arguments: 
[2.131s] -- Added test 'xmllint' to check XML markup files
[2.135s] -- Configuring done
[2.148s] -- Generating done
[2.150s] -- Build files have been written to: /home/yhan/yhan_ROS2/yhan_ws/src/build/move_t_sim
[2.160s] Invoked command in '/home/yhan/yhan_ROS2/yhan_ws/src/build/move_t_sim' returned '0': CMAKE_PREFIX_PATH=/opt/ros/humble /usr/bin/cmake /home/yhan/yhan_ROS2/yhan_ws/src/move_t_sim -DAMENT_CMAKE_SYMLINK_INSTALL=1 -DCMAKE_INSTALL_PREFIX=/home/yhan/yhan_ROS2/yhan_ws/src/install/move_t_sim
[2.162s] Invoking command in '/home/yhan/yhan_ROS2/yhan_ws/src/build/move_t_sim': CMAKE_PREFIX_PATH=/opt/ros/humble /usr/bin/cmake --build /home/yhan/yhan_ROS2/yhan_ws/src/build/move_t_sim -- -j2 -l2
[2.216s] [ 16%] [32mBuilding CXX object CMakeFiles/moveTurtleBot.dir/src/moveTurtleBot.cpp.o[0m
[2.226s] [ 33%] [32mBuilding CXX object CMakeFiles/moveTurtleSim.dir/src/moveTurtleSim.cpp.o[0m
[6.119s] [ 50%] [32mBuilding CXX object CMakeFiles/moveTurtleSim.dir/src/moveTurtle.cpp.o[0m
[6.166s] [ 66%] [32mBuilding CXX object CMakeFiles/moveTurtleBot.dir/src/moveTurtleBotcpp.cpp.o[0m
[11.381s] [ 83%] [32m[1mLinking CXX executable moveTurtleSim[0m
[11.644s] [ 83%] Built target moveTurtleSim
[15.087s] [100%] [32m[1mLinking CXX executable moveTurtleBot[0m
[15.442s] [100%] Built target moveTurtleBot
[15.480s] Invoked command in '/home/yhan/yhan_ROS2/yhan_ws/src/build/move_t_sim' returned '0': CMAKE_PREFIX_PATH=/opt/ros/humble /usr/bin/cmake --build /home/yhan/yhan_ROS2/yhan_ws/src/build/move_t_sim -- -j2 -l2
[15.527s] Invoking command in '/home/yhan/yhan_ROS2/yhan_ws/src/build/move_t_sim': CMAKE_PREFIX_PATH=/opt/ros/humble /usr/bin/cmake --install /home/yhan/yhan_ROS2/yhan_ws/src/build/move_t_sim
[15.538s] -- Install configuration: ""
[15.538s] -- Execute custom install script
[15.540s] -- Symlinking: /home/yhan/yhan_ROS2/yhan_ws/src/install/move_t_sim/lib/move_t_sim/moveTurtleSim
[15.554s] -- Symlinking: /home/yhan/yhan_ROS2/yhan_ws/src/install/move_t_sim/lib/move_t_sim/moveTurtleBot
[15.559s] -- Symlinking: /home/yhan/yhan_ROS2/yhan_ws/src/install/move_t_sim/share/ament_index/resource_index/package_run_dependencies/move_t_sim
[15.571s] -- Symlinking: /home/yhan/yhan_ROS2/yhan_ws/src/install/move_t_sim/share/ament_index/resource_index/parent_prefix_path/move_t_sim
[15.583s] -- Symlinking: /home/yhan/yhan_ROS2/yhan_ws/src/install/move_t_sim/share/move_t_sim/environment/ament_prefix_path.sh
[15.606s] -- Symlinking: /home/yhan/yhan_ROS2/yhan_ws/src/install/move_t_sim/share/move_t_sim/environment/ament_prefix_path.dsv
[15.624s] -- Symlinking: /home/yhan/yhan_ROS2/yhan_ws/src/install/move_t_sim/share/move_t_sim/environment/path.sh
[15.639s] -- Symlinking: /home/yhan/yhan_ROS2/yhan_ws/src/install/move_t_sim/share/move_t_sim/environment/path.dsv
[15.650s] -- Symlinking: /home/yhan/yhan_ROS2/yhan_ws/src/install/move_t_sim/share/move_t_sim/local_setup.bash
[15.662s] -- Symlinking: /home/yhan/yhan_ROS2/yhan_ws/src/install/move_t_sim/share/move_t_sim/local_setup.sh
[15.669s] -- Symlinking: /home/yhan/yhan_ROS2/yhan_ws/src/install/move_t_sim/share/move_t_sim/local_setup.zsh
[15.677s] -- Symlinking: /home/yhan/yhan_ROS2/yhan_ws/src/install/move_t_sim/share/move_t_sim/local_setup.dsv
[15.684s] -- Symlinking: /home/yhan/yhan_ROS2/yhan_ws/src/install/move_t_sim/share/move_t_sim/package.dsv
[15.690s] -- Symlinking: /home/yhan/yhan_ROS2/yhan_ws/src/install/move_t_sim/share/ament_index/resource_index/packages/move_t_sim
[15.697s] -- Symlinking: /home/yhan/yhan_ROS2/yhan_ws/src/install/move_t_sim/share/move_t_sim/cmake/move_t_simConfig.cmake
[15.704s] -- Symlinking: /home/yhan/yhan_ROS2/yhan_ws/src/install/move_t_sim/share/move_t_sim/cmake/move_t_simConfig-version.cmake
[15.715s] -- Symlinking: /home/yhan/yhan_ROS2/yhan_ws/src/install/move_t_sim/share/move_t_sim/package.xml
[15.726s] Invoked command in '/home/yhan/yhan_ROS2/yhan_ws/src/build/move_t_sim' returned '0': CMAKE_PREFIX_PATH=/opt/ros/humble /usr/bin/cmake --install /home/yhan/yhan_ROS2/yhan_ws/src/build/move_t_sim
