[0.011s] Invoking command in '/home/yhan/yhan_ROS2/yhan_ws/src/build/move_t_sim': CMAKE_PREFIX_PATH=${CMAKE_PREFIX_PATH}:/opt/ros/humble /usr/bin/cmake /home/yhan/yhan_ROS2/yhan_ws/src/move_t_sim -DCMAKE_INSTALL_PREFIX=/home/yhan/yhan_ROS2/yhan_ws/src/install/move_t_sim
[0.030s] -- Found ament_cmake: 1.3.9 (/opt/ros/humble/share/ament_cmake/cmake)
[0.201s] -- Override CMake install command with custom implementation using symlinks instead of copying resources
[0.210s] -- Found rclcpp: 16.0.9 (/opt/ros/humble/share/rclcpp/cmake)
[0.249s] -- Found rosidl_generator_c: 3.1.5 (/opt/ros/humble/share/rosidl_generator_c/cmake)
[0.251s] -- Found rosidl_adapter: 3.1.5 (/opt/ros/humble/share/rosidl_adapter/cmake)
[0.259s] -- Found rosidl_generator_cpp: 3.1.5 (/opt/ros/humble/share/rosidl_generator_cpp/cmake)
[0.278s] -- Using all available rosidl_typesupport_c: rosidl_typesupport_fastrtps_c;rosidl_typesupport_introspection_c
[0.295s] -- Using all available rosidl_typesupport_cpp: rosidl_typesupport_fastrtps_cpp;rosidl_typesupport_introspection_cpp
[0.365s] -- Found rmw_implementation_cmake: 6.1.2 (/opt/ros/humble/share/rmw_implementation_cmake/cmake)
[0.367s] -- Found rmw_fastrtps_cpp: 6.2.6 (/opt/ros/humble/share/rmw_fastrtps_cpp/cmake)
[0.593s] -- Using RMW implementation 'rmw_fastrtps_cpp' as default
[0.806s] -- Found geometry_msgs: 4.2.4 (/opt/ros/humble/share/geometry_msgs/cmake)
[0.883s] -- Found nav_msgs: 4.2.4 (/opt/ros/humble/share/nav_msgs/cmake)
[0.996s] -- Found ament_lint_auto: 0.12.11 (/opt/ros/humble/share/ament_lint_auto/cmake)
[1.145s] -- Added test 'cppcheck' to perform static code analysis on C / C++ code
[1.146s] -- Configured cppcheck include dirs: /home/yhan/yhan_ROS2/yhan_ws/src/move_t_sim/include
[1.146s] -- Configured cppcheck exclude dirs and/or files: 
[1.149s] -- Added test 'lint_cmake' to check CMake code style
[1.150s] -- Added test 'uncrustify' to check C / C++ code style
[1.150s] -- Configured uncrustify additional arguments: 
[1.151s] -- Added test 'xmllint' to check XML markup files
[1.154s] -- Configuring done
[1.182s] -- Generating done
[1.185s] -- Build files have been written to: /home/yhan/yhan_ROS2/yhan_ws/src/build/move_t_sim
[1.200s] Invoked command in '/home/yhan/yhan_ROS2/yhan_ws/src/build/move_t_sim' returned '0': CMAKE_PREFIX_PATH=${CMAKE_PREFIX_PATH}:/opt/ros/humble /usr/bin/cmake /home/yhan/yhan_ROS2/yhan_ws/src/move_t_sim -DCMAKE_INSTALL_PREFIX=/home/yhan/yhan_ROS2/yhan_ws/src/install/move_t_sim
[1.201s] Invoking command in '/home/yhan/yhan_ROS2/yhan_ws/src/build/move_t_sim': CMAKE_PREFIX_PATH=${CMAKE_PREFIX_PATH}:/opt/ros/humble /usr/bin/cmake --build /home/yhan/yhan_ROS2/yhan_ws/src/build/move_t_sim -- -j2 -l2
[1.268s] [35m[1mConsolidate compiler generated dependencies of target moveTurtleBot[0m
[1.286s] [35m[1mConsolidate compiler generated dependencies of target moveTurtleSim[0m
[1.319s] [ 50%] Built target moveTurtleBot
[1.330s] [100%] Built target moveTurtleSim
[1.358s] Invoked command in '/home/yhan/yhan_ROS2/yhan_ws/src/build/move_t_sim' returned '0': CMAKE_PREFIX_PATH=${CMAKE_PREFIX_PATH}:/opt/ros/humble /usr/bin/cmake --build /home/yhan/yhan_ROS2/yhan_ws/src/build/move_t_sim -- -j2 -l2
[1.411s] Invoking command in '/home/yhan/yhan_ROS2/yhan_ws/src/build/move_t_sim': CMAKE_PREFIX_PATH=${CMAKE_PREFIX_PATH}:/opt/ros/humble /usr/bin/cmake --install /home/yhan/yhan_ROS2/yhan_ws/src/build/move_t_sim
[1.420s] -- Install configuration: ""
[1.420s] -- Execute custom install script
[1.421s] -- Up-to-date symlink: /home/yhan/yhan_ROS2/yhan_ws/src/install/move_t_sim/lib/move_t_sim/moveTurtleSim
[1.421s] -- Up-to-date symlink: /home/yhan/yhan_ROS2/yhan_ws/src/install/move_t_sim/lib/move_t_sim/moveTurtleBot
[1.421s] -- Up-to-date symlink: /home/yhan/yhan_ROS2/yhan_ws/src/install/move_t_sim/share/ament_index/resource_index/package_run_dependencies/move_t_sim
[1.421s] -- Up-to-date symlink: /home/yhan/yhan_ROS2/yhan_ws/src/install/move_t_sim/share/ament_index/resource_index/parent_prefix_path/move_t_sim
[1.422s] -- Up-to-date symlink: /home/yhan/yhan_ROS2/yhan_ws/src/install/move_t_sim/share/move_t_sim/environment/ament_prefix_path.sh
[1.422s] -- Up-to-date symlink: /home/yhan/yhan_ROS2/yhan_ws/src/install/move_t_sim/share/move_t_sim/environment/ament_prefix_path.dsv
[1.422s] -- Up-to-date symlink: /home/yhan/yhan_ROS2/yhan_ws/src/install/move_t_sim/share/move_t_sim/environment/path.sh
[1.422s] -- Up-to-date symlink: /home/yhan/yhan_ROS2/yhan_ws/src/install/move_t_sim/share/move_t_sim/environment/path.dsv
[1.423s] -- Up-to-date symlink: /home/yhan/yhan_ROS2/yhan_ws/src/install/move_t_sim/share/move_t_sim/local_setup.bash
[1.423s] -- Up-to-date symlink: /home/yhan/yhan_ROS2/yhan_ws/src/install/move_t_sim/share/move_t_sim/local_setup.sh
[1.423s] -- Up-to-date symlink: /home/yhan/yhan_ROS2/yhan_ws/src/install/move_t_sim/share/move_t_sim/local_setup.zsh
[1.423s] -- Up-to-date symlink: /home/yhan/yhan_ROS2/yhan_ws/src/install/move_t_sim/share/move_t_sim/local_setup.dsv
[1.423s] -- Symlinking: /home/yhan/yhan_ROS2/yhan_ws/src/install/move_t_sim/share/move_t_sim/package.dsv
[1.433s] -- Up-to-date symlink: /home/yhan/yhan_ROS2/yhan_ws/src/install/move_t_sim/share/ament_index/resource_index/packages/move_t_sim
[1.433s] -- Up-to-date symlink: /home/yhan/yhan_ROS2/yhan_ws/src/install/move_t_sim/share/move_t_sim/cmake/move_t_simConfig.cmake
[1.433s] -- Up-to-date symlink: /home/yhan/yhan_ROS2/yhan_ws/src/install/move_t_sim/share/move_t_sim/cmake/move_t_simConfig-version.cmake
[1.433s] -- Up-to-date symlink: /home/yhan/yhan_ROS2/yhan_ws/src/install/move_t_sim/share/move_t_sim/package.xml
[1.438s] Invoked command in '/home/yhan/yhan_ROS2/yhan_ws/src/build/move_t_sim' returned '0': CMAKE_PREFIX_PATH=${CMAKE_PREFIX_PATH}:/opt/ros/humble /usr/bin/cmake --install /home/yhan/yhan_ROS2/yhan_ws/src/build/move_t_sim
