-- Found ament_cmake: 1.3.9 (/opt/ros/humble/share/ament_cmake/cmake)
-- Override CMake install command with custom implementation using symlinks instead of copying resources
-- Found rclcpp: 16.0.9 (/opt/ros/humble/share/rclcpp/cmake)
-- Found rosidl_generator_c: 3.1.5 (/opt/ros/humble/share/rosidl_generator_c/cmake)
-- Found rosidl_adapter: 3.1.5 (/opt/ros/humble/share/rosidl_adapter/cmake)
-- Found rosidl_generator_cpp: 3.1.5 (/opt/ros/humble/share/rosidl_generator_cpp/cmake)
-- Using all available rosidl_typesupport_c: rosidl_typesupport_fastrtps_c;rosidl_typesupport_introspection_c
-- Using all available rosidl_typesupport_cpp: rosidl_typesupport_fastrtps_cpp;rosidl_typesupport_introspection_cpp
-- Found rmw_implementation_cmake: 6.1.2 (/opt/ros/humble/share/rmw_implementation_cmake/cmake)
-- Found rmw_fastrtps_cpp: 6.2.6 (/opt/ros/humble/share/rmw_fastrtps_cpp/cmake)
-- Using RMW implementation 'rmw_fastrtps_cpp' as default
-- Found example_interfaces: 0.9.3 (/opt/ros/humble/share/example_interfaces/cmake)
-- Found ament_lint_auto: 0.12.11 (/opt/ros/humble/share/ament_lint_auto/cmake)
-- Added test 'cppcheck' to perform static code analysis on C / C++ code
-- Configured cppcheck include dirs: /home/yhan/yhan_ROS2/yhan_ws/src/simple_pkg_cpp/include
-- Configured cppcheck exclude dirs and/or files: 
-- Added test 'lint_cmake' to check CMake code style
-- Added test 'uncrustify' to check C / C++ code style
-- Configured uncrustify additional arguments: 
-- Added test 'xmllint' to check XML markup files
-- Configuring done
-- Generating done
-- Build files have been written to: /home/yhan/yhan_ROS2/yhan_ws/build/simple_pkg_cpp
[35m[1mConsolidate compiler generated dependencies of target helloword[0m
[  3%] [32mBuilding CXX object CMakeFiles/helloword.dir/src/helloworld.cpp.o[0m
[  7%] [32m[1mLinking CXX executable helloword[0m
[  7%] Built target helloword
[35m[1mConsolidate compiler generated dependencies of target helloOpenCV[0m
[ 10%] [32mBuilding CXX object CMakeFiles/helloOpenCV.dir/src/helloOpenCV.cpp.o[0m
[ 14%] [32m[1mLinking CXX executable helloOpenCV[0m
[ 14%] Built target helloOpenCV
[35m[1mConsolidate compiler generated dependencies of target hello_publisher[0m
[ 17%] [32mBuilding CXX object CMakeFiles/hello_publisher.dir/src/hello_publisher.cpp.o[0m
[ 21%] [32m[1mLinking CXX executable hello_publisher[0m
[ 21%] Built target hello_publisher
[35m[1mConsolidate compiler generated dependencies of target hello_publisher2[0m
[ 25%] [32mBuilding CXX object CMakeFiles/hello_publisher2.dir/src/hello_publisher2.cpp.o[0m
[ 28%] [32m[1mLinking CXX executable hello_publisher2[0m
[ 28%] Built target hello_publisher2
[35m[1mConsolidate compiler generated dependencies of target hello_publisher_class[0m
[ 32%] [32mBuilding CXX object CMakeFiles/hello_publisher_class.dir/src/hello_publisher_class.cpp.o[0m
[ 35%] [32m[1mLinking CXX executable hello_publisher_class[0m
[ 35%] Built target hello_publisher_class
[35m[1mConsolidate compiler generated dependencies of target hello_publisher_class2[0m
[ 39%] [32mBuilding CXX object CMakeFiles/hello_publisher_class2.dir/src/hello_publisher_class2.cpp.o[0m
[ 42%] [32mBuilding CXX object CMakeFiles/hello_publisher_class2.dir/src/publisher.cpp.o[0m
[ 46%] [32m[1mLinking CXX executable hello_publisher_class2[0m
[ 46%] Built target hello_publisher_class2
[35m[1mConsolidate compiler generated dependencies of target hello_subscriber_class[0m
[ 50%] [32mBuilding CXX object CMakeFiles/hello_subscriber_class.dir/src/hello_subscriber_class.cpp.o[0m
[ 53%] [32mBuilding CXX object CMakeFiles/hello_subscriber_class.dir/src/subscriber.cpp.o[0m
[ 57%] [32m[1mLinking CXX executable hello_subscriber_class[0m
[ 57%] Built target hello_subscriber_class
[35m[1mConsolidate compiler generated dependencies of target time_publisher_class[0m
[ 60%] [32mBuilding CXX object CMakeFiles/time_publisher_class.dir/src/time_publisher_class.cpp.o[0m
[ 64%] [32mBuilding CXX object CMakeFiles/time_publisher_class.dir/src/time_pub.cpp.o[0m
[ 67%] [32m[1mLinking CXX executable time_publisher_class[0m
[ 67%] Built target time_publisher_class
[35m[1mConsolidate compiler generated dependencies of target time_subscriber_class[0m
[ 71%] [32mBuilding CXX object CMakeFiles/time_subscriber_class.dir/src/time_subscriber_class.cpp.o[0m
[ 75%] [32mBuilding CXX object CMakeFiles/time_subscriber_class.dir/src/time_sub.cpp.o[0m
[ 78%] [32m[1mLinking CXX executable time_subscriber_class[0m
[ 78%] Built target time_subscriber_class
[ 82%] [32mBuilding CXX object CMakeFiles/simple_service_server.dir/src/simple_service_server.cpp.o[0m
[ 85%] [32m[1mLinking CXX executable simple_service_server[0m
[ 85%] Built target simple_service_server
[ 89%] [32mBuilding CXX object CMakeFiles/simple_service_client.dir/src/simple_service_client.cpp.o[0m
[ 92%] [32m[1mLinking CXX executable simple_service_client[0m
[ 92%] Built target simple_service_client
[ 96%] [32mBuilding CXX object CMakeFiles/simple_service_client2.dir/src/simple_service_client2.cpp.o[0m
[100%] [32m[1mLinking CXX executable simple_service_client2[0m
[100%] Built target simple_service_client2
-- Install configuration: ""
-- Execute custom install script
-- Up-to-date symlink: /home/yhan/yhan_ROS2/yhan_ws/install/simple_pkg_cpp/lib/simple_pkg_cpp/helloword
-- Up-to-date symlink: /home/yhan/yhan_ROS2/yhan_ws/install/simple_pkg_cpp/lib/simple_pkg_cpp/helloOpenCV
-- Up-to-date symlink: /home/yhan/yhan_ROS2/yhan_ws/install/simple_pkg_cpp/lib/simple_pkg_cpp/hello_publisher
-- Up-to-date symlink: /home/yhan/yhan_ROS2/yhan_ws/install/simple_pkg_cpp/lib/simple_pkg_cpp/hello_publisher2
-- Up-to-date symlink: /home/yhan/yhan_ROS2/yhan_ws/install/simple_pkg_cpp/lib/simple_pkg_cpp/hello_publisher_class
-- Up-to-date symlink: /home/yhan/yhan_ROS2/yhan_ws/install/simple_pkg_cpp/lib/simple_pkg_cpp/hello_publisher_class2
-- Up-to-date symlink: /home/yhan/yhan_ROS2/yhan_ws/install/simple_pkg_cpp/lib/simple_pkg_cpp/hello_subscriber_class
-- Up-to-date symlink: /home/yhan/yhan_ROS2/yhan_ws/install/simple_pkg_cpp/lib/simple_pkg_cpp/time_publisher_class
-- Up-to-date symlink: /home/yhan/yhan_ROS2/yhan_ws/install/simple_pkg_cpp/lib/simple_pkg_cpp/time_subscriber_class
-- Symlinking: /home/yhan/yhan_ROS2/yhan_ws/install/simple_pkg_cpp/lib/simple_pkg_cpp/simple_service_server
-- Symlinking: /home/yhan/yhan_ROS2/yhan_ws/install/simple_pkg_cpp/lib/simple_pkg_cpp/simple_service_client
-- Symlinking: /home/yhan/yhan_ROS2/yhan_ws/install/simple_pkg_cpp/lib/simple_pkg_cpp/simple_service_client2
-- Up-to-date symlink: /home/yhan/yhan_ROS2/yhan_ws/install/simple_pkg_cpp/share/ament_index/resource_index/package_run_dependencies/simple_pkg_cpp
-- Up-to-date symlink: /home/yhan/yhan_ROS2/yhan_ws/install/simple_pkg_cpp/share/ament_index/resource_index/parent_prefix_path/simple_pkg_cpp
-- Up-to-date symlink: /home/yhan/yhan_ROS2/yhan_ws/install/simple_pkg_cpp/share/simple_pkg_cpp/environment/ament_prefix_path.sh
-- Up-to-date symlink: /home/yhan/yhan_ROS2/yhan_ws/install/simple_pkg_cpp/share/simple_pkg_cpp/environment/ament_prefix_path.dsv
-- Up-to-date symlink: /home/yhan/yhan_ROS2/yhan_ws/install/simple_pkg_cpp/share/simple_pkg_cpp/environment/path.sh
-- Up-to-date symlink: /home/yhan/yhan_ROS2/yhan_ws/install/simple_pkg_cpp/share/simple_pkg_cpp/environment/path.dsv
-- Up-to-date symlink: /home/yhan/yhan_ROS2/yhan_ws/install/simple_pkg_cpp/share/simple_pkg_cpp/local_setup.bash
-- Up-to-date symlink: /home/yhan/yhan_ROS2/yhan_ws/install/simple_pkg_cpp/share/simple_pkg_cpp/local_setup.sh
-- Up-to-date symlink: /home/yhan/yhan_ROS2/yhan_ws/install/simple_pkg_cpp/share/simple_pkg_cpp/local_setup.zsh
-- Up-to-date symlink: /home/yhan/yhan_ROS2/yhan_ws/install/simple_pkg_cpp/share/simple_pkg_cpp/local_setup.dsv
-- Symlinking: /home/yhan/yhan_ROS2/yhan_ws/install/simple_pkg_cpp/share/simple_pkg_cpp/package.dsv
-- Up-to-date symlink: /home/yhan/yhan_ROS2/yhan_ws/install/simple_pkg_cpp/share/ament_index/resource_index/packages/simple_pkg_cpp
-- Up-to-date symlink: /home/yhan/yhan_ROS2/yhan_ws/install/simple_pkg_cpp/share/simple_pkg_cpp/cmake/simple_pkg_cppConfig.cmake
-- Up-to-date symlink: /home/yhan/yhan_ROS2/yhan_ws/install/simple_pkg_cpp/share/simple_pkg_cpp/cmake/simple_pkg_cppConfig-version.cmake
-- Up-to-date symlink: /home/yhan/yhan_ROS2/yhan_ws/install/simple_pkg_cpp/share/simple_pkg_cpp/package.xml
