[0.020s] Invoking command in '/home/yhan/yhan_ROS2/yhan_ws/src/build/turtlebot3_simulations': AMENT_PREFIX_PATH=/home/yhan/yhan_ROS2/yhan_ws/src/install/turtlebot3_gazebo:/home/yhan/yhan_ROS2/yhan_ws/src/install/turtlebot3_fake_node:${AMENT_PREFIX_PATH} CMAKE_PREFIX_PATH=/home/yhan/yhan_ROS2/yhan_ws/src/install/turtlebot3_gazebo:/home/yhan/yhan_ROS2/yhan_ws/src/install/turtlebot3_fake_node:/home/yhan/yhan_ROS2/yhan_ws/install/simple_pkg_cpp:/opt/ros/humble /usr/bin/cmake --build /home/yhan/yhan_ROS2/yhan_ws/src/build/turtlebot3_simulations -- -j2 -l2
[0.078s] Invoked command in '/home/yhan/yhan_ROS2/yhan_ws/src/build/turtlebot3_simulations' returned '0': AMENT_PREFIX_PATH=/home/yhan/yhan_ROS2/yhan_ws/src/install/turtlebot3_gazebo:/home/yhan/yhan_ROS2/yhan_ws/src/install/turtlebot3_fake_node:${AMENT_PREFIX_PATH} CMAKE_PREFIX_PATH=/home/yhan/yhan_ROS2/yhan_ws/src/install/turtlebot3_gazebo:/home/yhan/yhan_ROS2/yhan_ws/src/install/turtlebot3_fake_node:/home/yhan/yhan_ROS2/yhan_ws/install/simple_pkg_cpp:/opt/ros/humble /usr/bin/cmake --build /home/yhan/yhan_ROS2/yhan_ws/src/build/turtlebot3_simulations -- -j2 -l2
[0.099s] Invoking command in '/home/yhan/yhan_ROS2/yhan_ws/src/build/turtlebot3_simulations': AMENT_PREFIX_PATH=/home/yhan/yhan_ROS2/yhan_ws/src/install/turtlebot3_gazebo:/home/yhan/yhan_ROS2/yhan_ws/src/install/turtlebot3_fake_node:${AMENT_PREFIX_PATH} CMAKE_PREFIX_PATH=/home/yhan/yhan_ROS2/yhan_ws/src/install/turtlebot3_gazebo:/home/yhan/yhan_ROS2/yhan_ws/src/install/turtlebot3_fake_node:/home/yhan/yhan_ROS2/yhan_ws/install/simple_pkg_cpp:/opt/ros/humble /usr/bin/cmake --install /home/yhan/yhan_ROS2/yhan_ws/src/build/turtlebot3_simulations
[0.110s] -- Install configuration: ""
[0.111s] -- Execute custom install script
[0.111s] -- Up-to-date symlink: /home/yhan/yhan_ROS2/yhan_ws/src/install/turtlebot3_simulations/share/ament_index/resource_index/package_run_dependencies/turtlebot3_simulations
[0.112s] -- Up-to-date symlink: /home/yhan/yhan_ROS2/yhan_ws/src/install/turtlebot3_simulations/share/ament_index/resource_index/parent_prefix_path/turtlebot3_simulations
[0.112s] -- Up-to-date symlink: /home/yhan/yhan_ROS2/yhan_ws/src/install/turtlebot3_simulations/share/turtlebot3_simulations/environment/ament_prefix_path.sh
[0.113s] -- Up-to-date symlink: /home/yhan/yhan_ROS2/yhan_ws/src/install/turtlebot3_simulations/share/turtlebot3_simulations/environment/ament_prefix_path.dsv
[0.113s] -- Up-to-date symlink: /home/yhan/yhan_ROS2/yhan_ws/src/install/turtlebot3_simulations/share/turtlebot3_simulations/environment/path.sh
[0.114s] -- Up-to-date symlink: /home/yhan/yhan_ROS2/yhan_ws/src/install/turtlebot3_simulations/share/turtlebot3_simulations/environment/path.dsv
[0.114s] -- Up-to-date symlink: /home/yhan/yhan_ROS2/yhan_ws/src/install/turtlebot3_simulations/share/turtlebot3_simulations/local_setup.bash
[0.115s] -- Up-to-date symlink: /home/yhan/yhan_ROS2/yhan_ws/src/install/turtlebot3_simulations/share/turtlebot3_simulations/local_setup.sh
[0.115s] -- Up-to-date symlink: /home/yhan/yhan_ROS2/yhan_ws/src/install/turtlebot3_simulations/share/turtlebot3_simulations/local_setup.zsh
[0.117s] -- Up-to-date symlink: /home/yhan/yhan_ROS2/yhan_ws/src/install/turtlebot3_simulations/share/turtlebot3_simulations/local_setup.dsv
[0.117s] -- Symlinking: /home/yhan/yhan_ROS2/yhan_ws/src/install/turtlebot3_simulations/share/turtlebot3_simulations/package.dsv
[0.127s] -- Up-to-date symlink: /home/yhan/yhan_ROS2/yhan_ws/src/install/turtlebot3_simulations/share/ament_index/resource_index/packages/turtlebot3_simulations
[0.127s] -- Up-to-date symlink: /home/yhan/yhan_ROS2/yhan_ws/src/install/turtlebot3_simulations/share/turtlebot3_simulations/cmake/turtlebot3_simulationsConfig.cmake
[0.128s] -- Up-to-date symlink: /home/yhan/yhan_ROS2/yhan_ws/src/install/turtlebot3_simulations/share/turtlebot3_simulations/cmake/turtlebot3_simulationsConfig-version.cmake
[0.128s] -- Up-to-date symlink: /home/yhan/yhan_ROS2/yhan_ws/src/install/turtlebot3_simulations/share/turtlebot3_simulations/package.xml
[0.131s] Invoked command in '/home/yhan/yhan_ROS2/yhan_ws/src/build/turtlebot3_simulations' returned '0': AMENT_PREFIX_PATH=/home/yhan/yhan_ROS2/yhan_ws/src/install/turtlebot3_gazebo:/home/yhan/yhan_ROS2/yhan_ws/src/install/turtlebot3_fake_node:${AMENT_PREFIX_PATH} CMAKE_PREFIX_PATH=/home/yhan/yhan_ROS2/yhan_ws/src/install/turtlebot3_gazebo:/home/yhan/yhan_ROS2/yhan_ws/src/install/turtlebot3_fake_node:/home/yhan/yhan_ROS2/yhan_ws/install/simple_pkg_cpp:/opt/ros/humble /usr/bin/cmake --install /home/yhan/yhan_ROS2/yhan_ws/src/build/turtlebot3_simulations
