[0.145s] DEBUG:colcon:Command line arguments: ['/usr/bin/colcon', 'build', '--symlink-install']
[0.145s] DEBUG:colcon:Parsed command line arguments: Namespace(log_base=None, log_level=None, verb_name='build', build_base='build', install_base='install', merge_install=False, symlink_install=True, test_result_base=None, continue_on_error=False, executor='parallel', parallel_workers=2, event_handlers=None, ignore_user_meta=False, metas=['./colcon.meta'], base_paths=['.'], packages_ignore=None, packages_ignore_regex=None, paths=None, packages_up_to=None, packages_up_to_regex=None, packages_above=None, packages_above_and_dependencies=None, packages_above_depth=None, packages_select_by_dep=None, packages_skip_by_dep=None, packages_skip_up_to=None, packages_select_build_failed=False, packages_skip_build_finished=False, packages_select_test_failures=False, packages_skip_test_passed=False, packages_select=None, packages_skip=None, packages_select_regex=None, packages_skip_regex=None, packages_start=None, packages_end=None, allow_overriding=[], cmake_args=None, cmake_target=None, cmake_target_skip_unavailable=False, cmake_clean_cache=False, cmake_clean_first=False, cmake_force_configure=False, ament_cmake_args=None, catkin_cmake_args=None, catkin_skip_building_tests=False, mixin_files=None, mixin=None, verb_parser=<colcon_mixin.mixin.mixin_argument.MixinArgumentDecorator object at 0x73b1fd3ca950>, verb_extension=<colcon_core.verb.build.BuildVerb object at 0x73b1fd4c2ec0>, main=<bound method BuildVerb.main of <colcon_core.verb.build.BuildVerb object at 0x73b1fd4c2ec0>>, mixin_verb=('build',))
[0.279s] Level 1:colcon.colcon_core.package_discovery:discover_packages(colcon_meta) check parameters
[0.280s] Level 1:colcon.colcon_core.package_discovery:discover_packages(recursive) check parameters
[0.280s] Level 1:colcon.colcon_core.package_discovery:discover_packages(ignore) check parameters
[0.280s] Level 1:colcon.colcon_core.package_discovery:discover_packages(path) check parameters
[0.280s] Level 1:colcon.colcon_core.package_discovery:discover_packages(colcon_meta) discover
[0.280s] Level 1:colcon.colcon_core.package_discovery:discover_packages(recursive) discover
[0.280s] INFO:colcon.colcon_core.package_discovery:Crawling recursively for packages in '/home/yhan/yhan_ROS2/yhan_ws/src'
[0.280s] Level 1:colcon.colcon_core.package_identification:_identify(.) by extensions ['ignore', 'ignore_ament_install']
[0.280s] Level 1:colcon.colcon_core.package_identification:_identify(.) by extension 'ignore'
[0.280s] Level 1:colcon.colcon_core.package_identification:_identify(.) by extension 'ignore_ament_install'
[0.280s] Level 1:colcon.colcon_core.package_identification:_identify(.) by extensions ['colcon_pkg']
[0.281s] Level 1:colcon.colcon_core.package_identification:_identify(.) by extension 'colcon_pkg'
[0.281s] Level 1:colcon.colcon_core.package_identification:_identify(.) by extensions ['colcon_meta']
[0.281s] Level 1:colcon.colcon_core.package_identification:_identify(.) by extension 'colcon_meta'
[0.281s] Level 1:colcon.colcon_core.package_identification:_identify(.) by extensions ['ros']
[0.281s] Level 1:colcon.colcon_core.package_identification:_identify(.) by extension 'ros'
[0.291s] Level 1:colcon.colcon_core.package_identification:_identify(.) by extensions ['cmake', 'python']
[0.291s] Level 1:colcon.colcon_core.package_identification:_identify(.) by extension 'cmake'
[0.291s] Level 1:colcon.colcon_core.package_identification:_identify(.) by extension 'python'
[0.291s] Level 1:colcon.colcon_core.package_identification:_identify(.) by extensions ['python_setup_py']
[0.291s] Level 1:colcon.colcon_core.package_identification:_identify(.) by extension 'python_setup_py'
[0.291s] Level 1:colcon.colcon_core.package_identification:_identify(build) by extensions ['ignore', 'ignore_ament_install']
[0.291s] Level 1:colcon.colcon_core.package_identification:_identify(build) by extension 'ignore'
[0.291s] Level 1:colcon.colcon_core.package_identification:_identify(build) ignored
[0.292s] Level 1:colcon.colcon_core.package_identification:_identify(install) by extensions ['ignore', 'ignore_ament_install']
[0.292s] Level 1:colcon.colcon_core.package_identification:_identify(install) by extension 'ignore'
[0.292s] Level 1:colcon.colcon_core.package_identification:_identify(install) ignored
[0.292s] Level 1:colcon.colcon_core.package_identification:_identify(log) by extensions ['ignore', 'ignore_ament_install']
[0.292s] Level 1:colcon.colcon_core.package_identification:_identify(log) by extension 'ignore'
[0.292s] Level 1:colcon.colcon_core.package_identification:_identify(log) ignored
[0.292s] Level 1:colcon.colcon_core.package_identification:_identify(simple_pkg_cpp) by extensions ['ignore', 'ignore_ament_install']
[0.292s] Level 1:colcon.colcon_core.package_identification:_identify(simple_pkg_cpp) by extension 'ignore'
[0.292s] Level 1:colcon.colcon_core.package_identification:_identify(simple_pkg_cpp) by extension 'ignore_ament_install'
[0.292s] Level 1:colcon.colcon_core.package_identification:_identify(simple_pkg_cpp) by extensions ['colcon_pkg']
[0.292s] Level 1:colcon.colcon_core.package_identification:_identify(simple_pkg_cpp) by extension 'colcon_pkg'
[0.292s] Level 1:colcon.colcon_core.package_identification:_identify(simple_pkg_cpp) by extensions ['colcon_meta']
[0.292s] Level 1:colcon.colcon_core.package_identification:_identify(simple_pkg_cpp) by extension 'colcon_meta'
[0.292s] Level 1:colcon.colcon_core.package_identification:_identify(simple_pkg_cpp) by extensions ['ros']
[0.292s] Level 1:colcon.colcon_core.package_identification:_identify(simple_pkg_cpp) by extension 'ros'
[0.295s] DEBUG:colcon.colcon_core.package_identification:Package 'simple_pkg_cpp' with type 'ros.ament_cmake' and name 'simple_pkg_cpp'
[0.296s] Level 1:colcon.colcon_core.package_identification:_identify(topic_final) by extensions ['ignore', 'ignore_ament_install']
[0.296s] Level 1:colcon.colcon_core.package_identification:_identify(topic_final) by extension 'ignore'
[0.296s] Level 1:colcon.colcon_core.package_identification:_identify(topic_final) by extension 'ignore_ament_install'
[0.296s] Level 1:colcon.colcon_core.package_identification:_identify(topic_final) by extensions ['colcon_pkg']
[0.296s] Level 1:colcon.colcon_core.package_identification:_identify(topic_final) by extension 'colcon_pkg'
[0.296s] Level 1:colcon.colcon_core.package_identification:_identify(topic_final) by extensions ['colcon_meta']
[0.296s] Level 1:colcon.colcon_core.package_identification:_identify(topic_final) by extension 'colcon_meta'
[0.296s] Level 1:colcon.colcon_core.package_identification:_identify(topic_final) by extensions ['ros']
[0.296s] Level 1:colcon.colcon_core.package_identification:_identify(topic_final) by extension 'ros'
[0.297s] DEBUG:colcon.colcon_core.package_identification:Package 'topic_final' with type 'ros.ament_cmake' and name 'topic_final'
[0.297s] Level 1:colcon.colcon_core.package_identification:_identify(turtlebot3_simulations) by extensions ['ignore', 'ignore_ament_install']
[0.297s] Level 1:colcon.colcon_core.package_identification:_identify(turtlebot3_simulations) by extension 'ignore'
[0.297s] Level 1:colcon.colcon_core.package_identification:_identify(turtlebot3_simulations) by extension 'ignore_ament_install'
[0.297s] Level 1:colcon.colcon_core.package_identification:_identify(turtlebot3_simulations) by extensions ['colcon_pkg']
[0.297s] Level 1:colcon.colcon_core.package_identification:_identify(turtlebot3_simulations) by extension 'colcon_pkg'
[0.297s] Level 1:colcon.colcon_core.package_identification:_identify(turtlebot3_simulations) by extensions ['colcon_meta']
[0.297s] Level 1:colcon.colcon_core.package_identification:_identify(turtlebot3_simulations) by extension 'colcon_meta'
[0.297s] Level 1:colcon.colcon_core.package_identification:_identify(turtlebot3_simulations) by extensions ['ros']
[0.297s] Level 1:colcon.colcon_core.package_identification:_identify(turtlebot3_simulations) by extension 'ros'
[0.297s] Level 1:colcon.colcon_core.package_identification:_identify(turtlebot3_simulations) by extensions ['cmake', 'python']
[0.297s] Level 1:colcon.colcon_core.package_identification:_identify(turtlebot3_simulations) by extension 'cmake'
[0.297s] Level 1:colcon.colcon_core.package_identification:_identify(turtlebot3_simulations) by extension 'python'
[0.297s] Level 1:colcon.colcon_core.package_identification:_identify(turtlebot3_simulations) by extensions ['python_setup_py']
[0.297s] Level 1:colcon.colcon_core.package_identification:_identify(turtlebot3_simulations) by extension 'python_setup_py'
[0.297s] Level 1:colcon.colcon_core.package_identification:_identify(turtlebot3_simulations/turtlebot3_fake_node) by extensions ['ignore', 'ignore_ament_install']
[0.298s] Level 1:colcon.colcon_core.package_identification:_identify(turtlebot3_simulations/turtlebot3_fake_node) by extension 'ignore'
[0.298s] Level 1:colcon.colcon_core.package_identification:_identify(turtlebot3_simulations/turtlebot3_fake_node) by extension 'ignore_ament_install'
[0.298s] Level 1:colcon.colcon_core.package_identification:_identify(turtlebot3_simulations/turtlebot3_fake_node) by extensions ['colcon_pkg']
[0.298s] Level 1:colcon.colcon_core.package_identification:_identify(turtlebot3_simulations/turtlebot3_fake_node) by extension 'colcon_pkg'
[0.298s] Level 1:colcon.colcon_core.package_identification:_identify(turtlebot3_simulations/turtlebot3_fake_node) by extensions ['colcon_meta']
[0.298s] Level 1:colcon.colcon_core.package_identification:_identify(turtlebot3_simulations/turtlebot3_fake_node) by extension 'colcon_meta'
[0.298s] Level 1:colcon.colcon_core.package_identification:_identify(turtlebot3_simulations/turtlebot3_fake_node) by extensions ['ros']
[0.298s] Level 1:colcon.colcon_core.package_identification:_identify(turtlebot3_simulations/turtlebot3_fake_node) by extension 'ros'
[0.299s] DEBUG:colcon.colcon_core.package_identification:Package 'turtlebot3_simulations/turtlebot3_fake_node' with type 'ros.ament_cmake' and name 'turtlebot3_fake_node'
[0.299s] Level 1:colcon.colcon_core.package_identification:_identify(turtlebot3_simulations/turtlebot3_gazebo) by extensions ['ignore', 'ignore_ament_install']
[0.299s] Level 1:colcon.colcon_core.package_identification:_identify(turtlebot3_simulations/turtlebot3_gazebo) by extension 'ignore'
[0.299s] Level 1:colcon.colcon_core.package_identification:_identify(turtlebot3_simulations/turtlebot3_gazebo) by extension 'ignore_ament_install'
[0.299s] Level 1:colcon.colcon_core.package_identification:_identify(turtlebot3_simulations/turtlebot3_gazebo) by extensions ['colcon_pkg']
[0.299s] Level 1:colcon.colcon_core.package_identification:_identify(turtlebot3_simulations/turtlebot3_gazebo) by extension 'colcon_pkg'
[0.299s] Level 1:colcon.colcon_core.package_identification:_identify(turtlebot3_simulations/turtlebot3_gazebo) by extensions ['colcon_meta']
[0.299s] Level 1:colcon.colcon_core.package_identification:_identify(turtlebot3_simulations/turtlebot3_gazebo) by extension 'colcon_meta'
[0.299s] Level 1:colcon.colcon_core.package_identification:_identify(turtlebot3_simulations/turtlebot3_gazebo) by extensions ['ros']
[0.299s] Level 1:colcon.colcon_core.package_identification:_identify(turtlebot3_simulations/turtlebot3_gazebo) by extension 'ros'
[0.300s] DEBUG:colcon.colcon_core.package_identification:Package 'turtlebot3_simulations/turtlebot3_gazebo' with type 'ros.ament_cmake' and name 'turtlebot3_gazebo'
[0.300s] Level 1:colcon.colcon_core.package_identification:_identify(turtlebot3_simulations/turtlebot3_simulations) by extensions ['ignore', 'ignore_ament_install']
[0.300s] Level 1:colcon.colcon_core.package_identification:_identify(turtlebot3_simulations/turtlebot3_simulations) by extension 'ignore'
[0.300s] Level 1:colcon.colcon_core.package_identification:_identify(turtlebot3_simulations/turtlebot3_simulations) by extension 'ignore_ament_install'
[0.300s] Level 1:colcon.colcon_core.package_identification:_identify(turtlebot3_simulations/turtlebot3_simulations) by extensions ['colcon_pkg']
[0.301s] Level 1:colcon.colcon_core.package_identification:_identify(turtlebot3_simulations/turtlebot3_simulations) by extension 'colcon_pkg'
[0.301s] Level 1:colcon.colcon_core.package_identification:_identify(turtlebot3_simulations/turtlebot3_simulations) by extensions ['colcon_meta']
[0.301s] Level 1:colcon.colcon_core.package_identification:_identify(turtlebot3_simulations/turtlebot3_simulations) by extension 'colcon_meta'
[0.301s] Level 1:colcon.colcon_core.package_identification:_identify(turtlebot3_simulations/turtlebot3_simulations) by extensions ['ros']
[0.301s] Level 1:colcon.colcon_core.package_identification:_identify(turtlebot3_simulations/turtlebot3_simulations) by extension 'ros'
[0.301s] DEBUG:colcon.colcon_core.package_identification:Package 'turtlebot3_simulations/turtlebot3_simulations' with type 'ros.ament_cmake' and name 'turtlebot3_simulations'
[0.301s] Level 1:colcon.colcon_core.package_discovery:discover_packages(recursive) using defaults
[0.301s] Level 1:colcon.colcon_core.package_discovery:discover_packages(ignore) discover
[0.301s] Level 1:colcon.colcon_core.package_discovery:discover_packages(ignore) using defaults
[0.301s] Level 1:colcon.colcon_core.package_discovery:discover_packages(path) discover
[0.301s] Level 1:colcon.colcon_core.package_discovery:discover_packages(path) using defaults
[0.325s] Level 1:colcon.colcon_core.package_discovery:discover_packages(prefix_path) check parameters
[0.325s] Level 1:colcon.colcon_core.package_discovery:discover_packages(prefix_path) discover
[0.332s] DEBUG:colcon.colcon_installed_package_information.package_discovery:Found 373 installed packages in /opt/ros/humble
[0.333s] Level 1:colcon.colcon_core.package_discovery:discover_packages(prefix_path) using defaults
[0.433s] Level 5:colcon.colcon_core.verb:set package 'simple_pkg_cpp' build argument 'cmake_args' from command line to 'None'
[0.433s] Level 5:colcon.colcon_core.verb:set package 'simple_pkg_cpp' build argument 'cmake_target' from command line to 'None'
[0.433s] Level 5:colcon.colcon_core.verb:set package 'simple_pkg_cpp' build argument 'cmake_target_skip_unavailable' from command line to 'False'
[0.433s] Level 5:colcon.colcon_core.verb:set package 'simple_pkg_cpp' build argument 'cmake_clean_cache' from command line to 'False'
[0.433s] Level 5:colcon.colcon_core.verb:set package 'simple_pkg_cpp' build argument 'cmake_clean_first' from command line to 'False'
[0.433s] Level 5:colcon.colcon_core.verb:set package 'simple_pkg_cpp' build argument 'cmake_force_configure' from command line to 'False'
[0.433s] Level 5:colcon.colcon_core.verb:set package 'simple_pkg_cpp' build argument 'ament_cmake_args' from command line to 'None'
[0.433s] Level 5:colcon.colcon_core.verb:set package 'simple_pkg_cpp' build argument 'catkin_cmake_args' from command line to 'None'
[0.433s] Level 5:colcon.colcon_core.verb:set package 'simple_pkg_cpp' build argument 'catkin_skip_building_tests' from command line to 'False'
[0.433s] DEBUG:colcon.colcon_core.verb:Building package 'simple_pkg_cpp' with the following arguments: {'ament_cmake_args': None, 'build_base': '/home/yhan/yhan_ROS2/yhan_ws/src/build/simple_pkg_cpp', 'catkin_cmake_args': None, 'catkin_skip_building_tests': False, 'cmake_args': None, 'cmake_clean_cache': False, 'cmake_clean_first': False, 'cmake_force_configure': False, 'cmake_target': None, 'cmake_target_skip_unavailable': False, 'install_base': '/home/yhan/yhan_ROS2/yhan_ws/src/install/simple_pkg_cpp', 'merge_install': False, 'path': '/home/yhan/yhan_ROS2/yhan_ws/src/simple_pkg_cpp', 'symlink_install': True, 'test_result_base': None}
[0.433s] Level 5:colcon.colcon_core.verb:set package 'topic_final' build argument 'cmake_args' from command line to 'None'
[0.433s] Level 5:colcon.colcon_core.verb:set package 'topic_final' build argument 'cmake_target' from command line to 'None'
[0.433s] Level 5:colcon.colcon_core.verb:set package 'topic_final' build argument 'cmake_target_skip_unavailable' from command line to 'False'
[0.433s] Level 5:colcon.colcon_core.verb:set package 'topic_final' build argument 'cmake_clean_cache' from command line to 'False'
[0.434s] Level 5:colcon.colcon_core.verb:set package 'topic_final' build argument 'cmake_clean_first' from command line to 'False'
[0.434s] Level 5:colcon.colcon_core.verb:set package 'topic_final' build argument 'cmake_force_configure' from command line to 'False'
[0.434s] Level 5:colcon.colcon_core.verb:set package 'topic_final' build argument 'ament_cmake_args' from command line to 'None'
[0.434s] Level 5:colcon.colcon_core.verb:set package 'topic_final' build argument 'catkin_cmake_args' from command line to 'None'
[0.434s] Level 5:colcon.colcon_core.verb:set package 'topic_final' build argument 'catkin_skip_building_tests' from command line to 'False'
[0.434s] DEBUG:colcon.colcon_core.verb:Building package 'topic_final' with the following arguments: {'ament_cmake_args': None, 'build_base': '/home/yhan/yhan_ROS2/yhan_ws/src/build/topic_final', 'catkin_cmake_args': None, 'catkin_skip_building_tests': False, 'cmake_args': None, 'cmake_clean_cache': False, 'cmake_clean_first': False, 'cmake_force_configure': False, 'cmake_target': None, 'cmake_target_skip_unavailable': False, 'install_base': '/home/yhan/yhan_ROS2/yhan_ws/src/install/topic_final', 'merge_install': False, 'path': '/home/yhan/yhan_ROS2/yhan_ws/src/topic_final', 'symlink_install': True, 'test_result_base': None}
[0.434s] Level 5:colcon.colcon_core.verb:set package 'turtlebot3_fake_node' build argument 'cmake_args' from command line to 'None'
[0.434s] Level 5:colcon.colcon_core.verb:set package 'turtlebot3_fake_node' build argument 'cmake_target' from command line to 'None'
[0.434s] Level 5:colcon.colcon_core.verb:set package 'turtlebot3_fake_node' build argument 'cmake_target_skip_unavailable' from command line to 'False'
[0.434s] Level 5:colcon.colcon_core.verb:set package 'turtlebot3_fake_node' build argument 'cmake_clean_cache' from command line to 'False'
[0.434s] Level 5:colcon.colcon_core.verb:set package 'turtlebot3_fake_node' build argument 'cmake_clean_first' from command line to 'False'
[0.434s] Level 5:colcon.colcon_core.verb:set package 'turtlebot3_fake_node' build argument 'cmake_force_configure' from command line to 'False'
[0.434s] Level 5:colcon.colcon_core.verb:set package 'turtlebot3_fake_node' build argument 'ament_cmake_args' from command line to 'None'
[0.434s] Level 5:colcon.colcon_core.verb:set package 'turtlebot3_fake_node' build argument 'catkin_cmake_args' from command line to 'None'
[0.434s] Level 5:colcon.colcon_core.verb:set package 'turtlebot3_fake_node' build argument 'catkin_skip_building_tests' from command line to 'False'
[0.434s] DEBUG:colcon.colcon_core.verb:Building package 'turtlebot3_fake_node' with the following arguments: {'ament_cmake_args': None, 'build_base': '/home/yhan/yhan_ROS2/yhan_ws/src/build/turtlebot3_fake_node', 'catkin_cmake_args': None, 'catkin_skip_building_tests': False, 'cmake_args': None, 'cmake_clean_cache': False, 'cmake_clean_first': False, 'cmake_force_configure': False, 'cmake_target': None, 'cmake_target_skip_unavailable': False, 'install_base': '/home/yhan/yhan_ROS2/yhan_ws/src/install/turtlebot3_fake_node', 'merge_install': False, 'path': '/home/yhan/yhan_ROS2/yhan_ws/src/turtlebot3_simulations/turtlebot3_fake_node', 'symlink_install': True, 'test_result_base': None}
[0.434s] Level 5:colcon.colcon_core.verb:set package 'turtlebot3_gazebo' build argument 'cmake_args' from command line to 'None'
[0.434s] Level 5:colcon.colcon_core.verb:set package 'turtlebot3_gazebo' build argument 'cmake_target' from command line to 'None'
[0.434s] Level 5:colcon.colcon_core.verb:set package 'turtlebot3_gazebo' build argument 'cmake_target_skip_unavailable' from command line to 'False'
[0.434s] Level 5:colcon.colcon_core.verb:set package 'turtlebot3_gazebo' build argument 'cmake_clean_cache' from command line to 'False'
[0.434s] Level 5:colcon.colcon_core.verb:set package 'turtlebot3_gazebo' build argument 'cmake_clean_first' from command line to 'False'
[0.434s] Level 5:colcon.colcon_core.verb:set package 'turtlebot3_gazebo' build argument 'cmake_force_configure' from command line to 'False'
[0.434s] Level 5:colcon.colcon_core.verb:set package 'turtlebot3_gazebo' build argument 'ament_cmake_args' from command line to 'None'
[0.434s] Level 5:colcon.colcon_core.verb:set package 'turtlebot3_gazebo' build argument 'catkin_cmake_args' from command line to 'None'
[0.434s] Level 5:colcon.colcon_core.verb:set package 'turtlebot3_gazebo' build argument 'catkin_skip_building_tests' from command line to 'False'
[0.434s] DEBUG:colcon.colcon_core.verb:Building package 'turtlebot3_gazebo' with the following arguments: {'ament_cmake_args': None, 'build_base': '/home/yhan/yhan_ROS2/yhan_ws/src/build/turtlebot3_gazebo', 'catkin_cmake_args': None, 'catkin_skip_building_tests': False, 'cmake_args': None, 'cmake_clean_cache': False, 'cmake_clean_first': False, 'cmake_force_configure': False, 'cmake_target': None, 'cmake_target_skip_unavailable': False, 'install_base': '/home/yhan/yhan_ROS2/yhan_ws/src/install/turtlebot3_gazebo', 'merge_install': False, 'path': '/home/yhan/yhan_ROS2/yhan_ws/src/turtlebot3_simulations/turtlebot3_gazebo', 'symlink_install': True, 'test_result_base': None}
[0.435s] Level 5:colcon.colcon_core.verb:set package 'turtlebot3_simulations' build argument 'cmake_args' from command line to 'None'
[0.435s] Level 5:colcon.colcon_core.verb:set package 'turtlebot3_simulations' build argument 'cmake_target' from command line to 'None'
[0.435s] Level 5:colcon.colcon_core.verb:set package 'turtlebot3_simulations' build argument 'cmake_target_skip_unavailable' from command line to 'False'
[0.435s] Level 5:colcon.colcon_core.verb:set package 'turtlebot3_simulations' build argument 'cmake_clean_cache' from command line to 'False'
[0.435s] Level 5:colcon.colcon_core.verb:set package 'turtlebot3_simulations' build argument 'cmake_clean_first' from command line to 'False'
[0.435s] Level 5:colcon.colcon_core.verb:set package 'turtlebot3_simulations' build argument 'cmake_force_configure' from command line to 'False'
[0.435s] Level 5:colcon.colcon_core.verb:set package 'turtlebot3_simulations' build argument 'ament_cmake_args' from command line to 'None'
[0.435s] Level 5:colcon.colcon_core.verb:set package 'turtlebot3_simulations' build argument 'catkin_cmake_args' from command line to 'None'
[0.435s] Level 5:colcon.colcon_core.verb:set package 'turtlebot3_simulations' build argument 'catkin_skip_building_tests' from command line to 'False'
[0.435s] DEBUG:colcon.colcon_core.verb:Building package 'turtlebot3_simulations' with the following arguments: {'ament_cmake_args': None, 'build_base': '/home/yhan/yhan_ROS2/yhan_ws/src/build/turtlebot3_simulations', 'catkin_cmake_args': None, 'catkin_skip_building_tests': False, 'cmake_args': None, 'cmake_clean_cache': False, 'cmake_clean_first': False, 'cmake_force_configure': False, 'cmake_target': None, 'cmake_target_skip_unavailable': False, 'install_base': '/home/yhan/yhan_ROS2/yhan_ws/src/install/turtlebot3_simulations', 'merge_install': False, 'path': '/home/yhan/yhan_ROS2/yhan_ws/src/turtlebot3_simulations/turtlebot3_simulations', 'symlink_install': True, 'test_result_base': None}
[0.435s] INFO:colcon.colcon_core.executor:Executing jobs using 'parallel' executor
[0.436s] DEBUG:colcon.colcon_parallel_executor.executor.parallel:run_until_complete
[0.436s] INFO:colcon.colcon_ros.task.ament_cmake.build:Building ROS package in '/home/yhan/yhan_ROS2/yhan_ws/src/turtlebot3_simulations/turtlebot3_fake_node' with build type 'ament_cmake'
[0.436s] INFO:colcon.colcon_cmake.task.cmake.build:Building CMake package in '/home/yhan/yhan_ROS2/yhan_ws/src/turtlebot3_simulations/turtlebot3_fake_node'
[0.443s] INFO:colcon.colcon_core.plugin_system:Skipping extension 'colcon_core.shell.bat': Not used on non-Windows systems
[0.443s] INFO:colcon.colcon_core.shell:Skip shell extension 'powershell' for command environment: Not usable outside of PowerShell
[0.443s] DEBUG:colcon.colcon_core.shell:Skip shell extension 'dsv' for command environment
[0.446s] INFO:colcon.colcon_ros.task.ament_cmake.build:Building ROS package in '/home/yhan/yhan_ROS2/yhan_ws/src/turtlebot3_simulations/turtlebot3_gazebo' with build type 'ament_cmake'
[0.447s] INFO:colcon.colcon_cmake.task.cmake.build:Building CMake package in '/home/yhan/yhan_ROS2/yhan_ws/src/turtlebot3_simulations/turtlebot3_gazebo'
[0.448s] INFO:colcon.colcon_core.shell:Skip shell extension 'powershell' for command environment: Not usable outside of PowerShell
[0.448s] DEBUG:colcon.colcon_core.shell:Skip shell extension 'dsv' for command environment
[0.456s] DEBUG:colcon.colcon_core.event_handler.log_command:Invoking command in '/home/yhan/yhan_ROS2/yhan_ws/src/build/turtlebot3_fake_node': CMAKE_PREFIX_PATH=/opt/ros/humble /usr/bin/cmake /home/yhan/yhan_ROS2/yhan_ws/src/turtlebot3_simulations/turtlebot3_fake_node -DAMENT_CMAKE_SYMLINK_INSTALL=1 -DCMAKE_INSTALL_PREFIX=/home/yhan/yhan_ROS2/yhan_ws/src/install/turtlebot3_fake_node
[0.463s] DEBUG:colcon.colcon_core.event_handler.log_command:Invoking command in '/home/yhan/yhan_ROS2/yhan_ws/src/build/turtlebot3_gazebo': CMAKE_PREFIX_PATH=/opt/ros/humble /usr/bin/cmake /home/yhan/yhan_ROS2/yhan_ws/src/turtlebot3_simulations/turtlebot3_gazebo -DAMENT_CMAKE_SYMLINK_INSTALL=1 -DCMAKE_INSTALL_PREFIX=/home/yhan/yhan_ROS2/yhan_ws/src/install/turtlebot3_gazebo
[3.342s] DEBUG:colcon.colcon_core.event_handler.log_command:Invoked command in '/home/yhan/yhan_ROS2/yhan_ws/src/build/turtlebot3_fake_node' returned '0': CMAKE_PREFIX_PATH=/opt/ros/humble /usr/bin/cmake /home/yhan/yhan_ROS2/yhan_ws/src/turtlebot3_simulations/turtlebot3_fake_node -DAMENT_CMAKE_SYMLINK_INSTALL=1 -DCMAKE_INSTALL_PREFIX=/home/yhan/yhan_ROS2/yhan_ws/src/install/turtlebot3_fake_node
[3.343s] DEBUG:colcon.colcon_core.event_handler.log_command:Invoking command in '/home/yhan/yhan_ROS2/yhan_ws/src/build/turtlebot3_fake_node': CMAKE_PREFIX_PATH=/opt/ros/humble /usr/bin/cmake --build /home/yhan/yhan_ROS2/yhan_ws/src/build/turtlebot3_fake_node -- -j2 -l2
[4.315s] DEBUG:colcon.colcon_core.event_handler.log_command:Invoked command in '/home/yhan/yhan_ROS2/yhan_ws/src/build/turtlebot3_gazebo' returned '0': CMAKE_PREFIX_PATH=/opt/ros/humble /usr/bin/cmake /home/yhan/yhan_ROS2/yhan_ws/src/turtlebot3_simulations/turtlebot3_gazebo -DAMENT_CMAKE_SYMLINK_INSTALL=1 -DCMAKE_INSTALL_PREFIX=/home/yhan/yhan_ROS2/yhan_ws/src/install/turtlebot3_gazebo
[4.321s] DEBUG:colcon.colcon_core.event_handler.log_command:Invoking command in '/home/yhan/yhan_ROS2/yhan_ws/src/build/turtlebot3_gazebo': CMAKE_PREFIX_PATH=/opt/ros/humble /usr/bin/cmake --build /home/yhan/yhan_ROS2/yhan_ws/src/build/turtlebot3_gazebo -- -j2 -l2
[20.078s] DEBUG:colcon.colcon_core.event_handler.log_command:Invoked command in '/home/yhan/yhan_ROS2/yhan_ws/src/build/turtlebot3_fake_node' returned '0': CMAKE_PREFIX_PATH=/opt/ros/humble /usr/bin/cmake --build /home/yhan/yhan_ROS2/yhan_ws/src/build/turtlebot3_fake_node -- -j2 -l2
[20.184s] DEBUG:colcon.colcon_core.event_handler.log_command:Invoking command in '/home/yhan/yhan_ROS2/yhan_ws/src/build/turtlebot3_fake_node': CMAKE_PREFIX_PATH=/opt/ros/humble /usr/bin/cmake --install /home/yhan/yhan_ROS2/yhan_ws/src/build/turtlebot3_fake_node
[21.045s] Level 1:colcon.colcon_core.environment:create_environment_scripts_only(turtlebot3_fake_node)
[21.046s] DEBUG:colcon.colcon_core.event_handler.log_command:Invoked command in '/home/yhan/yhan_ROS2/yhan_ws/src/build/turtlebot3_fake_node' returned '0': CMAKE_PREFIX_PATH=/opt/ros/humble /usr/bin/cmake --install /home/yhan/yhan_ROS2/yhan_ws/src/build/turtlebot3_fake_node
[21.060s] Level 1:colcon.colcon_core.environment:checking '/home/yhan/yhan_ROS2/yhan_ws/src/install/turtlebot3_fake_node' for CMake module files
[21.060s] Level 1:colcon.colcon_core.environment:checking '/home/yhan/yhan_ROS2/yhan_ws/src/install/turtlebot3_fake_node' for CMake config files
[21.061s] Level 1:colcon.colcon_core.shell:create_environment_hook('turtlebot3_fake_node', 'cmake_prefix_path')
[21.061s] INFO:colcon.colcon_core.shell:Creating environment hook '/home/yhan/yhan_ROS2/yhan_ws/src/install/turtlebot3_fake_node/share/turtlebot3_fake_node/hook/cmake_prefix_path.ps1'
[21.064s] INFO:colcon.colcon_core.shell:Creating environment descriptor '/home/yhan/yhan_ROS2/yhan_ws/src/install/turtlebot3_fake_node/share/turtlebot3_fake_node/hook/cmake_prefix_path.dsv'
[21.066s] INFO:colcon.colcon_core.shell:Creating environment hook '/home/yhan/yhan_ROS2/yhan_ws/src/install/turtlebot3_fake_node/share/turtlebot3_fake_node/hook/cmake_prefix_path.sh'
[21.069s] Level 1:colcon.colcon_core.environment:checking '/home/yhan/yhan_ROS2/yhan_ws/src/install/turtlebot3_fake_node/lib'
[21.069s] Level 1:colcon.colcon_core.environment:checking '/home/yhan/yhan_ROS2/yhan_ws/src/install/turtlebot3_fake_node/bin'
[21.069s] Level 1:colcon.colcon_core.environment:checking '/home/yhan/yhan_ROS2/yhan_ws/src/install/turtlebot3_fake_node/lib/pkgconfig/turtlebot3_fake_node.pc'
[21.069s] Level 1:colcon.colcon_core.environment:checking '/home/yhan/yhan_ROS2/yhan_ws/src/install/turtlebot3_fake_node/lib/python3.10/site-packages'
[21.070s] Level 1:colcon.colcon_core.environment:checking '/home/yhan/yhan_ROS2/yhan_ws/src/install/turtlebot3_fake_node/bin'
[21.071s] INFO:colcon.colcon_core.shell:Creating package script '/home/yhan/yhan_ROS2/yhan_ws/src/install/turtlebot3_fake_node/share/turtlebot3_fake_node/package.ps1'
[21.078s] INFO:colcon.colcon_core.shell:Creating package descriptor '/home/yhan/yhan_ROS2/yhan_ws/src/install/turtlebot3_fake_node/share/turtlebot3_fake_node/package.dsv'
[21.079s] INFO:colcon.colcon_core.shell:Creating package script '/home/yhan/yhan_ROS2/yhan_ws/src/install/turtlebot3_fake_node/share/turtlebot3_fake_node/package.sh'
[21.080s] INFO:colcon.colcon_core.shell:Creating package script '/home/yhan/yhan_ROS2/yhan_ws/src/install/turtlebot3_fake_node/share/turtlebot3_fake_node/package.bash'
[21.084s] INFO:colcon.colcon_core.shell:Creating package script '/home/yhan/yhan_ROS2/yhan_ws/src/install/turtlebot3_fake_node/share/turtlebot3_fake_node/package.zsh'
[21.087s] Level 1:colcon.colcon_core.environment:create_file_with_runtime_dependencies(/home/yhan/yhan_ROS2/yhan_ws/src/install/turtlebot3_fake_node/share/colcon-core/packages/turtlebot3_fake_node)
[21.226s] Level 1:colcon.colcon_core.environment:create_environment_scripts_only(turtlebot3_fake_node)
[21.226s] Level 1:colcon.colcon_core.environment:checking '/home/yhan/yhan_ROS2/yhan_ws/src/install/turtlebot3_fake_node' for CMake module files
[21.226s] Level 1:colcon.colcon_core.environment:checking '/home/yhan/yhan_ROS2/yhan_ws/src/install/turtlebot3_fake_node' for CMake config files
[21.227s] Level 1:colcon.colcon_core.shell:create_environment_hook('turtlebot3_fake_node', 'cmake_prefix_path')
[21.227s] INFO:colcon.colcon_core.shell:Creating environment hook '/home/yhan/yhan_ROS2/yhan_ws/src/install/turtlebot3_fake_node/share/turtlebot3_fake_node/hook/cmake_prefix_path.ps1'
[21.227s] INFO:colcon.colcon_core.shell:Creating environment descriptor '/home/yhan/yhan_ROS2/yhan_ws/src/install/turtlebot3_fake_node/share/turtlebot3_fake_node/hook/cmake_prefix_path.dsv'
[21.228s] INFO:colcon.colcon_core.shell:Creating environment hook '/home/yhan/yhan_ROS2/yhan_ws/src/install/turtlebot3_fake_node/share/turtlebot3_fake_node/hook/cmake_prefix_path.sh'
[21.228s] Level 1:colcon.colcon_core.environment:checking '/home/yhan/yhan_ROS2/yhan_ws/src/install/turtlebot3_fake_node/lib'
[21.228s] Level 1:colcon.colcon_core.environment:checking '/home/yhan/yhan_ROS2/yhan_ws/src/install/turtlebot3_fake_node/bin'
[21.229s] Level 1:colcon.colcon_core.environment:checking '/home/yhan/yhan_ROS2/yhan_ws/src/install/turtlebot3_fake_node/lib/pkgconfig/turtlebot3_fake_node.pc'
[21.232s] Level 1:colcon.colcon_core.environment:checking '/home/yhan/yhan_ROS2/yhan_ws/src/install/turtlebot3_fake_node/lib/python3.10/site-packages'
[21.233s] Level 1:colcon.colcon_core.environment:checking '/home/yhan/yhan_ROS2/yhan_ws/src/install/turtlebot3_fake_node/bin'
[21.233s] INFO:colcon.colcon_core.shell:Creating package script '/home/yhan/yhan_ROS2/yhan_ws/src/install/turtlebot3_fake_node/share/turtlebot3_fake_node/package.ps1'
[21.234s] INFO:colcon.colcon_core.shell:Creating package descriptor '/home/yhan/yhan_ROS2/yhan_ws/src/install/turtlebot3_fake_node/share/turtlebot3_fake_node/package.dsv'
[21.234s] INFO:colcon.colcon_core.shell:Creating package script '/home/yhan/yhan_ROS2/yhan_ws/src/install/turtlebot3_fake_node/share/turtlebot3_fake_node/package.sh'
[21.235s] INFO:colcon.colcon_core.shell:Creating package script '/home/yhan/yhan_ROS2/yhan_ws/src/install/turtlebot3_fake_node/share/turtlebot3_fake_node/package.bash'
[21.235s] INFO:colcon.colcon_core.shell:Creating package script '/home/yhan/yhan_ROS2/yhan_ws/src/install/turtlebot3_fake_node/share/turtlebot3_fake_node/package.zsh'
[21.236s] Level 1:colcon.colcon_core.environment:create_file_with_runtime_dependencies(/home/yhan/yhan_ROS2/yhan_ws/src/install/turtlebot3_fake_node/share/colcon-core/packages/turtlebot3_fake_node)
[21.242s] INFO:colcon.colcon_ros.task.ament_cmake.build:Building ROS package in '/home/yhan/yhan_ROS2/yhan_ws/src/simple_pkg_cpp' with build type 'ament_cmake'
[21.242s] INFO:colcon.colcon_cmake.task.cmake.build:Building CMake package in '/home/yhan/yhan_ROS2/yhan_ws/src/simple_pkg_cpp'
[21.242s] INFO:colcon.colcon_core.shell:Skip shell extension 'powershell' for command environment: Not usable outside of PowerShell
[21.242s] DEBUG:colcon.colcon_core.shell:Skip shell extension 'dsv' for command environment
[21.263s] DEBUG:colcon.colcon_core.event_handler.log_command:Invoking command in '/home/yhan/yhan_ROS2/yhan_ws/src/build/simple_pkg_cpp': CMAKE_PREFIX_PATH=/opt/ros/humble /usr/bin/cmake /home/yhan/yhan_ROS2/yhan_ws/src/simple_pkg_cpp -DAMENT_CMAKE_SYMLINK_INSTALL=1 -DCMAKE_INSTALL_PREFIX=/home/yhan/yhan_ROS2/yhan_ws/src/install/simple_pkg_cpp
[25.410s] DEBUG:colcon.colcon_core.event_handler.log_command:Invoked command in '/home/yhan/yhan_ROS2/yhan_ws/src/build/simple_pkg_cpp' returned '0': CMAKE_PREFIX_PATH=/opt/ros/humble /usr/bin/cmake /home/yhan/yhan_ROS2/yhan_ws/src/simple_pkg_cpp -DAMENT_CMAKE_SYMLINK_INSTALL=1 -DCMAKE_INSTALL_PREFIX=/home/yhan/yhan_ROS2/yhan_ws/src/install/simple_pkg_cpp
[25.410s] DEBUG:colcon.colcon_core.event_handler.log_command:Invoking command in '/home/yhan/yhan_ROS2/yhan_ws/src/build/simple_pkg_cpp': CMAKE_PREFIX_PATH=/opt/ros/humble /usr/bin/cmake --build /home/yhan/yhan_ROS2/yhan_ws/src/build/simple_pkg_cpp -- -j2 -l2
[56.583s] DEBUG:colcon.colcon_core.event_handler.log_command:Invoked command in '/home/yhan/yhan_ROS2/yhan_ws/src/build/simple_pkg_cpp' returned '2': CMAKE_PREFIX_PATH=/opt/ros/humble /usr/bin/cmake --build /home/yhan/yhan_ROS2/yhan_ws/src/build/simple_pkg_cpp -- -j2 -l2
[56.916s] Level 1:colcon.colcon_core.environment:create_environment_scripts_only(simple_pkg_cpp)
[56.916s] Level 1:colcon.colcon_core.environment:checking '/home/yhan/yhan_ROS2/yhan_ws/src/install/simple_pkg_cpp' for CMake module files
[56.917s] Level 1:colcon.colcon_core.environment:checking '/home/yhan/yhan_ROS2/yhan_ws/src/install/simple_pkg_cpp' for CMake config files
[56.917s] Level 1:colcon.colcon_core.environment:checking '/home/yhan/yhan_ROS2/yhan_ws/src/install/simple_pkg_cpp/bin'
[56.917s] Level 1:colcon.colcon_core.environment:checking '/home/yhan/yhan_ROS2/yhan_ws/src/install/simple_pkg_cpp/lib/pkgconfig/simple_pkg_cpp.pc'
[56.917s] Level 1:colcon.colcon_core.environment:checking '/home/yhan/yhan_ROS2/yhan_ws/src/install/simple_pkg_cpp/lib/python3.10/site-packages'
[56.917s] Level 1:colcon.colcon_core.environment:checking '/home/yhan/yhan_ROS2/yhan_ws/src/install/simple_pkg_cpp/bin'
[56.922s] INFO:colcon.colcon_core.shell:Creating package script '/home/yhan/yhan_ROS2/yhan_ws/src/install/simple_pkg_cpp/share/simple_pkg_cpp/package.ps1'
[56.923s] INFO:colcon.colcon_core.shell:Creating package descriptor '/home/yhan/yhan_ROS2/yhan_ws/src/install/simple_pkg_cpp/share/simple_pkg_cpp/package.dsv'
[56.923s] INFO:colcon.colcon_core.shell:Creating package script '/home/yhan/yhan_ROS2/yhan_ws/src/install/simple_pkg_cpp/share/simple_pkg_cpp/package.sh'
[56.923s] INFO:colcon.colcon_core.shell:Creating package script '/home/yhan/yhan_ROS2/yhan_ws/src/install/simple_pkg_cpp/share/simple_pkg_cpp/package.bash'
[56.928s] INFO:colcon.colcon_core.shell:Creating package script '/home/yhan/yhan_ROS2/yhan_ws/src/install/simple_pkg_cpp/share/simple_pkg_cpp/package.zsh'
[56.933s] Level 1:colcon.colcon_core.environment:create_file_with_runtime_dependencies(/home/yhan/yhan_ROS2/yhan_ws/src/install/simple_pkg_cpp/share/colcon-core/packages/simple_pkg_cpp)
[77.683s] DEBUG:colcon.colcon_parallel_executor.executor.parallel:closing loop
[77.686s] DEBUG:colcon.colcon_parallel_executor.executor.parallel:loop closed
[77.686s] DEBUG:colcon.colcon_parallel_executor.executor.parallel:run_until_complete finished with '2'
[77.686s] DEBUG:colcon.colcon_core.event_reactor:joining thread
[77.736s] INFO:colcon.colcon_core.plugin_system:Skipping extension 'colcon_notification.desktop_notification.terminal_notifier': Not used on non-Darwin systems
[77.736s] INFO:colcon.colcon_core.plugin_system:Skipping extension 'colcon_notification.desktop_notification.win32': Not used on non-Windows systems
[77.736s] INFO:colcon.colcon_notification.desktop_notification:Sending desktop notification using 'notify2'
[77.909s] DEBUG:colcon.colcon_core.event_reactor:joined thread
[77.911s] INFO:colcon.colcon_core.shell:Creating prefix script '/home/yhan/yhan_ROS2/yhan_ws/src/install/local_setup.ps1'
[77.913s] INFO:colcon.colcon_core.shell:Creating prefix util module '/home/yhan/yhan_ROS2/yhan_ws/src/install/_local_setup_util_ps1.py'
[77.915s] INFO:colcon.colcon_core.shell:Creating prefix chain script '/home/yhan/yhan_ROS2/yhan_ws/src/install/setup.ps1'
[77.917s] INFO:colcon.colcon_core.shell:Creating prefix script '/home/yhan/yhan_ROS2/yhan_ws/src/install/local_setup.sh'
[77.918s] INFO:colcon.colcon_core.shell:Creating prefix util module '/home/yhan/yhan_ROS2/yhan_ws/src/install/_local_setup_util_sh.py'
[77.920s] INFO:colcon.colcon_core.shell:Creating prefix chain script '/home/yhan/yhan_ROS2/yhan_ws/src/install/setup.sh'
[77.922s] INFO:colcon.colcon_core.shell:Creating prefix script '/home/yhan/yhan_ROS2/yhan_ws/src/install/local_setup.bash'
[77.924s] INFO:colcon.colcon_core.shell:Creating prefix chain script '/home/yhan/yhan_ROS2/yhan_ws/src/install/setup.bash'
[77.928s] INFO:colcon.colcon_core.shell:Creating prefix script '/home/yhan/yhan_ROS2/yhan_ws/src/install/local_setup.zsh'
[77.929s] INFO:colcon.colcon_core.shell:Creating prefix chain script '/home/yhan/yhan_ROS2/yhan_ws/src/install/setup.zsh'
