[0.084s] DEBUG:colcon:Command line arguments: ['/usr/bin/colcon', 'build', '--symlink-install']
[0.084s] DEBUG:colcon:Parsed command line arguments: Namespace(log_base=None, log_level=None, verb_name='build', build_base='build', install_base='install', merge_install=False, symlink_install=True, test_result_base=None, continue_on_error=False, executor='parallel', parallel_workers=2, event_handlers=None, ignore_user_meta=False, metas=['./colcon.meta'], base_paths=['.'], packages_ignore=None, packages_ignore_regex=None, paths=None, packages_up_to=None, packages_up_to_regex=None, packages_above=None, packages_above_and_dependencies=None, packages_above_depth=None, packages_select_by_dep=None, packages_skip_by_dep=None, packages_skip_up_to=None, packages_select_build_failed=False, packages_skip_build_finished=False, packages_select_test_failures=False, packages_skip_test_passed=False, packages_select=None, packages_skip=None, packages_select_regex=None, packages_skip_regex=None, packages_start=None, packages_end=None, allow_overriding=[], cmake_args=None, cmake_target=None, cmake_target_skip_unavailable=False, cmake_clean_cache=False, cmake_clean_first=False, cmake_force_configure=False, ament_cmake_args=None, catkin_cmake_args=None, catkin_skip_building_tests=False, mixin_files=None, mixin=None, verb_parser=<colcon_mixin.mixin.mixin_argument.MixinArgumentDecorator object at 0x73e94f0fa920>, verb_extension=<colcon_core.verb.build.BuildVerb object at 0x73e94f1f2e90>, main=<bound method BuildVerb.main of <colcon_core.verb.build.BuildVerb object at 0x73e94f1f2e90>>, mixin_verb=('build',))
[0.199s] Level 1:colcon.colcon_core.package_discovery:discover_packages(colcon_meta) check parameters
[0.200s] Level 1:colcon.colcon_core.package_discovery:discover_packages(recursive) check parameters
[0.200s] Level 1:colcon.colcon_core.package_discovery:discover_packages(ignore) check parameters
[0.200s] Level 1:colcon.colcon_core.package_discovery:discover_packages(path) check parameters
[0.200s] Level 1:colcon.colcon_core.package_discovery:discover_packages(colcon_meta) discover
[0.200s] Level 1:colcon.colcon_core.package_discovery:discover_packages(recursive) discover
[0.200s] INFO:colcon.colcon_core.package_discovery:Crawling recursively for packages in '/home/yhan/yhan_ROS2/yhan_ws/src'
[0.200s] Level 1:colcon.colcon_core.package_identification:_identify(.) by extensions ['ignore', 'ignore_ament_install']
[0.200s] Level 1:colcon.colcon_core.package_identification:_identify(.) by extension 'ignore'
[0.200s] Level 1:colcon.colcon_core.package_identification:_identify(.) by extension 'ignore_ament_install'
[0.201s] Level 1:colcon.colcon_core.package_identification:_identify(.) by extensions ['colcon_pkg']
[0.201s] Level 1:colcon.colcon_core.package_identification:_identify(.) by extension 'colcon_pkg'
[0.201s] Level 1:colcon.colcon_core.package_identification:_identify(.) by extensions ['colcon_meta']
[0.201s] Level 1:colcon.colcon_core.package_identification:_identify(.) by extension 'colcon_meta'
[0.201s] Level 1:colcon.colcon_core.package_identification:_identify(.) by extensions ['ros']
[0.201s] Level 1:colcon.colcon_core.package_identification:_identify(.) by extension 'ros'
[0.209s] Level 1:colcon.colcon_core.package_identification:_identify(.) by extensions ['cmake', 'python']
[0.209s] Level 1:colcon.colcon_core.package_identification:_identify(.) by extension 'cmake'
[0.209s] Level 1:colcon.colcon_core.package_identification:_identify(.) by extension 'python'
[0.209s] Level 1:colcon.colcon_core.package_identification:_identify(.) by extensions ['python_setup_py']
[0.209s] Level 1:colcon.colcon_core.package_identification:_identify(.) by extension 'python_setup_py'
[0.209s] Level 1:colcon.colcon_core.package_identification:_identify(build) by extensions ['ignore', 'ignore_ament_install']
[0.209s] Level 1:colcon.colcon_core.package_identification:_identify(build) by extension 'ignore'
[0.209s] Level 1:colcon.colcon_core.package_identification:_identify(build) ignored
[0.210s] Level 1:colcon.colcon_core.package_identification:_identify(install) by extensions ['ignore', 'ignore_ament_install']
[0.210s] Level 1:colcon.colcon_core.package_identification:_identify(install) by extension 'ignore'
[0.210s] Level 1:colcon.colcon_core.package_identification:_identify(install) ignored
[0.210s] Level 1:colcon.colcon_core.package_identification:_identify(log) by extensions ['ignore', 'ignore_ament_install']
[0.210s] Level 1:colcon.colcon_core.package_identification:_identify(log) by extension 'ignore'
[0.210s] Level 1:colcon.colcon_core.package_identification:_identify(log) ignored
[0.210s] Level 1:colcon.colcon_core.package_identification:_identify(simple_pkg_cpp) by extensions ['ignore', 'ignore_ament_install']
[0.210s] Level 1:colcon.colcon_core.package_identification:_identify(simple_pkg_cpp) by extension 'ignore'
[0.210s] Level 1:colcon.colcon_core.package_identification:_identify(simple_pkg_cpp) by extension 'ignore_ament_install'
[0.210s] Level 1:colcon.colcon_core.package_identification:_identify(simple_pkg_cpp) by extensions ['colcon_pkg']
[0.211s] Level 1:colcon.colcon_core.package_identification:_identify(simple_pkg_cpp) by extension 'colcon_pkg'
[0.211s] Level 1:colcon.colcon_core.package_identification:_identify(simple_pkg_cpp) by extensions ['colcon_meta']
[0.211s] Level 1:colcon.colcon_core.package_identification:_identify(simple_pkg_cpp) by extension 'colcon_meta'
[0.211s] Level 1:colcon.colcon_core.package_identification:_identify(simple_pkg_cpp) by extensions ['ros']
[0.211s] Level 1:colcon.colcon_core.package_identification:_identify(simple_pkg_cpp) by extension 'ros'
[0.213s] DEBUG:colcon.colcon_core.package_identification:Package 'simple_pkg_cpp' with type 'ros.ament_cmake' and name 'simple_pkg_cpp'
[0.213s] Level 1:colcon.colcon_core.package_identification:_identify(topic_final) by extensions ['ignore', 'ignore_ament_install']
[0.213s] Level 1:colcon.colcon_core.package_identification:_identify(topic_final) by extension 'ignore'
[0.213s] Level 1:colcon.colcon_core.package_identification:_identify(topic_final) by extension 'ignore_ament_install'
[0.213s] Level 1:colcon.colcon_core.package_identification:_identify(topic_final) by extensions ['colcon_pkg']
[0.213s] Level 1:colcon.colcon_core.package_identification:_identify(topic_final) by extension 'colcon_pkg'
[0.213s] Level 1:colcon.colcon_core.package_identification:_identify(topic_final) by extensions ['colcon_meta']
[0.214s] Level 1:colcon.colcon_core.package_identification:_identify(topic_final) by extension 'colcon_meta'
[0.214s] Level 1:colcon.colcon_core.package_identification:_identify(topic_final) by extensions ['ros']
[0.214s] Level 1:colcon.colcon_core.package_identification:_identify(topic_final) by extension 'ros'
[0.215s] DEBUG:colcon.colcon_core.package_identification:Package 'topic_final' with type 'ros.ament_cmake' and name 'topic_final'
[0.216s] Level 1:colcon.colcon_core.package_identification:_identify(turtlebot3_simulations) by extensions ['ignore', 'ignore_ament_install']
[0.216s] Level 1:colcon.colcon_core.package_identification:_identify(turtlebot3_simulations) by extension 'ignore'
[0.216s] Level 1:colcon.colcon_core.package_identification:_identify(turtlebot3_simulations) by extension 'ignore_ament_install'
[0.216s] Level 1:colcon.colcon_core.package_identification:_identify(turtlebot3_simulations) by extensions ['colcon_pkg']
[0.216s] Level 1:colcon.colcon_core.package_identification:_identify(turtlebot3_simulations) by extension 'colcon_pkg'
[0.216s] Level 1:colcon.colcon_core.package_identification:_identify(turtlebot3_simulations) by extensions ['colcon_meta']
[0.216s] Level 1:colcon.colcon_core.package_identification:_identify(turtlebot3_simulations) by extension 'colcon_meta'
[0.216s] Level 1:colcon.colcon_core.package_identification:_identify(turtlebot3_simulations) by extensions ['ros']
[0.216s] Level 1:colcon.colcon_core.package_identification:_identify(turtlebot3_simulations) by extension 'ros'
[0.216s] Level 1:colcon.colcon_core.package_identification:_identify(turtlebot3_simulations) by extensions ['cmake', 'python']
[0.216s] Level 1:colcon.colcon_core.package_identification:_identify(turtlebot3_simulations) by extension 'cmake'
[0.217s] Level 1:colcon.colcon_core.package_identification:_identify(turtlebot3_simulations) by extension 'python'
[0.217s] Level 1:colcon.colcon_core.package_identification:_identify(turtlebot3_simulations) by extensions ['python_setup_py']
[0.217s] Level 1:colcon.colcon_core.package_identification:_identify(turtlebot3_simulations) by extension 'python_setup_py'
[0.217s] Level 1:colcon.colcon_core.package_identification:_identify(turtlebot3_simulations/turtlebot3_fake_node) by extensions ['ignore', 'ignore_ament_install']
[0.217s] Level 1:colcon.colcon_core.package_identification:_identify(turtlebot3_simulations/turtlebot3_fake_node) by extension 'ignore'
[0.217s] Level 1:colcon.colcon_core.package_identification:_identify(turtlebot3_simulations/turtlebot3_fake_node) by extension 'ignore_ament_install'
[0.217s] Level 1:colcon.colcon_core.package_identification:_identify(turtlebot3_simulations/turtlebot3_fake_node) by extensions ['colcon_pkg']
[0.217s] Level 1:colcon.colcon_core.package_identification:_identify(turtlebot3_simulations/turtlebot3_fake_node) by extension 'colcon_pkg'
[0.217s] Level 1:colcon.colcon_core.package_identification:_identify(turtlebot3_simulations/turtlebot3_fake_node) by extensions ['colcon_meta']
[0.218s] Level 1:colcon.colcon_core.package_identification:_identify(turtlebot3_simulations/turtlebot3_fake_node) by extension 'colcon_meta'
[0.218s] Level 1:colcon.colcon_core.package_identification:_identify(turtlebot3_simulations/turtlebot3_fake_node) by extensions ['ros']
[0.218s] Level 1:colcon.colcon_core.package_identification:_identify(turtlebot3_simulations/turtlebot3_fake_node) by extension 'ros'
[0.218s] DEBUG:colcon.colcon_core.package_identification:Package 'turtlebot3_simulations/turtlebot3_fake_node' with type 'ros.ament_cmake' and name 'turtlebot3_fake_node'
[0.219s] Level 1:colcon.colcon_core.package_identification:_identify(turtlebot3_simulations/turtlebot3_gazebo) by extensions ['ignore', 'ignore_ament_install']
[0.219s] Level 1:colcon.colcon_core.package_identification:_identify(turtlebot3_simulations/turtlebot3_gazebo) by extension 'ignore'
[0.219s] Level 1:colcon.colcon_core.package_identification:_identify(turtlebot3_simulations/turtlebot3_gazebo) by extension 'ignore_ament_install'
[0.219s] Level 1:colcon.colcon_core.package_identification:_identify(turtlebot3_simulations/turtlebot3_gazebo) by extensions ['colcon_pkg']
[0.219s] Level 1:colcon.colcon_core.package_identification:_identify(turtlebot3_simulations/turtlebot3_gazebo) by extension 'colcon_pkg'
[0.219s] Level 1:colcon.colcon_core.package_identification:_identify(turtlebot3_simulations/turtlebot3_gazebo) by extensions ['colcon_meta']
[0.219s] Level 1:colcon.colcon_core.package_identification:_identify(turtlebot3_simulations/turtlebot3_gazebo) by extension 'colcon_meta'
[0.219s] Level 1:colcon.colcon_core.package_identification:_identify(turtlebot3_simulations/turtlebot3_gazebo) by extensions ['ros']
[0.219s] Level 1:colcon.colcon_core.package_identification:_identify(turtlebot3_simulations/turtlebot3_gazebo) by extension 'ros'
[0.220s] DEBUG:colcon.colcon_core.package_identification:Package 'turtlebot3_simulations/turtlebot3_gazebo' with type 'ros.ament_cmake' and name 'turtlebot3_gazebo'
[0.220s] Level 1:colcon.colcon_core.package_identification:_identify(turtlebot3_simulations/turtlebot3_simulations) by extensions ['ignore', 'ignore_ament_install']
[0.220s] Level 1:colcon.colcon_core.package_identification:_identify(turtlebot3_simulations/turtlebot3_simulations) by extension 'ignore'
[0.220s] Level 1:colcon.colcon_core.package_identification:_identify(turtlebot3_simulations/turtlebot3_simulations) by extension 'ignore_ament_install'
[0.221s] Level 1:colcon.colcon_core.package_identification:_identify(turtlebot3_simulations/turtlebot3_simulations) by extensions ['colcon_pkg']
[0.221s] Level 1:colcon.colcon_core.package_identification:_identify(turtlebot3_simulations/turtlebot3_simulations) by extension 'colcon_pkg'
[0.221s] Level 1:colcon.colcon_core.package_identification:_identify(turtlebot3_simulations/turtlebot3_simulations) by extensions ['colcon_meta']
[0.221s] Level 1:colcon.colcon_core.package_identification:_identify(turtlebot3_simulations/turtlebot3_simulations) by extension 'colcon_meta'
[0.221s] Level 1:colcon.colcon_core.package_identification:_identify(turtlebot3_simulations/turtlebot3_simulations) by extensions ['ros']
[0.222s] Level 1:colcon.colcon_core.package_identification:_identify(turtlebot3_simulations/turtlebot3_simulations) by extension 'ros'
[0.223s] DEBUG:colcon.colcon_core.package_identification:Package 'turtlebot3_simulations/turtlebot3_simulations' with type 'ros.ament_cmake' and name 'turtlebot3_simulations'
[0.223s] Level 1:colcon.colcon_core.package_discovery:discover_packages(recursive) using defaults
[0.223s] Level 1:colcon.colcon_core.package_discovery:discover_packages(ignore) discover
[0.223s] Level 1:colcon.colcon_core.package_discovery:discover_packages(ignore) using defaults
[0.223s] Level 1:colcon.colcon_core.package_discovery:discover_packages(path) discover
[0.223s] Level 1:colcon.colcon_core.package_discovery:discover_packages(path) using defaults
[0.249s] Level 1:colcon.colcon_core.package_discovery:discover_packages(prefix_path) check parameters
[0.249s] Level 1:colcon.colcon_core.package_discovery:discover_packages(prefix_path) discover
[0.251s] DEBUG:colcon.colcon_installed_package_information.package_discovery:Found 373 installed packages in /opt/ros/humble
[0.252s] Level 1:colcon.colcon_core.package_discovery:discover_packages(prefix_path) using defaults
[0.285s] Level 5:colcon.colcon_core.verb:set package 'simple_pkg_cpp' build argument 'cmake_args' from command line to 'None'
[0.285s] Level 5:colcon.colcon_core.verb:set package 'simple_pkg_cpp' build argument 'cmake_target' from command line to 'None'
[0.285s] Level 5:colcon.colcon_core.verb:set package 'simple_pkg_cpp' build argument 'cmake_target_skip_unavailable' from command line to 'False'
[0.285s] Level 5:colcon.colcon_core.verb:set package 'simple_pkg_cpp' build argument 'cmake_clean_cache' from command line to 'False'
[0.285s] Level 5:colcon.colcon_core.verb:set package 'simple_pkg_cpp' build argument 'cmake_clean_first' from command line to 'False'
[0.285s] Level 5:colcon.colcon_core.verb:set package 'simple_pkg_cpp' build argument 'cmake_force_configure' from command line to 'False'
[0.285s] Level 5:colcon.colcon_core.verb:set package 'simple_pkg_cpp' build argument 'ament_cmake_args' from command line to 'None'
[0.285s] Level 5:colcon.colcon_core.verb:set package 'simple_pkg_cpp' build argument 'catkin_cmake_args' from command line to 'None'
[0.285s] Level 5:colcon.colcon_core.verb:set package 'simple_pkg_cpp' build argument 'catkin_skip_building_tests' from command line to 'False'
[0.286s] DEBUG:colcon.colcon_core.verb:Building package 'simple_pkg_cpp' with the following arguments: {'ament_cmake_args': None, 'build_base': '/home/yhan/yhan_ROS2/yhan_ws/src/build/simple_pkg_cpp', 'catkin_cmake_args': None, 'catkin_skip_building_tests': False, 'cmake_args': None, 'cmake_clean_cache': False, 'cmake_clean_first': False, 'cmake_force_configure': False, 'cmake_target': None, 'cmake_target_skip_unavailable': False, 'install_base': '/home/yhan/yhan_ROS2/yhan_ws/src/install/simple_pkg_cpp', 'merge_install': False, 'path': '/home/yhan/yhan_ROS2/yhan_ws/src/simple_pkg_cpp', 'symlink_install': True, 'test_result_base': None}
[0.286s] Level 5:colcon.colcon_core.verb:set package 'topic_final' build argument 'cmake_args' from command line to 'None'
[0.286s] Level 5:colcon.colcon_core.verb:set package 'topic_final' build argument 'cmake_target' from command line to 'None'
[0.286s] Level 5:colcon.colcon_core.verb:set package 'topic_final' build argument 'cmake_target_skip_unavailable' from command line to 'False'
[0.286s] Level 5:colcon.colcon_core.verb:set package 'topic_final' build argument 'cmake_clean_cache' from command line to 'False'
[0.286s] Level 5:colcon.colcon_core.verb:set package 'topic_final' build argument 'cmake_clean_first' from command line to 'False'
[0.286s] Level 5:colcon.colcon_core.verb:set package 'topic_final' build argument 'cmake_force_configure' from command line to 'False'
[0.286s] Level 5:colcon.colcon_core.verb:set package 'topic_final' build argument 'ament_cmake_args' from command line to 'None'
[0.286s] Level 5:colcon.colcon_core.verb:set package 'topic_final' build argument 'catkin_cmake_args' from command line to 'None'
[0.287s] Level 5:colcon.colcon_core.verb:set package 'topic_final' build argument 'catkin_skip_building_tests' from command line to 'False'
[0.287s] DEBUG:colcon.colcon_core.verb:Building package 'topic_final' with the following arguments: {'ament_cmake_args': None, 'build_base': '/home/yhan/yhan_ROS2/yhan_ws/src/build/topic_final', 'catkin_cmake_args': None, 'catkin_skip_building_tests': False, 'cmake_args': None, 'cmake_clean_cache': False, 'cmake_clean_first': False, 'cmake_force_configure': False, 'cmake_target': None, 'cmake_target_skip_unavailable': False, 'install_base': '/home/yhan/yhan_ROS2/yhan_ws/src/install/topic_final', 'merge_install': False, 'path': '/home/yhan/yhan_ROS2/yhan_ws/src/topic_final', 'symlink_install': True, 'test_result_base': None}
[0.287s] Level 5:colcon.colcon_core.verb:set package 'turtlebot3_fake_node' build argument 'cmake_args' from command line to 'None'
[0.287s] Level 5:colcon.colcon_core.verb:set package 'turtlebot3_fake_node' build argument 'cmake_target' from command line to 'None'
[0.287s] Level 5:colcon.colcon_core.verb:set package 'turtlebot3_fake_node' build argument 'cmake_target_skip_unavailable' from command line to 'False'
[0.287s] Level 5:colcon.colcon_core.verb:set package 'turtlebot3_fake_node' build argument 'cmake_clean_cache' from command line to 'False'
[0.287s] Level 5:colcon.colcon_core.verb:set package 'turtlebot3_fake_node' build argument 'cmake_clean_first' from command line to 'False'
[0.287s] Level 5:colcon.colcon_core.verb:set package 'turtlebot3_fake_node' build argument 'cmake_force_configure' from command line to 'False'
[0.287s] Level 5:colcon.colcon_core.verb:set package 'turtlebot3_fake_node' build argument 'ament_cmake_args' from command line to 'None'
[0.287s] Level 5:colcon.colcon_core.verb:set package 'turtlebot3_fake_node' build argument 'catkin_cmake_args' from command line to 'None'
[0.287s] Level 5:colcon.colcon_core.verb:set package 'turtlebot3_fake_node' build argument 'catkin_skip_building_tests' from command line to 'False'
[0.288s] DEBUG:colcon.colcon_core.verb:Building package 'turtlebot3_fake_node' with the following arguments: {'ament_cmake_args': None, 'build_base': '/home/yhan/yhan_ROS2/yhan_ws/src/build/turtlebot3_fake_node', 'catkin_cmake_args': None, 'catkin_skip_building_tests': False, 'cmake_args': None, 'cmake_clean_cache': False, 'cmake_clean_first': False, 'cmake_force_configure': False, 'cmake_target': None, 'cmake_target_skip_unavailable': False, 'install_base': '/home/yhan/yhan_ROS2/yhan_ws/src/install/turtlebot3_fake_node', 'merge_install': False, 'path': '/home/yhan/yhan_ROS2/yhan_ws/src/turtlebot3_simulations/turtlebot3_fake_node', 'symlink_install': True, 'test_result_base': None}
[0.288s] Level 5:colcon.colcon_core.verb:set package 'turtlebot3_gazebo' build argument 'cmake_args' from command line to 'None'
[0.288s] Level 5:colcon.colcon_core.verb:set package 'turtlebot3_gazebo' build argument 'cmake_target' from command line to 'None'
[0.288s] Level 5:colcon.colcon_core.verb:set package 'turtlebot3_gazebo' build argument 'cmake_target_skip_unavailable' from command line to 'False'
[0.288s] Level 5:colcon.colcon_core.verb:set package 'turtlebot3_gazebo' build argument 'cmake_clean_cache' from command line to 'False'
[0.288s] Level 5:colcon.colcon_core.verb:set package 'turtlebot3_gazebo' build argument 'cmake_clean_first' from command line to 'False'
[0.288s] Level 5:colcon.colcon_core.verb:set package 'turtlebot3_gazebo' build argument 'cmake_force_configure' from command line to 'False'
[0.288s] Level 5:colcon.colcon_core.verb:set package 'turtlebot3_gazebo' build argument 'ament_cmake_args' from command line to 'None'
[0.288s] Level 5:colcon.colcon_core.verb:set package 'turtlebot3_gazebo' build argument 'catkin_cmake_args' from command line to 'None'
[0.288s] Level 5:colcon.colcon_core.verb:set package 'turtlebot3_gazebo' build argument 'catkin_skip_building_tests' from command line to 'False'
[0.288s] DEBUG:colcon.colcon_core.verb:Building package 'turtlebot3_gazebo' with the following arguments: {'ament_cmake_args': None, 'build_base': '/home/yhan/yhan_ROS2/yhan_ws/src/build/turtlebot3_gazebo', 'catkin_cmake_args': None, 'catkin_skip_building_tests': False, 'cmake_args': None, 'cmake_clean_cache': False, 'cmake_clean_first': False, 'cmake_force_configure': False, 'cmake_target': None, 'cmake_target_skip_unavailable': False, 'install_base': '/home/yhan/yhan_ROS2/yhan_ws/src/install/turtlebot3_gazebo', 'merge_install': False, 'path': '/home/yhan/yhan_ROS2/yhan_ws/src/turtlebot3_simulations/turtlebot3_gazebo', 'symlink_install': True, 'test_result_base': None}
[0.289s] Level 5:colcon.colcon_core.verb:set package 'turtlebot3_simulations' build argument 'cmake_args' from command line to 'None'
[0.289s] Level 5:colcon.colcon_core.verb:set package 'turtlebot3_simulations' build argument 'cmake_target' from command line to 'None'
[0.289s] Level 5:colcon.colcon_core.verb:set package 'turtlebot3_simulations' build argument 'cmake_target_skip_unavailable' from command line to 'False'
[0.289s] Level 5:colcon.colcon_core.verb:set package 'turtlebot3_simulations' build argument 'cmake_clean_cache' from command line to 'False'
[0.289s] Level 5:colcon.colcon_core.verb:set package 'turtlebot3_simulations' build argument 'cmake_clean_first' from command line to 'False'
[0.289s] Level 5:colcon.colcon_core.verb:set package 'turtlebot3_simulations' build argument 'cmake_force_configure' from command line to 'False'
[0.291s] Level 5:colcon.colcon_core.verb:set package 'turtlebot3_simulations' build argument 'ament_cmake_args' from command line to 'None'
[0.291s] Level 5:colcon.colcon_core.verb:set package 'turtlebot3_simulations' build argument 'catkin_cmake_args' from command line to 'None'
[0.291s] Level 5:colcon.colcon_core.verb:set package 'turtlebot3_simulations' build argument 'catkin_skip_building_tests' from command line to 'False'
[0.291s] DEBUG:colcon.colcon_core.verb:Building package 'turtlebot3_simulations' with the following arguments: {'ament_cmake_args': None, 'build_base': '/home/yhan/yhan_ROS2/yhan_ws/src/build/turtlebot3_simulations', 'catkin_cmake_args': None, 'catkin_skip_building_tests': False, 'cmake_args': None, 'cmake_clean_cache': False, 'cmake_clean_first': False, 'cmake_force_configure': False, 'cmake_target': None, 'cmake_target_skip_unavailable': False, 'install_base': '/home/yhan/yhan_ROS2/yhan_ws/src/install/turtlebot3_simulations', 'merge_install': False, 'path': '/home/yhan/yhan_ROS2/yhan_ws/src/turtlebot3_simulations/turtlebot3_simulations', 'symlink_install': True, 'test_result_base': None}
[0.291s] INFO:colcon.colcon_core.executor:Executing jobs using 'parallel' executor
[0.293s] DEBUG:colcon.colcon_parallel_executor.executor.parallel:run_until_complete
[0.294s] INFO:colcon.colcon_ros.task.ament_cmake.build:Building ROS package in '/home/yhan/yhan_ROS2/yhan_ws/src/turtlebot3_simulations/turtlebot3_fake_node' with build type 'ament_cmake'
[0.294s] INFO:colcon.colcon_cmake.task.cmake.build:Building CMake package in '/home/yhan/yhan_ROS2/yhan_ws/src/turtlebot3_simulations/turtlebot3_fake_node'
[0.301s] INFO:colcon.colcon_core.plugin_system:Skipping extension 'colcon_core.shell.bat': Not used on non-Windows systems
[0.302s] INFO:colcon.colcon_core.shell:Skip shell extension 'powershell' for command environment: Not usable outside of PowerShell
[0.302s] DEBUG:colcon.colcon_core.shell:Skip shell extension 'dsv' for command environment
[0.310s] INFO:colcon.colcon_ros.task.ament_cmake.build:Building ROS package in '/home/yhan/yhan_ROS2/yhan_ws/src/turtlebot3_simulations/turtlebot3_gazebo' with build type 'ament_cmake'
[0.311s] INFO:colcon.colcon_cmake.task.cmake.build:Building CMake package in '/home/yhan/yhan_ROS2/yhan_ws/src/turtlebot3_simulations/turtlebot3_gazebo'
[0.312s] INFO:colcon.colcon_core.shell:Skip shell extension 'powershell' for command environment: Not usable outside of PowerShell
[0.313s] DEBUG:colcon.colcon_core.shell:Skip shell extension 'dsv' for command environment
[0.323s] DEBUG:colcon.colcon_core.event_handler.log_command:Invoking command in '/home/yhan/yhan_ROS2/yhan_ws/src/build/turtlebot3_fake_node': CMAKE_PREFIX_PATH=/opt/ros/humble /usr/bin/cmake --build /home/yhan/yhan_ROS2/yhan_ws/src/build/turtlebot3_fake_node -- -j2 -l2
[0.342s] DEBUG:colcon.colcon_core.event_handler.log_command:Invoking command in '/home/yhan/yhan_ROS2/yhan_ws/src/build/turtlebot3_gazebo': CMAKE_PREFIX_PATH=/opt/ros/humble /usr/bin/cmake --build /home/yhan/yhan_ROS2/yhan_ws/src/build/turtlebot3_gazebo -- -j2 -l2
[0.485s] DEBUG:colcon.colcon_core.event_handler.log_command:Invoked command in '/home/yhan/yhan_ROS2/yhan_ws/src/build/turtlebot3_fake_node' returned '0': CMAKE_PREFIX_PATH=/opt/ros/humble /usr/bin/cmake --build /home/yhan/yhan_ROS2/yhan_ws/src/build/turtlebot3_fake_node -- -j2 -l2
[0.551s] DEBUG:colcon.colcon_core.event_handler.log_command:Invoking command in '/home/yhan/yhan_ROS2/yhan_ws/src/build/turtlebot3_fake_node': CMAKE_PREFIX_PATH=/opt/ros/humble /usr/bin/cmake --install /home/yhan/yhan_ROS2/yhan_ws/src/build/turtlebot3_fake_node
[0.574s] DEBUG:colcon.colcon_core.event_handler.log_command:Invoked command in '/home/yhan/yhan_ROS2/yhan_ws/src/build/turtlebot3_gazebo' returned '0': CMAKE_PREFIX_PATH=/opt/ros/humble /usr/bin/cmake --build /home/yhan/yhan_ROS2/yhan_ws/src/build/turtlebot3_gazebo -- -j2 -l2
[0.588s] Level 1:colcon.colcon_core.environment:create_environment_scripts_only(turtlebot3_fake_node)
[0.589s] DEBUG:colcon.colcon_core.event_handler.log_command:Invoked command in '/home/yhan/yhan_ROS2/yhan_ws/src/build/turtlebot3_fake_node' returned '0': CMAKE_PREFIX_PATH=/opt/ros/humble /usr/bin/cmake --install /home/yhan/yhan_ROS2/yhan_ws/src/build/turtlebot3_fake_node
[0.594s] Level 1:colcon.colcon_core.environment:checking '/home/yhan/yhan_ROS2/yhan_ws/src/install/turtlebot3_fake_node' for CMake module files
[0.594s] Level 1:colcon.colcon_core.environment:checking '/home/yhan/yhan_ROS2/yhan_ws/src/install/turtlebot3_fake_node' for CMake config files
[0.595s] Level 1:colcon.colcon_core.shell:create_environment_hook('turtlebot3_fake_node', 'cmake_prefix_path')
[0.595s] INFO:colcon.colcon_core.shell:Creating environment hook '/home/yhan/yhan_ROS2/yhan_ws/src/install/turtlebot3_fake_node/share/turtlebot3_fake_node/hook/cmake_prefix_path.ps1'
[0.597s] INFO:colcon.colcon_core.shell:Creating environment descriptor '/home/yhan/yhan_ROS2/yhan_ws/src/install/turtlebot3_fake_node/share/turtlebot3_fake_node/hook/cmake_prefix_path.dsv'
[0.598s] INFO:colcon.colcon_core.shell:Creating environment hook '/home/yhan/yhan_ROS2/yhan_ws/src/install/turtlebot3_fake_node/share/turtlebot3_fake_node/hook/cmake_prefix_path.sh'
[0.599s] Level 1:colcon.colcon_core.environment:checking '/home/yhan/yhan_ROS2/yhan_ws/src/install/turtlebot3_fake_node/lib'
[0.599s] Level 1:colcon.colcon_core.environment:checking '/home/yhan/yhan_ROS2/yhan_ws/src/install/turtlebot3_fake_node/bin'
[0.599s] Level 1:colcon.colcon_core.environment:checking '/home/yhan/yhan_ROS2/yhan_ws/src/install/turtlebot3_fake_node/lib/pkgconfig/turtlebot3_fake_node.pc'
[0.599s] Level 1:colcon.colcon_core.environment:checking '/home/yhan/yhan_ROS2/yhan_ws/src/install/turtlebot3_fake_node/lib/python3.10/site-packages'
[0.599s] Level 1:colcon.colcon_core.environment:checking '/home/yhan/yhan_ROS2/yhan_ws/src/install/turtlebot3_fake_node/bin'
[0.600s] INFO:colcon.colcon_core.shell:Creating package script '/home/yhan/yhan_ROS2/yhan_ws/src/install/turtlebot3_fake_node/share/turtlebot3_fake_node/package.ps1'
[0.601s] INFO:colcon.colcon_core.shell:Creating package descriptor '/home/yhan/yhan_ROS2/yhan_ws/src/install/turtlebot3_fake_node/share/turtlebot3_fake_node/package.dsv'
[0.601s] INFO:colcon.colcon_core.shell:Creating package script '/home/yhan/yhan_ROS2/yhan_ws/src/install/turtlebot3_fake_node/share/turtlebot3_fake_node/package.sh'
[0.602s] INFO:colcon.colcon_core.shell:Creating package script '/home/yhan/yhan_ROS2/yhan_ws/src/install/turtlebot3_fake_node/share/turtlebot3_fake_node/package.bash'
[0.603s] INFO:colcon.colcon_core.shell:Creating package script '/home/yhan/yhan_ROS2/yhan_ws/src/install/turtlebot3_fake_node/share/turtlebot3_fake_node/package.zsh'
[0.604s] Level 1:colcon.colcon_core.environment:create_file_with_runtime_dependencies(/home/yhan/yhan_ROS2/yhan_ws/src/install/turtlebot3_fake_node/share/colcon-core/packages/turtlebot3_fake_node)
[0.631s] DEBUG:colcon.colcon_core.event_handler.log_command:Invoking command in '/home/yhan/yhan_ROS2/yhan_ws/src/build/turtlebot3_gazebo': CMAKE_PREFIX_PATH=/opt/ros/humble /usr/bin/cmake --install /home/yhan/yhan_ROS2/yhan_ws/src/build/turtlebot3_gazebo
[0.648s] Level 1:colcon.colcon_core.environment:create_environment_scripts_only(turtlebot3_fake_node)
[0.649s] Level 1:colcon.colcon_core.environment:checking '/home/yhan/yhan_ROS2/yhan_ws/src/install/turtlebot3_fake_node' for CMake module files
[0.649s] Level 1:colcon.colcon_core.environment:checking '/home/yhan/yhan_ROS2/yhan_ws/src/install/turtlebot3_fake_node' for CMake config files
[0.650s] Level 1:colcon.colcon_core.shell:create_environment_hook('turtlebot3_fake_node', 'cmake_prefix_path')
[0.651s] INFO:colcon.colcon_core.shell:Creating environment hook '/home/yhan/yhan_ROS2/yhan_ws/src/install/turtlebot3_fake_node/share/turtlebot3_fake_node/hook/cmake_prefix_path.ps1'
[0.652s] INFO:colcon.colcon_core.shell:Creating environment descriptor '/home/yhan/yhan_ROS2/yhan_ws/src/install/turtlebot3_fake_node/share/turtlebot3_fake_node/hook/cmake_prefix_path.dsv'
[0.653s] INFO:colcon.colcon_core.shell:Creating environment hook '/home/yhan/yhan_ROS2/yhan_ws/src/install/turtlebot3_fake_node/share/turtlebot3_fake_node/hook/cmake_prefix_path.sh'
[0.653s] Level 1:colcon.colcon_core.environment:checking '/home/yhan/yhan_ROS2/yhan_ws/src/install/turtlebot3_fake_node/lib'
[0.654s] Level 1:colcon.colcon_core.environment:checking '/home/yhan/yhan_ROS2/yhan_ws/src/install/turtlebot3_fake_node/bin'
[0.654s] Level 1:colcon.colcon_core.environment:checking '/home/yhan/yhan_ROS2/yhan_ws/src/install/turtlebot3_fake_node/lib/pkgconfig/turtlebot3_fake_node.pc'
[0.654s] Level 1:colcon.colcon_core.environment:checking '/home/yhan/yhan_ROS2/yhan_ws/src/install/turtlebot3_fake_node/lib/python3.10/site-packages'
[0.654s] Level 1:colcon.colcon_core.environment:checking '/home/yhan/yhan_ROS2/yhan_ws/src/install/turtlebot3_fake_node/bin'
[0.654s] INFO:colcon.colcon_core.shell:Creating package script '/home/yhan/yhan_ROS2/yhan_ws/src/install/turtlebot3_fake_node/share/turtlebot3_fake_node/package.ps1'
[0.655s] INFO:colcon.colcon_core.shell:Creating package descriptor '/home/yhan/yhan_ROS2/yhan_ws/src/install/turtlebot3_fake_node/share/turtlebot3_fake_node/package.dsv'
[0.656s] INFO:colcon.colcon_core.shell:Creating package script '/home/yhan/yhan_ROS2/yhan_ws/src/install/turtlebot3_fake_node/share/turtlebot3_fake_node/package.sh'
[0.657s] INFO:colcon.colcon_core.shell:Creating package script '/home/yhan/yhan_ROS2/yhan_ws/src/install/turtlebot3_fake_node/share/turtlebot3_fake_node/package.bash'
[0.657s] INFO:colcon.colcon_core.shell:Creating package script '/home/yhan/yhan_ROS2/yhan_ws/src/install/turtlebot3_fake_node/share/turtlebot3_fake_node/package.zsh'
[0.658s] Level 1:colcon.colcon_core.environment:create_file_with_runtime_dependencies(/home/yhan/yhan_ROS2/yhan_ws/src/install/turtlebot3_fake_node/share/colcon-core/packages/turtlebot3_fake_node)
[0.658s] INFO:colcon.colcon_ros.task.ament_cmake.build:Building ROS package in '/home/yhan/yhan_ROS2/yhan_ws/src/simple_pkg_cpp' with build type 'ament_cmake'
[0.659s] INFO:colcon.colcon_cmake.task.cmake.build:Building CMake package in '/home/yhan/yhan_ROS2/yhan_ws/src/simple_pkg_cpp'
[0.659s] INFO:colcon.colcon_core.shell:Skip shell extension 'powershell' for command environment: Not usable outside of PowerShell
[0.659s] DEBUG:colcon.colcon_core.shell:Skip shell extension 'dsv' for command environment
[0.704s] DEBUG:colcon.colcon_core.event_handler.log_command:Invoking command in '/home/yhan/yhan_ROS2/yhan_ws/src/build/simple_pkg_cpp': CMAKE_PREFIX_PATH=/opt/ros/humble /usr/bin/cmake --build /home/yhan/yhan_ROS2/yhan_ws/src/build/simple_pkg_cpp -- -j2 -l2
[0.744s] Level 1:colcon.colcon_core.environment:create_environment_scripts_only(turtlebot3_gazebo)
[0.745s] Level 1:colcon.colcon_core.environment:checking '/home/yhan/yhan_ROS2/yhan_ws/src/install/turtlebot3_gazebo' for CMake module files
[0.745s] DEBUG:colcon.colcon_core.event_handler.log_command:Invoked command in '/home/yhan/yhan_ROS2/yhan_ws/src/build/turtlebot3_gazebo' returned '0': CMAKE_PREFIX_PATH=/opt/ros/humble /usr/bin/cmake --install /home/yhan/yhan_ROS2/yhan_ws/src/build/turtlebot3_gazebo
[0.746s] Level 1:colcon.colcon_core.environment:checking '/home/yhan/yhan_ROS2/yhan_ws/src/install/turtlebot3_gazebo' for CMake config files
[0.748s] Level 1:colcon.colcon_core.shell:create_environment_hook('turtlebot3_gazebo', 'cmake_prefix_path')
[0.749s] INFO:colcon.colcon_core.shell:Creating environment hook '/home/yhan/yhan_ROS2/yhan_ws/src/install/turtlebot3_gazebo/share/turtlebot3_gazebo/hook/cmake_prefix_path.ps1'
[0.753s] INFO:colcon.colcon_core.shell:Creating environment descriptor '/home/yhan/yhan_ROS2/yhan_ws/src/install/turtlebot3_gazebo/share/turtlebot3_gazebo/hook/cmake_prefix_path.dsv'
[0.753s] INFO:colcon.colcon_core.shell:Creating environment hook '/home/yhan/yhan_ROS2/yhan_ws/src/install/turtlebot3_gazebo/share/turtlebot3_gazebo/hook/cmake_prefix_path.sh'
[0.754s] Level 1:colcon.colcon_core.environment:checking '/home/yhan/yhan_ROS2/yhan_ws/src/install/turtlebot3_gazebo/lib'
[0.754s] Level 1:colcon.colcon_core.environment:checking '/home/yhan/yhan_ROS2/yhan_ws/src/install/turtlebot3_gazebo/bin'
[0.754s] Level 1:colcon.colcon_core.environment:checking '/home/yhan/yhan_ROS2/yhan_ws/src/install/turtlebot3_gazebo/lib/pkgconfig/turtlebot3_gazebo.pc'
[0.755s] Level 1:colcon.colcon_core.environment:checking '/home/yhan/yhan_ROS2/yhan_ws/src/install/turtlebot3_gazebo/lib/python3.10/site-packages'
[0.755s] Level 1:colcon.colcon_core.environment:checking '/home/yhan/yhan_ROS2/yhan_ws/src/install/turtlebot3_gazebo/bin'
[0.755s] INFO:colcon.colcon_core.shell:Creating package script '/home/yhan/yhan_ROS2/yhan_ws/src/install/turtlebot3_gazebo/share/turtlebot3_gazebo/package.ps1'
[0.756s] INFO:colcon.colcon_core.shell:Creating package descriptor '/home/yhan/yhan_ROS2/yhan_ws/src/install/turtlebot3_gazebo/share/turtlebot3_gazebo/package.dsv'
[0.756s] INFO:colcon.colcon_core.shell:Creating package script '/home/yhan/yhan_ROS2/yhan_ws/src/install/turtlebot3_gazebo/share/turtlebot3_gazebo/package.sh'
[0.757s] INFO:colcon.colcon_core.shell:Creating package script '/home/yhan/yhan_ROS2/yhan_ws/src/install/turtlebot3_gazebo/share/turtlebot3_gazebo/package.bash'
[0.757s] INFO:colcon.colcon_core.shell:Creating package script '/home/yhan/yhan_ROS2/yhan_ws/src/install/turtlebot3_gazebo/share/turtlebot3_gazebo/package.zsh'
[0.757s] Level 1:colcon.colcon_core.environment:create_file_with_runtime_dependencies(/home/yhan/yhan_ROS2/yhan_ws/src/install/turtlebot3_gazebo/share/colcon-core/packages/turtlebot3_gazebo)
[0.982s] Level 1:colcon.colcon_core.environment:create_environment_scripts_only(turtlebot3_gazebo)
[0.982s] Level 1:colcon.colcon_core.environment:checking '/home/yhan/yhan_ROS2/yhan_ws/src/install/turtlebot3_gazebo' for CMake module files
[0.982s] Level 1:colcon.colcon_core.environment:checking '/home/yhan/yhan_ROS2/yhan_ws/src/install/turtlebot3_gazebo' for CMake config files
[0.983s] Level 1:colcon.colcon_core.shell:create_environment_hook('turtlebot3_gazebo', 'cmake_prefix_path')
[0.983s] INFO:colcon.colcon_core.shell:Creating environment hook '/home/yhan/yhan_ROS2/yhan_ws/src/install/turtlebot3_gazebo/share/turtlebot3_gazebo/hook/cmake_prefix_path.ps1'
[0.984s] INFO:colcon.colcon_core.shell:Creating environment descriptor '/home/yhan/yhan_ROS2/yhan_ws/src/install/turtlebot3_gazebo/share/turtlebot3_gazebo/hook/cmake_prefix_path.dsv'
[0.989s] INFO:colcon.colcon_core.shell:Creating environment hook '/home/yhan/yhan_ROS2/yhan_ws/src/install/turtlebot3_gazebo/share/turtlebot3_gazebo/hook/cmake_prefix_path.sh'
[0.995s] Level 1:colcon.colcon_core.environment:checking '/home/yhan/yhan_ROS2/yhan_ws/src/install/turtlebot3_gazebo/lib'
[0.995s] Level 1:colcon.colcon_core.environment:checking '/home/yhan/yhan_ROS2/yhan_ws/src/install/turtlebot3_gazebo/bin'
[0.995s] Level 1:colcon.colcon_core.environment:checking '/home/yhan/yhan_ROS2/yhan_ws/src/install/turtlebot3_gazebo/lib/pkgconfig/turtlebot3_gazebo.pc'
[0.996s] Level 1:colcon.colcon_core.environment:checking '/home/yhan/yhan_ROS2/yhan_ws/src/install/turtlebot3_gazebo/lib/python3.10/site-packages'
[0.996s] Level 1:colcon.colcon_core.environment:checking '/home/yhan/yhan_ROS2/yhan_ws/src/install/turtlebot3_gazebo/bin'
[0.996s] INFO:colcon.colcon_core.shell:Creating package script '/home/yhan/yhan_ROS2/yhan_ws/src/install/turtlebot3_gazebo/share/turtlebot3_gazebo/package.ps1'
[0.996s] INFO:colcon.colcon_core.shell:Creating package descriptor '/home/yhan/yhan_ROS2/yhan_ws/src/install/turtlebot3_gazebo/share/turtlebot3_gazebo/package.dsv'
[0.997s] INFO:colcon.colcon_core.shell:Creating package script '/home/yhan/yhan_ROS2/yhan_ws/src/install/turtlebot3_gazebo/share/turtlebot3_gazebo/package.sh'
[0.997s] INFO:colcon.colcon_core.shell:Creating package script '/home/yhan/yhan_ROS2/yhan_ws/src/install/turtlebot3_gazebo/share/turtlebot3_gazebo/package.bash'
[0.998s] INFO:colcon.colcon_core.shell:Creating package script '/home/yhan/yhan_ROS2/yhan_ws/src/install/turtlebot3_gazebo/share/turtlebot3_gazebo/package.zsh'
[1.004s] Level 1:colcon.colcon_core.environment:create_file_with_runtime_dependencies(/home/yhan/yhan_ROS2/yhan_ws/src/install/turtlebot3_gazebo/share/colcon-core/packages/turtlebot3_gazebo)
[1.005s] INFO:colcon.colcon_ros.task.ament_cmake.build:Building ROS package in '/home/yhan/yhan_ROS2/yhan_ws/src/topic_final' with build type 'ament_cmake'
[1.006s] INFO:colcon.colcon_cmake.task.cmake.build:Building CMake package in '/home/yhan/yhan_ROS2/yhan_ws/src/topic_final'
[1.006s] INFO:colcon.colcon_core.shell:Skip shell extension 'powershell' for command environment: Not usable outside of PowerShell
[1.006s] DEBUG:colcon.colcon_core.shell:Skip shell extension 'dsv' for command environment
[1.041s] DEBUG:colcon.colcon_core.event_handler.log_command:Invoking command in '/home/yhan/yhan_ROS2/yhan_ws/src/build/topic_final': CMAKE_PREFIX_PATH=/opt/ros/humble /usr/bin/cmake --build /home/yhan/yhan_ROS2/yhan_ws/src/build/topic_final -- -j2 -l2
[1.214s] DEBUG:colcon.colcon_core.event_handler.log_command:Invoked command in '/home/yhan/yhan_ROS2/yhan_ws/src/build/simple_pkg_cpp' returned '0': CMAKE_PREFIX_PATH=/opt/ros/humble /usr/bin/cmake --build /home/yhan/yhan_ROS2/yhan_ws/src/build/simple_pkg_cpp -- -j2 -l2
[1.352s] DEBUG:colcon.colcon_core.event_handler.log_command:Invoked command in '/home/yhan/yhan_ROS2/yhan_ws/src/build/topic_final' returned '0': CMAKE_PREFIX_PATH=/opt/ros/humble /usr/bin/cmake --build /home/yhan/yhan_ROS2/yhan_ws/src/build/topic_final -- -j2 -l2
[1.399s] DEBUG:colcon.colcon_core.event_handler.log_command:Invoking command in '/home/yhan/yhan_ROS2/yhan_ws/src/build/simple_pkg_cpp': CMAKE_PREFIX_PATH=/opt/ros/humble /usr/bin/cmake --install /home/yhan/yhan_ROS2/yhan_ws/src/build/simple_pkg_cpp
[1.418s] DEBUG:colcon.colcon_core.event_handler.log_command:Invoking command in '/home/yhan/yhan_ROS2/yhan_ws/src/build/topic_final': CMAKE_PREFIX_PATH=/opt/ros/humble /usr/bin/cmake --install /home/yhan/yhan_ROS2/yhan_ws/src/build/topic_final
[1.477s] Level 1:colcon.colcon_core.environment:create_environment_scripts_only(topic_final)
[1.478s] Level 1:colcon.colcon_core.environment:checking '/home/yhan/yhan_ROS2/yhan_ws/src/install/topic_final' for CMake module files
[1.479s] Level 1:colcon.colcon_core.environment:checking '/home/yhan/yhan_ROS2/yhan_ws/src/install/topic_final' for CMake config files
[1.480s] Level 1:colcon.colcon_core.shell:create_environment_hook('topic_final', 'cmake_prefix_path')
[1.480s] INFO:colcon.colcon_core.shell:Creating environment hook '/home/yhan/yhan_ROS2/yhan_ws/src/install/topic_final/share/topic_final/hook/cmake_prefix_path.ps1'
[1.479s] DEBUG:colcon.colcon_core.event_handler.log_command:Invoked command in '/home/yhan/yhan_ROS2/yhan_ws/src/build/topic_final' returned '0': CMAKE_PREFIX_PATH=/opt/ros/humble /usr/bin/cmake --install /home/yhan/yhan_ROS2/yhan_ws/src/build/topic_final
[1.484s] INFO:colcon.colcon_core.shell:Creating environment descriptor '/home/yhan/yhan_ROS2/yhan_ws/src/install/topic_final/share/topic_final/hook/cmake_prefix_path.dsv'
[1.486s] INFO:colcon.colcon_core.shell:Creating environment hook '/home/yhan/yhan_ROS2/yhan_ws/src/install/topic_final/share/topic_final/hook/cmake_prefix_path.sh'
[1.487s] Level 1:colcon.colcon_core.environment:checking '/home/yhan/yhan_ROS2/yhan_ws/src/install/topic_final/lib'
[1.487s] Level 1:colcon.colcon_core.environment:checking '/home/yhan/yhan_ROS2/yhan_ws/src/install/topic_final/bin'
[1.487s] Level 1:colcon.colcon_core.environment:checking '/home/yhan/yhan_ROS2/yhan_ws/src/install/topic_final/lib/pkgconfig/topic_final.pc'
[1.487s] Level 1:colcon.colcon_core.environment:checking '/home/yhan/yhan_ROS2/yhan_ws/src/install/topic_final/lib/python3.10/site-packages'
[1.487s] Level 1:colcon.colcon_core.environment:checking '/home/yhan/yhan_ROS2/yhan_ws/src/install/topic_final/bin'
[1.488s] INFO:colcon.colcon_core.shell:Creating package script '/home/yhan/yhan_ROS2/yhan_ws/src/install/topic_final/share/topic_final/package.ps1'
[1.488s] INFO:colcon.colcon_core.shell:Creating package descriptor '/home/yhan/yhan_ROS2/yhan_ws/src/install/topic_final/share/topic_final/package.dsv'
[1.489s] INFO:colcon.colcon_core.shell:Creating package script '/home/yhan/yhan_ROS2/yhan_ws/src/install/topic_final/share/topic_final/package.sh'
[1.490s] INFO:colcon.colcon_core.shell:Creating package script '/home/yhan/yhan_ROS2/yhan_ws/src/install/topic_final/share/topic_final/package.bash'
[1.490s] INFO:colcon.colcon_core.shell:Creating package script '/home/yhan/yhan_ROS2/yhan_ws/src/install/topic_final/share/topic_final/package.zsh'
[1.491s] Level 1:colcon.colcon_core.environment:create_file_with_runtime_dependencies(/home/yhan/yhan_ROS2/yhan_ws/src/install/topic_final/share/colcon-core/packages/topic_final)
[1.496s] Level 1:colcon.colcon_core.environment:create_environment_scripts_only(simple_pkg_cpp)
[1.497s] DEBUG:colcon.colcon_core.event_handler.log_command:Invoked command in '/home/yhan/yhan_ROS2/yhan_ws/src/build/simple_pkg_cpp' returned '0': CMAKE_PREFIX_PATH=/opt/ros/humble /usr/bin/cmake --install /home/yhan/yhan_ROS2/yhan_ws/src/build/simple_pkg_cpp
[1.498s] Level 1:colcon.colcon_core.environment:checking '/home/yhan/yhan_ROS2/yhan_ws/src/install/simple_pkg_cpp' for CMake module files
[1.500s] Level 1:colcon.colcon_core.environment:checking '/home/yhan/yhan_ROS2/yhan_ws/src/install/simple_pkg_cpp' for CMake config files
[1.505s] Level 1:colcon.colcon_core.shell:create_environment_hook('simple_pkg_cpp', 'cmake_prefix_path')
[1.513s] INFO:colcon.colcon_core.shell:Creating environment hook '/home/yhan/yhan_ROS2/yhan_ws/src/install/simple_pkg_cpp/share/simple_pkg_cpp/hook/cmake_prefix_path.ps1'
[1.513s] INFO:colcon.colcon_core.shell:Creating environment descriptor '/home/yhan/yhan_ROS2/yhan_ws/src/install/simple_pkg_cpp/share/simple_pkg_cpp/hook/cmake_prefix_path.dsv'
[1.514s] INFO:colcon.colcon_core.shell:Creating environment hook '/home/yhan/yhan_ROS2/yhan_ws/src/install/simple_pkg_cpp/share/simple_pkg_cpp/hook/cmake_prefix_path.sh'
[1.521s] Level 1:colcon.colcon_core.environment:checking '/home/yhan/yhan_ROS2/yhan_ws/src/install/simple_pkg_cpp/lib'
[1.522s] Level 1:colcon.colcon_core.environment:checking '/home/yhan/yhan_ROS2/yhan_ws/src/install/simple_pkg_cpp/bin'
[1.522s] Level 1:colcon.colcon_core.environment:checking '/home/yhan/yhan_ROS2/yhan_ws/src/install/simple_pkg_cpp/lib/pkgconfig/simple_pkg_cpp.pc'
[1.522s] Level 1:colcon.colcon_core.environment:checking '/home/yhan/yhan_ROS2/yhan_ws/src/install/simple_pkg_cpp/lib/python3.10/site-packages'
[1.523s] Level 1:colcon.colcon_core.environment:checking '/home/yhan/yhan_ROS2/yhan_ws/src/install/simple_pkg_cpp/bin'
[1.523s] INFO:colcon.colcon_core.shell:Creating package script '/home/yhan/yhan_ROS2/yhan_ws/src/install/simple_pkg_cpp/share/simple_pkg_cpp/package.ps1'
[1.524s] INFO:colcon.colcon_core.shell:Creating package descriptor '/home/yhan/yhan_ROS2/yhan_ws/src/install/simple_pkg_cpp/share/simple_pkg_cpp/package.dsv'
[1.529s] INFO:colcon.colcon_core.shell:Creating package script '/home/yhan/yhan_ROS2/yhan_ws/src/install/simple_pkg_cpp/share/simple_pkg_cpp/package.sh'
[1.530s] INFO:colcon.colcon_core.shell:Creating package script '/home/yhan/yhan_ROS2/yhan_ws/src/install/simple_pkg_cpp/share/simple_pkg_cpp/package.bash'
[1.530s] INFO:colcon.colcon_core.shell:Creating package script '/home/yhan/yhan_ROS2/yhan_ws/src/install/simple_pkg_cpp/share/simple_pkg_cpp/package.zsh'
[1.531s] Level 1:colcon.colcon_core.environment:create_file_with_runtime_dependencies(/home/yhan/yhan_ROS2/yhan_ws/src/install/simple_pkg_cpp/share/colcon-core/packages/simple_pkg_cpp)
[1.600s] Level 1:colcon.colcon_core.environment:create_environment_scripts_only(topic_final)
[1.600s] Level 1:colcon.colcon_core.environment:checking '/home/yhan/yhan_ROS2/yhan_ws/src/install/topic_final' for CMake module files
[1.600s] Level 1:colcon.colcon_core.environment:checking '/home/yhan/yhan_ROS2/yhan_ws/src/install/topic_final' for CMake config files
[1.600s] Level 1:colcon.colcon_core.shell:create_environment_hook('topic_final', 'cmake_prefix_path')
[1.601s] INFO:colcon.colcon_core.shell:Creating environment hook '/home/yhan/yhan_ROS2/yhan_ws/src/install/topic_final/share/topic_final/hook/cmake_prefix_path.ps1'
[1.601s] INFO:colcon.colcon_core.shell:Creating environment descriptor '/home/yhan/yhan_ROS2/yhan_ws/src/install/topic_final/share/topic_final/hook/cmake_prefix_path.dsv'
[1.602s] INFO:colcon.colcon_core.shell:Creating environment hook '/home/yhan/yhan_ROS2/yhan_ws/src/install/topic_final/share/topic_final/hook/cmake_prefix_path.sh'
[1.602s] Level 1:colcon.colcon_core.environment:checking '/home/yhan/yhan_ROS2/yhan_ws/src/install/topic_final/lib'
[1.602s] Level 1:colcon.colcon_core.environment:checking '/home/yhan/yhan_ROS2/yhan_ws/src/install/topic_final/bin'
[1.602s] Level 1:colcon.colcon_core.environment:checking '/home/yhan/yhan_ROS2/yhan_ws/src/install/topic_final/lib/pkgconfig/topic_final.pc'
[1.602s] Level 1:colcon.colcon_core.environment:checking '/home/yhan/yhan_ROS2/yhan_ws/src/install/topic_final/lib/python3.10/site-packages'
[1.603s] Level 1:colcon.colcon_core.environment:checking '/home/yhan/yhan_ROS2/yhan_ws/src/install/topic_final/bin'
[1.603s] INFO:colcon.colcon_core.shell:Creating package script '/home/yhan/yhan_ROS2/yhan_ws/src/install/topic_final/share/topic_final/package.ps1'
[1.603s] INFO:colcon.colcon_core.shell:Creating package descriptor '/home/yhan/yhan_ROS2/yhan_ws/src/install/topic_final/share/topic_final/package.dsv'
[1.604s] INFO:colcon.colcon_core.shell:Creating package script '/home/yhan/yhan_ROS2/yhan_ws/src/install/topic_final/share/topic_final/package.sh'
[1.604s] INFO:colcon.colcon_core.shell:Creating package script '/home/yhan/yhan_ROS2/yhan_ws/src/install/topic_final/share/topic_final/package.bash'
[1.615s] INFO:colcon.colcon_core.shell:Creating package script '/home/yhan/yhan_ROS2/yhan_ws/src/install/topic_final/share/topic_final/package.zsh'
[1.616s] Level 1:colcon.colcon_core.environment:create_file_with_runtime_dependencies(/home/yhan/yhan_ROS2/yhan_ws/src/install/topic_final/share/colcon-core/packages/topic_final)
[1.617s] INFO:colcon.colcon_ros.task.ament_cmake.build:Building ROS package in '/home/yhan/yhan_ROS2/yhan_ws/src/turtlebot3_simulations/turtlebot3_simulations' with build type 'ament_cmake'
[1.617s] INFO:colcon.colcon_cmake.task.cmake.build:Building CMake package in '/home/yhan/yhan_ROS2/yhan_ws/src/turtlebot3_simulations/turtlebot3_simulations'
[1.617s] INFO:colcon.colcon_core.shell:Skip shell extension 'powershell' for command environment: Not usable outside of PowerShell
[1.617s] DEBUG:colcon.colcon_core.shell:Skip shell extension 'dsv' for command environment
[1.650s] DEBUG:colcon.colcon_core.event_handler.log_command:Invoking command in '/home/yhan/yhan_ROS2/yhan_ws/src/build/turtlebot3_simulations': AMENT_PREFIX_PATH=/home/yhan/yhan_ROS2/yhan_ws/src/install/turtlebot3_gazebo:/home/yhan/yhan_ROS2/yhan_ws/src/install/turtlebot3_fake_node:${AMENT_PREFIX_PATH} CMAKE_PREFIX_PATH=/home/yhan/yhan_ROS2/yhan_ws/src/install/turtlebot3_gazebo:/home/yhan/yhan_ROS2/yhan_ws/src/install/turtlebot3_fake_node:/opt/ros/humble /usr/bin/cmake --build /home/yhan/yhan_ROS2/yhan_ws/src/build/turtlebot3_simulations -- -j2 -l2
[1.678s] Level 1:colcon.colcon_core.environment:create_environment_scripts_only(simple_pkg_cpp)
[1.679s] Level 1:colcon.colcon_core.environment:checking '/home/yhan/yhan_ROS2/yhan_ws/src/install/simple_pkg_cpp' for CMake module files
[1.679s] Level 1:colcon.colcon_core.environment:checking '/home/yhan/yhan_ROS2/yhan_ws/src/install/simple_pkg_cpp' for CMake config files
[1.680s] Level 1:colcon.colcon_core.shell:create_environment_hook('simple_pkg_cpp', 'cmake_prefix_path')
[1.680s] INFO:colcon.colcon_core.shell:Creating environment hook '/home/yhan/yhan_ROS2/yhan_ws/src/install/simple_pkg_cpp/share/simple_pkg_cpp/hook/cmake_prefix_path.ps1'
[1.681s] INFO:colcon.colcon_core.shell:Creating environment descriptor '/home/yhan/yhan_ROS2/yhan_ws/src/install/simple_pkg_cpp/share/simple_pkg_cpp/hook/cmake_prefix_path.dsv'
[1.681s] INFO:colcon.colcon_core.shell:Creating environment hook '/home/yhan/yhan_ROS2/yhan_ws/src/install/simple_pkg_cpp/share/simple_pkg_cpp/hook/cmake_prefix_path.sh'
[1.682s] Level 1:colcon.colcon_core.environment:checking '/home/yhan/yhan_ROS2/yhan_ws/src/install/simple_pkg_cpp/lib'
[1.682s] Level 1:colcon.colcon_core.environment:checking '/home/yhan/yhan_ROS2/yhan_ws/src/install/simple_pkg_cpp/bin'
[1.682s] Level 1:colcon.colcon_core.environment:checking '/home/yhan/yhan_ROS2/yhan_ws/src/install/simple_pkg_cpp/lib/pkgconfig/simple_pkg_cpp.pc'
[1.682s] Level 1:colcon.colcon_core.environment:checking '/home/yhan/yhan_ROS2/yhan_ws/src/install/simple_pkg_cpp/lib/python3.10/site-packages'
[1.682s] Level 1:colcon.colcon_core.environment:checking '/home/yhan/yhan_ROS2/yhan_ws/src/install/simple_pkg_cpp/bin'
[1.682s] INFO:colcon.colcon_core.shell:Creating package script '/home/yhan/yhan_ROS2/yhan_ws/src/install/simple_pkg_cpp/share/simple_pkg_cpp/package.ps1'
[1.683s] INFO:colcon.colcon_core.shell:Creating package descriptor '/home/yhan/yhan_ROS2/yhan_ws/src/install/simple_pkg_cpp/share/simple_pkg_cpp/package.dsv'
[1.683s] INFO:colcon.colcon_core.shell:Creating package script '/home/yhan/yhan_ROS2/yhan_ws/src/install/simple_pkg_cpp/share/simple_pkg_cpp/package.sh'
[1.684s] INFO:colcon.colcon_core.shell:Creating package script '/home/yhan/yhan_ROS2/yhan_ws/src/install/simple_pkg_cpp/share/simple_pkg_cpp/package.bash'
[1.697s] INFO:colcon.colcon_core.shell:Creating package script '/home/yhan/yhan_ROS2/yhan_ws/src/install/simple_pkg_cpp/share/simple_pkg_cpp/package.zsh'
[1.698s] Level 1:colcon.colcon_core.environment:create_file_with_runtime_dependencies(/home/yhan/yhan_ROS2/yhan_ws/src/install/simple_pkg_cpp/share/colcon-core/packages/simple_pkg_cpp)
[1.738s] DEBUG:colcon.colcon_core.event_handler.log_command:Invoked command in '/home/yhan/yhan_ROS2/yhan_ws/src/build/turtlebot3_simulations' returned '0': AMENT_PREFIX_PATH=/home/yhan/yhan_ROS2/yhan_ws/src/install/turtlebot3_gazebo:/home/yhan/yhan_ROS2/yhan_ws/src/install/turtlebot3_fake_node:${AMENT_PREFIX_PATH} CMAKE_PREFIX_PATH=/home/yhan/yhan_ROS2/yhan_ws/src/install/turtlebot3_gazebo:/home/yhan/yhan_ROS2/yhan_ws/src/install/turtlebot3_fake_node:/opt/ros/humble /usr/bin/cmake --build /home/yhan/yhan_ROS2/yhan_ws/src/build/turtlebot3_simulations -- -j2 -l2
[1.777s] DEBUG:colcon.colcon_core.event_handler.log_command:Invoking command in '/home/yhan/yhan_ROS2/yhan_ws/src/build/turtlebot3_simulations': AMENT_PREFIX_PATH=/home/yhan/yhan_ROS2/yhan_ws/src/install/turtlebot3_gazebo:/home/yhan/yhan_ROS2/yhan_ws/src/install/turtlebot3_fake_node:${AMENT_PREFIX_PATH} CMAKE_PREFIX_PATH=/home/yhan/yhan_ROS2/yhan_ws/src/install/turtlebot3_gazebo:/home/yhan/yhan_ROS2/yhan_ws/src/install/turtlebot3_fake_node:/opt/ros/humble /usr/bin/cmake --install /home/yhan/yhan_ROS2/yhan_ws/src/build/turtlebot3_simulations
[1.810s] Level 1:colcon.colcon_core.environment:create_environment_scripts_only(turtlebot3_simulations)
[1.810s] Level 1:colcon.colcon_core.environment:checking '/home/yhan/yhan_ROS2/yhan_ws/src/install/turtlebot3_simulations' for CMake module files
[1.811s] DEBUG:colcon.colcon_core.event_handler.log_command:Invoked command in '/home/yhan/yhan_ROS2/yhan_ws/src/build/turtlebot3_simulations' returned '0': AMENT_PREFIX_PATH=/home/yhan/yhan_ROS2/yhan_ws/src/install/turtlebot3_gazebo:/home/yhan/yhan_ROS2/yhan_ws/src/install/turtlebot3_fake_node:${AMENT_PREFIX_PATH} CMAKE_PREFIX_PATH=/home/yhan/yhan_ROS2/yhan_ws/src/install/turtlebot3_gazebo:/home/yhan/yhan_ROS2/yhan_ws/src/install/turtlebot3_fake_node:/opt/ros/humble /usr/bin/cmake --install /home/yhan/yhan_ROS2/yhan_ws/src/build/turtlebot3_simulations
[1.811s] Level 1:colcon.colcon_core.environment:checking '/home/yhan/yhan_ROS2/yhan_ws/src/install/turtlebot3_simulations' for CMake config files
[1.811s] Level 1:colcon.colcon_core.shell:create_environment_hook('turtlebot3_simulations', 'cmake_prefix_path')
[1.811s] INFO:colcon.colcon_core.shell:Creating environment hook '/home/yhan/yhan_ROS2/yhan_ws/src/install/turtlebot3_simulations/share/turtlebot3_simulations/hook/cmake_prefix_path.ps1'
[1.812s] INFO:colcon.colcon_core.shell:Creating environment descriptor '/home/yhan/yhan_ROS2/yhan_ws/src/install/turtlebot3_simulations/share/turtlebot3_simulations/hook/cmake_prefix_path.dsv'
[1.812s] INFO:colcon.colcon_core.shell:Creating environment hook '/home/yhan/yhan_ROS2/yhan_ws/src/install/turtlebot3_simulations/share/turtlebot3_simulations/hook/cmake_prefix_path.sh'
[1.813s] Level 1:colcon.colcon_core.environment:checking '/home/yhan/yhan_ROS2/yhan_ws/src/install/turtlebot3_simulations/bin'
[1.813s] Level 1:colcon.colcon_core.environment:checking '/home/yhan/yhan_ROS2/yhan_ws/src/install/turtlebot3_simulations/lib/pkgconfig/turtlebot3_simulations.pc'
[1.813s] Level 1:colcon.colcon_core.environment:checking '/home/yhan/yhan_ROS2/yhan_ws/src/install/turtlebot3_simulations/lib/python3.10/site-packages'
[1.813s] Level 1:colcon.colcon_core.environment:checking '/home/yhan/yhan_ROS2/yhan_ws/src/install/turtlebot3_simulations/bin'
[1.814s] INFO:colcon.colcon_core.shell:Creating package script '/home/yhan/yhan_ROS2/yhan_ws/src/install/turtlebot3_simulations/share/turtlebot3_simulations/package.ps1'
[1.814s] INFO:colcon.colcon_core.shell:Creating package descriptor '/home/yhan/yhan_ROS2/yhan_ws/src/install/turtlebot3_simulations/share/turtlebot3_simulations/package.dsv'
[1.814s] INFO:colcon.colcon_core.shell:Creating package script '/home/yhan/yhan_ROS2/yhan_ws/src/install/turtlebot3_simulations/share/turtlebot3_simulations/package.sh'
[1.815s] INFO:colcon.colcon_core.shell:Creating package script '/home/yhan/yhan_ROS2/yhan_ws/src/install/turtlebot3_simulations/share/turtlebot3_simulations/package.bash'
[1.815s] INFO:colcon.colcon_core.shell:Creating package script '/home/yhan/yhan_ROS2/yhan_ws/src/install/turtlebot3_simulations/share/turtlebot3_simulations/package.zsh'
[1.816s] Level 1:colcon.colcon_core.environment:create_file_with_runtime_dependencies(/home/yhan/yhan_ROS2/yhan_ws/src/install/turtlebot3_simulations/share/colcon-core/packages/turtlebot3_simulations)
[1.844s] Level 1:colcon.colcon_core.environment:create_environment_scripts_only(turtlebot3_simulations)
[1.845s] Level 1:colcon.colcon_core.environment:checking '/home/yhan/yhan_ROS2/yhan_ws/src/install/turtlebot3_simulations' for CMake module files
[1.845s] Level 1:colcon.colcon_core.environment:checking '/home/yhan/yhan_ROS2/yhan_ws/src/install/turtlebot3_simulations' for CMake config files
[1.845s] Level 1:colcon.colcon_core.shell:create_environment_hook('turtlebot3_simulations', 'cmake_prefix_path')
[1.845s] INFO:colcon.colcon_core.shell:Creating environment hook '/home/yhan/yhan_ROS2/yhan_ws/src/install/turtlebot3_simulations/share/turtlebot3_simulations/hook/cmake_prefix_path.ps1'
[1.846s] INFO:colcon.colcon_core.shell:Creating environment descriptor '/home/yhan/yhan_ROS2/yhan_ws/src/install/turtlebot3_simulations/share/turtlebot3_simulations/hook/cmake_prefix_path.dsv'
[1.846s] INFO:colcon.colcon_core.shell:Creating environment hook '/home/yhan/yhan_ROS2/yhan_ws/src/install/turtlebot3_simulations/share/turtlebot3_simulations/hook/cmake_prefix_path.sh'
[1.847s] Level 1:colcon.colcon_core.environment:checking '/home/yhan/yhan_ROS2/yhan_ws/src/install/turtlebot3_simulations/bin'
[1.847s] Level 1:colcon.colcon_core.environment:checking '/home/yhan/yhan_ROS2/yhan_ws/src/install/turtlebot3_simulations/lib/pkgconfig/turtlebot3_simulations.pc'
[1.847s] Level 1:colcon.colcon_core.environment:checking '/home/yhan/yhan_ROS2/yhan_ws/src/install/turtlebot3_simulations/lib/python3.10/site-packages'
[1.847s] Level 1:colcon.colcon_core.environment:checking '/home/yhan/yhan_ROS2/yhan_ws/src/install/turtlebot3_simulations/bin'
[1.847s] INFO:colcon.colcon_core.shell:Creating package script '/home/yhan/yhan_ROS2/yhan_ws/src/install/turtlebot3_simulations/share/turtlebot3_simulations/package.ps1'
[1.848s] INFO:colcon.colcon_core.shell:Creating package descriptor '/home/yhan/yhan_ROS2/yhan_ws/src/install/turtlebot3_simulations/share/turtlebot3_simulations/package.dsv'
[1.848s] INFO:colcon.colcon_core.shell:Creating package script '/home/yhan/yhan_ROS2/yhan_ws/src/install/turtlebot3_simulations/share/turtlebot3_simulations/package.sh'
[1.849s] INFO:colcon.colcon_core.shell:Creating package script '/home/yhan/yhan_ROS2/yhan_ws/src/install/turtlebot3_simulations/share/turtlebot3_simulations/package.bash'
[1.849s] INFO:colcon.colcon_core.shell:Creating package script '/home/yhan/yhan_ROS2/yhan_ws/src/install/turtlebot3_simulations/share/turtlebot3_simulations/package.zsh'
[1.849s] Level 1:colcon.colcon_core.environment:create_file_with_runtime_dependencies(/home/yhan/yhan_ROS2/yhan_ws/src/install/turtlebot3_simulations/share/colcon-core/packages/turtlebot3_simulations)
[1.850s] DEBUG:colcon.colcon_parallel_executor.executor.parallel:closing loop
[1.850s] DEBUG:colcon.colcon_parallel_executor.executor.parallel:loop closed
[1.850s] DEBUG:colcon.colcon_parallel_executor.executor.parallel:run_until_complete finished with '0'
[1.850s] DEBUG:colcon.colcon_core.event_reactor:joining thread
[1.870s] INFO:colcon.colcon_core.plugin_system:Skipping extension 'colcon_notification.desktop_notification.terminal_notifier': Not used on non-Darwin systems
[1.871s] INFO:colcon.colcon_core.plugin_system:Skipping extension 'colcon_notification.desktop_notification.win32': Not used on non-Windows systems
[1.871s] INFO:colcon.colcon_notification.desktop_notification:Sending desktop notification using 'notify2'
[1.951s] DEBUG:colcon.colcon_core.event_reactor:joined thread
[1.952s] INFO:colcon.colcon_core.shell:Creating prefix script '/home/yhan/yhan_ROS2/yhan_ws/src/install/local_setup.ps1'
[1.954s] INFO:colcon.colcon_core.shell:Creating prefix util module '/home/yhan/yhan_ROS2/yhan_ws/src/install/_local_setup_util_ps1.py'
[1.956s] INFO:colcon.colcon_core.shell:Creating prefix chain script '/home/yhan/yhan_ROS2/yhan_ws/src/install/setup.ps1'
[1.962s] INFO:colcon.colcon_core.shell:Creating prefix script '/home/yhan/yhan_ROS2/yhan_ws/src/install/local_setup.sh'
[1.964s] INFO:colcon.colcon_core.shell:Creating prefix util module '/home/yhan/yhan_ROS2/yhan_ws/src/install/_local_setup_util_sh.py'
[1.964s] INFO:colcon.colcon_core.shell:Creating prefix chain script '/home/yhan/yhan_ROS2/yhan_ws/src/install/setup.sh'
[1.966s] INFO:colcon.colcon_core.shell:Creating prefix script '/home/yhan/yhan_ROS2/yhan_ws/src/install/local_setup.bash'
[1.967s] INFO:colcon.colcon_core.shell:Creating prefix chain script '/home/yhan/yhan_ROS2/yhan_ws/src/install/setup.bash'
[1.968s] INFO:colcon.colcon_core.shell:Creating prefix script '/home/yhan/yhan_ROS2/yhan_ws/src/install/local_setup.zsh'
[1.969s] INFO:colcon.colcon_core.shell:Creating prefix chain script '/home/yhan/yhan_ROS2/yhan_ws/src/install/setup.zsh'
