[0.053s] Invoking command in '/home/yhan/yhan_ROS2/yhan_ws/build/simple_pkg_cpp': CMAKE_PREFIX_PATH=${CMAKE_PREFIX_PATH}:/opt/ros/humble /usr/bin/cmake --build /home/yhan/yhan_ROS2/yhan_ws/build/simple_pkg_cpp -- -j2 -l2
[0.169s] -- Found ament_cmake: 1.3.9 (/opt/ros/humble/share/ament_cmake/cmake)
[0.617s] -- Override CMake install command with custom implementation using symlinks instead of copying resources
[0.670s] -- Found rclcpp: 16.0.9 (/opt/ros/humble/share/rclcpp/cmake)
[0.817s] -- Found rosidl_generator_c: 3.1.5 (/opt/ros/humble/share/rosidl_generator_c/cmake)
[0.824s] -- Found rosidl_adapter: 3.1.5 (/opt/ros/humble/share/rosidl_adapter/cmake)
[0.835s] -- Found rosidl_generator_cpp: 3.1.5 (/opt/ros/humble/share/rosidl_generator_cpp/cmake)
[0.860s] -- Using all available rosidl_typesupport_c: rosidl_typesupport_fastrtps_c;rosidl_typesupport_introspection_c
[0.884s] -- Using all available rosidl_typesupport_cpp: rosidl_typesupport_fastrtps_cpp;rosidl_typesupport_introspection_cpp
[0.960s] -- Found rmw_implementation_cmake: 6.1.2 (/opt/ros/humble/share/rmw_implementation_cmake/cmake)
[0.963s] -- Found rmw_fastrtps_cpp: 6.2.6 (/opt/ros/humble/share/rmw_fastrtps_cpp/cmake)
[1.174s] -- Using RMW implementation 'rmw_fastrtps_cpp' as default
[1.746s] -- Found example_interfaces: 0.9.3 (/opt/ros/humble/share/example_interfaces/cmake)
[2.193s] -- Found ament_lint_auto: 0.12.11 (/opt/ros/humble/share/ament_lint_auto/cmake)
[2.386s] -- Added test 'cppcheck' to perform static code analysis on C / C++ code
[2.386s] -- Configured cppcheck include dirs: /home/yhan/yhan_ROS2/yhan_ws/src/simple_pkg_cpp/include
[2.386s] -- Configured cppcheck exclude dirs and/or files: 
[2.391s] -- Added test 'lint_cmake' to check CMake code style
[2.392s] -- Added test 'uncrustify' to check C / C++ code style
[2.392s] -- Configured uncrustify additional arguments: 
[2.393s] -- Added test 'xmllint' to check XML markup files
[2.395s] -- Configuring done
[2.596s] -- Generating done
[2.598s] -- Build files have been written to: /home/yhan/yhan_ROS2/yhan_ws/build/simple_pkg_cpp
[2.756s] [35m[1mConsolidate compiler generated dependencies of target helloword[0m
[2.822s] [  3%] [32mBuilding CXX object CMakeFiles/helloword.dir/src/helloworld.cpp.o[0m
[3.496s] [  7%] [32m[1mLinking CXX executable helloword[0m
[3.742s] [  7%] Built target helloword
[3.791s] [35m[1mConsolidate compiler generated dependencies of target helloOpenCV[0m
[3.840s] [ 10%] [32mBuilding CXX object CMakeFiles/helloOpenCV.dir/src/helloOpenCV.cpp.o[0m
[8.444s] [ 14%] [32m[1mLinking CXX executable helloOpenCV[0m
[9.161s] [ 14%] Built target helloOpenCV
[9.194s] [35m[1mConsolidate compiler generated dependencies of target hello_publisher[0m
[9.251s] [ 17%] [32mBuilding CXX object CMakeFiles/hello_publisher.dir/src/hello_publisher.cpp.o[0m
[13.697s] [ 21%] [32m[1mLinking CXX executable hello_publisher[0m
[13.844s] [ 21%] Built target hello_publisher
[13.893s] [35m[1mConsolidate compiler generated dependencies of target hello_publisher2[0m
[13.917s] [ 25%] [32mBuilding CXX object CMakeFiles/hello_publisher2.dir/src/hello_publisher2.cpp.o[0m
[19.883s] [ 28%] [32m[1mLinking CXX executable hello_publisher2[0m
[20.179s] [ 28%] Built target hello_publisher2
[20.218s] [35m[1mConsolidate compiler generated dependencies of target hello_publisher_class[0m
[20.264s] [ 32%] [32mBuilding CXX object CMakeFiles/hello_publisher_class.dir/src/hello_publisher_class.cpp.o[0m
[25.735s] [ 35%] [32m[1mLinking CXX executable hello_publisher_class[0m
[25.942s] [ 35%] Built target hello_publisher_class
[25.964s] [35m[1mConsolidate compiler generated dependencies of target hello_publisher_class2[0m
[26.007s] [ 39%] [32mBuilding CXX object CMakeFiles/hello_publisher_class2.dir/src/hello_publisher_class2.cpp.o[0m
[30.351s] [ 42%] [32mBuilding CXX object CMakeFiles/hello_publisher_class2.dir/src/publisher.cpp.o[0m
[35.567s] [ 46%] [32m[1mLinking CXX executable hello_publisher_class2[0m
[35.802s] [ 46%] Built target hello_publisher_class2
[35.826s] [35m[1mConsolidate compiler generated dependencies of target hello_subscriber_class[0m
[35.882s] [ 50%] [32mBuilding CXX object CMakeFiles/hello_subscriber_class.dir/src/hello_subscriber_class.cpp.o[0m
[39.552s] [ 53%] [32mBuilding CXX object CMakeFiles/hello_subscriber_class.dir/src/subscriber.cpp.o[0m
[49.535s] [ 57%] [32m[1mLinking CXX executable hello_subscriber_class[0m
[49.984s] [ 57%] Built target hello_subscriber_class
[50.006s] [35m[1mConsolidate compiler generated dependencies of target time_publisher_class[0m
[50.041s] [ 60%] [32mBuilding CXX object CMakeFiles/time_publisher_class.dir/src/time_publisher_class.cpp.o[0m
[53.709s] [ 64%] [32mBuilding CXX object CMakeFiles/time_publisher_class.dir/src/time_pub.cpp.o[0m
[59.879s] [ 67%] [32m[1mLinking CXX executable time_publisher_class[0m
[60.291s] [ 67%] Built target time_publisher_class
[60.351s] [35m[1mConsolidate compiler generated dependencies of target time_subscriber_class[0m
[60.385s] [ 71%] [32mBuilding CXX object CMakeFiles/time_subscriber_class.dir/src/time_subscriber_class.cpp.o[0m
[64.203s] [ 75%] [32mBuilding CXX object CMakeFiles/time_subscriber_class.dir/src/time_sub.cpp.o[0m
[73.929s] [ 78%] [32m[1mLinking CXX executable time_subscriber_class[0m
[74.382s] [ 78%] Built target time_subscriber_class
[74.408s] [ 82%] [32mBuilding CXX object CMakeFiles/simple_service_server.dir/src/simple_service_server.cpp.o[0m
[79.187s] [ 85%] [32m[1mLinking CXX executable simple_service_server[0m
[79.490s] [ 85%] Built target simple_service_server
[79.547s] [ 89%] [32mBuilding CXX object CMakeFiles/simple_service_client.dir/src/simple_service_client.cpp.o[0m
[83.092s] [ 92%] [32m[1mLinking CXX executable simple_service_client[0m
[83.220s] [ 92%] Built target simple_service_client
[83.242s] [ 96%] [32mBuilding CXX object CMakeFiles/simple_service_client2.dir/src/simple_service_client2.cpp.o[0m
[86.658s] [100%] [32m[1mLinking CXX executable simple_service_client2[0m
[86.804s] [100%] Built target simple_service_client2
[86.817s] Invoked command in '/home/yhan/yhan_ROS2/yhan_ws/build/simple_pkg_cpp' returned '0': CMAKE_PREFIX_PATH=${CMAKE_PREFIX_PATH}:/opt/ros/humble /usr/bin/cmake --build /home/yhan/yhan_ROS2/yhan_ws/build/simple_pkg_cpp -- -j2 -l2
[86.887s] Invoking command in '/home/yhan/yhan_ROS2/yhan_ws/build/simple_pkg_cpp': CMAKE_PREFIX_PATH=${CMAKE_PREFIX_PATH}:/opt/ros/humble /usr/bin/cmake --install /home/yhan/yhan_ROS2/yhan_ws/build/simple_pkg_cpp
[86.893s] -- Install configuration: ""
[86.893s] -- Execute custom install script
[86.894s] -- Up-to-date symlink: /home/yhan/yhan_ROS2/yhan_ws/install/simple_pkg_cpp/lib/simple_pkg_cpp/helloword
[86.895s] -- Up-to-date symlink: /home/yhan/yhan_ROS2/yhan_ws/install/simple_pkg_cpp/lib/simple_pkg_cpp/helloOpenCV
[86.895s] -- Up-to-date symlink: /home/yhan/yhan_ROS2/yhan_ws/install/simple_pkg_cpp/lib/simple_pkg_cpp/hello_publisher
[86.896s] -- Up-to-date symlink: /home/yhan/yhan_ROS2/yhan_ws/install/simple_pkg_cpp/lib/simple_pkg_cpp/hello_publisher2
[86.896s] -- Up-to-date symlink: /home/yhan/yhan_ROS2/yhan_ws/install/simple_pkg_cpp/lib/simple_pkg_cpp/hello_publisher_class
[86.897s] -- Up-to-date symlink: /home/yhan/yhan_ROS2/yhan_ws/install/simple_pkg_cpp/lib/simple_pkg_cpp/hello_publisher_class2
[86.897s] -- Up-to-date symlink: /home/yhan/yhan_ROS2/yhan_ws/install/simple_pkg_cpp/lib/simple_pkg_cpp/hello_subscriber_class
[86.898s] -- Up-to-date symlink: /home/yhan/yhan_ROS2/yhan_ws/install/simple_pkg_cpp/lib/simple_pkg_cpp/time_publisher_class
[86.898s] -- Up-to-date symlink: /home/yhan/yhan_ROS2/yhan_ws/install/simple_pkg_cpp/lib/simple_pkg_cpp/time_subscriber_class
[86.899s] -- Symlinking: /home/yhan/yhan_ROS2/yhan_ws/install/simple_pkg_cpp/lib/simple_pkg_cpp/simple_service_server
[86.906s] -- Symlinking: /home/yhan/yhan_ROS2/yhan_ws/install/simple_pkg_cpp/lib/simple_pkg_cpp/simple_service_client
[86.915s] -- Symlinking: /home/yhan/yhan_ROS2/yhan_ws/install/simple_pkg_cpp/lib/simple_pkg_cpp/simple_service_client2
[86.927s] -- Up-to-date symlink: /home/yhan/yhan_ROS2/yhan_ws/install/simple_pkg_cpp/share/ament_index/resource_index/package_run_dependencies/simple_pkg_cpp
[86.928s] -- Up-to-date symlink: /home/yhan/yhan_ROS2/yhan_ws/install/simple_pkg_cpp/share/ament_index/resource_index/parent_prefix_path/simple_pkg_cpp
[86.929s] -- Up-to-date symlink: /home/yhan/yhan_ROS2/yhan_ws/install/simple_pkg_cpp/share/simple_pkg_cpp/environment/ament_prefix_path.sh
[86.931s] -- Up-to-date symlink: /home/yhan/yhan_ROS2/yhan_ws/install/simple_pkg_cpp/share/simple_pkg_cpp/environment/ament_prefix_path.dsv
[86.932s] -- Up-to-date symlink: /home/yhan/yhan_ROS2/yhan_ws/install/simple_pkg_cpp/share/simple_pkg_cpp/environment/path.sh
[86.934s] -- Up-to-date symlink: /home/yhan/yhan_ROS2/yhan_ws/install/simple_pkg_cpp/share/simple_pkg_cpp/environment/path.dsv
[86.935s] -- Up-to-date symlink: /home/yhan/yhan_ROS2/yhan_ws/install/simple_pkg_cpp/share/simple_pkg_cpp/local_setup.bash
[86.937s] -- Up-to-date symlink: /home/yhan/yhan_ROS2/yhan_ws/install/simple_pkg_cpp/share/simple_pkg_cpp/local_setup.sh
[86.937s] -- Up-to-date symlink: /home/yhan/yhan_ROS2/yhan_ws/install/simple_pkg_cpp/share/simple_pkg_cpp/local_setup.zsh
[86.938s] -- Up-to-date symlink: /home/yhan/yhan_ROS2/yhan_ws/install/simple_pkg_cpp/share/simple_pkg_cpp/local_setup.dsv
[86.939s] -- Symlinking: /home/yhan/yhan_ROS2/yhan_ws/install/simple_pkg_cpp/share/simple_pkg_cpp/package.dsv
[86.947s] -- Up-to-date symlink: /home/yhan/yhan_ROS2/yhan_ws/install/simple_pkg_cpp/share/ament_index/resource_index/packages/simple_pkg_cpp
[86.948s] -- Up-to-date symlink: /home/yhan/yhan_ROS2/yhan_ws/install/simple_pkg_cpp/share/simple_pkg_cpp/cmake/simple_pkg_cppConfig.cmake
[86.949s] -- Up-to-date symlink: /home/yhan/yhan_ROS2/yhan_ws/install/simple_pkg_cpp/share/simple_pkg_cpp/cmake/simple_pkg_cppConfig-version.cmake
[86.949s] -- Up-to-date symlink: /home/yhan/yhan_ROS2/yhan_ws/install/simple_pkg_cpp/share/simple_pkg_cpp/package.xml
[86.957s] Invoked command in '/home/yhan/yhan_ROS2/yhan_ws/build/simple_pkg_cpp' returned '0': CMAKE_PREFIX_PATH=${CMAKE_PREFIX_PATH}:/opt/ros/humble /usr/bin/cmake --install /home/yhan/yhan_ROS2/yhan_ws/build/simple_pkg_cpp
