[0.061s] Invoking command in '/home/yhan/yhan_ROS2/yhan_ws/build/interface_example': CMAKE_PREFIX_PATH=${CMAKE_PREFIX_PATH}:/opt/ros/humble /usr/bin/cmake /home/yhan/yhan_ROS2/yhan_ws/src/interface_example -DAMENT_CMAKE_SYMLINK_INSTALL=1 -DCMAKE_INSTALL_PREFIX=/home/yhan/yhan_ROS2/yhan_ws/install/interface_example
[0.293s] -- The C compiler identification is GNU 11.4.0
[0.416s] -- The CXX compiler identification is GNU 11.4.0
[0.432s] -- Detecting C compiler ABI info
[0.633s] -- Detecting C compiler ABI info - done
[0.644s] -- Check for working C compiler: /usr/bin/cc - skipped
[0.645s] -- Detecting C compile features
[0.646s] -- Detecting C compile features - done
[0.653s] -- Detecting CXX compiler ABI info
[0.812s] -- Detecting CXX compiler ABI info - done
[0.816s] -- Check for working CXX compiler: /usr/bin/c++ - skipped
[0.816s] -- Detecting CXX compile features
[0.819s] -- Detecting CXX compile features - done
[0.837s] -- Found ament_cmake: 1.3.9 (/opt/ros/humble/share/ament_cmake/cmake)
[1.089s] -- Found Python3: /usr/bin/python3 (found version "3.10.12") found components: Interpreter 
[1.228s] -- Override CMake install command with custom implementation using symlinks instead of copying resources
[1.300s] -- Found rosidl_default_generators: 1.2.0 (/opt/ros/humble/share/rosidl_default_generators/cmake)
[1.306s] -- Using all available rosidl_typesupport_c: rosidl_typesupport_fastrtps_c;rosidl_typesupport_introspection_c
[1.331s] -- Found rosidl_adapter: 3.1.5 (/opt/ros/humble/share/rosidl_adapter/cmake)
[1.457s] -- Using all available rosidl_typesupport_cpp: rosidl_typesupport_fastrtps_cpp;rosidl_typesupport_introspection_cpp
[2.140s] -- Found ament_cmake_ros: 0.10.0 (/opt/ros/humble/share/ament_cmake_ros/cmake)
[2.592s] -- Using all available rosidl_typesupport_c: rosidl_typesupport_fastrtps_c;rosidl_typesupport_introspection_c
[3.344s] -- Using all available rosidl_typesupport_cpp: rosidl_typesupport_fastrtps_cpp;rosidl_typesupport_introspection_cpp
[3.392s] -- Found PythonInterp: /usr/bin/python3 (found suitable version "3.10.12", minimum required is "3.6") 
[3.392s] -- Found python_cmake_module: 0.10.0 (/opt/ros/humble/share/python_cmake_module/cmake)
[3.475s] -- Found PythonLibs: /usr/lib/x86_64-linux-gnu/libpython3.10.so (found suitable version "3.10.12", minimum required is "3.5") 
[3.475s] -- Using PYTHON_EXECUTABLE: /usr/bin/python3
[3.475s] -- Using PYTHON_INCLUDE_DIRS: /usr/include/python3.10
[3.475s] -- Using PYTHON_LIBRARIES: /usr/lib/x86_64-linux-gnu/libpython3.10.so
[3.536s] -- Found PythonExtra: .so  
[3.631s] -- Found ament_lint_auto: 0.12.11 (/opt/ros/humble/share/ament_lint_auto/cmake)
[3.692s] -- Configuring done
[3.754s] -- Generating done
[3.754s] -- Build files have been written to: /home/yhan/yhan_ROS2/yhan_ws/build/interface_example
[3.771s] Invoked command in '/home/yhan/yhan_ROS2/yhan_ws/build/interface_example' returned '0': CMAKE_PREFIX_PATH=${CMAKE_PREFIX_PATH}:/opt/ros/humble /usr/bin/cmake /home/yhan/yhan_ROS2/yhan_ws/src/interface_example -DAMENT_CMAKE_SYMLINK_INSTALL=1 -DCMAKE_INSTALL_PREFIX=/home/yhan/yhan_ROS2/yhan_ws/install/interface_example
[3.771s] Invoking command in '/home/yhan/yhan_ROS2/yhan_ws/build/interface_example': CMAKE_PREFIX_PATH=${CMAKE_PREFIX_PATH}:/opt/ros/humble /usr/bin/cmake --build /home/yhan/yhan_ROS2/yhan_ws/build/interface_example -- -j2 -l2
[3.902s] [  3%] [34m[1mGenerating C code for ROS interfaces[0m
[3.960s] [  6%] [34m[1mGenerating C++ code for ROS interfaces[0m
[5.131s] [  6%] Built target interface_example__cpp
[5.184s] [  9%] [32mBuilding C object CMakeFiles/interface_example__rosidl_generator_c.dir/rosidl_generator_c/interface_example/srv/detail/add_two_int__functions.c.o[0m
[5.286s] [  9%] Built target ament_cmake_python_symlink_interface_example
[5.361s] [ 12%] [34m[1mGenerating C++ type support dispatch for ROS interfaces[0m
[5.557s] [ 16%] [32m[1mLinking C shared library libinterface_example__rosidl_generator_c.so[0m
[5.745s] [ 16%] Built target interface_example__rosidl_generator_c
[5.811s] [ 19%] [34m[1mGenerating C++ type support for eProsima Fast-RTPS[0m
[6.213s] [ 22%] [32mBuilding CXX object CMakeFiles/interface_example__rosidl_typesupport_cpp.dir/rosidl_typesupport_cpp/interface_example/srv/add_two_int__type_support.cpp.o[0m
[6.940s] [ 25%] [32mBuilding CXX object CMakeFiles/interface_example__rosidl_typesupport_fastrtps_cpp.dir/rosidl_typesupport_fastrtps_cpp/interface_example/srv/detail/dds_fastrtps/add_two_int__type_support.cpp.o[0m
[7.480s] [ 29%] [32m[1mLinking CXX shared library libinterface_example__rosidl_typesupport_cpp.so[0m
[7.685s] [ 29%] Built target interface_example__rosidl_typesupport_cpp
[7.763s] [ 32%] [34m[1mGenerating C++ introspection for ROS interfaces[0m
[8.800s] [ 35%] [32m[1mLinking CXX shared library libinterface_example__rosidl_typesupport_fastrtps_cpp.so[0m
[8.913s] [ 38%] [32mBuilding CXX object CMakeFiles/interface_example__rosidl_typesupport_introspection_cpp.dir/rosidl_typesupport_introspection_cpp/interface_example/srv/detail/add_two_int__type_support.cpp.o[0m
[9.154s] [ 38%] Built target interface_example__rosidl_typesupport_fastrtps_cpp
[10.218s] running egg_info
[10.219s] creating interface_example.egg-info
[10.220s] writing interface_example.egg-info/PKG-INFO
[10.221s] writing dependency_links to interface_example.egg-info/dependency_links.txt
[10.222s] writing top-level names to interface_example.egg-info/top_level.txt
[10.223s] writing manifest file 'interface_example.egg-info/SOURCES.txt'
[10.238s] reading manifest file 'interface_example.egg-info/SOURCES.txt'
[10.238s] writing manifest file 'interface_example.egg-info/SOURCES.txt'
[10.306s] [ 38%] Built target ament_cmake_python_build_interface_example_egg
[10.401s] [ 41%] [34m[1mGenerating C type support for eProsima Fast-RTPS[0m
[10.453s] [ 45%] [32m[1mLinking CXX shared library libinterface_example__rosidl_typesupport_introspection_cpp.so[0m
[10.627s] [ 45%] Built target interface_example__rosidl_typesupport_introspection_cpp
[10.665s] [ 48%] [34m[1mGenerating C introspection for ROS interfaces[0m
[11.523s] [ 51%] [32mBuilding CXX object CMakeFiles/interface_example__rosidl_typesupport_fastrtps_c.dir/rosidl_typesupport_fastrtps_c/interface_example/srv/detail/add_two_int__type_support_c.cpp.o[0m
[11.701s] [ 54%] [32mBuilding C object CMakeFiles/interface_example__rosidl_typesupport_introspection_c.dir/rosidl_typesupport_introspection_c/interface_example/srv/detail/add_two_int__type_support.c.o[0m
[11.843s] [ 58%] [32m[1mLinking C shared library libinterface_example__rosidl_typesupport_introspection_c.so[0m
[11.969s] [ 58%] Built target interface_example__rosidl_typesupport_introspection_c
[12.037s] [ 61%] [34m[1mGenerating C type support dispatch for ROS interfaces[0m
[12.781s] [ 64%] [32m[1mLinking CXX shared library libinterface_example__rosidl_typesupport_fastrtps_c.so[0m
[12.889s] [ 67%] [32mBuilding CXX object CMakeFiles/interface_example__rosidl_typesupport_c.dir/rosidl_typesupport_c/interface_example/srv/add_two_int__type_support.cpp.o[0m
[13.074s] [ 70%] [32m[1mLinking CXX shared library libinterface_example__rosidl_typesupport_c.so[0m
[13.121s] [ 70%] Built target interface_example__rosidl_typesupport_fastrtps_c
[13.236s] [ 70%] Built target interface_example__rosidl_typesupport_c
[13.340s] [ 70%] Built target interface_example
[13.410s] [ 74%] [34m[1mGenerating Python code for ROS interfaces[0m
[14.961s] [ 74%] Built target interface_example__py
[15.074s] [ 77%] [32mBuilding C object CMakeFiles/interface_example__rosidl_generator_py.dir/rosidl_generator_py/interface_example/srv/_add_two_int_s.c.o[0m
[15.414s] [ 80%] [32m[1mLinking C shared library rosidl_generator_py/interface_example/libinterface_example__rosidl_generator_py.so[0m
[15.471s] [ 80%] Built target interface_example__rosidl_generator_py
[15.510s] [ 83%] [32mBuilding C object CMakeFiles/interface_example__rosidl_typesupport_fastrtps_c__pyext.dir/rosidl_generator_py/interface_example/_interface_example_s.ep.rosidl_typesupport_fastrtps_c.c.o[0m
[15.658s] [ 87%] [32m[1mLinking C shared library rosidl_generator_py/interface_example/interface_example_s__rosidl_typesupport_fastrtps_c.cpython-310-x86_64-linux-gnu.so[0m
[15.700s] [ 87%] Built target interface_example__rosidl_typesupport_fastrtps_c__pyext
[15.738s] [ 90%] [32mBuilding C object CMakeFiles/interface_example__rosidl_typesupport_introspection_c__pyext.dir/rosidl_generator_py/interface_example/_interface_example_s.ep.rosidl_typesupport_introspection_c.c.o[0m
[15.985s] [ 93%] [32m[1mLinking C shared library rosidl_generator_py/interface_example/interface_example_s__rosidl_typesupport_introspection_c.cpython-310-x86_64-linux-gnu.so[0m
[16.125s] [ 93%] Built target interface_example__rosidl_typesupport_introspection_c__pyext
[16.241s] [ 96%] [32mBuilding C object CMakeFiles/interface_example__rosidl_typesupport_c__pyext.dir/rosidl_generator_py/interface_example/_interface_example_s.ep.rosidl_typesupport_c.c.o[0m
[16.660s] [100%] [32m[1mLinking C shared library rosidl_generator_py/interface_example/interface_example_s__rosidl_typesupport_c.cpython-310-x86_64-linux-gnu.so[0m
[16.757s] [100%] Built target interface_example__rosidl_typesupport_c__pyext
[16.802s] Invoked command in '/home/yhan/yhan_ROS2/yhan_ws/build/interface_example' returned '0': CMAKE_PREFIX_PATH=${CMAKE_PREFIX_PATH}:/opt/ros/humble /usr/bin/cmake --build /home/yhan/yhan_ROS2/yhan_ws/build/interface_example -- -j2 -l2
[17.487s] Invoking command in '/home/yhan/yhan_ROS2/yhan_ws/build/interface_example': CMAKE_PREFIX_PATH=${CMAKE_PREFIX_PATH}:/opt/ros/humble /usr/bin/cmake --install /home/yhan/yhan_ROS2/yhan_ws/build/interface_example
[17.517s] -- Install configuration: ""
[17.517s] -- Execute custom install script
[17.518s] -- Symlinking: /home/yhan/yhan_ROS2/yhan_ws/install/interface_example/share/ament_index/resource_index/rosidl_interfaces/interface_example
[17.563s] -- Symlinking: /home/yhan/yhan_ROS2/yhan_ws/install/interface_example/include/interface_example/interface_example/msg/rosidl_generator_c__visibility_control.h
[17.601s] -- Symlinking: /home/yhan/yhan_ROS2/yhan_ws/install/interface_example/include/interface_example/interface_example/srv/add_two_int.h
[17.634s] -- Symlinking: /home/yhan/yhan_ROS2/yhan_ws/install/interface_example/include/interface_example/interface_example/srv/detail/add_two_int__functions.h
[17.666s] -- Symlinking: /home/yhan/yhan_ROS2/yhan_ws/install/interface_example/include/interface_example/interface_example/srv/detail/add_two_int__struct.h
[17.692s] -- Symlinking: /home/yhan/yhan_ROS2/yhan_ws/install/interface_example/include/interface_example/interface_example/srv/detail/add_two_int__type_support.h
[17.717s] -- Symlinking: /home/yhan/yhan_ROS2/yhan_ws/install/interface_example/share/interface_example/environment/library_path.sh
[17.739s] -- Symlinking: /home/yhan/yhan_ROS2/yhan_ws/install/interface_example/share/interface_example/environment/library_path.dsv
[17.760s] -- Symlinking: /home/yhan/yhan_ROS2/yhan_ws/install/interface_example/include/interface_example/interface_example/msg/rosidl_typesupport_fastrtps_c__visibility_control.h
[17.790s] -- Symlinking: /home/yhan/yhan_ROS2/yhan_ws/install/interface_example/include/interface_example/interface_example/srv/detail/add_two_int__rosidl_typesupport_fastrtps_c.h
[17.830s] -- Symlinking: /home/yhan/yhan_ROS2/yhan_ws/install/interface_example/include/interface_example/interface_example/msg/rosidl_typesupport_introspection_c__visibility_control.h
[17.861s] -- Symlinking: /home/yhan/yhan_ROS2/yhan_ws/install/interface_example/include/interface_example/interface_example/srv/detail/add_two_int__rosidl_typesupport_introspection_c.h
[17.900s] -- Symlinking: /home/yhan/yhan_ROS2/yhan_ws/install/interface_example/include/interface_example/interface_example/srv/add_two_int.hpp
[17.943s] -- Symlinking: /home/yhan/yhan_ROS2/yhan_ws/install/interface_example/include/interface_example/interface_example/srv/detail/add_two_int__builder.hpp
[17.980s] -- Symlinking: /home/yhan/yhan_ROS2/yhan_ws/install/interface_example/include/interface_example/interface_example/srv/detail/add_two_int__struct.hpp
[17.996s] -- Symlinking: /home/yhan/yhan_ROS2/yhan_ws/install/interface_example/include/interface_example/interface_example/srv/detail/add_two_int__traits.hpp
[18.025s] -- Symlinking: /home/yhan/yhan_ROS2/yhan_ws/install/interface_example/include/interface_example/interface_example/msg/rosidl_typesupport_fastrtps_cpp__visibility_control.h
[18.053s] -- Symlinking: /home/yhan/yhan_ROS2/yhan_ws/install/interface_example/include/interface_example/interface_example/srv/detail/add_two_int__rosidl_typesupport_fastrtps_cpp.hpp
[18.082s] -- Symlinking: /home/yhan/yhan_ROS2/yhan_ws/install/interface_example/include/interface_example/interface_example/srv/detail/add_two_int__rosidl_typesupport_introspection_cpp.hpp
[18.102s] -- Symlinking: /home/yhan/yhan_ROS2/yhan_ws/install/interface_example/share/interface_example/environment/pythonpath.sh
[18.144s] -- Symlinking: /home/yhan/yhan_ROS2/yhan_ws/install/interface_example/share/interface_example/environment/pythonpath.dsv
[18.193s] -- Symlinking: /home/yhan/yhan_ROS2/yhan_ws/install/interface_example/local/lib/python3.10/dist-packages/interface_example-0.0.0-py3.10.egg-info/PKG-INFO
[18.214s] -- Symlinking: /home/yhan/yhan_ROS2/yhan_ws/install/interface_example/local/lib/python3.10/dist-packages/interface_example-0.0.0-py3.10.egg-info/SOURCES.txt
[18.233s] -- Symlinking: /home/yhan/yhan_ROS2/yhan_ws/install/interface_example/local/lib/python3.10/dist-packages/interface_example-0.0.0-py3.10.egg-info/dependency_links.txt
[18.249s] -- Symlinking: /home/yhan/yhan_ROS2/yhan_ws/install/interface_example/local/lib/python3.10/dist-packages/interface_example-0.0.0-py3.10.egg-info/top_level.txt
[18.282s] -- Symlinking: /home/yhan/yhan_ROS2/yhan_ws/install/interface_example/local/lib/python3.10/dist-packages/interface_example/__init__.py
[18.298s] -- Symlinking: /home/yhan/yhan_ROS2/yhan_ws/install/interface_example/local/lib/python3.10/dist-packages/interface_example/_interface_example_s.ep.rosidl_typesupport_c.c
[18.308s] -- Symlinking: /home/yhan/yhan_ROS2/yhan_ws/install/interface_example/local/lib/python3.10/dist-packages/interface_example/_interface_example_s.ep.rosidl_typesupport_fastrtps_c.c
[18.323s] -- Symlinking: /home/yhan/yhan_ROS2/yhan_ws/install/interface_example/local/lib/python3.10/dist-packages/interface_example/_interface_example_s.ep.rosidl_typesupport_introspection_c.c
[18.323s] -- Symlinking: /home/yhan/yhan_ROS2/yhan_ws/install/interface_example/local/lib/python3.10/dist-packages/interface_example/interface_example_s__rosidl_typesupport_c.cpython-310-x86_64-linux-gnu.so
[18.346s] -- Symlinking: /home/yhan/yhan_ROS2/yhan_ws/install/interface_example/local/lib/python3.10/dist-packages/interface_example/interface_example_s__rosidl_typesupport_fastrtps_c.cpython-310-x86_64-linux-gnu.so
[18.377s] -- Symlinking: /home/yhan/yhan_ROS2/yhan_ws/install/interface_example/local/lib/python3.10/dist-packages/interface_example/interface_example_s__rosidl_typesupport_introspection_c.cpython-310-x86_64-linux-gnu.so
[18.401s] -- Symlinking: /home/yhan/yhan_ROS2/yhan_ws/install/interface_example/local/lib/python3.10/dist-packages/interface_example/libinterface_example__rosidl_generator_py.so
[18.455s] -- Symlinking: /home/yhan/yhan_ROS2/yhan_ws/install/interface_example/local/lib/python3.10/dist-packages/interface_example/srv/__init__.py
[18.514s] -- Symlinking: /home/yhan/yhan_ROS2/yhan_ws/install/interface_example/local/lib/python3.10/dist-packages/interface_example/srv/_add_two_int.py
[18.533s] -- Symlinking: /home/yhan/yhan_ROS2/yhan_ws/install/interface_example/local/lib/python3.10/dist-packages/interface_example/srv/_add_two_int_s.c
[18.561s] -- Up-to-date symlink: /home/yhan/yhan_ROS2/yhan_ws/install/interface_example/local/lib/python3.10/dist-packages/interface_example/interface_example_s__rosidl_typesupport_fastrtps_c.cpython-310-x86_64-linux-gnu.so
[18.562s] -- Up-to-date symlink: /home/yhan/yhan_ROS2/yhan_ws/install/interface_example/local/lib/python3.10/dist-packages/interface_example/interface_example_s__rosidl_typesupport_introspection_c.cpython-310-x86_64-linux-gnu.so
[18.563s] -- Up-to-date symlink: /home/yhan/yhan_ROS2/yhan_ws/install/interface_example/local/lib/python3.10/dist-packages/interface_example/interface_example_s__rosidl_typesupport_c.cpython-310-x86_64-linux-gnu.so
[18.563s] -- Symlinking: /home/yhan/yhan_ROS2/yhan_ws/install/interface_example/share/interface_example/srv/AddTwoInt.idl
[18.588s] -- Symlinking: /home/yhan/yhan_ROS2/yhan_ws/install/interface_example/share/interface_example/srv/AddTwoInt.srv
[18.622s] -- Symlinking: /home/yhan/yhan_ROS2/yhan_ws/install/interface_example/share/interface_example/srv/AddTwoInt_Request.msg
[18.656s] -- Symlinking: /home/yhan/yhan_ROS2/yhan_ws/install/interface_example/share/interface_example/srv/AddTwoInt_Response.msg
[18.676s] -- Symlinking: /home/yhan/yhan_ROS2/yhan_ws/install/interface_example/share/ament_index/resource_index/package_run_dependencies/interface_example
[18.710s] -- Symlinking: /home/yhan/yhan_ROS2/yhan_ws/install/interface_example/share/ament_index/resource_index/parent_prefix_path/interface_example
[18.746s] -- Symlinking: /home/yhan/yhan_ROS2/yhan_ws/install/interface_example/share/interface_example/environment/ament_prefix_path.sh
[18.805s] -- Symlinking: /home/yhan/yhan_ROS2/yhan_ws/install/interface_example/share/interface_example/environment/ament_prefix_path.dsv
[18.835s] -- Symlinking: /home/yhan/yhan_ROS2/yhan_ws/install/interface_example/share/interface_example/environment/path.sh
[18.864s] -- Symlinking: /home/yhan/yhan_ROS2/yhan_ws/install/interface_example/share/interface_example/environment/path.dsv
[18.896s] -- Symlinking: /home/yhan/yhan_ROS2/yhan_ws/install/interface_example/share/interface_example/local_setup.bash
[18.932s] -- Symlinking: /home/yhan/yhan_ROS2/yhan_ws/install/interface_example/share/interface_example/local_setup.sh
[18.968s] -- Symlinking: /home/yhan/yhan_ROS2/yhan_ws/install/interface_example/share/interface_example/local_setup.zsh
[18.998s] -- Symlinking: /home/yhan/yhan_ROS2/yhan_ws/install/interface_example/share/interface_example/local_setup.dsv
[19.038s] -- Symlinking: /home/yhan/yhan_ROS2/yhan_ws/install/interface_example/share/interface_example/package.dsv
[19.073s] -- Symlinking: /home/yhan/yhan_ROS2/yhan_ws/install/interface_example/share/ament_index/resource_index/packages/interface_example
[19.125s] -- Symlinking: /home/yhan/yhan_ROS2/yhan_ws/install/interface_example/share/interface_example/cmake/rosidl_cmake-extras.cmake
[19.144s] -- Symlinking: /home/yhan/yhan_ROS2/yhan_ws/install/interface_example/share/interface_example/cmake/ament_cmake_export_include_directories-extras.cmake
[19.171s] -- Symlinking: /home/yhan/yhan_ROS2/yhan_ws/install/interface_example/share/interface_example/cmake/ament_cmake_export_libraries-extras.cmake
[19.223s] -- Symlinking: /home/yhan/yhan_ROS2/yhan_ws/install/interface_example/share/interface_example/cmake/ament_cmake_export_targets-extras.cmake
[19.267s] -- Symlinking: /home/yhan/yhan_ROS2/yhan_ws/install/interface_example/share/interface_example/cmake/rosidl_cmake_export_typesupport_targets-extras.cmake
[19.292s] -- Symlinking: /home/yhan/yhan_ROS2/yhan_ws/install/interface_example/share/interface_example/cmake/ament_cmake_export_dependencies-extras.cmake
[19.324s] -- Symlinking: /home/yhan/yhan_ROS2/yhan_ws/install/interface_example/share/interface_example/cmake/rosidl_cmake_export_typesupport_libraries-extras.cmake
[19.368s] -- Symlinking: /home/yhan/yhan_ROS2/yhan_ws/install/interface_example/share/interface_example/cmake/interface_exampleConfig.cmake
[19.391s] -- Symlinking: /home/yhan/yhan_ROS2/yhan_ws/install/interface_example/share/interface_example/cmake/interface_exampleConfig-version.cmake
[19.429s] -- Symlinking: /home/yhan/yhan_ROS2/yhan_ws/install/interface_example/share/interface_example/package.xml
[19.460s] -- Installing: /home/yhan/yhan_ROS2/yhan_ws/install/interface_example/lib/libinterface_example__rosidl_generator_c.so
[19.461s] -- Set runtime path of "/home/yhan/yhan_ROS2/yhan_ws/install/interface_example/lib/libinterface_example__rosidl_generator_c.so" to ""
[19.461s] -- Installing: /home/yhan/yhan_ROS2/yhan_ws/install/interface_example/lib/libinterface_example__rosidl_typesupport_fastrtps_c.so
[19.461s] -- Set runtime path of "/home/yhan/yhan_ROS2/yhan_ws/install/interface_example/lib/libinterface_example__rosidl_typesupport_fastrtps_c.so" to ""
[19.461s] -- Installing: /home/yhan/yhan_ROS2/yhan_ws/install/interface_example/lib/libinterface_example__rosidl_typesupport_introspection_c.so
[19.461s] -- Set runtime path of "/home/yhan/yhan_ROS2/yhan_ws/install/interface_example/lib/libinterface_example__rosidl_typesupport_introspection_c.so" to ""
[19.461s] -- Installing: /home/yhan/yhan_ROS2/yhan_ws/install/interface_example/lib/libinterface_example__rosidl_typesupport_c.so
[19.461s] -- Set runtime path of "/home/yhan/yhan_ROS2/yhan_ws/install/interface_example/lib/libinterface_example__rosidl_typesupport_c.so" to ""
[19.461s] -- Installing: /home/yhan/yhan_ROS2/yhan_ws/install/interface_example/lib/libinterface_example__rosidl_typesupport_fastrtps_cpp.so
[19.461s] -- Set runtime path of "/home/yhan/yhan_ROS2/yhan_ws/install/interface_example/lib/libinterface_example__rosidl_typesupport_fastrtps_cpp.so" to ""
[19.461s] -- Installing: /home/yhan/yhan_ROS2/yhan_ws/install/interface_example/lib/libinterface_example__rosidl_typesupport_introspection_cpp.so
[19.461s] -- Set runtime path of "/home/yhan/yhan_ROS2/yhan_ws/install/interface_example/lib/libinterface_example__rosidl_typesupport_introspection_cpp.so" to ""
[19.461s] -- Installing: /home/yhan/yhan_ROS2/yhan_ws/install/interface_example/lib/libinterface_example__rosidl_typesupport_cpp.so
[19.461s] -- Set runtime path of "/home/yhan/yhan_ROS2/yhan_ws/install/interface_example/lib/libinterface_example__rosidl_typesupport_cpp.so" to ""
[19.554s] Listing '/home/yhan/yhan_ROS2/yhan_ws/install/interface_example/local/lib/python3.10/dist-packages/interface_example'...
[19.554s] Compiling '/home/yhan/yhan_ROS2/yhan_ws/install/interface_example/local/lib/python3.10/dist-packages/interface_example/__init__.py'...
[19.554s] Listing '/home/yhan/yhan_ROS2/yhan_ws/install/interface_example/local/lib/python3.10/dist-packages/interface_example/srv'...
[19.554s] Compiling '/home/yhan/yhan_ROS2/yhan_ws/install/interface_example/local/lib/python3.10/dist-packages/interface_example/srv/__init__.py'...
[19.554s] Compiling '/home/yhan/yhan_ROS2/yhan_ws/install/interface_example/local/lib/python3.10/dist-packages/interface_example/srv/_add_two_int.py'...
[19.574s] -- Installing: /home/yhan/yhan_ROS2/yhan_ws/install/interface_example/lib/libinterface_example__rosidl_generator_py.so
[19.574s] -- Set runtime path of "/home/yhan/yhan_ROS2/yhan_ws/install/interface_example/lib/libinterface_example__rosidl_generator_py.so" to ""
[19.574s] -- Installing: /home/yhan/yhan_ROS2/yhan_ws/install/interface_example/share/interface_example/cmake/export_interface_example__rosidl_generator_cExport.cmake
[19.574s] -- Installing: /home/yhan/yhan_ROS2/yhan_ws/install/interface_example/share/interface_example/cmake/export_interface_example__rosidl_generator_cExport-noconfig.cmake
[19.586s] -- Installing: /home/yhan/yhan_ROS2/yhan_ws/install/interface_example/share/interface_example/cmake/export_interface_example__rosidl_typesupport_fastrtps_cExport.cmake
[19.586s] -- Installing: /home/yhan/yhan_ROS2/yhan_ws/install/interface_example/share/interface_example/cmake/export_interface_example__rosidl_typesupport_fastrtps_cExport-noconfig.cmake
[19.586s] -- Installing: /home/yhan/yhan_ROS2/yhan_ws/install/interface_example/share/interface_example/cmake/interface_example__rosidl_typesupport_introspection_cExport.cmake
[19.586s] -- Installing: /home/yhan/yhan_ROS2/yhan_ws/install/interface_example/share/interface_example/cmake/interface_example__rosidl_typesupport_introspection_cExport-noconfig.cmake
[19.588s] -- Installing: /home/yhan/yhan_ROS2/yhan_ws/install/interface_example/share/interface_example/cmake/interface_example__rosidl_typesupport_cExport.cmake
[19.588s] -- Installing: /home/yhan/yhan_ROS2/yhan_ws/install/interface_example/share/interface_example/cmake/interface_example__rosidl_typesupport_cExport-noconfig.cmake
[19.588s] -- Installing: /home/yhan/yhan_ROS2/yhan_ws/install/interface_example/share/interface_example/cmake/export_interface_example__rosidl_generator_cppExport.cmake
[19.588s] -- Installing: /home/yhan/yhan_ROS2/yhan_ws/install/interface_example/share/interface_example/cmake/export_interface_example__rosidl_typesupport_fastrtps_cppExport.cmake
[19.588s] -- Installing: /home/yhan/yhan_ROS2/yhan_ws/install/interface_example/share/interface_example/cmake/export_interface_example__rosidl_typesupport_fastrtps_cppExport-noconfig.cmake
[19.588s] -- Installing: /home/yhan/yhan_ROS2/yhan_ws/install/interface_example/share/interface_example/cmake/interface_example__rosidl_typesupport_introspection_cppExport.cmake
[19.588s] -- Installing: /home/yhan/yhan_ROS2/yhan_ws/install/interface_example/share/interface_example/cmake/interface_example__rosidl_typesupport_introspection_cppExport-noconfig.cmake
[19.588s] -- Installing: /home/yhan/yhan_ROS2/yhan_ws/install/interface_example/share/interface_example/cmake/interface_example__rosidl_typesupport_cppExport.cmake
[19.588s] -- Installing: /home/yhan/yhan_ROS2/yhan_ws/install/interface_example/share/interface_example/cmake/interface_example__rosidl_typesupport_cppExport-noconfig.cmake
[19.589s] -- Installing: /home/yhan/yhan_ROS2/yhan_ws/install/interface_example/share/interface_example/cmake/export_interface_example__rosidl_generator_pyExport.cmake
[19.589s] -- Installing: /home/yhan/yhan_ROS2/yhan_ws/install/interface_example/share/interface_example/cmake/export_interface_example__rosidl_generator_pyExport-noconfig.cmake
[19.589s] Invoked command in '/home/yhan/yhan_ROS2/yhan_ws/build/interface_example' returned '0': CMAKE_PREFIX_PATH=${CMAKE_PREFIX_PATH}:/opt/ros/humble /usr/bin/cmake --install /home/yhan/yhan_ROS2/yhan_ws/build/interface_example
