[0.016s] Invoking command in '/home/yhan/yhan_ROS2/yhan_ws/src/build/turtlebot3_gazebo': CMAKE_PREFIX_PATH=/opt/ros/humble /usr/bin/cmake /home/yhan/yhan_ROS2/yhan_ws/src/turtlebot3_simulations/turtlebot3_gazebo -DAMENT_CMAKE_SYMLINK_INSTALL=1 -DCMAKE_INSTALL_PREFIX=/home/yhan/yhan_ROS2/yhan_ws/src/install/turtlebot3_gazebo
[0.173s] -- The C compiler identification is GNU 11.4.0
[0.315s] -- The CXX compiler identification is GNU 11.4.0
[0.336s] -- Detecting C compiler ABI info
[0.459s] -- Detecting C compiler ABI info - done
[0.469s] -- Check for working C compiler: /usr/bin/cc - skipped
[0.470s] -- Detecting C compile features
[0.472s] -- Detecting C compile features - done
[0.479s] -- Detecting CXX compiler ABI info
[0.596s] -- Detecting CXX compiler ABI info - done
[0.602s] -- Check for working CXX compiler: /usr/bin/c++ - skipped
[0.603s] -- Detecting CXX compile features
[0.603s] -- Detecting CXX compile features - done
[0.616s] -- Found ament_cmake: 1.3.9 (/opt/ros/humble/share/ament_cmake/cmake)
[0.801s] -- Found Python3: /usr/bin/python3 (found version "3.10.12") found components: Interpreter 
[0.889s] -- Override CMake install command with custom implementation using symlinks instead of copying resources
[0.970s] [33mCMake Warning (dev) at /usr/share/cmake-3.22/Modules/FindPackageHandleStandardArgs.cmake:438 (message):
[0.970s]   The package name passed to `find_package_handle_standard_args` (PkgConfig)
[0.970s]   does not match the name of the calling package (gazebo).  This can lead to
[0.970s]   problems in calling code that expects `find_package` result variables
[0.970s]   (e.g., `_FOUND`) to follow a certain pattern.
[0.970s] Call Stack (most recent call first):
[0.970s]   /usr/share/cmake-3.22/Modules/FindPkgConfig.cmake:99 (find_package_handle_standard_args)
[0.970s]   /usr/lib/x86_64-linux-gnu/cmake/gazebo/gazebo-config.cmake:72 (include)
[0.970s]   CMakeLists.txt:23 (find_package)
[0.971s] This warning is for project developers.  Use -Wno-dev to suppress it.
[0.971s] [0m
[0.971s] -- Found PkgConfig: /usr/bin/pkg-config (found version "0.29.2") 
[0.974s] -- Checking for module 'bullet>=2.82'
[0.999s] --   Found bullet, version 3.05
[1.166s] -- Found fcl: /usr/include (found suitable version "0.7.0", minimum required is "0.5.0") 
[1.228s] -- Found assimp: /usr/include (found version "5.2.0") 
[1.295s] -- Found DART: /usr/include (Required is at least version "6.6") found components: dart 
[1.611s] -- Found Boost: /usr/lib/x86_64-linux-gnu/cmake/Boost-1.74.0/BoostConfig.cmake (found suitable version "1.74.0", minimum required is "1.40.0") found components: thread system filesystem program_options regex iostreams date_time 
[1.656s] -- Found Protobuf: /usr/lib/x86_64-linux-gnu/libprotobuf.so (found version "3.12.4") 
[1.663s] -- Looking for ignition-math6 -- found version 6.15.1
[1.675s] -- Searching for dependencies of ignition-math6
[1.678s] -- Looking for OGRE...
[1.679s] -- OGRE_PREFIX_WATCH changed.
[1.685s] -- Checking for module 'OGRE'
[1.695s] --   Found OGRE, version 1.9.0
[1.740s] -- Found Ogre Ghadamon (1.9.0)
[1.756s] -- Found OGRE: optimized;/usr/lib/x86_64-linux-gnu/libOgreMain.so;debug;/usr/lib/x86_64-linux-gnu/libOgreMain.so
[1.768s] -- Looking for OGRE_Paging...
[1.778s] -- Found OGRE_Paging: optimized;/usr/lib/x86_64-linux-gnu/libOgrePaging.so;debug;/usr/lib/x86_64-linux-gnu/libOgrePaging.so
[1.778s] -- Looking for OGRE_Terrain...
[1.785s] -- Found OGRE_Terrain: optimized;/usr/lib/x86_64-linux-gnu/libOgreTerrain.so;debug;/usr/lib/x86_64-linux-gnu/libOgreTerrain.so
[1.786s] -- Looking for OGRE_Property...
[1.790s] -- Found OGRE_Property: optimized;/usr/lib/x86_64-linux-gnu/libOgreProperty.so;debug;/usr/lib/x86_64-linux-gnu/libOgreProperty.so
[1.791s] -- Looking for OGRE_RTShaderSystem...
[1.795s] -- Found OGRE_RTShaderSystem: optimized;/usr/lib/x86_64-linux-gnu/libOgreRTShaderSystem.so;debug;/usr/lib/x86_64-linux-gnu/libOgreRTShaderSystem.so
[1.795s] -- Looking for OGRE_Volume...
[1.801s] -- Found OGRE_Volume: optimized;/usr/lib/x86_64-linux-gnu/libOgreVolume.so;debug;/usr/lib/x86_64-linux-gnu/libOgreVolume.so
[1.801s] -- Looking for OGRE_Overlay...
[1.806s] -- Found OGRE_Overlay: optimized;/usr/lib/x86_64-linux-gnu/libOgreOverlay.so;debug;/usr/lib/x86_64-linux-gnu/libOgreOverlay.so
[1.929s] -- Looking for ignition-math6 -- found version 6.15.1
[1.932s] -- Looking for ignition-transport8 -- found version 8.2.1
[1.933s] -- Searching for dependencies of ignition-transport8
[1.955s] -- Found Protobuf: /usr/lib/x86_64-linux-gnu/libprotobuf.so (found suitable version "3.12.4", minimum required is "3") 
[1.977s] -- Config-file not installed for ZeroMQ -- checking for pkg-config
[1.985s] -- Checking for module 'libzmq >= 4'
[2.007s] --   Found libzmq , version 4.3.4
[2.052s] -- Found ZeroMQ: TRUE (Required is at least version "4") 
[2.058s] -- Checking for module 'uuid'
[2.069s] --   Found uuid, version 2.37.2
[2.108s] -- Found UUID: TRUE  
[2.111s] -- Looking for ignition-msgs5 -- found version 5.8.1
[2.112s] -- Searching for dependencies of ignition-msgs5
[2.145s] -- Looking for ignition-math6 -- found version 6.15.1
[2.156s] -- Checking for module 'tinyxml2'
[2.171s] --   Found tinyxml2, version 9.0.0
[2.253s] -- Looking for ignition-msgs5 -- found version 5.8.1
[2.258s] -- Looking for ignition-common3 -- found version 3.14.0
[2.258s] -- Searching for dependencies of ignition-common3
[2.259s] -- Looking for dlfcn.h - found
[2.260s] -- Looking for libdl - found
[2.262s] -- Found DL: TRUE  
[2.286s] -- Found tinyobjloader: /usr/lib/x86_64-linux-gnu/cmake/tinyobjloader/tinyobjloader-config.cmake (found version "2.0.0") 
[2.287s] -- Searching for <ignition-common3> component [graphics]
[2.290s] -- Looking for ignition-common3-graphics -- found version 3.14.0
[2.290s] -- Searching for dependencies of ignition-common3-graphics
[2.291s] -- Looking for ignition-math6 -- found version 6.15.1
[2.295s] -- Looking for ignition-fuel_tools4 -- found version 4.4.0
[2.296s] -- Searching for dependencies of ignition-fuel_tools4
[2.384s] -- Found CURL: /usr/lib/x86_64-linux-gnu/libcurl.so (found version "7.81.0")  
[2.401s] -- Checking for module 'jsoncpp'
[2.420s] --   Found jsoncpp, version 1.9.5
[2.469s] -- Found JSONCPP: TRUE  
[2.476s] -- Checking for module 'libzip'
[2.500s] --   Found libzip, version 1.7.3
[2.536s] -- Found ZIP: TRUE  
[2.536s] -- Looking for ignition-common3 -- found version 3.14.0
[2.537s] -- Looking for ignition-math6 -- found version 6.15.1
[2.537s] -- Looking for ignition-msgs5 -- found version 5.8.1
[2.548s] -- Found gazebo_ros_pkgs: 3.7.0 (/opt/ros/humble/share/gazebo_ros_pkgs/cmake)
[2.548s] -- Found geometry_msgs: 4.2.4 (/opt/ros/humble/share/geometry_msgs/cmake)
[2.598s] -- Found rosidl_generator_c: 3.1.5 (/opt/ros/humble/share/rosidl_generator_c/cmake)
[2.611s] -- Found rosidl_adapter: 3.1.5 (/opt/ros/humble/share/rosidl_adapter/cmake)
[2.619s] -- Found rosidl_generator_cpp: 3.1.5 (/opt/ros/humble/share/rosidl_generator_cpp/cmake)
[2.630s] -- Using all available rosidl_typesupport_c: rosidl_typesupport_fastrtps_c;rosidl_typesupport_introspection_c
[2.653s] -- Using all available rosidl_typesupport_cpp: rosidl_typesupport_fastrtps_cpp;rosidl_typesupport_introspection_cpp
[2.798s] -- Found nav_msgs: 4.2.4 (/opt/ros/humble/share/nav_msgs/cmake)
[2.890s] -- Found rclcpp: 16.0.9 (/opt/ros/humble/share/rclcpp/cmake)
[2.961s] -- Found rmw_implementation_cmake: 6.1.2 (/opt/ros/humble/share/rmw_implementation_cmake/cmake)
[2.963s] -- Found rmw_fastrtps_cpp: 6.2.6 (/opt/ros/humble/share/rmw_fastrtps_cpp/cmake)
[3.124s] -- Found OpenSSL: /usr/lib/x86_64-linux-gnu/libcrypto.so (found version "3.0.2")  
[3.174s] -- Found FastRTPS: /opt/ros/humble/include  
[3.241s] -- Using RMW implementation 'rmw_fastrtps_cpp' as default
[3.250s] -- Found Threads: TRUE  
[3.500s] -- Found sensor_msgs: 4.2.4 (/opt/ros/humble/share/sensor_msgs/cmake)
[3.623s] -- Found tf2: 0.25.7 (/opt/ros/humble/share/tf2/cmake)
[3.715s] -- Configuring done
[3.834s] -- Generating done
[3.845s] -- Build files have been written to: /home/yhan/yhan_ROS2/yhan_ws/src/build/turtlebot3_gazebo
[3.868s] Invoked command in '/home/yhan/yhan_ROS2/yhan_ws/src/build/turtlebot3_gazebo' returned '0': CMAKE_PREFIX_PATH=/opt/ros/humble /usr/bin/cmake /home/yhan/yhan_ROS2/yhan_ws/src/turtlebot3_simulations/turtlebot3_gazebo -DAMENT_CMAKE_SYMLINK_INSTALL=1 -DCMAKE_INSTALL_PREFIX=/home/yhan/yhan_ROS2/yhan_ws/src/install/turtlebot3_gazebo
[3.874s] Invoking command in '/home/yhan/yhan_ROS2/yhan_ws/src/build/turtlebot3_gazebo': CMAKE_PREFIX_PATH=/opt/ros/humble /usr/bin/cmake --build /home/yhan/yhan_ROS2/yhan_ws/src/build/turtlebot3_gazebo -- -j2 -l2
[3.945s] [ 12%] [32mBuilding CXX object CMakeFiles/turtlebot3_drive.dir/src/turtlebot3_drive.cpp.o[0m
[24.331s] [ 25%] [32m[1mLinking CXX executable turtlebot3_drive[0m
[25.826s] [ 25%] Built target turtlebot3_drive
[25.878s] [ 37%] [32mBuilding CXX object CMakeFiles/obstacle1.dir/models/turtlebot3_dqn_world/obstacle_plugin/obstacle1.cc.o[0m
[52.904s] [ 50%] [32m[1mLinking CXX shared library libobstacle1.so[0m
[53.537s] [ 50%] Built target obstacle1
[53.589s] [ 62%] [32mBuilding CXX object CMakeFiles/obstacle2.dir/models/turtlebot3_dqn_world/obstacle_plugin/obstacle2.cc.o[0m
[67.535s] [ 75%] [32m[1mLinking CXX shared library libobstacle2.so[0m
[67.737s] [ 75%] Built target obstacle2
[67.757s] [ 87%] [32mBuilding CXX object CMakeFiles/obstacles.dir/models/turtlebot3_dqn_world/obstacle_plugin/obstacles.cc.o[0m
[77.015s] [100%] [32m[1mLinking CXX shared library libobstacles.so[0m
[77.187s] [100%] Built target obstacles
