[0.020s] Invoking command in '/home/yhan/yhan_ROS2/yhan_ws/src/build/turtlebot3_gazebo': CMAKE_PREFIX_PATH=${CMAKE_PREFIX_PATH}:/opt/ros/humble /usr/bin/cmake /home/yhan/yhan_ROS2/yhan_ws/src/turtlebot3_simulations/turtlebot3_gazebo -DCMAKE_INSTALL_PREFIX=/home/yhan/yhan_ROS2/yhan_ws/src/install/turtlebot3_gazebo
[0.039s] -- Found ament_cmake: 1.3.9 (/opt/ros/humble/share/ament_cmake/cmake)
[0.179s] -- Override CMake install command with custom implementation using symlinks instead of copying resources
[0.212s] [33mCMake Warning (dev) at /usr/share/cmake-3.22/Modules/FindPackageHandleStandardArgs.cmake:438 (message):
[0.212s]   The package name passed to `find_package_handle_standard_args` (PkgConfig)
[0.212s]   does not match the name of the calling package (gazebo).  This can lead to
[0.212s]   problems in calling code that expects `find_package` result variables
[0.212s]   (e.g., `_FOUND`) to follow a certain pattern.
[0.212s] Call Stack (most recent call first):
[0.212s]   /usr/share/cmake-3.22/Modules/FindPkgConfig.cmake:99 (find_package_handle_standard_args)
[0.212s]   /usr/lib/x86_64-linux-gnu/cmake/gazebo/gazebo-config.cmake:72 (include)
[0.213s]   CMakeLists.txt:23 (find_package)
[0.213s] This warning is for project developers.  Use -Wno-dev to suppress it.
[0.213s] [0m
[0.261s] -- Found DART: /usr/include (Required is at least version "6.6") found components: dart 
[0.373s] -- Found Protobuf: /usr/lib/x86_64-linux-gnu/libprotobuf.so (found version "3.12.4") 
[0.376s] -- Looking for ignition-math6 -- found version 6.15.1
[0.385s] -- Searching for dependencies of ignition-math6
[0.389s] -- Looking for OGRE...
[0.397s] -- Found Ogre Ghadamon (1.9.0)
[0.401s] -- Found OGRE: optimized;/usr/lib/x86_64-linux-gnu/libOgreMain.so;debug;/usr/lib/x86_64-linux-gnu/libOgreMain.so
[0.411s] -- Looking for OGRE_Paging...
[0.411s] -- Found OGRE_Paging: optimized;/usr/lib/x86_64-linux-gnu/libOgrePaging.so;debug;/usr/lib/x86_64-linux-gnu/libOgrePaging.so
[0.411s] -- Looking for OGRE_Terrain...
[0.411s] -- Found OGRE_Terrain: optimized;/usr/lib/x86_64-linux-gnu/libOgreTerrain.so;debug;/usr/lib/x86_64-linux-gnu/libOgreTerrain.so
[0.412s] -- Looking for OGRE_Property...
[0.412s] -- Found OGRE_Property: optimized;/usr/lib/x86_64-linux-gnu/libOgreProperty.so;debug;/usr/lib/x86_64-linux-gnu/libOgreProperty.so
[0.412s] -- Looking for OGRE_RTShaderSystem...
[0.413s] -- Found OGRE_RTShaderSystem: optimized;/usr/lib/x86_64-linux-gnu/libOgreRTShaderSystem.so;debug;/usr/lib/x86_64-linux-gnu/libOgreRTShaderSystem.so
[0.413s] -- Looking for OGRE_Volume...
[0.413s] -- Found OGRE_Volume: optimized;/usr/lib/x86_64-linux-gnu/libOgreVolume.so;debug;/usr/lib/x86_64-linux-gnu/libOgreVolume.so
[0.413s] -- Looking for OGRE_Overlay...
[0.413s] -- Found OGRE_Overlay: optimized;/usr/lib/x86_64-linux-gnu/libOgreOverlay.so;debug;/usr/lib/x86_64-linux-gnu/libOgreOverlay.so
[0.568s] -- Looking for ignition-math6 -- found version 6.15.1
[0.570s] -- Looking for ignition-transport8 -- found version 8.2.1
[0.570s] -- Searching for dependencies of ignition-transport8
[0.595s] -- Found Protobuf: /usr/lib/x86_64-linux-gnu/libprotobuf.so (found suitable version "3.12.4", minimum required is "3") 
[0.608s] -- Config-file not installed for ZeroMQ -- checking for pkg-config
[0.630s] -- Checking for module 'libzmq >= 4'
[0.666s] --   Found libzmq , version 4.3.4
[0.738s] -- Checking for module 'uuid'
[0.753s] --   Found uuid, version 2.37.2
[0.812s] -- Looking for ignition-msgs5 -- found version 5.8.1
[0.813s] -- Searching for dependencies of ignition-msgs5
[0.840s] -- Looking for ignition-math6 -- found version 6.15.1
[0.856s] -- Checking for module 'tinyxml2'
[0.874s] --   Found tinyxml2, version 9.0.0
[0.908s] -- Looking for ignition-msgs5 -- found version 5.8.1
[0.908s] -- Looking for ignition-common3 -- found version 3.14.0
[0.909s] -- Searching for dependencies of ignition-common3
[0.909s] -- Looking for dlfcn.h - found
[0.909s] -- Looking for libdl - found
[0.927s] -- Searching for <ignition-common3> component [graphics]
[0.928s] -- Looking for ignition-common3-graphics -- found version 3.14.0
[0.928s] -- Searching for dependencies of ignition-common3-graphics
[0.929s] -- Looking for ignition-math6 -- found version 6.15.1
[0.932s] -- Looking for ignition-fuel_tools4 -- found version 4.4.0
[0.933s] -- Searching for dependencies of ignition-fuel_tools4
[0.982s] -- Checking for module 'jsoncpp'
[1.001s] --   Found jsoncpp, version 1.9.5
[1.064s] -- Checking for module 'libzip'
[1.083s] --   Found libzip, version 1.7.3
[1.144s] -- Looking for ignition-common3 -- found version 3.14.0
[1.145s] -- Looking for ignition-math6 -- found version 6.15.1
[1.146s] -- Looking for ignition-msgs5 -- found version 5.8.1
[1.152s] -- Found gazebo_ros_pkgs: 3.7.0 (/opt/ros/humble/share/gazebo_ros_pkgs/cmake)
[1.153s] -- Found geometry_msgs: 4.2.4 (/opt/ros/humble/share/geometry_msgs/cmake)
[1.178s] -- Found rosidl_generator_c: 3.1.5 (/opt/ros/humble/share/rosidl_generator_c/cmake)
[1.180s] -- Found rosidl_adapter: 3.1.5 (/opt/ros/humble/share/rosidl_adapter/cmake)
[1.185s] -- Found rosidl_generator_cpp: 3.1.5 (/opt/ros/humble/share/rosidl_generator_cpp/cmake)
[1.193s] -- Using all available rosidl_typesupport_c: rosidl_typesupport_fastrtps_c;rosidl_typesupport_introspection_c
[1.207s] -- Using all available rosidl_typesupport_cpp: rosidl_typesupport_fastrtps_cpp;rosidl_typesupport_introspection_cpp
[1.308s] -- Found nav_msgs: 4.2.4 (/opt/ros/humble/share/nav_msgs/cmake)
[1.422s] -- Found rclcpp: 16.0.9 (/opt/ros/humble/share/rclcpp/cmake)
[1.503s] -- Found rmw_implementation_cmake: 6.1.2 (/opt/ros/humble/share/rmw_implementation_cmake/cmake)
[1.506s] -- Found rmw_fastrtps_cpp: 6.2.6 (/opt/ros/humble/share/rmw_fastrtps_cpp/cmake)
[1.658s] -- Using RMW implementation 'rmw_fastrtps_cpp' as default
[1.841s] -- Found sensor_msgs: 4.2.4 (/opt/ros/humble/share/sensor_msgs/cmake)
[1.946s] -- Found tf2: 0.25.7 (/opt/ros/humble/share/tf2/cmake)
[2.056s] -- Configuring done
[2.116s] -- Generating done
[2.116s] -- Build files have been written to: /home/yhan/yhan_ROS2/yhan_ws/src/build/turtlebot3_gazebo
[2.148s] Invoked command in '/home/yhan/yhan_ROS2/yhan_ws/src/build/turtlebot3_gazebo' returned '0': CMAKE_PREFIX_PATH=${CMAKE_PREFIX_PATH}:/opt/ros/humble /usr/bin/cmake /home/yhan/yhan_ROS2/yhan_ws/src/turtlebot3_simulations/turtlebot3_gazebo -DCMAKE_INSTALL_PREFIX=/home/yhan/yhan_ROS2/yhan_ws/src/install/turtlebot3_gazebo
[2.149s] Invoking command in '/home/yhan/yhan_ROS2/yhan_ws/src/build/turtlebot3_gazebo': CMAKE_PREFIX_PATH=${CMAKE_PREFIX_PATH}:/opt/ros/humble /usr/bin/cmake --build /home/yhan/yhan_ROS2/yhan_ws/src/build/turtlebot3_gazebo -- -j2 -l2
[2.224s] [35m[1mConsolidate compiler generated dependencies of target turtlebot3_drive[0m
[2.254s] [ 25%] Built target turtlebot3_drive
[2.259s] [35m[1mConsolidate compiler generated dependencies of target obstacle1[0m
[2.309s] [35m[1mConsolidate compiler generated dependencies of target obstacle2[0m
[2.353s] [ 50%] Built target obstacle1
[2.368s] [35m[1mConsolidate compiler generated dependencies of target obstacles[0m
[2.392s] [ 75%] Built target obstacle2
[2.413s] [100%] Built target obstacles
[2.437s] Invoked command in '/home/yhan/yhan_ROS2/yhan_ws/src/build/turtlebot3_gazebo' returned '0': CMAKE_PREFIX_PATH=${CMAKE_PREFIX_PATH}:/opt/ros/humble /usr/bin/cmake --build /home/yhan/yhan_ROS2/yhan_ws/src/build/turtlebot3_gazebo -- -j2 -l2
[2.613s] Invoking command in '/home/yhan/yhan_ROS2/yhan_ws/src/build/turtlebot3_gazebo': CMAKE_PREFIX_PATH=${CMAKE_PREFIX_PATH}:/opt/ros/humble /usr/bin/cmake --install /home/yhan/yhan_ROS2/yhan_ws/src/build/turtlebot3_gazebo
[2.631s] -- Install configuration: ""
[2.631s] -- Execute custom install script
[2.632s] -- Up-to-date symlink: /home/yhan/yhan_ROS2/yhan_ws/src/install/turtlebot3_gazebo/lib/turtlebot3_gazebo/turtlebot3_drive
[2.632s] -- Up-to-date symlink: /home/yhan/yhan_ROS2/yhan_ws/src/install/turtlebot3_gazebo/share/turtlebot3_gazebo//launch/empty_world.launch.py
[2.632s] -- Up-to-date symlink: /home/yhan/yhan_ROS2/yhan_ws/src/install/turtlebot3_gazebo/share/turtlebot3_gazebo//launch/robot_state_publisher.launch.py
[2.633s] -- Up-to-date symlink: /home/yhan/yhan_ROS2/yhan_ws/src/install/turtlebot3_gazebo/share/turtlebot3_gazebo//launch/spawn_turtlebot3.launch.py
[2.633s] -- Up-to-date symlink: /home/yhan/yhan_ROS2/yhan_ws/src/install/turtlebot3_gazebo/share/turtlebot3_gazebo//launch/turtlebot3_dqn_stage1.launch.py
[2.633s] -- Up-to-date symlink: /home/yhan/yhan_ROS2/yhan_ws/src/install/turtlebot3_gazebo/share/turtlebot3_gazebo//launch/turtlebot3_dqn_stage2.launch.py
[2.633s] -- Up-to-date symlink: /home/yhan/yhan_ROS2/yhan_ws/src/install/turtlebot3_gazebo/share/turtlebot3_gazebo//launch/turtlebot3_dqn_stage3.launch.py
[2.633s] -- Up-to-date symlink: /home/yhan/yhan_ROS2/yhan_ws/src/install/turtlebot3_gazebo/share/turtlebot3_gazebo//launch/turtlebot3_dqn_stage4.launch.py
[2.633s] -- Up-to-date symlink: /home/yhan/yhan_ROS2/yhan_ws/src/install/turtlebot3_gazebo/share/turtlebot3_gazebo//launch/turtlebot3_house.launch.py
[2.633s] -- Up-to-date symlink: /home/yhan/yhan_ROS2/yhan_ws/src/install/turtlebot3_gazebo/share/turtlebot3_gazebo//launch/turtlebot3_world.launch.py
[2.634s] -- Up-to-date symlink: /home/yhan/yhan_ROS2/yhan_ws/src/install/turtlebot3_gazebo/share/turtlebot3_gazebo//models/turtlebot3_burger/model-1_4.sdf
[2.634s] -- Up-to-date symlink: /home/yhan/yhan_ROS2/yhan_ws/src/install/turtlebot3_gazebo/share/turtlebot3_gazebo//models/turtlebot3_burger/model.config
[2.635s] -- Up-to-date symlink: /home/yhan/yhan_ROS2/yhan_ws/src/install/turtlebot3_gazebo/share/turtlebot3_gazebo//models/turtlebot3_burger/model.sdf
[2.635s] -- Up-to-date symlink: /home/yhan/yhan_ROS2/yhan_ws/src/install/turtlebot3_gazebo/share/turtlebot3_gazebo//models/turtlebot3_common/meshes/burger_base.dae
[2.635s] -- Up-to-date symlink: /home/yhan/yhan_ROS2/yhan_ws/src/install/turtlebot3_gazebo/share/turtlebot3_gazebo//models/turtlebot3_common/meshes/lds.dae
[2.636s] -- Up-to-date symlink: /home/yhan/yhan_ROS2/yhan_ws/src/install/turtlebot3_gazebo/share/turtlebot3_gazebo//models/turtlebot3_common/meshes/r200.dae
[2.636s] -- Up-to-date symlink: /home/yhan/yhan_ROS2/yhan_ws/src/install/turtlebot3_gazebo/share/turtlebot3_gazebo//models/turtlebot3_common/meshes/tire.dae
[2.636s] -- Up-to-date symlink: /home/yhan/yhan_ROS2/yhan_ws/src/install/turtlebot3_gazebo/share/turtlebot3_gazebo//models/turtlebot3_common/meshes/waffle_base.dae
[2.636s] -- Up-to-date symlink: /home/yhan/yhan_ROS2/yhan_ws/src/install/turtlebot3_gazebo/share/turtlebot3_gazebo//models/turtlebot3_common/meshes/waffle_pi_base.dae
[2.636s] -- Up-to-date symlink: /home/yhan/yhan_ROS2/yhan_ws/src/install/turtlebot3_gazebo/share/turtlebot3_gazebo//models/turtlebot3_common/model.config
[2.641s] -- Up-to-date symlink: /home/yhan/yhan_ROS2/yhan_ws/src/install/turtlebot3_gazebo/share/turtlebot3_gazebo//models/turtlebot3_dqn_world/goal_box/model.config
[2.642s] -- Up-to-date symlink: /home/yhan/yhan_ROS2/yhan_ws/src/install/turtlebot3_gazebo/share/turtlebot3_gazebo//models/turtlebot3_dqn_world/goal_box/model.sdf
[2.642s] -- Up-to-date symlink: /home/yhan/yhan_ROS2/yhan_ws/src/install/turtlebot3_gazebo/share/turtlebot3_gazebo//models/turtlebot3_dqn_world/inner_walls/model.config
[2.642s] -- Up-to-date symlink: /home/yhan/yhan_ROS2/yhan_ws/src/install/turtlebot3_gazebo/share/turtlebot3_gazebo//models/turtlebot3_dqn_world/inner_walls/model.sdf
[2.642s] -- Up-to-date symlink: /home/yhan/yhan_ROS2/yhan_ws/src/install/turtlebot3_gazebo/share/turtlebot3_gazebo//models/turtlebot3_dqn_world/model.config
[2.642s] -- Up-to-date symlink: /home/yhan/yhan_ROS2/yhan_ws/src/install/turtlebot3_gazebo/share/turtlebot3_gazebo//models/turtlebot3_dqn_world/model.sdf
[2.642s] -- Up-to-date symlink: /home/yhan/yhan_ROS2/yhan_ws/src/install/turtlebot3_gazebo/share/turtlebot3_gazebo//models/turtlebot3_dqn_world/obstacle1/model.config
[2.642s] -- Up-to-date symlink: /home/yhan/yhan_ROS2/yhan_ws/src/install/turtlebot3_gazebo/share/turtlebot3_gazebo//models/turtlebot3_dqn_world/obstacle1/model.sdf
[2.643s] -- Up-to-date symlink: /home/yhan/yhan_ROS2/yhan_ws/src/install/turtlebot3_gazebo/share/turtlebot3_gazebo//models/turtlebot3_dqn_world/obstacle2/model.config
[2.643s] -- Up-to-date symlink: /home/yhan/yhan_ROS2/yhan_ws/src/install/turtlebot3_gazebo/share/turtlebot3_gazebo//models/turtlebot3_dqn_world/obstacle2/model.sdf
[2.643s] -- Up-to-date symlink: /home/yhan/yhan_ROS2/yhan_ws/src/install/turtlebot3_gazebo/share/turtlebot3_gazebo//models/turtlebot3_dqn_world/obstacle_plugin/CMakeLists.txt
[2.645s] -- Up-to-date symlink: /home/yhan/yhan_ROS2/yhan_ws/src/install/turtlebot3_gazebo/share/turtlebot3_gazebo//models/turtlebot3_dqn_world/obstacle_plugin/obstacle1.cc
[2.646s] -- Up-to-date symlink: /home/yhan/yhan_ROS2/yhan_ws/src/install/turtlebot3_gazebo/share/turtlebot3_gazebo//models/turtlebot3_dqn_world/obstacle_plugin/obstacle2.cc
[2.646s] -- Up-to-date symlink: /home/yhan/yhan_ROS2/yhan_ws/src/install/turtlebot3_gazebo/share/turtlebot3_gazebo//models/turtlebot3_dqn_world/obstacle_plugin/obstacles.cc
[2.646s] -- Up-to-date symlink: /home/yhan/yhan_ROS2/yhan_ws/src/install/turtlebot3_gazebo/share/turtlebot3_gazebo//models/turtlebot3_dqn_world/obstacles/model.config
[2.646s] -- Up-to-date symlink: /home/yhan/yhan_ROS2/yhan_ws/src/install/turtlebot3_gazebo/share/turtlebot3_gazebo//models/turtlebot3_dqn_world/obstacles/model.sdf
[2.646s] -- Up-to-date symlink: /home/yhan/yhan_ROS2/yhan_ws/src/install/turtlebot3_gazebo/share/turtlebot3_gazebo//models/turtlebot3_house/model.config
[2.646s] -- Up-to-date symlink: /home/yhan/yhan_ROS2/yhan_ws/src/install/turtlebot3_gazebo/share/turtlebot3_gazebo//models/turtlebot3_house/model.sdf
[2.646s] -- Up-to-date symlink: /home/yhan/yhan_ROS2/yhan_ws/src/install/turtlebot3_gazebo/share/turtlebot3_gazebo//models/turtlebot3_waffle/model-1_4.sdf
[2.646s] -- Up-to-date symlink: /home/yhan/yhan_ROS2/yhan_ws/src/install/turtlebot3_gazebo/share/turtlebot3_gazebo//models/turtlebot3_waffle/model.config
[2.646s] -- Up-to-date symlink: /home/yhan/yhan_ROS2/yhan_ws/src/install/turtlebot3_gazebo/share/turtlebot3_gazebo//models/turtlebot3_waffle/model.sdf
[2.646s] -- Up-to-date symlink: /home/yhan/yhan_ROS2/yhan_ws/src/install/turtlebot3_gazebo/share/turtlebot3_gazebo//models/turtlebot3_waffle_pi/model-1_4_.sdf
[2.646s] -- Up-to-date symlink: /home/yhan/yhan_ROS2/yhan_ws/src/install/turtlebot3_gazebo/share/turtlebot3_gazebo//models/turtlebot3_waffle_pi/model.config
[2.646s] -- Up-to-date symlink: /home/yhan/yhan_ROS2/yhan_ws/src/install/turtlebot3_gazebo/share/turtlebot3_gazebo//models/turtlebot3_waffle_pi/model.sdf
[2.646s] -- Up-to-date symlink: /home/yhan/yhan_ROS2/yhan_ws/src/install/turtlebot3_gazebo/share/turtlebot3_gazebo//models/turtlebot3_world/meshes/hexagon.dae
[2.646s] -- Up-to-date symlink: /home/yhan/yhan_ROS2/yhan_ws/src/install/turtlebot3_gazebo/share/turtlebot3_gazebo//models/turtlebot3_world/meshes/wall.dae
[2.646s] -- Up-to-date symlink: /home/yhan/yhan_ROS2/yhan_ws/src/install/turtlebot3_gazebo/share/turtlebot3_gazebo//models/turtlebot3_world/model-1_4.sdf
[2.646s] -- Up-to-date symlink: /home/yhan/yhan_ROS2/yhan_ws/src/install/turtlebot3_gazebo/share/turtlebot3_gazebo//models/turtlebot3_world/model.config
[2.646s] -- Up-to-date symlink: /home/yhan/yhan_ROS2/yhan_ws/src/install/turtlebot3_gazebo/share/turtlebot3_gazebo//models/turtlebot3_world/model.sdf
[2.647s] -- Up-to-date symlink: /home/yhan/yhan_ROS2/yhan_ws/src/install/turtlebot3_gazebo/share/turtlebot3_gazebo//rviz/tb3_gazebo.rviz
[2.649s] -- Up-to-date symlink: /home/yhan/yhan_ROS2/yhan_ws/src/install/turtlebot3_gazebo/share/turtlebot3_gazebo//urdf/common_properties.urdf
[2.649s] -- Up-to-date symlink: /home/yhan/yhan_ROS2/yhan_ws/src/install/turtlebot3_gazebo/share/turtlebot3_gazebo//urdf/turtlebot3_burger.urdf
[2.649s] -- Up-to-date symlink: /home/yhan/yhan_ROS2/yhan_ws/src/install/turtlebot3_gazebo/share/turtlebot3_gazebo//urdf/turtlebot3_waffle.urdf
[2.649s] -- Up-to-date symlink: /home/yhan/yhan_ROS2/yhan_ws/src/install/turtlebot3_gazebo/share/turtlebot3_gazebo//urdf/turtlebot3_waffle_pi.urdf
[2.649s] -- Up-to-date symlink: /home/yhan/yhan_ROS2/yhan_ws/src/install/turtlebot3_gazebo/share/turtlebot3_gazebo//worlds/empty_world.world
[2.649s] -- Up-to-date symlink: /home/yhan/yhan_ROS2/yhan_ws/src/install/turtlebot3_gazebo/share/turtlebot3_gazebo//worlds/turtlebot3_dqn_stage1.world
[2.649s] -- Up-to-date symlink: /home/yhan/yhan_ROS2/yhan_ws/src/install/turtlebot3_gazebo/share/turtlebot3_gazebo//worlds/turtlebot3_dqn_stage2.world
[2.649s] -- Up-to-date symlink: /home/yhan/yhan_ROS2/yhan_ws/src/install/turtlebot3_gazebo/share/turtlebot3_gazebo//worlds/turtlebot3_dqn_stage3.world
[2.650s] -- Up-to-date symlink: /home/yhan/yhan_ROS2/yhan_ws/src/install/turtlebot3_gazebo/share/turtlebot3_gazebo//worlds/turtlebot3_dqn_stage4.world
[2.650s] -- Up-to-date symlink: /home/yhan/yhan_ROS2/yhan_ws/src/install/turtlebot3_gazebo/share/turtlebot3_gazebo//worlds/turtlebot3_house.world
[2.650s] -- Up-to-date symlink: /home/yhan/yhan_ROS2/yhan_ws/src/install/turtlebot3_gazebo/share/turtlebot3_gazebo//worlds/turtlebot3_world.world
[2.650s] -- Up-to-date symlink: /home/yhan/yhan_ROS2/yhan_ws/src/install/turtlebot3_gazebo/include//turtlebot3_gazebo/turtlebot3_drive.hpp
[2.650s] -- Up-to-date symlink: /home/yhan/yhan_ROS2/yhan_ws/src/install/turtlebot3_gazebo/share/ament_index/resource_index/package_run_dependencies/turtlebot3_gazebo
[2.650s] -- Up-to-date symlink: /home/yhan/yhan_ROS2/yhan_ws/src/install/turtlebot3_gazebo/share/ament_index/resource_index/parent_prefix_path/turtlebot3_gazebo
[2.650s] -- Up-to-date symlink: /home/yhan/yhan_ROS2/yhan_ws/src/install/turtlebot3_gazebo/share/turtlebot3_gazebo/environment/ament_prefix_path.sh
[2.653s] -- Up-to-date symlink: /home/yhan/yhan_ROS2/yhan_ws/src/install/turtlebot3_gazebo/share/turtlebot3_gazebo/environment/ament_prefix_path.dsv
[2.653s] -- Up-to-date symlink: /home/yhan/yhan_ROS2/yhan_ws/src/install/turtlebot3_gazebo/share/turtlebot3_gazebo/environment/path.sh
[2.653s] -- Up-to-date symlink: /home/yhan/yhan_ROS2/yhan_ws/src/install/turtlebot3_gazebo/share/turtlebot3_gazebo/environment/path.dsv
[2.653s] -- Up-to-date symlink: /home/yhan/yhan_ROS2/yhan_ws/src/install/turtlebot3_gazebo/share/turtlebot3_gazebo/local_setup.bash
[2.653s] -- Up-to-date symlink: /home/yhan/yhan_ROS2/yhan_ws/src/install/turtlebot3_gazebo/share/turtlebot3_gazebo/local_setup.sh
[2.654s] -- Up-to-date symlink: /home/yhan/yhan_ROS2/yhan_ws/src/install/turtlebot3_gazebo/share/turtlebot3_gazebo/local_setup.zsh
[2.654s] -- Up-to-date symlink: /home/yhan/yhan_ROS2/yhan_ws/src/install/turtlebot3_gazebo/share/turtlebot3_gazebo/local_setup.dsv
[2.654s] -- Symlinking: /home/yhan/yhan_ROS2/yhan_ws/src/install/turtlebot3_gazebo/share/turtlebot3_gazebo/package.dsv
[2.669s] -- Up-to-date symlink: /home/yhan/yhan_ROS2/yhan_ws/src/install/turtlebot3_gazebo/share/ament_index/resource_index/packages/turtlebot3_gazebo
[2.669s] -- Up-to-date symlink: /home/yhan/yhan_ROS2/yhan_ws/src/install/turtlebot3_gazebo/share/turtlebot3_gazebo/cmake/ament_cmake_export_include_directories-extras.cmake
[2.670s] -- Up-to-date symlink: /home/yhan/yhan_ROS2/yhan_ws/src/install/turtlebot3_gazebo/share/turtlebot3_gazebo/cmake/ament_cmake_export_dependencies-extras.cmake
[2.670s] -- Up-to-date symlink: /home/yhan/yhan_ROS2/yhan_ws/src/install/turtlebot3_gazebo/share/turtlebot3_gazebo/cmake/turtlebot3_gazeboConfig.cmake
[2.670s] -- Up-to-date symlink: /home/yhan/yhan_ROS2/yhan_ws/src/install/turtlebot3_gazebo/share/turtlebot3_gazebo/cmake/turtlebot3_gazeboConfig-version.cmake
[2.670s] -- Up-to-date symlink: /home/yhan/yhan_ROS2/yhan_ws/src/install/turtlebot3_gazebo/share/turtlebot3_gazebo/package.xml
[2.678s] Invoked command in '/home/yhan/yhan_ROS2/yhan_ws/src/build/turtlebot3_gazebo' returned '0': CMAKE_PREFIX_PATH=${CMAKE_PREFIX_PATH}:/opt/ros/humble /usr/bin/cmake --install /home/yhan/yhan_ROS2/yhan_ws/src/build/turtlebot3_gazebo
