[0.017s] Invoking command in '/home/yhan/yhan_ROS2/yhan_ws/build/topic_final': CMAKE_PREFIX_PATH=${CMAKE_PREFIX_PATH}:/opt/ros/humble /usr/bin/cmake /home/yhan/yhan_ROS2/yhan_ws/src/topic_final -DAMENT_CMAKE_SYMLINK_INSTALL=1 -DCMAKE_INSTALL_PREFIX=/home/yhan/yhan_ROS2/yhan_ws/install/topic_final
[0.133s] -- The C compiler identification is GNU 11.4.0
[0.279s] -- The CXX compiler identification is GNU 11.4.0
[0.299s] -- Detecting C compiler ABI info
[0.505s] -- Detecting C compiler ABI info - done
[0.512s] -- Check for working C compiler: /usr/bin/cc - skipped
[0.512s] -- Detecting C compile features
[0.513s] -- Detecting C compile features - done
[0.515s] -- Detecting CXX compiler ABI info
[0.828s] -- Detecting CXX compiler ABI info - done
[0.843s] -- Check for working CXX compiler: /usr/bin/c++ - skipped
[0.844s] -- Detecting CXX compile features
[0.844s] -- Detecting CXX compile features - done
[0.847s] -- Found ament_cmake: 1.3.9 (/opt/ros/humble/share/ament_cmake/cmake)
[1.198s] -- Found Python3: /usr/bin/python3 (found version "3.10.12") found components: Interpreter 
[1.341s] -- Override CMake install command with custom implementation using symlinks instead of copying resources
[1.396s] -- Found rclcpp: 16.0.9 (/opt/ros/humble/share/rclcpp/cmake)
[1.480s] -- Found rosidl_generator_c: 3.1.5 (/opt/ros/humble/share/rosidl_generator_c/cmake)
[1.493s] -- Found rosidl_adapter: 3.1.5 (/opt/ros/humble/share/rosidl_adapter/cmake)
[1.512s] -- Found rosidl_generator_cpp: 3.1.5 (/opt/ros/humble/share/rosidl_generator_cpp/cmake)
[1.540s] -- Using all available rosidl_typesupport_c: rosidl_typesupport_fastrtps_c;rosidl_typesupport_introspection_c
[1.584s] -- Using all available rosidl_typesupport_cpp: rosidl_typesupport_fastrtps_cpp;rosidl_typesupport_introspection_cpp
[1.760s] -- Found rmw_implementation_cmake: 6.1.2 (/opt/ros/humble/share/rmw_implementation_cmake/cmake)
[1.764s] -- Found rmw_fastrtps_cpp: 6.2.6 (/opt/ros/humble/share/rmw_fastrtps_cpp/cmake)
[1.947s] -- Found OpenSSL: /usr/lib/x86_64-linux-gnu/libcrypto.so (found version "3.0.2")  
[1.978s] -- Found FastRTPS: /opt/ros/humble/include  
[2.029s] -- Using RMW implementation 'rmw_fastrtps_cpp' as default
[2.058s] -- Looking for pthread.h
[2.249s] -- Looking for pthread.h - found
[2.250s] -- Performing Test CMAKE_HAVE_LIBC_PTHREAD
[2.364s] -- Performing Test CMAKE_HAVE_LIBC_PTHREAD - Success
[2.365s] -- Found Threads: TRUE  
[2.745s] -- Found ament_lint_auto: 0.12.11 (/opt/ros/humble/share/ament_lint_auto/cmake)
[2.953s] -- Added test 'cppcheck' to perform static code analysis on C / C++ code
[2.954s] -- Configured cppcheck include dirs: 
[2.954s] -- Configured cppcheck exclude dirs and/or files: 
[2.958s] -- Added test 'lint_cmake' to check CMake code style
[2.966s] -- Added test 'uncrustify' to check C / C++ code style
[2.967s] -- Configured uncrustify additional arguments: 
[2.967s] -- Added test 'xmllint' to check XML markup files
[2.969s] -- Configuring done
[3.005s] -- Generating done
[3.016s] -- Build files have been written to: /home/yhan/yhan_ROS2/yhan_ws/build/topic_final
[3.041s] Invoked command in '/home/yhan/yhan_ROS2/yhan_ws/build/topic_final' returned '0': CMAKE_PREFIX_PATH=${CMAKE_PREFIX_PATH}:/opt/ros/humble /usr/bin/cmake /home/yhan/yhan_ROS2/yhan_ws/src/topic_final -DAMENT_CMAKE_SYMLINK_INSTALL=1 -DCMAKE_INSTALL_PREFIX=/home/yhan/yhan_ROS2/yhan_ws/install/topic_final
[3.042s] Invoking command in '/home/yhan/yhan_ROS2/yhan_ws/build/topic_final': CMAKE_PREFIX_PATH=${CMAKE_PREFIX_PATH}:/opt/ros/humble /usr/bin/cmake --build /home/yhan/yhan_ROS2/yhan_ws/build/topic_final -- -j2 -l2
[3.167s] [ 10%] [32mBuilding CXX object CMakeFiles/mpub.dir/src/mpub.cpp.o[0m
[11.185s] [ 20%] [32m[1mLinking CXX executable mpub[0m
[11.642s] [ 20%] Built target mpub
[11.730s] [ 30%] [32mBuilding CXX object CMakeFiles/msub.dir/src/msub.cpp.o[0m
[24.173s] [ 40%] [32m[1mLinking CXX executable msub[0m
[25.037s] [ 40%] Built target msub
[25.076s] [ 50%] [32mBuilding CXX object CMakeFiles/msub2.dir/src/msub2.cpp.o[0m
[36.594s] [ 60%] [32m[1mLinking CXX executable msub2[0m
[37.422s] [ 60%] Built target msub2
[37.492s] [ 70%] [32mBuilding CXX object CMakeFiles/tpub.dir/src/tpub.cpp.o[0m
[43.341s] [ 80%] [32m[1mLinking CXX executable tpub[0m
[43.543s] [ 80%] Built target tpub
[43.580s] [ 90%] [32mBuilding CXX object CMakeFiles/mtsub.dir/src/mtsub.cpp.o[0m
[58.642s] [100%] [32m[1mLinking CXX executable mtsub[0m
[59.675s] [100%] Built target mtsub
[59.711s] Invoked command in '/home/yhan/yhan_ROS2/yhan_ws/build/topic_final' returned '0': CMAKE_PREFIX_PATH=${CMAKE_PREFIX_PATH}:/opt/ros/humble /usr/bin/cmake --build /home/yhan/yhan_ROS2/yhan_ws/build/topic_final -- -j2 -l2
[59.925s] Invoking command in '/home/yhan/yhan_ROS2/yhan_ws/build/topic_final': CMAKE_PREFIX_PATH=${CMAKE_PREFIX_PATH}:/opt/ros/humble /usr/bin/cmake --install /home/yhan/yhan_ROS2/yhan_ws/build/topic_final
[59.952s] -- Install configuration: ""
[59.953s] -- Execute custom install script
[59.957s] -- Symlinking: /home/yhan/yhan_ROS2/yhan_ws/install/topic_final/lib/topic_final/mpub
[59.979s] -- Symlinking: /home/yhan/yhan_ROS2/yhan_ws/install/topic_final/lib/topic_final/msub
[60.005s] -- Symlinking: /home/yhan/yhan_ROS2/yhan_ws/install/topic_final/lib/topic_final/msub2
[60.037s] -- Symlinking: /home/yhan/yhan_ROS2/yhan_ws/install/topic_final/lib/topic_final/tpub
[60.054s] -- Symlinking: /home/yhan/yhan_ROS2/yhan_ws/install/topic_final/lib/topic_final/mtsub
[60.078s] -- Symlinking: /home/yhan/yhan_ROS2/yhan_ws/install/topic_final/share/ament_index/resource_index/package_run_dependencies/topic_final
[60.100s] -- Symlinking: /home/yhan/yhan_ROS2/yhan_ws/install/topic_final/share/ament_index/resource_index/parent_prefix_path/topic_final
[60.122s] -- Symlinking: /home/yhan/yhan_ROS2/yhan_ws/install/topic_final/share/topic_final/environment/ament_prefix_path.sh
[60.145s] -- Symlinking: /home/yhan/yhan_ROS2/yhan_ws/install/topic_final/share/topic_final/environment/ament_prefix_path.dsv
[60.174s] -- Symlinking: /home/yhan/yhan_ROS2/yhan_ws/install/topic_final/share/topic_final/environment/path.sh
[60.204s] -- Symlinking: /home/yhan/yhan_ROS2/yhan_ws/install/topic_final/share/topic_final/environment/path.dsv
[60.234s] -- Symlinking: /home/yhan/yhan_ROS2/yhan_ws/install/topic_final/share/topic_final/local_setup.bash
[60.264s] -- Symlinking: /home/yhan/yhan_ROS2/yhan_ws/install/topic_final/share/topic_final/local_setup.sh
[60.289s] -- Symlinking: /home/yhan/yhan_ROS2/yhan_ws/install/topic_final/share/topic_final/local_setup.zsh
[60.318s] -- Symlinking: /home/yhan/yhan_ROS2/yhan_ws/install/topic_final/share/topic_final/local_setup.dsv
[60.346s] -- Symlinking: /home/yhan/yhan_ROS2/yhan_ws/install/topic_final/share/topic_final/package.dsv
[60.377s] -- Symlinking: /home/yhan/yhan_ROS2/yhan_ws/install/topic_final/share/ament_index/resource_index/packages/topic_final
[60.411s] -- Symlinking: /home/yhan/yhan_ROS2/yhan_ws/install/topic_final/share/topic_final/cmake/topic_finalConfig.cmake
[60.436s] -- Symlinking: /home/yhan/yhan_ROS2/yhan_ws/install/topic_final/share/topic_final/cmake/topic_finalConfig-version.cmake
[60.468s] -- Symlinking: /home/yhan/yhan_ROS2/yhan_ws/install/topic_final/share/topic_final/package.xml
[60.487s] Invoked command in '/home/yhan/yhan_ROS2/yhan_ws/build/topic_final' returned '0': CMAKE_PREFIX_PATH=${CMAKE_PREFIX_PATH}:/opt/ros/humble /usr/bin/cmake --install /home/yhan/yhan_ROS2/yhan_ws/build/topic_final
