[0.032s] Invoking command in '/home/yhan/yhan_ROS2/yhan_ws/build/interface_example': CMAKE_PREFIX_PATH=${CMAKE_PREFIX_PATH}:/opt/ros/humble /usr/bin/cmake --build /home/yhan/yhan_ROS2/yhan_ws/build/interface_example -- -j2 -l2
[0.123s] -- Found ament_cmake: 1.3.9 (/opt/ros/humble/share/ament_cmake/cmake)
[0.404s] -- Override CMake install command with custom implementation using symlinks instead of copying resources
[0.446s] -- Found rosidl_default_generators: 1.2.0 (/opt/ros/humble/share/rosidl_default_generators/cmake)
[0.462s] -- Using all available rosidl_typesupport_c: rosidl_typesupport_fastrtps_c;rosidl_typesupport_introspection_c
[0.478s] -- Found rosidl_adapter: 3.1.5 (/opt/ros/humble/share/rosidl_adapter/cmake)
[0.575s] -- Using all available rosidl_typesupport_cpp: rosidl_typesupport_fastrtps_cpp;rosidl_typesupport_introspection_cpp
[1.443s] -- Found ament_cmake_ros: 0.10.0 (/opt/ros/humble/share/ament_cmake_ros/cmake)
[1.871s] -- Using all available rosidl_typesupport_c: rosidl_typesupport_fastrtps_c;rosidl_typesupport_introspection_c
[2.666s] -- Using all available rosidl_typesupport_cpp: rosidl_typesupport_fastrtps_cpp;rosidl_typesupport_introspection_cpp
[2.730s] -- Found python_cmake_module: 0.10.0 (/opt/ros/humble/share/python_cmake_module/cmake)
[2.777s] -- Using PYTHON_EXECUTABLE: /usr/bin/python3
[2.777s] -- Using PYTHON_INCLUDE_DIRS: /usr/include/python3.10
[2.777s] -- Using PYTHON_LIBRARIES: /usr/lib/x86_64-linux-gnu/libpython3.10.so
[2.855s] -- Found ament_lint_auto: 0.12.11 (/opt/ros/humble/share/ament_lint_auto/cmake)
[2.910s] -- Configuring done
[3.064s] -- Generating done
[3.077s] -- Build files have been written to: /home/yhan/yhan_ROS2/yhan_ws/build/interface_example
[3.180s] [  2%] [34m[1mGenerating C code for ROS interfaces[0m
[3.259s] [  5%] [34m[1mGenerating C++ code for ROS interfaces[0m
[5.265s] [  5%] Built target interface_example__cpp
[5.387s] [  5%] Built target ament_cmake_python_symlink_interface_example
[5.408s] [  7%] [34m[1mGenerating C++ type support dispatch for ROS interfaces[0m
[5.453s] [35m[1mConsolidate compiler generated dependencies of target interface_example__rosidl_generator_c[0m
[5.506s] [ 10%] [32mBuilding C object CMakeFiles/interface_example__rosidl_generator_c.dir/rosidl_generator_c/interface_example/srv/detail/add_two_int__functions.c.o[0m
[6.014s] [ 12%] [32mBuilding C object CMakeFiles/interface_example__rosidl_generator_c.dir/rosidl_generator_c/interface_example/action/detail/fibonacci__functions.c.o[0m
[6.639s] [ 15%] [32m[1mLinking C shared library libinterface_example__rosidl_generator_c.so[0m
[6.779s] [35m[1mConsolidate compiler generated dependencies of target interface_example__rosidl_typesupport_cpp[0m
[6.825s] [ 15%] Built target interface_example__rosidl_generator_c
[6.849s] [ 17%] [34m[1mGenerating C++ type support for eProsima Fast-RTPS[0m
[6.870s] [ 20%] [32mBuilding CXX object CMakeFiles/interface_example__rosidl_typesupport_cpp.dir/rosidl_typesupport_cpp/interface_example/srv/add_two_int__type_support.cpp.o[0m
[8.117s] [ 23%] [32mBuilding CXX object CMakeFiles/interface_example__rosidl_typesupport_cpp.dir/rosidl_typesupport_cpp/interface_example/action/fibonacci__type_support.cpp.o[0m
[8.439s] [35m[1mConsolidate compiler generated dependencies of target interface_example__rosidl_typesupport_fastrtps_cpp[0m
[8.554s] [ 25%] [32mBuilding CXX object CMakeFiles/interface_example__rosidl_typesupport_fastrtps_cpp.dir/rosidl_typesupport_fastrtps_cpp/interface_example/srv/detail/dds_fastrtps/add_two_int__type_support.cpp.o[0m
[9.992s] [ 28%] [32m[1mLinking CXX shared library libinterface_example__rosidl_typesupport_cpp.so[0m
[10.013s] [ 30%] [32mBuilding CXX object CMakeFiles/interface_example__rosidl_typesupport_fastrtps_cpp.dir/rosidl_typesupport_fastrtps_cpp/interface_example/action/detail/dds_fastrtps/fibonacci__type_support.cpp.o[0m
[10.221s] [ 30%] Built target interface_example__rosidl_typesupport_cpp
[10.308s] [ 33%] [34m[1mGenerating C++ introspection for ROS interfaces[0m
[12.083s] [35m[1mConsolidate compiler generated dependencies of target interface_example__rosidl_typesupport_introspection_cpp[0m
[12.166s] [ 35%] [32mBuilding CXX object CMakeFiles/interface_example__rosidl_typesupport_introspection_cpp.dir/rosidl_typesupport_introspection_cpp/interface_example/srv/detail/add_two_int__type_support.cpp.o[0m
[12.702s] [ 38%] [32m[1mLinking CXX shared library libinterface_example__rosidl_typesupport_fastrtps_cpp.so[0m
[13.071s] [ 38%] Built target interface_example__rosidl_typesupport_fastrtps_cpp
[13.551s] [ 41%] [32mBuilding CXX object CMakeFiles/interface_example__rosidl_typesupport_introspection_cpp.dir/rosidl_typesupport_introspection_cpp/interface_example/action/detail/fibonacci__type_support.cpp.o[0m
[15.456s] [ 43%] [32m[1mLinking CXX shared library libinterface_example__rosidl_typesupport_introspection_cpp.so[0m
[15.670s] [ 43%] Built target interface_example__rosidl_typesupport_introspection_cpp
[16.406s] running egg_info
[16.407s] writing interface_example.egg-info/PKG-INFO
[16.408s] writing dependency_links to interface_example.egg-info/dependency_links.txt
[16.409s] writing top-level names to interface_example.egg-info/top_level.txt
[16.425s] reading manifest file 'interface_example.egg-info/SOURCES.txt'
[16.434s] writing manifest file 'interface_example.egg-info/SOURCES.txt'
[16.544s] [ 43%] Built target ament_cmake_python_build_interface_example_egg
[16.597s] [ 46%] [34m[1mGenerating C type support for eProsima Fast-RTPS[0m
[17.872s] [35m[1mConsolidate compiler generated dependencies of target interface_example__rosidl_typesupport_fastrtps_c[0m
[17.939s] [ 48%] [32mBuilding CXX object CMakeFiles/interface_example__rosidl_typesupport_fastrtps_c.dir/rosidl_typesupport_fastrtps_c/interface_example/srv/detail/add_two_int__type_support_c.cpp.o[0m
[19.061s] [ 51%] [32mBuilding CXX object CMakeFiles/interface_example__rosidl_typesupport_fastrtps_c.dir/rosidl_typesupport_fastrtps_c/interface_example/action/detail/fibonacci__type_support_c.cpp.o[0m
[20.085s] [ 53%] [32m[1mLinking CXX shared library libinterface_example__rosidl_typesupport_fastrtps_c.so[0m
[20.332s] [ 53%] Built target interface_example__rosidl_typesupport_fastrtps_c
[20.370s] [ 56%] [34m[1mGenerating C introspection for ROS interfaces[0m
[21.569s] [35m[1mConsolidate compiler generated dependencies of target interface_example__rosidl_typesupport_introspection_c[0m
[21.604s] [ 58%] [32mBuilding C object CMakeFiles/interface_example__rosidl_typesupport_introspection_c.dir/rosidl_typesupport_introspection_c/interface_example/srv/detail/add_two_int__type_support.c.o[0m
[21.765s] [ 61%] [32mBuilding C object CMakeFiles/interface_example__rosidl_typesupport_introspection_c.dir/rosidl_typesupport_introspection_c/interface_example/action/detail/fibonacci__type_support.c.o[0m
[21.991s] [ 64%] [32m[1mLinking C shared library libinterface_example__rosidl_typesupport_introspection_c.so[0m
[22.141s] [ 64%] Built target interface_example__rosidl_typesupport_introspection_c
[22.200s] [ 66%] [34m[1mGenerating C type support dispatch for ROS interfaces[0m
[23.213s] [35m[1mConsolidate compiler generated dependencies of target interface_example__rosidl_typesupport_c[0m
[23.266s] [ 69%] [32mBuilding CXX object CMakeFiles/interface_example__rosidl_typesupport_c.dir/rosidl_typesupport_c/interface_example/srv/add_two_int__type_support.cpp.o[0m
[23.349s] [ 71%] [32mBuilding CXX object CMakeFiles/interface_example__rosidl_typesupport_c.dir/rosidl_typesupport_c/interface_example/action/fibonacci__type_support.cpp.o[0m
[23.519s] [ 74%] [32m[1mLinking CXX shared library libinterface_example__rosidl_typesupport_c.so[0m
[23.683s] [ 74%] Built target interface_example__rosidl_typesupport_c
[23.784s] [ 74%] Built target interface_example
[23.882s] [ 76%] [34m[1mGenerating Python code for ROS interfaces[0m
[27.005s] [ 76%] Built target interface_example__py
[27.051s] [35m[1mConsolidate compiler generated dependencies of target interface_example__rosidl_generator_py[0m
[27.112s] [ 79%] [32mBuilding C object CMakeFiles/interface_example__rosidl_generator_py.dir/rosidl_generator_py/interface_example/srv/_add_two_int_s.c.o[0m
[27.565s] [ 82%] [32mBuilding C object CMakeFiles/interface_example__rosidl_generator_py.dir/rosidl_generator_py/interface_example/action/_fibonacci_s.c.o[0m
[27.968s] [ 84%] [32m[1mLinking C shared library rosidl_generator_py/interface_example/libinterface_example__rosidl_generator_py.so[0m
[28.075s] [ 84%] Built target interface_example__rosidl_generator_py
[28.119s] [35m[1mConsolidate compiler generated dependencies of target interface_example__rosidl_typesupport_fastrtps_c__pyext[0m
[28.159s] [ 87%] [32mBuilding C object CMakeFiles/interface_example__rosidl_typesupport_fastrtps_c__pyext.dir/rosidl_generator_py/interface_example/_interface_example_s.ep.rosidl_typesupport_fastrtps_c.c.o[0m
[28.512s] [ 89%] [32m[1mLinking C shared library rosidl_generator_py/interface_example/interface_example_s__rosidl_typesupport_fastrtps_c.cpython-310-x86_64-linux-gnu.so[0m
[28.569s] [ 89%] Built target interface_example__rosidl_typesupport_fastrtps_c__pyext
[28.623s] [35m[1mConsolidate compiler generated dependencies of target interface_example__rosidl_typesupport_introspection_c__pyext[0m
[28.665s] [ 92%] [32mBuilding C object CMakeFiles/interface_example__rosidl_typesupport_introspection_c__pyext.dir/rosidl_generator_py/interface_example/_interface_example_s.ep.rosidl_typesupport_introspection_c.c.o[0m
[28.920s] [ 94%] [32m[1mLinking C shared library rosidl_generator_py/interface_example/interface_example_s__rosidl_typesupport_introspection_c.cpython-310-x86_64-linux-gnu.so[0m
[29.035s] [ 94%] Built target interface_example__rosidl_typesupport_introspection_c__pyext
[29.060s] [35m[1mConsolidate compiler generated dependencies of target interface_example__rosidl_typesupport_c__pyext[0m
[29.096s] [ 97%] [32mBuilding C object CMakeFiles/interface_example__rosidl_typesupport_c__pyext.dir/rosidl_generator_py/interface_example/_interface_example_s.ep.rosidl_typesupport_c.c.o[0m
[29.362s] [100%] [32m[1mLinking C shared library rosidl_generator_py/interface_example/interface_example_s__rosidl_typesupport_c.cpython-310-x86_64-linux-gnu.so[0m
[29.450s] [100%] Built target interface_example__rosidl_typesupport_c__pyext
[29.495s] Invoked command in '/home/yhan/yhan_ROS2/yhan_ws/build/interface_example' returned '0': CMAKE_PREFIX_PATH=${CMAKE_PREFIX_PATH}:/opt/ros/humble /usr/bin/cmake --build /home/yhan/yhan_ROS2/yhan_ws/build/interface_example -- -j2 -l2
[29.903s] Invoking command in '/home/yhan/yhan_ROS2/yhan_ws/build/interface_example': CMAKE_PREFIX_PATH=${CMAKE_PREFIX_PATH}:/opt/ros/humble /usr/bin/cmake --install /home/yhan/yhan_ROS2/yhan_ws/build/interface_example
[29.926s] -- Install configuration: ""
[29.927s] -- Execute custom install script
[29.928s] -- Up-to-date symlink: /home/yhan/yhan_ROS2/yhan_ws/install/interface_example/share/ament_index/resource_index/rosidl_interfaces/interface_example
[29.930s] -- Symlinking: /home/yhan/yhan_ROS2/yhan_ws/install/interface_example/include/interface_example/interface_example/action/detail/fibonacci__functions.h
[29.950s] -- Symlinking: /home/yhan/yhan_ROS2/yhan_ws/install/interface_example/include/interface_example/interface_example/action/detail/fibonacci__struct.h
[29.976s] -- Symlinking: /home/yhan/yhan_ROS2/yhan_ws/install/interface_example/include/interface_example/interface_example/action/detail/fibonacci__type_support.h
[30.009s] -- Symlinking: /home/yhan/yhan_ROS2/yhan_ws/install/interface_example/include/interface_example/interface_example/action/fibonacci.h
[30.035s] -- Up-to-date symlink: /home/yhan/yhan_ROS2/yhan_ws/install/interface_example/include/interface_example/interface_example/msg/rosidl_generator_c__visibility_control.h
[30.035s] -- Up-to-date symlink: /home/yhan/yhan_ROS2/yhan_ws/install/interface_example/include/interface_example/interface_example/srv/add_two_int.h
[30.035s] -- Up-to-date symlink: /home/yhan/yhan_ROS2/yhan_ws/install/interface_example/include/interface_example/interface_example/srv/detail/add_two_int__functions.h
[30.036s] -- Up-to-date symlink: /home/yhan/yhan_ROS2/yhan_ws/install/interface_example/include/interface_example/interface_example/srv/detail/add_two_int__struct.h
[30.036s] -- Up-to-date symlink: /home/yhan/yhan_ROS2/yhan_ws/install/interface_example/include/interface_example/interface_example/srv/detail/add_two_int__type_support.h
[30.036s] -- Up-to-date symlink: /home/yhan/yhan_ROS2/yhan_ws/install/interface_example/share/interface_example/environment/library_path.sh
[30.037s] -- Up-to-date symlink: /home/yhan/yhan_ROS2/yhan_ws/install/interface_example/share/interface_example/environment/library_path.dsv
[30.039s] -- Symlinking: /home/yhan/yhan_ROS2/yhan_ws/install/interface_example/include/interface_example/interface_example/action/detail/fibonacci__rosidl_typesupport_fastrtps_c.h
[30.059s] -- Up-to-date symlink: /home/yhan/yhan_ROS2/yhan_ws/install/interface_example/include/interface_example/interface_example/msg/rosidl_typesupport_fastrtps_c__visibility_control.h
[30.059s] -- Up-to-date symlink: /home/yhan/yhan_ROS2/yhan_ws/install/interface_example/include/interface_example/interface_example/srv/detail/add_two_int__rosidl_typesupport_fastrtps_c.h
[30.059s] -- Symlinking: /home/yhan/yhan_ROS2/yhan_ws/install/interface_example/include/interface_example/interface_example/action/detail/fibonacci__rosidl_typesupport_introspection_c.h
[30.089s] -- Up-to-date symlink: /home/yhan/yhan_ROS2/yhan_ws/install/interface_example/include/interface_example/interface_example/msg/rosidl_typesupport_introspection_c__visibility_control.h
[30.089s] -- Up-to-date symlink: /home/yhan/yhan_ROS2/yhan_ws/install/interface_example/include/interface_example/interface_example/srv/detail/add_two_int__rosidl_typesupport_introspection_c.h
[30.089s] -- Symlinking: /home/yhan/yhan_ROS2/yhan_ws/install/interface_example/include/interface_example/interface_example/action/detail/fibonacci__builder.hpp
[30.111s] -- Symlinking: /home/yhan/yhan_ROS2/yhan_ws/install/interface_example/include/interface_example/interface_example/action/detail/fibonacci__struct.hpp
[30.147s] -- Symlinking: /home/yhan/yhan_ROS2/yhan_ws/install/interface_example/include/interface_example/interface_example/action/detail/fibonacci__traits.hpp
[30.169s] -- Symlinking: /home/yhan/yhan_ROS2/yhan_ws/install/interface_example/include/interface_example/interface_example/action/fibonacci.hpp
[30.204s] -- Up-to-date symlink: /home/yhan/yhan_ROS2/yhan_ws/install/interface_example/include/interface_example/interface_example/srv/add_two_int.hpp
[30.204s] -- Up-to-date symlink: /home/yhan/yhan_ROS2/yhan_ws/install/interface_example/include/interface_example/interface_example/srv/detail/add_two_int__builder.hpp
[30.204s] -- Up-to-date symlink: /home/yhan/yhan_ROS2/yhan_ws/install/interface_example/include/interface_example/interface_example/srv/detail/add_two_int__struct.hpp
[30.204s] -- Up-to-date symlink: /home/yhan/yhan_ROS2/yhan_ws/install/interface_example/include/interface_example/interface_example/srv/detail/add_two_int__traits.hpp
[30.204s] -- Symlinking: /home/yhan/yhan_ROS2/yhan_ws/install/interface_example/include/interface_example/interface_example/action/detail/fibonacci__rosidl_typesupport_fastrtps_cpp.hpp
[30.225s] -- Up-to-date symlink: /home/yhan/yhan_ROS2/yhan_ws/install/interface_example/include/interface_example/interface_example/msg/rosidl_typesupport_fastrtps_cpp__visibility_control.h
[30.225s] -- Up-to-date symlink: /home/yhan/yhan_ROS2/yhan_ws/install/interface_example/include/interface_example/interface_example/srv/detail/add_two_int__rosidl_typesupport_fastrtps_cpp.hpp
[30.225s] -- Symlinking: /home/yhan/yhan_ROS2/yhan_ws/install/interface_example/include/interface_example/interface_example/action/detail/fibonacci__rosidl_typesupport_introspection_cpp.hpp
[30.250s] -- Up-to-date symlink: /home/yhan/yhan_ROS2/yhan_ws/install/interface_example/include/interface_example/interface_example/srv/detail/add_two_int__rosidl_typesupport_introspection_cpp.hpp
[30.250s] -- Up-to-date symlink: /home/yhan/yhan_ROS2/yhan_ws/install/interface_example/share/interface_example/environment/pythonpath.sh
[30.251s] -- Up-to-date symlink: /home/yhan/yhan_ROS2/yhan_ws/install/interface_example/share/interface_example/environment/pythonpath.dsv
[30.251s] -- Up-to-date symlink: /home/yhan/yhan_ROS2/yhan_ws/install/interface_example/local/lib/python3.10/dist-packages/interface_example-0.0.0-py3.10.egg-info/PKG-INFO
[30.251s] -- Up-to-date symlink: /home/yhan/yhan_ROS2/yhan_ws/install/interface_example/local/lib/python3.10/dist-packages/interface_example-0.0.0-py3.10.egg-info/SOURCES.txt
[30.251s] -- Up-to-date symlink: /home/yhan/yhan_ROS2/yhan_ws/install/interface_example/local/lib/python3.10/dist-packages/interface_example-0.0.0-py3.10.egg-info/dependency_links.txt
[30.251s] -- Up-to-date symlink: /home/yhan/yhan_ROS2/yhan_ws/install/interface_example/local/lib/python3.10/dist-packages/interface_example-0.0.0-py3.10.egg-info/top_level.txt
[30.254s] -- Up-to-date symlink: /home/yhan/yhan_ROS2/yhan_ws/install/interface_example/local/lib/python3.10/dist-packages/interface_example/__init__.py
[30.254s] -- Up-to-date symlink: /home/yhan/yhan_ROS2/yhan_ws/install/interface_example/local/lib/python3.10/dist-packages/interface_example/_interface_example_s.ep.rosidl_typesupport_c.c
[30.254s] -- Up-to-date symlink: /home/yhan/yhan_ROS2/yhan_ws/install/interface_example/local/lib/python3.10/dist-packages/interface_example/_interface_example_s.ep.rosidl_typesupport_fastrtps_c.c
[30.254s] -- Up-to-date symlink: /home/yhan/yhan_ROS2/yhan_ws/install/interface_example/local/lib/python3.10/dist-packages/interface_example/_interface_example_s.ep.rosidl_typesupport_introspection_c.c
[30.255s] -- Symlinking: /home/yhan/yhan_ROS2/yhan_ws/install/interface_example/local/lib/python3.10/dist-packages/interface_example/action/__init__.py
[30.287s] -- Symlinking: /home/yhan/yhan_ROS2/yhan_ws/install/interface_example/local/lib/python3.10/dist-packages/interface_example/action/_fibonacci.py
[30.319s] -- Symlinking: /home/yhan/yhan_ROS2/yhan_ws/install/interface_example/local/lib/python3.10/dist-packages/interface_example/action/_fibonacci_s.c
[30.352s] -- Up-to-date symlink: /home/yhan/yhan_ROS2/yhan_ws/install/interface_example/local/lib/python3.10/dist-packages/interface_example/interface_example_s__rosidl_typesupport_c.cpython-310-x86_64-linux-gnu.so
[30.352s] -- Up-to-date symlink: /home/yhan/yhan_ROS2/yhan_ws/install/interface_example/local/lib/python3.10/dist-packages/interface_example/interface_example_s__rosidl_typesupport_fastrtps_c.cpython-310-x86_64-linux-gnu.so
[30.352s] -- Up-to-date symlink: /home/yhan/yhan_ROS2/yhan_ws/install/interface_example/local/lib/python3.10/dist-packages/interface_example/interface_example_s__rosidl_typesupport_introspection_c.cpython-310-x86_64-linux-gnu.so
[30.352s] -- Up-to-date symlink: /home/yhan/yhan_ROS2/yhan_ws/install/interface_example/local/lib/python3.10/dist-packages/interface_example/libinterface_example__rosidl_generator_py.so
[30.352s] -- Up-to-date symlink: /home/yhan/yhan_ROS2/yhan_ws/install/interface_example/local/lib/python3.10/dist-packages/interface_example/srv/__init__.py
[30.352s] -- Up-to-date symlink: /home/yhan/yhan_ROS2/yhan_ws/install/interface_example/local/lib/python3.10/dist-packages/interface_example/srv/_add_two_int.py
[30.352s] -- Up-to-date symlink: /home/yhan/yhan_ROS2/yhan_ws/install/interface_example/local/lib/python3.10/dist-packages/interface_example/srv/_add_two_int_s.c
[30.352s] -- Up-to-date symlink: /home/yhan/yhan_ROS2/yhan_ws/install/interface_example/local/lib/python3.10/dist-packages/interface_example/interface_example_s__rosidl_typesupport_fastrtps_c.cpython-310-x86_64-linux-gnu.so
[30.352s] -- Up-to-date symlink: /home/yhan/yhan_ROS2/yhan_ws/install/interface_example/local/lib/python3.10/dist-packages/interface_example/interface_example_s__rosidl_typesupport_introspection_c.cpython-310-x86_64-linux-gnu.so
[30.352s] -- Up-to-date symlink: /home/yhan/yhan_ROS2/yhan_ws/install/interface_example/local/lib/python3.10/dist-packages/interface_example/interface_example_s__rosidl_typesupport_c.cpython-310-x86_64-linux-gnu.so
[30.352s] -- Up-to-date symlink: /home/yhan/yhan_ROS2/yhan_ws/install/interface_example/share/interface_example/srv/AddTwoInt.idl
[30.353s] -- Symlinking: /home/yhan/yhan_ROS2/yhan_ws/install/interface_example/share/interface_example/action/Fibonacci.idl
[30.373s] -- Up-to-date symlink: /home/yhan/yhan_ROS2/yhan_ws/install/interface_example/share/interface_example/srv/AddTwoInt.srv
[30.373s] -- Up-to-date symlink: /home/yhan/yhan_ROS2/yhan_ws/install/interface_example/share/interface_example/srv/AddTwoInt_Request.msg
[30.373s] -- Up-to-date symlink: /home/yhan/yhan_ROS2/yhan_ws/install/interface_example/share/interface_example/srv/AddTwoInt_Response.msg
[30.374s] -- Symlinking: /home/yhan/yhan_ROS2/yhan_ws/install/interface_example/share/interface_example/action/Fibonacci.action
[30.384s] -- Up-to-date symlink: /home/yhan/yhan_ROS2/yhan_ws/install/interface_example/share/ament_index/resource_index/package_run_dependencies/interface_example
[30.384s] -- Up-to-date symlink: /home/yhan/yhan_ROS2/yhan_ws/install/interface_example/share/ament_index/resource_index/parent_prefix_path/interface_example
[30.385s] -- Up-to-date symlink: /home/yhan/yhan_ROS2/yhan_ws/install/interface_example/share/interface_example/environment/ament_prefix_path.sh
[30.385s] -- Up-to-date symlink: /home/yhan/yhan_ROS2/yhan_ws/install/interface_example/share/interface_example/environment/ament_prefix_path.dsv
[30.385s] -- Up-to-date symlink: /home/yhan/yhan_ROS2/yhan_ws/install/interface_example/share/interface_example/environment/path.sh
[30.385s] -- Up-to-date symlink: /home/yhan/yhan_ROS2/yhan_ws/install/interface_example/share/interface_example/environment/path.dsv
[30.385s] -- Up-to-date symlink: /home/yhan/yhan_ROS2/yhan_ws/install/interface_example/share/interface_example/local_setup.bash
[30.386s] -- Up-to-date symlink: /home/yhan/yhan_ROS2/yhan_ws/install/interface_example/share/interface_example/local_setup.sh
[30.386s] -- Up-to-date symlink: /home/yhan/yhan_ROS2/yhan_ws/install/interface_example/share/interface_example/local_setup.zsh
[30.386s] -- Up-to-date symlink: /home/yhan/yhan_ROS2/yhan_ws/install/interface_example/share/interface_example/local_setup.dsv
[30.386s] -- Symlinking: /home/yhan/yhan_ROS2/yhan_ws/install/interface_example/share/interface_example/package.dsv
[30.419s] -- Up-to-date symlink: /home/yhan/yhan_ROS2/yhan_ws/install/interface_example/share/ament_index/resource_index/packages/interface_example
[30.420s] -- Up-to-date symlink: /home/yhan/yhan_ROS2/yhan_ws/install/interface_example/share/interface_example/cmake/rosidl_cmake-extras.cmake
[30.420s] -- Up-to-date symlink: /home/yhan/yhan_ROS2/yhan_ws/install/interface_example/share/interface_example/cmake/ament_cmake_export_dependencies-extras.cmake
[30.420s] -- Up-to-date symlink: /home/yhan/yhan_ROS2/yhan_ws/install/interface_example/share/interface_example/cmake/ament_cmake_export_include_directories-extras.cmake
[30.421s] -- Up-to-date symlink: /home/yhan/yhan_ROS2/yhan_ws/install/interface_example/share/interface_example/cmake/ament_cmake_export_libraries-extras.cmake
[30.421s] -- Up-to-date symlink: /home/yhan/yhan_ROS2/yhan_ws/install/interface_example/share/interface_example/cmake/ament_cmake_export_targets-extras.cmake
[30.431s] -- Up-to-date symlink: /home/yhan/yhan_ROS2/yhan_ws/install/interface_example/share/interface_example/cmake/rosidl_cmake_export_typesupport_targets-extras.cmake
[30.431s] -- Up-to-date symlink: /home/yhan/yhan_ROS2/yhan_ws/install/interface_example/share/interface_example/cmake/rosidl_cmake_export_typesupport_libraries-extras.cmake
[30.432s] -- Up-to-date symlink: /home/yhan/yhan_ROS2/yhan_ws/install/interface_example/share/interface_example/cmake/interface_exampleConfig.cmake
[30.433s] -- Up-to-date symlink: /home/yhan/yhan_ROS2/yhan_ws/install/interface_example/share/interface_example/cmake/interface_exampleConfig-version.cmake
[30.433s] -- Up-to-date symlink: /home/yhan/yhan_ROS2/yhan_ws/install/interface_example/share/interface_example/package.xml
[30.441s] -- Installing: /home/yhan/yhan_ROS2/yhan_ws/install/interface_example/lib/libinterface_example__rosidl_generator_c.so
[30.442s] -- Set runtime path of "/home/yhan/yhan_ROS2/yhan_ws/install/interface_example/lib/libinterface_example__rosidl_generator_c.so" to ""
[30.444s] -- Installing: /home/yhan/yhan_ROS2/yhan_ws/install/interface_example/lib/libinterface_example__rosidl_typesupport_fastrtps_c.so
[30.445s] -- Set runtime path of "/home/yhan/yhan_ROS2/yhan_ws/install/interface_example/lib/libinterface_example__rosidl_typesupport_fastrtps_c.so" to ""
[30.449s] -- Installing: /home/yhan/yhan_ROS2/yhan_ws/install/interface_example/lib/libinterface_example__rosidl_typesupport_introspection_c.so
[30.450s] -- Set runtime path of "/home/yhan/yhan_ROS2/yhan_ws/install/interface_example/lib/libinterface_example__rosidl_typesupport_introspection_c.so" to ""
[30.455s] -- Installing: /home/yhan/yhan_ROS2/yhan_ws/install/interface_example/lib/libinterface_example__rosidl_typesupport_c.so
[30.455s] -- Set runtime path of "/home/yhan/yhan_ROS2/yhan_ws/install/interface_example/lib/libinterface_example__rosidl_typesupport_c.so" to ""
[30.457s] -- Installing: /home/yhan/yhan_ROS2/yhan_ws/install/interface_example/lib/libinterface_example__rosidl_typesupport_fastrtps_cpp.so
[30.458s] -- Set runtime path of "/home/yhan/yhan_ROS2/yhan_ws/install/interface_example/lib/libinterface_example__rosidl_typesupport_fastrtps_cpp.so" to ""
[30.459s] -- Installing: /home/yhan/yhan_ROS2/yhan_ws/install/interface_example/lib/libinterface_example__rosidl_typesupport_introspection_cpp.so
[30.460s] -- Set runtime path of "/home/yhan/yhan_ROS2/yhan_ws/install/interface_example/lib/libinterface_example__rosidl_typesupport_introspection_cpp.so" to ""
[30.464s] -- Installing: /home/yhan/yhan_ROS2/yhan_ws/install/interface_example/lib/libinterface_example__rosidl_typesupport_cpp.so
[30.465s] -- Set runtime path of "/home/yhan/yhan_ROS2/yhan_ws/install/interface_example/lib/libinterface_example__rosidl_typesupport_cpp.so" to ""
[30.561s] Listing '/home/yhan/yhan_ROS2/yhan_ws/install/interface_example/local/lib/python3.10/dist-packages/interface_example'...
[30.561s] Compiling '/home/yhan/yhan_ROS2/yhan_ws/install/interface_example/local/lib/python3.10/dist-packages/interface_example/__init__.py'...
[30.561s] Listing '/home/yhan/yhan_ROS2/yhan_ws/install/interface_example/local/lib/python3.10/dist-packages/interface_example/action'...
[30.561s] Compiling '/home/yhan/yhan_ROS2/yhan_ws/install/interface_example/local/lib/python3.10/dist-packages/interface_example/action/__init__.py'...
[30.561s] Compiling '/home/yhan/yhan_ROS2/yhan_ws/install/interface_example/local/lib/python3.10/dist-packages/interface_example/action/_fibonacci.py'...
[30.561s] Listing '/home/yhan/yhan_ROS2/yhan_ws/install/interface_example/local/lib/python3.10/dist-packages/interface_example/srv'...
[30.561s] Compiling '/home/yhan/yhan_ROS2/yhan_ws/install/interface_example/local/lib/python3.10/dist-packages/interface_example/srv/__init__.py'...
[30.561s] Compiling '/home/yhan/yhan_ROS2/yhan_ws/install/interface_example/local/lib/python3.10/dist-packages/interface_example/srv/_add_two_int.py'...
[30.578s] -- Installing: /home/yhan/yhan_ROS2/yhan_ws/install/interface_example/lib/libinterface_example__rosidl_generator_py.so
[30.578s] -- Set runtime path of "/home/yhan/yhan_ROS2/yhan_ws/install/interface_example/lib/libinterface_example__rosidl_generator_py.so" to ""
[30.578s] -- Old export file "/home/yhan/yhan_ROS2/yhan_ws/install/interface_example/share/interface_example/cmake/export_interface_example__rosidl_generator_cExport.cmake" will be replaced.  Removing files [/home/yhan/yhan_ROS2/yhan_ws/install/interface_example/share/interface_example/cmake/export_interface_example__rosidl_generator_cExport-noconfig.cmake].
[30.578s] -- Installing: /home/yhan/yhan_ROS2/yhan_ws/install/interface_example/share/interface_example/cmake/export_interface_example__rosidl_generator_cExport.cmake
[30.578s] -- Installing: /home/yhan/yhan_ROS2/yhan_ws/install/interface_example/share/interface_example/cmake/export_interface_example__rosidl_generator_cExport-noconfig.cmake
[30.578s] -- Old export file "/home/yhan/yhan_ROS2/yhan_ws/install/interface_example/share/interface_example/cmake/export_interface_example__rosidl_typesupport_fastrtps_cExport.cmake" will be replaced.  Removing files [/home/yhan/yhan_ROS2/yhan_ws/install/interface_example/share/interface_example/cmake/export_interface_example__rosidl_typesupport_fastrtps_cExport-noconfig.cmake].
[30.578s] -- Installing: /home/yhan/yhan_ROS2/yhan_ws/install/interface_example/share/interface_example/cmake/export_interface_example__rosidl_typesupport_fastrtps_cExport.cmake
[30.578s] -- Installing: /home/yhan/yhan_ROS2/yhan_ws/install/interface_example/share/interface_example/cmake/export_interface_example__rosidl_typesupport_fastrtps_cExport-noconfig.cmake
[30.578s] -- Old export file "/home/yhan/yhan_ROS2/yhan_ws/install/interface_example/share/interface_example/cmake/interface_example__rosidl_typesupport_introspection_cExport.cmake" will be replaced.  Removing files [/home/yhan/yhan_ROS2/yhan_ws/install/interface_example/share/interface_example/cmake/interface_example__rosidl_typesupport_introspection_cExport-noconfig.cmake].
[30.578s] -- Installing: /home/yhan/yhan_ROS2/yhan_ws/install/interface_example/share/interface_example/cmake/interface_example__rosidl_typesupport_introspection_cExport.cmake
[30.578s] -- Installing: /home/yhan/yhan_ROS2/yhan_ws/install/interface_example/share/interface_example/cmake/interface_example__rosidl_typesupport_introspection_cExport-noconfig.cmake
[30.578s] -- Old export file "/home/yhan/yhan_ROS2/yhan_ws/install/interface_example/share/interface_example/cmake/interface_example__rosidl_typesupport_cExport.cmake" will be replaced.  Removing files [/home/yhan/yhan_ROS2/yhan_ws/install/interface_example/share/interface_example/cmake/interface_example__rosidl_typesupport_cExport-noconfig.cmake].
[30.578s] -- Installing: /home/yhan/yhan_ROS2/yhan_ws/install/interface_example/share/interface_example/cmake/interface_example__rosidl_typesupport_cExport.cmake
[30.578s] -- Installing: /home/yhan/yhan_ROS2/yhan_ws/install/interface_example/share/interface_example/cmake/interface_example__rosidl_typesupport_cExport-noconfig.cmake
[30.578s] -- Installing: /home/yhan/yhan_ROS2/yhan_ws/install/interface_example/share/interface_example/cmake/export_interface_example__rosidl_generator_cppExport.cmake
[30.578s] -- Old export file "/home/yhan/yhan_ROS2/yhan_ws/install/interface_example/share/interface_example/cmake/export_interface_example__rosidl_typesupport_fastrtps_cppExport.cmake" will be replaced.  Removing files [/home/yhan/yhan_ROS2/yhan_ws/install/interface_example/share/interface_example/cmake/export_interface_example__rosidl_typesupport_fastrtps_cppExport-noconfig.cmake].
[30.578s] -- Installing: /home/yhan/yhan_ROS2/yhan_ws/install/interface_example/share/interface_example/cmake/export_interface_example__rosidl_typesupport_fastrtps_cppExport.cmake
[30.579s] -- Installing: /home/yhan/yhan_ROS2/yhan_ws/install/interface_example/share/interface_example/cmake/export_interface_example__rosidl_typesupport_fastrtps_cppExport-noconfig.cmake
[30.579s] -- Old export file "/home/yhan/yhan_ROS2/yhan_ws/install/interface_example/share/interface_example/cmake/interface_example__rosidl_typesupport_introspection_cppExport.cmake" will be replaced.  Removing files [/home/yhan/yhan_ROS2/yhan_ws/install/interface_example/share/interface_example/cmake/interface_example__rosidl_typesupport_introspection_cppExport-noconfig.cmake].
[30.579s] -- Installing: /home/yhan/yhan_ROS2/yhan_ws/install/interface_example/share/interface_example/cmake/interface_example__rosidl_typesupport_introspection_cppExport.cmake
[30.579s] -- Installing: /home/yhan/yhan_ROS2/yhan_ws/install/interface_example/share/interface_example/cmake/interface_example__rosidl_typesupport_introspection_cppExport-noconfig.cmake
[30.579s] -- Old export file "/home/yhan/yhan_ROS2/yhan_ws/install/interface_example/share/interface_example/cmake/interface_example__rosidl_typesupport_cppExport.cmake" will be replaced.  Removing files [/home/yhan/yhan_ROS2/yhan_ws/install/interface_example/share/interface_example/cmake/interface_example__rosidl_typesupport_cppExport-noconfig.cmake].
[30.579s] -- Installing: /home/yhan/yhan_ROS2/yhan_ws/install/interface_example/share/interface_example/cmake/interface_example__rosidl_typesupport_cppExport.cmake
[30.579s] -- Installing: /home/yhan/yhan_ROS2/yhan_ws/install/interface_example/share/interface_example/cmake/interface_example__rosidl_typesupport_cppExport-noconfig.cmake
[30.579s] -- Old export file "/home/yhan/yhan_ROS2/yhan_ws/install/interface_example/share/interface_example/cmake/export_interface_example__rosidl_generator_pyExport.cmake" will be replaced.  Removing files [/home/yhan/yhan_ROS2/yhan_ws/install/interface_example/share/interface_example/cmake/export_interface_example__rosidl_generator_pyExport-noconfig.cmake].
[30.579s] -- Installing: /home/yhan/yhan_ROS2/yhan_ws/install/interface_example/share/interface_example/cmake/export_interface_example__rosidl_generator_pyExport.cmake
[30.579s] -- Installing: /home/yhan/yhan_ROS2/yhan_ws/install/interface_example/share/interface_example/cmake/export_interface_example__rosidl_generator_pyExport-noconfig.cmake
[30.591s] Invoked command in '/home/yhan/yhan_ROS2/yhan_ws/build/interface_example' returned '0': CMAKE_PREFIX_PATH=${CMAKE_PREFIX_PATH}:/opt/ros/humble /usr/bin/cmake --install /home/yhan/yhan_ROS2/yhan_ws/build/interface_example
