[0.139s] DEBUG:colcon:Command line arguments: ['/usr/bin/colcon', 'build', '--symlink-install']
[0.139s] DEBUG:colcon:Parsed command line arguments: Namespace(log_base=None, log_level=None, verb_name='build', build_base='build', install_base='install', merge_install=False, symlink_install=True, test_result_base=None, continue_on_error=False, executor='parallel', parallel_workers=2, event_handlers=None, ignore_user_meta=False, metas=['./colcon.meta'], base_paths=['.'], packages_ignore=None, packages_ignore_regex=None, paths=None, packages_up_to=None, packages_up_to_regex=None, packages_above=None, packages_above_and_dependencies=None, packages_above_depth=None, packages_select_by_dep=None, packages_skip_by_dep=None, packages_skip_up_to=None, packages_select_build_failed=False, packages_skip_build_finished=False, packages_select_test_failures=False, packages_skip_test_passed=False, packages_select=None, packages_skip=None, packages_select_regex=None, packages_skip_regex=None, packages_start=None, packages_end=None, allow_overriding=[], cmake_args=None, cmake_target=None, cmake_target_skip_unavailable=False, cmake_clean_cache=False, cmake_clean_first=False, cmake_force_configure=False, ament_cmake_args=None, catkin_cmake_args=None, catkin_skip_building_tests=False, mixin_files=None, mixin=None, verb_parser=<colcon_mixin.mixin.mixin_argument.MixinArgumentDecorator object at 0x70b8c6dfa920>, verb_extension=<colcon_core.verb.build.BuildVerb object at 0x70b8c6ef2e90>, main=<bound method BuildVerb.main of <colcon_core.verb.build.BuildVerb object at 0x70b8c6ef2e90>>, mixin_verb=('build',))
[0.346s] Level 1:colcon.colcon_core.package_discovery:discover_packages(colcon_meta) check parameters
[0.346s] Level 1:colcon.colcon_core.package_discovery:discover_packages(recursive) check parameters
[0.346s] Level 1:colcon.colcon_core.package_discovery:discover_packages(ignore) check parameters
[0.346s] Level 1:colcon.colcon_core.package_discovery:discover_packages(path) check parameters
[0.346s] Level 1:colcon.colcon_core.package_discovery:discover_packages(colcon_meta) discover
[0.346s] Level 1:colcon.colcon_core.package_discovery:discover_packages(recursive) discover
[0.346s] INFO:colcon.colcon_core.package_discovery:Crawling recursively for packages in '/home/yhan/yhan_ROS2/yhan_ws/src'
[0.346s] Level 1:colcon.colcon_core.package_identification:_identify(.) by extensions ['ignore', 'ignore_ament_install']
[0.347s] Level 1:colcon.colcon_core.package_identification:_identify(.) by extension 'ignore'
[0.347s] Level 1:colcon.colcon_core.package_identification:_identify(.) by extension 'ignore_ament_install'
[0.347s] Level 1:colcon.colcon_core.package_identification:_identify(.) by extensions ['colcon_pkg']
[0.347s] Level 1:colcon.colcon_core.package_identification:_identify(.) by extension 'colcon_pkg'
[0.347s] Level 1:colcon.colcon_core.package_identification:_identify(.) by extensions ['colcon_meta']
[0.347s] Level 1:colcon.colcon_core.package_identification:_identify(.) by extension 'colcon_meta'
[0.347s] Level 1:colcon.colcon_core.package_identification:_identify(.) by extensions ['ros']
[0.347s] Level 1:colcon.colcon_core.package_identification:_identify(.) by extension 'ros'
[0.355s] Level 1:colcon.colcon_core.package_identification:_identify(.) by extensions ['cmake', 'python']
[0.355s] Level 1:colcon.colcon_core.package_identification:_identify(.) by extension 'cmake'
[0.355s] Level 1:colcon.colcon_core.package_identification:_identify(.) by extension 'python'
[0.355s] Level 1:colcon.colcon_core.package_identification:_identify(.) by extensions ['python_setup_py']
[0.355s] Level 1:colcon.colcon_core.package_identification:_identify(.) by extension 'python_setup_py'
[0.355s] Level 1:colcon.colcon_core.package_identification:_identify(build) by extensions ['ignore', 'ignore_ament_install']
[0.356s] Level 1:colcon.colcon_core.package_identification:_identify(build) by extension 'ignore'
[0.356s] Level 1:colcon.colcon_core.package_identification:_identify(build) ignored
[0.356s] Level 1:colcon.colcon_core.package_identification:_identify(install) by extensions ['ignore', 'ignore_ament_install']
[0.356s] Level 1:colcon.colcon_core.package_identification:_identify(install) by extension 'ignore'
[0.356s] Level 1:colcon.colcon_core.package_identification:_identify(install) ignored
[0.356s] Level 1:colcon.colcon_core.package_identification:_identify(log) by extensions ['ignore', 'ignore_ament_install']
[0.356s] Level 1:colcon.colcon_core.package_identification:_identify(log) by extension 'ignore'
[0.356s] Level 1:colcon.colcon_core.package_identification:_identify(log) ignored
[0.356s] Level 1:colcon.colcon_core.package_identification:_identify(simple_pkg_cpp) by extensions ['ignore', 'ignore_ament_install']
[0.356s] Level 1:colcon.colcon_core.package_identification:_identify(simple_pkg_cpp) by extension 'ignore'
[0.356s] Level 1:colcon.colcon_core.package_identification:_identify(simple_pkg_cpp) by extension 'ignore_ament_install'
[0.356s] Level 1:colcon.colcon_core.package_identification:_identify(simple_pkg_cpp) by extensions ['colcon_pkg']
[0.356s] Level 1:colcon.colcon_core.package_identification:_identify(simple_pkg_cpp) by extension 'colcon_pkg'
[0.356s] Level 1:colcon.colcon_core.package_identification:_identify(simple_pkg_cpp) by extensions ['colcon_meta']
[0.356s] Level 1:colcon.colcon_core.package_identification:_identify(simple_pkg_cpp) by extension 'colcon_meta'
[0.356s] Level 1:colcon.colcon_core.package_identification:_identify(simple_pkg_cpp) by extensions ['ros']
[0.357s] Level 1:colcon.colcon_core.package_identification:_identify(simple_pkg_cpp) by extension 'ros'
[0.358s] DEBUG:colcon.colcon_core.package_identification:Package 'simple_pkg_cpp' with type 'ros.ament_cmake' and name 'simple_pkg_cpp'
[0.359s] Level 1:colcon.colcon_core.package_identification:_identify(topic_final) by extensions ['ignore', 'ignore_ament_install']
[0.359s] Level 1:colcon.colcon_core.package_identification:_identify(topic_final) by extension 'ignore'
[0.359s] Level 1:colcon.colcon_core.package_identification:_identify(topic_final) by extension 'ignore_ament_install'
[0.359s] Level 1:colcon.colcon_core.package_identification:_identify(topic_final) by extensions ['colcon_pkg']
[0.359s] Level 1:colcon.colcon_core.package_identification:_identify(topic_final) by extension 'colcon_pkg'
[0.359s] Level 1:colcon.colcon_core.package_identification:_identify(topic_final) by extensions ['colcon_meta']
[0.359s] Level 1:colcon.colcon_core.package_identification:_identify(topic_final) by extension 'colcon_meta'
[0.359s] Level 1:colcon.colcon_core.package_identification:_identify(topic_final) by extensions ['ros']
[0.359s] Level 1:colcon.colcon_core.package_identification:_identify(topic_final) by extension 'ros'
[0.360s] DEBUG:colcon.colcon_core.package_identification:Package 'topic_final' with type 'ros.ament_cmake' and name 'topic_final'
[0.360s] Level 1:colcon.colcon_core.package_identification:_identify(turtlebot3_simulations) by extensions ['ignore', 'ignore_ament_install']
[0.360s] Level 1:colcon.colcon_core.package_identification:_identify(turtlebot3_simulations) by extension 'ignore'
[0.360s] Level 1:colcon.colcon_core.package_identification:_identify(turtlebot3_simulations) by extension 'ignore_ament_install'
[0.360s] Level 1:colcon.colcon_core.package_identification:_identify(turtlebot3_simulations) by extensions ['colcon_pkg']
[0.360s] Level 1:colcon.colcon_core.package_identification:_identify(turtlebot3_simulations) by extension 'colcon_pkg'
[0.360s] Level 1:colcon.colcon_core.package_identification:_identify(turtlebot3_simulations) by extensions ['colcon_meta']
[0.360s] Level 1:colcon.colcon_core.package_identification:_identify(turtlebot3_simulations) by extension 'colcon_meta'
[0.360s] Level 1:colcon.colcon_core.package_identification:_identify(turtlebot3_simulations) by extensions ['ros']
[0.360s] Level 1:colcon.colcon_core.package_identification:_identify(turtlebot3_simulations) by extension 'ros'
[0.360s] Level 1:colcon.colcon_core.package_identification:_identify(turtlebot3_simulations) by extensions ['cmake', 'python']
[0.360s] Level 1:colcon.colcon_core.package_identification:_identify(turtlebot3_simulations) by extension 'cmake'
[0.360s] Level 1:colcon.colcon_core.package_identification:_identify(turtlebot3_simulations) by extension 'python'
[0.360s] Level 1:colcon.colcon_core.package_identification:_identify(turtlebot3_simulations) by extensions ['python_setup_py']
[0.360s] Level 1:colcon.colcon_core.package_identification:_identify(turtlebot3_simulations) by extension 'python_setup_py'
[0.360s] Level 1:colcon.colcon_core.package_identification:_identify(turtlebot3_simulations/turtlebot3_fake_node) by extensions ['ignore', 'ignore_ament_install']
[0.361s] Level 1:colcon.colcon_core.package_identification:_identify(turtlebot3_simulations/turtlebot3_fake_node) by extension 'ignore'
[0.361s] Level 1:colcon.colcon_core.package_identification:_identify(turtlebot3_simulations/turtlebot3_fake_node) by extension 'ignore_ament_install'
[0.361s] Level 1:colcon.colcon_core.package_identification:_identify(turtlebot3_simulations/turtlebot3_fake_node) by extensions ['colcon_pkg']
[0.361s] Level 1:colcon.colcon_core.package_identification:_identify(turtlebot3_simulations/turtlebot3_fake_node) by extension 'colcon_pkg'
[0.361s] Level 1:colcon.colcon_core.package_identification:_identify(turtlebot3_simulations/turtlebot3_fake_node) by extensions ['colcon_meta']
[0.361s] Level 1:colcon.colcon_core.package_identification:_identify(turtlebot3_simulations/turtlebot3_fake_node) by extension 'colcon_meta'
[0.361s] Level 1:colcon.colcon_core.package_identification:_identify(turtlebot3_simulations/turtlebot3_fake_node) by extensions ['ros']
[0.361s] Level 1:colcon.colcon_core.package_identification:_identify(turtlebot3_simulations/turtlebot3_fake_node) by extension 'ros'
[0.362s] DEBUG:colcon.colcon_core.package_identification:Package 'turtlebot3_simulations/turtlebot3_fake_node' with type 'ros.ament_cmake' and name 'turtlebot3_fake_node'
[0.362s] Level 1:colcon.colcon_core.package_identification:_identify(turtlebot3_simulations/turtlebot3_gazebo) by extensions ['ignore', 'ignore_ament_install']
[0.362s] Level 1:colcon.colcon_core.package_identification:_identify(turtlebot3_simulations/turtlebot3_gazebo) by extension 'ignore'
[0.362s] Level 1:colcon.colcon_core.package_identification:_identify(turtlebot3_simulations/turtlebot3_gazebo) by extension 'ignore_ament_install'
[0.363s] Level 1:colcon.colcon_core.package_identification:_identify(turtlebot3_simulations/turtlebot3_gazebo) by extensions ['colcon_pkg']
[0.363s] Level 1:colcon.colcon_core.package_identification:_identify(turtlebot3_simulations/turtlebot3_gazebo) by extension 'colcon_pkg'
[0.363s] Level 1:colcon.colcon_core.package_identification:_identify(turtlebot3_simulations/turtlebot3_gazebo) by extensions ['colcon_meta']
[0.363s] Level 1:colcon.colcon_core.package_identification:_identify(turtlebot3_simulations/turtlebot3_gazebo) by extension 'colcon_meta'
[0.363s] Level 1:colcon.colcon_core.package_identification:_identify(turtlebot3_simulations/turtlebot3_gazebo) by extensions ['ros']
[0.363s] Level 1:colcon.colcon_core.package_identification:_identify(turtlebot3_simulations/turtlebot3_gazebo) by extension 'ros'
[0.364s] DEBUG:colcon.colcon_core.package_identification:Package 'turtlebot3_simulations/turtlebot3_gazebo' with type 'ros.ament_cmake' and name 'turtlebot3_gazebo'
[0.364s] Level 1:colcon.colcon_core.package_identification:_identify(turtlebot3_simulations/turtlebot3_simulations) by extensions ['ignore', 'ignore_ament_install']
[0.364s] Level 1:colcon.colcon_core.package_identification:_identify(turtlebot3_simulations/turtlebot3_simulations) by extension 'ignore'
[0.364s] Level 1:colcon.colcon_core.package_identification:_identify(turtlebot3_simulations/turtlebot3_simulations) by extension 'ignore_ament_install'
[0.364s] Level 1:colcon.colcon_core.package_identification:_identify(turtlebot3_simulations/turtlebot3_simulations) by extensions ['colcon_pkg']
[0.364s] Level 1:colcon.colcon_core.package_identification:_identify(turtlebot3_simulations/turtlebot3_simulations) by extension 'colcon_pkg'
[0.364s] Level 1:colcon.colcon_core.package_identification:_identify(turtlebot3_simulations/turtlebot3_simulations) by extensions ['colcon_meta']
[0.364s] Level 1:colcon.colcon_core.package_identification:_identify(turtlebot3_simulations/turtlebot3_simulations) by extension 'colcon_meta'
[0.364s] Level 1:colcon.colcon_core.package_identification:_identify(turtlebot3_simulations/turtlebot3_simulations) by extensions ['ros']
[0.364s] Level 1:colcon.colcon_core.package_identification:_identify(turtlebot3_simulations/turtlebot3_simulations) by extension 'ros'
[0.365s] DEBUG:colcon.colcon_core.package_identification:Package 'turtlebot3_simulations/turtlebot3_simulations' with type 'ros.ament_cmake' and name 'turtlebot3_simulations'
[0.365s] Level 1:colcon.colcon_core.package_discovery:discover_packages(recursive) using defaults
[0.365s] Level 1:colcon.colcon_core.package_discovery:discover_packages(ignore) discover
[0.365s] Level 1:colcon.colcon_core.package_discovery:discover_packages(ignore) using defaults
[0.365s] Level 1:colcon.colcon_core.package_discovery:discover_packages(path) discover
[0.365s] Level 1:colcon.colcon_core.package_discovery:discover_packages(path) using defaults
[0.395s] Level 1:colcon.colcon_core.package_discovery:discover_packages(prefix_path) check parameters
[0.395s] Level 1:colcon.colcon_core.package_discovery:discover_packages(prefix_path) discover
[0.398s] DEBUG:colcon.colcon_installed_package_information.package_discovery:Found 1 installed packages in /home/yhan/yhan_ROS2/yhan_ws/install
[0.399s] DEBUG:colcon.colcon_installed_package_information.package_discovery:Found 373 installed packages in /opt/ros/humble
[0.400s] Level 1:colcon.colcon_core.package_discovery:discover_packages(prefix_path) using defaults
[0.440s] Level 5:colcon.colcon_core.verb:set package 'simple_pkg_cpp' build argument 'cmake_args' from command line to 'None'
[0.440s] Level 5:colcon.colcon_core.verb:set package 'simple_pkg_cpp' build argument 'cmake_target' from command line to 'None'
[0.440s] Level 5:colcon.colcon_core.verb:set package 'simple_pkg_cpp' build argument 'cmake_target_skip_unavailable' from command line to 'False'
[0.440s] Level 5:colcon.colcon_core.verb:set package 'simple_pkg_cpp' build argument 'cmake_clean_cache' from command line to 'False'
[0.440s] Level 5:colcon.colcon_core.verb:set package 'simple_pkg_cpp' build argument 'cmake_clean_first' from command line to 'False'
[0.440s] Level 5:colcon.colcon_core.verb:set package 'simple_pkg_cpp' build argument 'cmake_force_configure' from command line to 'False'
[0.440s] Level 5:colcon.colcon_core.verb:set package 'simple_pkg_cpp' build argument 'ament_cmake_args' from command line to 'None'
[0.440s] Level 5:colcon.colcon_core.verb:set package 'simple_pkg_cpp' build argument 'catkin_cmake_args' from command line to 'None'
[0.440s] Level 5:colcon.colcon_core.verb:set package 'simple_pkg_cpp' build argument 'catkin_skip_building_tests' from command line to 'False'
[0.440s] DEBUG:colcon.colcon_core.verb:Building package 'simple_pkg_cpp' with the following arguments: {'ament_cmake_args': None, 'build_base': '/home/yhan/yhan_ROS2/yhan_ws/src/build/simple_pkg_cpp', 'catkin_cmake_args': None, 'catkin_skip_building_tests': False, 'cmake_args': None, 'cmake_clean_cache': False, 'cmake_clean_first': False, 'cmake_force_configure': False, 'cmake_target': None, 'cmake_target_skip_unavailable': False, 'install_base': '/home/yhan/yhan_ROS2/yhan_ws/src/install/simple_pkg_cpp', 'merge_install': False, 'path': '/home/yhan/yhan_ROS2/yhan_ws/src/simple_pkg_cpp', 'symlink_install': True, 'test_result_base': None}
[0.441s] Level 5:colcon.colcon_core.verb:set package 'topic_final' build argument 'cmake_args' from command line to 'None'
[0.441s] Level 5:colcon.colcon_core.verb:set package 'topic_final' build argument 'cmake_target' from command line to 'None'
[0.441s] Level 5:colcon.colcon_core.verb:set package 'topic_final' build argument 'cmake_target_skip_unavailable' from command line to 'False'
[0.441s] Level 5:colcon.colcon_core.verb:set package 'topic_final' build argument 'cmake_clean_cache' from command line to 'False'
[0.441s] Level 5:colcon.colcon_core.verb:set package 'topic_final' build argument 'cmake_clean_first' from command line to 'False'
[0.441s] Level 5:colcon.colcon_core.verb:set package 'topic_final' build argument 'cmake_force_configure' from command line to 'False'
[0.441s] Level 5:colcon.colcon_core.verb:set package 'topic_final' build argument 'ament_cmake_args' from command line to 'None'
[0.441s] Level 5:colcon.colcon_core.verb:set package 'topic_final' build argument 'catkin_cmake_args' from command line to 'None'
[0.441s] Level 5:colcon.colcon_core.verb:set package 'topic_final' build argument 'catkin_skip_building_tests' from command line to 'False'
[0.441s] DEBUG:colcon.colcon_core.verb:Building package 'topic_final' with the following arguments: {'ament_cmake_args': None, 'build_base': '/home/yhan/yhan_ROS2/yhan_ws/src/build/topic_final', 'catkin_cmake_args': None, 'catkin_skip_building_tests': False, 'cmake_args': None, 'cmake_clean_cache': False, 'cmake_clean_first': False, 'cmake_force_configure': False, 'cmake_target': None, 'cmake_target_skip_unavailable': False, 'install_base': '/home/yhan/yhan_ROS2/yhan_ws/src/install/topic_final', 'merge_install': False, 'path': '/home/yhan/yhan_ROS2/yhan_ws/src/topic_final', 'symlink_install': True, 'test_result_base': None}
[0.441s] Level 5:colcon.colcon_core.verb:set package 'turtlebot3_fake_node' build argument 'cmake_args' from command line to 'None'
[0.441s] Level 5:colcon.colcon_core.verb:set package 'turtlebot3_fake_node' build argument 'cmake_target' from command line to 'None'
[0.441s] Level 5:colcon.colcon_core.verb:set package 'turtlebot3_fake_node' build argument 'cmake_target_skip_unavailable' from command line to 'False'
[0.441s] Level 5:colcon.colcon_core.verb:set package 'turtlebot3_fake_node' build argument 'cmake_clean_cache' from command line to 'False'
[0.441s] Level 5:colcon.colcon_core.verb:set package 'turtlebot3_fake_node' build argument 'cmake_clean_first' from command line to 'False'
[0.441s] Level 5:colcon.colcon_core.verb:set package 'turtlebot3_fake_node' build argument 'cmake_force_configure' from command line to 'False'
[0.441s] Level 5:colcon.colcon_core.verb:set package 'turtlebot3_fake_node' build argument 'ament_cmake_args' from command line to 'None'
[0.441s] Level 5:colcon.colcon_core.verb:set package 'turtlebot3_fake_node' build argument 'catkin_cmake_args' from command line to 'None'
[0.441s] Level 5:colcon.colcon_core.verb:set package 'turtlebot3_fake_node' build argument 'catkin_skip_building_tests' from command line to 'False'
[0.441s] DEBUG:colcon.colcon_core.verb:Building package 'turtlebot3_fake_node' with the following arguments: {'ament_cmake_args': None, 'build_base': '/home/yhan/yhan_ROS2/yhan_ws/src/build/turtlebot3_fake_node', 'catkin_cmake_args': None, 'catkin_skip_building_tests': False, 'cmake_args': None, 'cmake_clean_cache': False, 'cmake_clean_first': False, 'cmake_force_configure': False, 'cmake_target': None, 'cmake_target_skip_unavailable': False, 'install_base': '/home/yhan/yhan_ROS2/yhan_ws/src/install/turtlebot3_fake_node', 'merge_install': False, 'path': '/home/yhan/yhan_ROS2/yhan_ws/src/turtlebot3_simulations/turtlebot3_fake_node', 'symlink_install': True, 'test_result_base': None}
[0.442s] Level 5:colcon.colcon_core.verb:set package 'turtlebot3_gazebo' build argument 'cmake_args' from command line to 'None'
[0.442s] Level 5:colcon.colcon_core.verb:set package 'turtlebot3_gazebo' build argument 'cmake_target' from command line to 'None'
[0.442s] Level 5:colcon.colcon_core.verb:set package 'turtlebot3_gazebo' build argument 'cmake_target_skip_unavailable' from command line to 'False'
[0.442s] Level 5:colcon.colcon_core.verb:set package 'turtlebot3_gazebo' build argument 'cmake_clean_cache' from command line to 'False'
[0.442s] Level 5:colcon.colcon_core.verb:set package 'turtlebot3_gazebo' build argument 'cmake_clean_first' from command line to 'False'
[0.442s] Level 5:colcon.colcon_core.verb:set package 'turtlebot3_gazebo' build argument 'cmake_force_configure' from command line to 'False'
[0.442s] Level 5:colcon.colcon_core.verb:set package 'turtlebot3_gazebo' build argument 'ament_cmake_args' from command line to 'None'
[0.442s] Level 5:colcon.colcon_core.verb:set package 'turtlebot3_gazebo' build argument 'catkin_cmake_args' from command line to 'None'
[0.442s] Level 5:colcon.colcon_core.verb:set package 'turtlebot3_gazebo' build argument 'catkin_skip_building_tests' from command line to 'False'
[0.442s] DEBUG:colcon.colcon_core.verb:Building package 'turtlebot3_gazebo' with the following arguments: {'ament_cmake_args': None, 'build_base': '/home/yhan/yhan_ROS2/yhan_ws/src/build/turtlebot3_gazebo', 'catkin_cmake_args': None, 'catkin_skip_building_tests': False, 'cmake_args': None, 'cmake_clean_cache': False, 'cmake_clean_first': False, 'cmake_force_configure': False, 'cmake_target': None, 'cmake_target_skip_unavailable': False, 'install_base': '/home/yhan/yhan_ROS2/yhan_ws/src/install/turtlebot3_gazebo', 'merge_install': False, 'path': '/home/yhan/yhan_ROS2/yhan_ws/src/turtlebot3_simulations/turtlebot3_gazebo', 'symlink_install': True, 'test_result_base': None}
[0.442s] Level 5:colcon.colcon_core.verb:set package 'turtlebot3_simulations' build argument 'cmake_args' from command line to 'None'
[0.442s] Level 5:colcon.colcon_core.verb:set package 'turtlebot3_simulations' build argument 'cmake_target' from command line to 'None'
[0.442s] Level 5:colcon.colcon_core.verb:set package 'turtlebot3_simulations' build argument 'cmake_target_skip_unavailable' from command line to 'False'
[0.442s] Level 5:colcon.colcon_core.verb:set package 'turtlebot3_simulations' build argument 'cmake_clean_cache' from command line to 'False'
[0.442s] Level 5:colcon.colcon_core.verb:set package 'turtlebot3_simulations' build argument 'cmake_clean_first' from command line to 'False'
[0.443s] Level 5:colcon.colcon_core.verb:set package 'turtlebot3_simulations' build argument 'cmake_force_configure' from command line to 'False'
[0.443s] Level 5:colcon.colcon_core.verb:set package 'turtlebot3_simulations' build argument 'ament_cmake_args' from command line to 'None'
[0.443s] Level 5:colcon.colcon_core.verb:set package 'turtlebot3_simulations' build argument 'catkin_cmake_args' from command line to 'None'
[0.443s] Level 5:colcon.colcon_core.verb:set package 'turtlebot3_simulations' build argument 'catkin_skip_building_tests' from command line to 'False'
[0.443s] DEBUG:colcon.colcon_core.verb:Building package 'turtlebot3_simulations' with the following arguments: {'ament_cmake_args': None, 'build_base': '/home/yhan/yhan_ROS2/yhan_ws/src/build/turtlebot3_simulations', 'catkin_cmake_args': None, 'catkin_skip_building_tests': False, 'cmake_args': None, 'cmake_clean_cache': False, 'cmake_clean_first': False, 'cmake_force_configure': False, 'cmake_target': None, 'cmake_target_skip_unavailable': False, 'install_base': '/home/yhan/yhan_ROS2/yhan_ws/src/install/turtlebot3_simulations', 'merge_install': False, 'path': '/home/yhan/yhan_ROS2/yhan_ws/src/turtlebot3_simulations/turtlebot3_simulations', 'symlink_install': True, 'test_result_base': None}
[0.443s] INFO:colcon.colcon_core.executor:Executing jobs using 'parallel' executor
[0.444s] DEBUG:colcon.colcon_parallel_executor.executor.parallel:run_until_complete
[0.444s] INFO:colcon.colcon_ros.task.ament_cmake.build:Building ROS package in '/home/yhan/yhan_ROS2/yhan_ws/src/turtlebot3_simulations/turtlebot3_fake_node' with build type 'ament_cmake'
[0.445s] INFO:colcon.colcon_cmake.task.cmake.build:Building CMake package in '/home/yhan/yhan_ROS2/yhan_ws/src/turtlebot3_simulations/turtlebot3_fake_node'
[0.448s] INFO:colcon.colcon_core.plugin_system:Skipping extension 'colcon_core.shell.bat': Not used on non-Windows systems
[0.449s] INFO:colcon.colcon_core.shell:Skip shell extension 'powershell' for command environment: Not usable outside of PowerShell
[0.449s] DEBUG:colcon.colcon_core.shell:Skip shell extension 'dsv' for command environment
[0.451s] INFO:colcon.colcon_ros.task.ament_cmake.build:Building ROS package in '/home/yhan/yhan_ROS2/yhan_ws/src/turtlebot3_simulations/turtlebot3_gazebo' with build type 'ament_cmake'
[0.452s] INFO:colcon.colcon_cmake.task.cmake.build:Building CMake package in '/home/yhan/yhan_ROS2/yhan_ws/src/turtlebot3_simulations/turtlebot3_gazebo'
[0.452s] INFO:colcon.colcon_core.shell:Skip shell extension 'powershell' for command environment: Not usable outside of PowerShell
[0.452s] DEBUG:colcon.colcon_core.shell:Skip shell extension 'dsv' for command environment
[0.464s] DEBUG:colcon.colcon_core.event_handler.log_command:Invoking command in '/home/yhan/yhan_ROS2/yhan_ws/src/build/turtlebot3_fake_node': CMAKE_PREFIX_PATH=${CMAKE_PREFIX_PATH}:/opt/ros/humble /usr/bin/cmake --build /home/yhan/yhan_ROS2/yhan_ws/src/build/turtlebot3_fake_node -- -j2 -l2
[0.481s] DEBUG:colcon.colcon_core.event_handler.log_command:Invoking command in '/home/yhan/yhan_ROS2/yhan_ws/src/build/turtlebot3_gazebo': CMAKE_PREFIX_PATH=${CMAKE_PREFIX_PATH}:/opt/ros/humble /usr/bin/cmake --build /home/yhan/yhan_ROS2/yhan_ws/src/build/turtlebot3_gazebo -- -j2 -l2
[0.694s] DEBUG:colcon.colcon_core.event_handler.log_command:Invoked command in '/home/yhan/yhan_ROS2/yhan_ws/src/build/turtlebot3_fake_node' returned '0': CMAKE_PREFIX_PATH=${CMAKE_PREFIX_PATH}:/opt/ros/humble /usr/bin/cmake --build /home/yhan/yhan_ROS2/yhan_ws/src/build/turtlebot3_fake_node -- -j2 -l2
[0.857s] DEBUG:colcon.colcon_core.event_handler.log_command:Invoking command in '/home/yhan/yhan_ROS2/yhan_ws/src/build/turtlebot3_fake_node': CMAKE_PREFIX_PATH=${CMAKE_PREFIX_PATH}:/opt/ros/humble /usr/bin/cmake --install /home/yhan/yhan_ROS2/yhan_ws/src/build/turtlebot3_fake_node
[0.916s] Level 1:colcon.colcon_core.environment:create_environment_scripts_only(turtlebot3_fake_node)
[0.919s] DEBUG:colcon.colcon_core.event_handler.log_command:Invoked command in '/home/yhan/yhan_ROS2/yhan_ws/src/build/turtlebot3_fake_node' returned '0': CMAKE_PREFIX_PATH=${CMAKE_PREFIX_PATH}:/opt/ros/humble /usr/bin/cmake --install /home/yhan/yhan_ROS2/yhan_ws/src/build/turtlebot3_fake_node
[0.933s] Level 1:colcon.colcon_core.environment:checking '/home/yhan/yhan_ROS2/yhan_ws/src/install/turtlebot3_fake_node' for CMake module files
[0.934s] Level 1:colcon.colcon_core.environment:checking '/home/yhan/yhan_ROS2/yhan_ws/src/install/turtlebot3_fake_node' for CMake config files
[0.938s] Level 1:colcon.colcon_core.shell:create_environment_hook('turtlebot3_fake_node', 'cmake_prefix_path')
[0.939s] INFO:colcon.colcon_core.shell:Creating environment hook '/home/yhan/yhan_ROS2/yhan_ws/src/install/turtlebot3_fake_node/share/turtlebot3_fake_node/hook/cmake_prefix_path.ps1'
[0.939s] INFO:colcon.colcon_core.shell:Creating environment descriptor '/home/yhan/yhan_ROS2/yhan_ws/src/install/turtlebot3_fake_node/share/turtlebot3_fake_node/hook/cmake_prefix_path.dsv'
[0.940s] INFO:colcon.colcon_core.shell:Creating environment hook '/home/yhan/yhan_ROS2/yhan_ws/src/install/turtlebot3_fake_node/share/turtlebot3_fake_node/hook/cmake_prefix_path.sh'
[0.941s] Level 1:colcon.colcon_core.environment:checking '/home/yhan/yhan_ROS2/yhan_ws/src/install/turtlebot3_fake_node/lib'
[0.942s] Level 1:colcon.colcon_core.environment:checking '/home/yhan/yhan_ROS2/yhan_ws/src/install/turtlebot3_fake_node/bin'
[0.942s] Level 1:colcon.colcon_core.environment:checking '/home/yhan/yhan_ROS2/yhan_ws/src/install/turtlebot3_fake_node/lib/pkgconfig/turtlebot3_fake_node.pc'
[0.942s] Level 1:colcon.colcon_core.environment:checking '/home/yhan/yhan_ROS2/yhan_ws/src/install/turtlebot3_fake_node/lib/python3.10/site-packages'
[0.942s] Level 1:colcon.colcon_core.environment:checking '/home/yhan/yhan_ROS2/yhan_ws/src/install/turtlebot3_fake_node/bin'
[0.942s] INFO:colcon.colcon_core.shell:Creating package script '/home/yhan/yhan_ROS2/yhan_ws/src/install/turtlebot3_fake_node/share/turtlebot3_fake_node/package.ps1'
[0.943s] INFO:colcon.colcon_core.shell:Creating package descriptor '/home/yhan/yhan_ROS2/yhan_ws/src/install/turtlebot3_fake_node/share/turtlebot3_fake_node/package.dsv'
[0.944s] INFO:colcon.colcon_core.shell:Creating package script '/home/yhan/yhan_ROS2/yhan_ws/src/install/turtlebot3_fake_node/share/turtlebot3_fake_node/package.sh'
[0.944s] INFO:colcon.colcon_core.shell:Creating package script '/home/yhan/yhan_ROS2/yhan_ws/src/install/turtlebot3_fake_node/share/turtlebot3_fake_node/package.bash'
[0.949s] INFO:colcon.colcon_core.shell:Creating package script '/home/yhan/yhan_ROS2/yhan_ws/src/install/turtlebot3_fake_node/share/turtlebot3_fake_node/package.zsh'
[0.950s] Level 1:colcon.colcon_core.environment:create_file_with_runtime_dependencies(/home/yhan/yhan_ROS2/yhan_ws/src/install/turtlebot3_fake_node/share/colcon-core/packages/turtlebot3_fake_node)
[0.994s] DEBUG:colcon.colcon_core.event_handler.log_command:Invoked command in '/home/yhan/yhan_ROS2/yhan_ws/src/build/turtlebot3_gazebo' returned '0': CMAKE_PREFIX_PATH=${CMAKE_PREFIX_PATH}:/opt/ros/humble /usr/bin/cmake --build /home/yhan/yhan_ROS2/yhan_ws/src/build/turtlebot3_gazebo -- -j2 -l2
[1.015s] Level 1:colcon.colcon_core.environment:create_environment_scripts_only(turtlebot3_fake_node)
[1.016s] Level 1:colcon.colcon_core.environment:checking '/home/yhan/yhan_ROS2/yhan_ws/src/install/turtlebot3_fake_node' for CMake module files
[1.016s] Level 1:colcon.colcon_core.environment:checking '/home/yhan/yhan_ROS2/yhan_ws/src/install/turtlebot3_fake_node' for CMake config files
[1.017s] Level 1:colcon.colcon_core.shell:create_environment_hook('turtlebot3_fake_node', 'cmake_prefix_path')
[1.017s] INFO:colcon.colcon_core.shell:Creating environment hook '/home/yhan/yhan_ROS2/yhan_ws/src/install/turtlebot3_fake_node/share/turtlebot3_fake_node/hook/cmake_prefix_path.ps1'
[1.018s] INFO:colcon.colcon_core.shell:Creating environment descriptor '/home/yhan/yhan_ROS2/yhan_ws/src/install/turtlebot3_fake_node/share/turtlebot3_fake_node/hook/cmake_prefix_path.dsv'
[1.019s] INFO:colcon.colcon_core.shell:Creating environment hook '/home/yhan/yhan_ROS2/yhan_ws/src/install/turtlebot3_fake_node/share/turtlebot3_fake_node/hook/cmake_prefix_path.sh'
[1.020s] Level 1:colcon.colcon_core.environment:checking '/home/yhan/yhan_ROS2/yhan_ws/src/install/turtlebot3_fake_node/lib'
[1.020s] Level 1:colcon.colcon_core.environment:checking '/home/yhan/yhan_ROS2/yhan_ws/src/install/turtlebot3_fake_node/bin'
[1.020s] Level 1:colcon.colcon_core.environment:checking '/home/yhan/yhan_ROS2/yhan_ws/src/install/turtlebot3_fake_node/lib/pkgconfig/turtlebot3_fake_node.pc'
[1.020s] Level 1:colcon.colcon_core.environment:checking '/home/yhan/yhan_ROS2/yhan_ws/src/install/turtlebot3_fake_node/lib/python3.10/site-packages'
[1.021s] Level 1:colcon.colcon_core.environment:checking '/home/yhan/yhan_ROS2/yhan_ws/src/install/turtlebot3_fake_node/bin'
[1.021s] INFO:colcon.colcon_core.shell:Creating package script '/home/yhan/yhan_ROS2/yhan_ws/src/install/turtlebot3_fake_node/share/turtlebot3_fake_node/package.ps1'
[1.022s] INFO:colcon.colcon_core.shell:Creating package descriptor '/home/yhan/yhan_ROS2/yhan_ws/src/install/turtlebot3_fake_node/share/turtlebot3_fake_node/package.dsv'
[1.023s] INFO:colcon.colcon_core.shell:Creating package script '/home/yhan/yhan_ROS2/yhan_ws/src/install/turtlebot3_fake_node/share/turtlebot3_fake_node/package.sh'
[1.024s] INFO:colcon.colcon_core.shell:Creating package script '/home/yhan/yhan_ROS2/yhan_ws/src/install/turtlebot3_fake_node/share/turtlebot3_fake_node/package.bash'
[1.024s] INFO:colcon.colcon_core.shell:Creating package script '/home/yhan/yhan_ROS2/yhan_ws/src/install/turtlebot3_fake_node/share/turtlebot3_fake_node/package.zsh'
[1.025s] Level 1:colcon.colcon_core.environment:create_file_with_runtime_dependencies(/home/yhan/yhan_ROS2/yhan_ws/src/install/turtlebot3_fake_node/share/colcon-core/packages/turtlebot3_fake_node)
[1.026s] INFO:colcon.colcon_ros.task.ament_cmake.build:Building ROS package in '/home/yhan/yhan_ROS2/yhan_ws/src/simple_pkg_cpp' with build type 'ament_cmake'
[1.027s] INFO:colcon.colcon_cmake.task.cmake.build:Building CMake package in '/home/yhan/yhan_ROS2/yhan_ws/src/simple_pkg_cpp'
[1.027s] INFO:colcon.colcon_core.shell:Skip shell extension 'powershell' for command environment: Not usable outside of PowerShell
[1.027s] DEBUG:colcon.colcon_core.shell:Skip shell extension 'dsv' for command environment
[1.042s] DEBUG:colcon.colcon_core.event_handler.log_command:Invoking command in '/home/yhan/yhan_ROS2/yhan_ws/src/build/simple_pkg_cpp': CMAKE_PREFIX_PATH=${CMAKE_PREFIX_PATH}:/opt/ros/humble /usr/bin/cmake --build /home/yhan/yhan_ROS2/yhan_ws/src/build/simple_pkg_cpp -- -j2 -l2
[1.052s] DEBUG:colcon.colcon_core.event_handler.log_command:Invoking command in '/home/yhan/yhan_ROS2/yhan_ws/src/build/turtlebot3_gazebo': CMAKE_PREFIX_PATH=${CMAKE_PREFIX_PATH}:/opt/ros/humble /usr/bin/cmake --install /home/yhan/yhan_ROS2/yhan_ws/src/build/turtlebot3_gazebo
[1.109s] Level 1:colcon.colcon_core.environment:create_environment_scripts_only(turtlebot3_gazebo)
[1.109s] Level 1:colcon.colcon_core.environment:checking '/home/yhan/yhan_ROS2/yhan_ws/src/install/turtlebot3_gazebo' for CMake module files
[1.109s] Level 1:colcon.colcon_core.environment:checking '/home/yhan/yhan_ROS2/yhan_ws/src/install/turtlebot3_gazebo' for CMake config files
[1.110s] Level 1:colcon.colcon_core.shell:create_environment_hook('turtlebot3_gazebo', 'cmake_prefix_path')
[1.110s] INFO:colcon.colcon_core.shell:Creating environment hook '/home/yhan/yhan_ROS2/yhan_ws/src/install/turtlebot3_gazebo/share/turtlebot3_gazebo/hook/cmake_prefix_path.ps1'
[1.111s] INFO:colcon.colcon_core.shell:Creating environment descriptor '/home/yhan/yhan_ROS2/yhan_ws/src/install/turtlebot3_gazebo/share/turtlebot3_gazebo/hook/cmake_prefix_path.dsv'
[1.112s] INFO:colcon.colcon_core.shell:Creating environment hook '/home/yhan/yhan_ROS2/yhan_ws/src/install/turtlebot3_gazebo/share/turtlebot3_gazebo/hook/cmake_prefix_path.sh'
[1.113s] Level 1:colcon.colcon_core.environment:checking '/home/yhan/yhan_ROS2/yhan_ws/src/install/turtlebot3_gazebo/lib'
[1.113s] Level 1:colcon.colcon_core.environment:checking '/home/yhan/yhan_ROS2/yhan_ws/src/install/turtlebot3_gazebo/bin'
[1.113s] Level 1:colcon.colcon_core.environment:checking '/home/yhan/yhan_ROS2/yhan_ws/src/install/turtlebot3_gazebo/lib/pkgconfig/turtlebot3_gazebo.pc'
[1.113s] Level 1:colcon.colcon_core.environment:checking '/home/yhan/yhan_ROS2/yhan_ws/src/install/turtlebot3_gazebo/lib/python3.10/site-packages'
[1.114s] Level 1:colcon.colcon_core.environment:checking '/home/yhan/yhan_ROS2/yhan_ws/src/install/turtlebot3_gazebo/bin'
[1.114s] INFO:colcon.colcon_core.shell:Creating package script '/home/yhan/yhan_ROS2/yhan_ws/src/install/turtlebot3_gazebo/share/turtlebot3_gazebo/package.ps1'
[1.115s] INFO:colcon.colcon_core.shell:Creating package descriptor '/home/yhan/yhan_ROS2/yhan_ws/src/install/turtlebot3_gazebo/share/turtlebot3_gazebo/package.dsv'
[1.115s] INFO:colcon.colcon_core.shell:Creating package script '/home/yhan/yhan_ROS2/yhan_ws/src/install/turtlebot3_gazebo/share/turtlebot3_gazebo/package.sh'
[1.117s] INFO:colcon.colcon_core.shell:Creating package script '/home/yhan/yhan_ROS2/yhan_ws/src/install/turtlebot3_gazebo/share/turtlebot3_gazebo/package.bash'
[1.118s] INFO:colcon.colcon_core.shell:Creating package script '/home/yhan/yhan_ROS2/yhan_ws/src/install/turtlebot3_gazebo/share/turtlebot3_gazebo/package.zsh'
[1.118s] Level 1:colcon.colcon_core.environment:create_file_with_runtime_dependencies(/home/yhan/yhan_ROS2/yhan_ws/src/install/turtlebot3_gazebo/share/colcon-core/packages/turtlebot3_gazebo)
[1.128s] DEBUG:colcon.colcon_core.event_handler.log_command:Invoked command in '/home/yhan/yhan_ROS2/yhan_ws/src/build/turtlebot3_gazebo' returned '0': CMAKE_PREFIX_PATH=${CMAKE_PREFIX_PATH}:/opt/ros/humble /usr/bin/cmake --install /home/yhan/yhan_ROS2/yhan_ws/src/build/turtlebot3_gazebo
[1.209s] Level 1:colcon.colcon_core.environment:create_environment_scripts_only(turtlebot3_gazebo)
[1.209s] Level 1:colcon.colcon_core.environment:checking '/home/yhan/yhan_ROS2/yhan_ws/src/install/turtlebot3_gazebo' for CMake module files
[1.210s] Level 1:colcon.colcon_core.environment:checking '/home/yhan/yhan_ROS2/yhan_ws/src/install/turtlebot3_gazebo' for CMake config files
[1.211s] Level 1:colcon.colcon_core.shell:create_environment_hook('turtlebot3_gazebo', 'cmake_prefix_path')
[1.211s] INFO:colcon.colcon_core.shell:Creating environment hook '/home/yhan/yhan_ROS2/yhan_ws/src/install/turtlebot3_gazebo/share/turtlebot3_gazebo/hook/cmake_prefix_path.ps1'
[1.213s] INFO:colcon.colcon_core.shell:Creating environment descriptor '/home/yhan/yhan_ROS2/yhan_ws/src/install/turtlebot3_gazebo/share/turtlebot3_gazebo/hook/cmake_prefix_path.dsv'
[1.213s] INFO:colcon.colcon_core.shell:Creating environment hook '/home/yhan/yhan_ROS2/yhan_ws/src/install/turtlebot3_gazebo/share/turtlebot3_gazebo/hook/cmake_prefix_path.sh'
[1.216s] Level 1:colcon.colcon_core.environment:checking '/home/yhan/yhan_ROS2/yhan_ws/src/install/turtlebot3_gazebo/lib'
[1.216s] Level 1:colcon.colcon_core.environment:checking '/home/yhan/yhan_ROS2/yhan_ws/src/install/turtlebot3_gazebo/bin'
[1.216s] Level 1:colcon.colcon_core.environment:checking '/home/yhan/yhan_ROS2/yhan_ws/src/install/turtlebot3_gazebo/lib/pkgconfig/turtlebot3_gazebo.pc'
[1.216s] Level 1:colcon.colcon_core.environment:checking '/home/yhan/yhan_ROS2/yhan_ws/src/install/turtlebot3_gazebo/lib/python3.10/site-packages'
[1.217s] Level 1:colcon.colcon_core.environment:checking '/home/yhan/yhan_ROS2/yhan_ws/src/install/turtlebot3_gazebo/bin'
[1.217s] INFO:colcon.colcon_core.shell:Creating package script '/home/yhan/yhan_ROS2/yhan_ws/src/install/turtlebot3_gazebo/share/turtlebot3_gazebo/package.ps1'
[1.218s] INFO:colcon.colcon_core.shell:Creating package descriptor '/home/yhan/yhan_ROS2/yhan_ws/src/install/turtlebot3_gazebo/share/turtlebot3_gazebo/package.dsv'
[1.218s] INFO:colcon.colcon_core.shell:Creating package script '/home/yhan/yhan_ROS2/yhan_ws/src/install/turtlebot3_gazebo/share/turtlebot3_gazebo/package.sh'
[1.219s] INFO:colcon.colcon_core.shell:Creating package script '/home/yhan/yhan_ROS2/yhan_ws/src/install/turtlebot3_gazebo/share/turtlebot3_gazebo/package.bash'
[1.220s] INFO:colcon.colcon_core.shell:Creating package script '/home/yhan/yhan_ROS2/yhan_ws/src/install/turtlebot3_gazebo/share/turtlebot3_gazebo/package.zsh'
[1.221s] Level 1:colcon.colcon_core.environment:create_file_with_runtime_dependencies(/home/yhan/yhan_ROS2/yhan_ws/src/install/turtlebot3_gazebo/share/colcon-core/packages/turtlebot3_gazebo)
[1.222s] INFO:colcon.colcon_ros.task.ament_cmake.build:Building ROS package in '/home/yhan/yhan_ROS2/yhan_ws/src/topic_final' with build type 'ament_cmake'
[1.223s] INFO:colcon.colcon_cmake.task.cmake.build:Building CMake package in '/home/yhan/yhan_ROS2/yhan_ws/src/topic_final'
[1.223s] INFO:colcon.colcon_core.shell:Skip shell extension 'powershell' for command environment: Not usable outside of PowerShell
[1.223s] DEBUG:colcon.colcon_core.shell:Skip shell extension 'dsv' for command environment
[1.240s] DEBUG:colcon.colcon_core.event_handler.log_command:Invoking command in '/home/yhan/yhan_ROS2/yhan_ws/src/build/topic_final': CMAKE_PREFIX_PATH=${CMAKE_PREFIX_PATH}:/opt/ros/humble /usr/bin/cmake --build /home/yhan/yhan_ROS2/yhan_ws/src/build/topic_final -- -j2 -l2
[1.448s] DEBUG:colcon.colcon_core.event_handler.log_command:Invoked command in '/home/yhan/yhan_ROS2/yhan_ws/src/build/simple_pkg_cpp' returned '0': CMAKE_PREFIX_PATH=${CMAKE_PREFIX_PATH}:/opt/ros/humble /usr/bin/cmake --build /home/yhan/yhan_ROS2/yhan_ws/src/build/simple_pkg_cpp -- -j2 -l2
[1.532s] DEBUG:colcon.colcon_core.event_handler.log_command:Invoking command in '/home/yhan/yhan_ROS2/yhan_ws/src/build/simple_pkg_cpp': CMAKE_PREFIX_PATH=${CMAKE_PREFIX_PATH}:/opt/ros/humble /usr/bin/cmake --install /home/yhan/yhan_ROS2/yhan_ws/src/build/simple_pkg_cpp
[1.541s] DEBUG:colcon.colcon_core.event_handler.log_command:Invoked command in '/home/yhan/yhan_ROS2/yhan_ws/src/build/topic_final' returned '0': CMAKE_PREFIX_PATH=${CMAKE_PREFIX_PATH}:/opt/ros/humble /usr/bin/cmake --build /home/yhan/yhan_ROS2/yhan_ws/src/build/topic_final -- -j2 -l2
[1.559s] Level 1:colcon.colcon_core.environment:create_environment_scripts_only(simple_pkg_cpp)
[1.559s] Level 1:colcon.colcon_core.environment:checking '/home/yhan/yhan_ROS2/yhan_ws/src/install/simple_pkg_cpp' for CMake module files
[1.561s] Level 1:colcon.colcon_core.environment:checking '/home/yhan/yhan_ROS2/yhan_ws/src/install/simple_pkg_cpp' for CMake config files
[1.561s] Level 1:colcon.colcon_core.shell:create_environment_hook('simple_pkg_cpp', 'cmake_prefix_path')
[1.561s] INFO:colcon.colcon_core.shell:Creating environment hook '/home/yhan/yhan_ROS2/yhan_ws/src/install/simple_pkg_cpp/share/simple_pkg_cpp/hook/cmake_prefix_path.ps1'
[1.563s] DEBUG:colcon.colcon_core.event_handler.log_command:Invoked command in '/home/yhan/yhan_ROS2/yhan_ws/src/build/simple_pkg_cpp' returned '0': CMAKE_PREFIX_PATH=${CMAKE_PREFIX_PATH}:/opt/ros/humble /usr/bin/cmake --install /home/yhan/yhan_ROS2/yhan_ws/src/build/simple_pkg_cpp
[1.563s] INFO:colcon.colcon_core.shell:Creating environment descriptor '/home/yhan/yhan_ROS2/yhan_ws/src/install/simple_pkg_cpp/share/simple_pkg_cpp/hook/cmake_prefix_path.dsv'
[1.564s] INFO:colcon.colcon_core.shell:Creating environment hook '/home/yhan/yhan_ROS2/yhan_ws/src/install/simple_pkg_cpp/share/simple_pkg_cpp/hook/cmake_prefix_path.sh'
[1.564s] Level 1:colcon.colcon_core.environment:checking '/home/yhan/yhan_ROS2/yhan_ws/src/install/simple_pkg_cpp/lib'
[1.565s] Level 1:colcon.colcon_core.environment:checking '/home/yhan/yhan_ROS2/yhan_ws/src/install/simple_pkg_cpp/bin'
[1.565s] Level 1:colcon.colcon_core.environment:checking '/home/yhan/yhan_ROS2/yhan_ws/src/install/simple_pkg_cpp/lib/pkgconfig/simple_pkg_cpp.pc'
[1.565s] Level 1:colcon.colcon_core.environment:checking '/home/yhan/yhan_ROS2/yhan_ws/src/install/simple_pkg_cpp/lib/python3.10/site-packages'
[1.566s] Level 1:colcon.colcon_core.environment:checking '/home/yhan/yhan_ROS2/yhan_ws/src/install/simple_pkg_cpp/bin'
[1.566s] INFO:colcon.colcon_core.shell:Creating package script '/home/yhan/yhan_ROS2/yhan_ws/src/install/simple_pkg_cpp/share/simple_pkg_cpp/package.ps1'
[1.567s] INFO:colcon.colcon_core.shell:Creating package descriptor '/home/yhan/yhan_ROS2/yhan_ws/src/install/simple_pkg_cpp/share/simple_pkg_cpp/package.dsv'
[1.567s] INFO:colcon.colcon_core.shell:Creating package script '/home/yhan/yhan_ROS2/yhan_ws/src/install/simple_pkg_cpp/share/simple_pkg_cpp/package.sh'
[1.568s] INFO:colcon.colcon_core.shell:Creating package script '/home/yhan/yhan_ROS2/yhan_ws/src/install/simple_pkg_cpp/share/simple_pkg_cpp/package.bash'
[1.569s] INFO:colcon.colcon_core.shell:Creating package script '/home/yhan/yhan_ROS2/yhan_ws/src/install/simple_pkg_cpp/share/simple_pkg_cpp/package.zsh'
[1.569s] Level 1:colcon.colcon_core.environment:create_file_with_runtime_dependencies(/home/yhan/yhan_ROS2/yhan_ws/src/install/simple_pkg_cpp/share/colcon-core/packages/simple_pkg_cpp)
[1.609s] DEBUG:colcon.colcon_core.event_handler.log_command:Invoking command in '/home/yhan/yhan_ROS2/yhan_ws/src/build/topic_final': CMAKE_PREFIX_PATH=${CMAKE_PREFIX_PATH}:/opt/ros/humble /usr/bin/cmake --install /home/yhan/yhan_ROS2/yhan_ws/src/build/topic_final
[1.645s] Level 1:colcon.colcon_core.environment:create_environment_scripts_only(simple_pkg_cpp)
[1.645s] Level 1:colcon.colcon_core.environment:checking '/home/yhan/yhan_ROS2/yhan_ws/src/install/simple_pkg_cpp' for CMake module files
[1.646s] Level 1:colcon.colcon_core.environment:checking '/home/yhan/yhan_ROS2/yhan_ws/src/install/simple_pkg_cpp' for CMake config files
[1.647s] Level 1:colcon.colcon_core.shell:create_environment_hook('simple_pkg_cpp', 'cmake_prefix_path')
[1.647s] INFO:colcon.colcon_core.shell:Creating environment hook '/home/yhan/yhan_ROS2/yhan_ws/src/install/simple_pkg_cpp/share/simple_pkg_cpp/hook/cmake_prefix_path.ps1'
[1.650s] INFO:colcon.colcon_core.shell:Creating environment descriptor '/home/yhan/yhan_ROS2/yhan_ws/src/install/simple_pkg_cpp/share/simple_pkg_cpp/hook/cmake_prefix_path.dsv'
[1.652s] INFO:colcon.colcon_core.shell:Creating environment hook '/home/yhan/yhan_ROS2/yhan_ws/src/install/simple_pkg_cpp/share/simple_pkg_cpp/hook/cmake_prefix_path.sh'
[1.653s] Level 1:colcon.colcon_core.environment:checking '/home/yhan/yhan_ROS2/yhan_ws/src/install/simple_pkg_cpp/lib'
[1.653s] Level 1:colcon.colcon_core.environment:checking '/home/yhan/yhan_ROS2/yhan_ws/src/install/simple_pkg_cpp/bin'
[1.653s] Level 1:colcon.colcon_core.environment:checking '/home/yhan/yhan_ROS2/yhan_ws/src/install/simple_pkg_cpp/lib/pkgconfig/simple_pkg_cpp.pc'
[1.654s] Level 1:colcon.colcon_core.environment:checking '/home/yhan/yhan_ROS2/yhan_ws/src/install/simple_pkg_cpp/lib/python3.10/site-packages'
[1.654s] Level 1:colcon.colcon_core.environment:checking '/home/yhan/yhan_ROS2/yhan_ws/src/install/simple_pkg_cpp/bin'
[1.655s] INFO:colcon.colcon_core.shell:Creating package script '/home/yhan/yhan_ROS2/yhan_ws/src/install/simple_pkg_cpp/share/simple_pkg_cpp/package.ps1'
[1.655s] INFO:colcon.colcon_core.shell:Creating package descriptor '/home/yhan/yhan_ROS2/yhan_ws/src/install/simple_pkg_cpp/share/simple_pkg_cpp/package.dsv'
[1.656s] INFO:colcon.colcon_core.shell:Creating package script '/home/yhan/yhan_ROS2/yhan_ws/src/install/simple_pkg_cpp/share/simple_pkg_cpp/package.sh'
[1.656s] INFO:colcon.colcon_core.shell:Creating package script '/home/yhan/yhan_ROS2/yhan_ws/src/install/simple_pkg_cpp/share/simple_pkg_cpp/package.bash'
[1.657s] INFO:colcon.colcon_core.shell:Creating package script '/home/yhan/yhan_ROS2/yhan_ws/src/install/simple_pkg_cpp/share/simple_pkg_cpp/package.zsh'
[1.657s] Level 1:colcon.colcon_core.environment:create_file_with_runtime_dependencies(/home/yhan/yhan_ROS2/yhan_ws/src/install/simple_pkg_cpp/share/colcon-core/packages/simple_pkg_cpp)
[1.658s] INFO:colcon.colcon_ros.task.ament_cmake.build:Building ROS package in '/home/yhan/yhan_ROS2/yhan_ws/src/turtlebot3_simulations/turtlebot3_simulations' with build type 'ament_cmake'
[1.658s] INFO:colcon.colcon_cmake.task.cmake.build:Building CMake package in '/home/yhan/yhan_ROS2/yhan_ws/src/turtlebot3_simulations/turtlebot3_simulations'
[1.658s] INFO:colcon.colcon_core.shell:Skip shell extension 'powershell' for command environment: Not usable outside of PowerShell
[1.659s] DEBUG:colcon.colcon_core.shell:Skip shell extension 'dsv' for command environment
[1.666s] Level 1:colcon.colcon_core.environment:create_environment_scripts_only(topic_final)
[1.666s] Level 1:colcon.colcon_core.environment:checking '/home/yhan/yhan_ROS2/yhan_ws/src/install/topic_final' for CMake module files
[1.666s] Level 1:colcon.colcon_core.environment:checking '/home/yhan/yhan_ROS2/yhan_ws/src/install/topic_final' for CMake config files
[1.667s] DEBUG:colcon.colcon_core.event_handler.log_command:Invoked command in '/home/yhan/yhan_ROS2/yhan_ws/src/build/topic_final' returned '0': CMAKE_PREFIX_PATH=${CMAKE_PREFIX_PATH}:/opt/ros/humble /usr/bin/cmake --install /home/yhan/yhan_ROS2/yhan_ws/src/build/topic_final
[1.667s] Level 1:colcon.colcon_core.shell:create_environment_hook('topic_final', 'cmake_prefix_path')
[1.668s] INFO:colcon.colcon_core.shell:Creating environment hook '/home/yhan/yhan_ROS2/yhan_ws/src/install/topic_final/share/topic_final/hook/cmake_prefix_path.ps1'
[1.668s] INFO:colcon.colcon_core.shell:Creating environment descriptor '/home/yhan/yhan_ROS2/yhan_ws/src/install/topic_final/share/topic_final/hook/cmake_prefix_path.dsv'
[1.668s] INFO:colcon.colcon_core.shell:Creating environment hook '/home/yhan/yhan_ROS2/yhan_ws/src/install/topic_final/share/topic_final/hook/cmake_prefix_path.sh'
[1.669s] Level 1:colcon.colcon_core.environment:checking '/home/yhan/yhan_ROS2/yhan_ws/src/install/topic_final/lib'
[1.669s] Level 1:colcon.colcon_core.environment:checking '/home/yhan/yhan_ROS2/yhan_ws/src/install/topic_final/bin'
[1.669s] Level 1:colcon.colcon_core.environment:checking '/home/yhan/yhan_ROS2/yhan_ws/src/install/topic_final/lib/pkgconfig/topic_final.pc'
[1.669s] Level 1:colcon.colcon_core.environment:checking '/home/yhan/yhan_ROS2/yhan_ws/src/install/topic_final/lib/python3.10/site-packages'
[1.670s] Level 1:colcon.colcon_core.environment:checking '/home/yhan/yhan_ROS2/yhan_ws/src/install/topic_final/bin'
[1.670s] INFO:colcon.colcon_core.shell:Creating package script '/home/yhan/yhan_ROS2/yhan_ws/src/install/topic_final/share/topic_final/package.ps1'
[1.670s] INFO:colcon.colcon_core.shell:Creating package descriptor '/home/yhan/yhan_ROS2/yhan_ws/src/install/topic_final/share/topic_final/package.dsv'
[1.671s] INFO:colcon.colcon_core.shell:Creating package script '/home/yhan/yhan_ROS2/yhan_ws/src/install/topic_final/share/topic_final/package.sh'
[1.671s] INFO:colcon.colcon_core.shell:Creating package script '/home/yhan/yhan_ROS2/yhan_ws/src/install/topic_final/share/topic_final/package.bash'
[1.671s] INFO:colcon.colcon_core.shell:Creating package script '/home/yhan/yhan_ROS2/yhan_ws/src/install/topic_final/share/topic_final/package.zsh'
[1.672s] Level 1:colcon.colcon_core.environment:create_file_with_runtime_dependencies(/home/yhan/yhan_ROS2/yhan_ws/src/install/topic_final/share/colcon-core/packages/topic_final)
[1.682s] DEBUG:colcon.colcon_core.event_handler.log_command:Invoking command in '/home/yhan/yhan_ROS2/yhan_ws/src/build/turtlebot3_simulations': AMENT_PREFIX_PATH=/home/yhan/yhan_ROS2/yhan_ws/src/install/turtlebot3_gazebo:/home/yhan/yhan_ROS2/yhan_ws/src/install/turtlebot3_fake_node:${AMENT_PREFIX_PATH} CMAKE_PREFIX_PATH=/home/yhan/yhan_ROS2/yhan_ws/src/install/turtlebot3_gazebo:/home/yhan/yhan_ROS2/yhan_ws/src/install/turtlebot3_fake_node:/home/yhan/yhan_ROS2/yhan_ws/install/simple_pkg_cpp:/opt/ros/humble /usr/bin/cmake --build /home/yhan/yhan_ROS2/yhan_ws/src/build/turtlebot3_simulations -- -j2 -l2
[1.723s] Level 1:colcon.colcon_core.environment:create_environment_scripts_only(topic_final)
[1.723s] Level 1:colcon.colcon_core.environment:checking '/home/yhan/yhan_ROS2/yhan_ws/src/install/topic_final' for CMake module files
[1.724s] Level 1:colcon.colcon_core.environment:checking '/home/yhan/yhan_ROS2/yhan_ws/src/install/topic_final' for CMake config files
[1.724s] Level 1:colcon.colcon_core.shell:create_environment_hook('topic_final', 'cmake_prefix_path')
[1.725s] INFO:colcon.colcon_core.shell:Creating environment hook '/home/yhan/yhan_ROS2/yhan_ws/src/install/topic_final/share/topic_final/hook/cmake_prefix_path.ps1'
[1.725s] INFO:colcon.colcon_core.shell:Creating environment descriptor '/home/yhan/yhan_ROS2/yhan_ws/src/install/topic_final/share/topic_final/hook/cmake_prefix_path.dsv'
[1.726s] INFO:colcon.colcon_core.shell:Creating environment hook '/home/yhan/yhan_ROS2/yhan_ws/src/install/topic_final/share/topic_final/hook/cmake_prefix_path.sh'
[1.727s] Level 1:colcon.colcon_core.environment:checking '/home/yhan/yhan_ROS2/yhan_ws/src/install/topic_final/lib'
[1.727s] Level 1:colcon.colcon_core.environment:checking '/home/yhan/yhan_ROS2/yhan_ws/src/install/topic_final/bin'
[1.727s] Level 1:colcon.colcon_core.environment:checking '/home/yhan/yhan_ROS2/yhan_ws/src/install/topic_final/lib/pkgconfig/topic_final.pc'
[1.727s] Level 1:colcon.colcon_core.environment:checking '/home/yhan/yhan_ROS2/yhan_ws/src/install/topic_final/lib/python3.10/site-packages'
[1.727s] Level 1:colcon.colcon_core.environment:checking '/home/yhan/yhan_ROS2/yhan_ws/src/install/topic_final/bin'
[1.728s] INFO:colcon.colcon_core.shell:Creating package script '/home/yhan/yhan_ROS2/yhan_ws/src/install/topic_final/share/topic_final/package.ps1'
[1.730s] INFO:colcon.colcon_core.shell:Creating package descriptor '/home/yhan/yhan_ROS2/yhan_ws/src/install/topic_final/share/topic_final/package.dsv'
[1.730s] INFO:colcon.colcon_core.shell:Creating package script '/home/yhan/yhan_ROS2/yhan_ws/src/install/topic_final/share/topic_final/package.sh'
[1.731s] INFO:colcon.colcon_core.shell:Creating package script '/home/yhan/yhan_ROS2/yhan_ws/src/install/topic_final/share/topic_final/package.bash'
[1.732s] INFO:colcon.colcon_core.shell:Creating package script '/home/yhan/yhan_ROS2/yhan_ws/src/install/topic_final/share/topic_final/package.zsh'
[1.733s] Level 1:colcon.colcon_core.environment:create_file_with_runtime_dependencies(/home/yhan/yhan_ROS2/yhan_ws/src/install/topic_final/share/colcon-core/packages/topic_final)
[1.741s] DEBUG:colcon.colcon_core.event_handler.log_command:Invoked command in '/home/yhan/yhan_ROS2/yhan_ws/src/build/turtlebot3_simulations' returned '0': AMENT_PREFIX_PATH=/home/yhan/yhan_ROS2/yhan_ws/src/install/turtlebot3_gazebo:/home/yhan/yhan_ROS2/yhan_ws/src/install/turtlebot3_fake_node:${AMENT_PREFIX_PATH} CMAKE_PREFIX_PATH=/home/yhan/yhan_ROS2/yhan_ws/src/install/turtlebot3_gazebo:/home/yhan/yhan_ROS2/yhan_ws/src/install/turtlebot3_fake_node:/home/yhan/yhan_ROS2/yhan_ws/install/simple_pkg_cpp:/opt/ros/humble /usr/bin/cmake --build /home/yhan/yhan_ROS2/yhan_ws/src/build/turtlebot3_simulations -- -j2 -l2
[1.761s] DEBUG:colcon.colcon_core.event_handler.log_command:Invoking command in '/home/yhan/yhan_ROS2/yhan_ws/src/build/turtlebot3_simulations': AMENT_PREFIX_PATH=/home/yhan/yhan_ROS2/yhan_ws/src/install/turtlebot3_gazebo:/home/yhan/yhan_ROS2/yhan_ws/src/install/turtlebot3_fake_node:${AMENT_PREFIX_PATH} CMAKE_PREFIX_PATH=/home/yhan/yhan_ROS2/yhan_ws/src/install/turtlebot3_gazebo:/home/yhan/yhan_ROS2/yhan_ws/src/install/turtlebot3_fake_node:/home/yhan/yhan_ROS2/yhan_ws/install/simple_pkg_cpp:/opt/ros/humble /usr/bin/cmake --install /home/yhan/yhan_ROS2/yhan_ws/src/build/turtlebot3_simulations
[1.793s] Level 1:colcon.colcon_core.environment:create_environment_scripts_only(turtlebot3_simulations)
[1.793s] Level 1:colcon.colcon_core.environment:checking '/home/yhan/yhan_ROS2/yhan_ws/src/install/turtlebot3_simulations' for CMake module files
[1.794s] Level 1:colcon.colcon_core.environment:checking '/home/yhan/yhan_ROS2/yhan_ws/src/install/turtlebot3_simulations' for CMake config files
[1.794s] DEBUG:colcon.colcon_core.event_handler.log_command:Invoked command in '/home/yhan/yhan_ROS2/yhan_ws/src/build/turtlebot3_simulations' returned '0': AMENT_PREFIX_PATH=/home/yhan/yhan_ROS2/yhan_ws/src/install/turtlebot3_gazebo:/home/yhan/yhan_ROS2/yhan_ws/src/install/turtlebot3_fake_node:${AMENT_PREFIX_PATH} CMAKE_PREFIX_PATH=/home/yhan/yhan_ROS2/yhan_ws/src/install/turtlebot3_gazebo:/home/yhan/yhan_ROS2/yhan_ws/src/install/turtlebot3_fake_node:/home/yhan/yhan_ROS2/yhan_ws/install/simple_pkg_cpp:/opt/ros/humble /usr/bin/cmake --install /home/yhan/yhan_ROS2/yhan_ws/src/build/turtlebot3_simulations
[1.794s] Level 1:colcon.colcon_core.shell:create_environment_hook('turtlebot3_simulations', 'cmake_prefix_path')
[1.795s] INFO:colcon.colcon_core.shell:Creating environment hook '/home/yhan/yhan_ROS2/yhan_ws/src/install/turtlebot3_simulations/share/turtlebot3_simulations/hook/cmake_prefix_path.ps1'
[1.795s] INFO:colcon.colcon_core.shell:Creating environment descriptor '/home/yhan/yhan_ROS2/yhan_ws/src/install/turtlebot3_simulations/share/turtlebot3_simulations/hook/cmake_prefix_path.dsv'
[1.796s] INFO:colcon.colcon_core.shell:Creating environment hook '/home/yhan/yhan_ROS2/yhan_ws/src/install/turtlebot3_simulations/share/turtlebot3_simulations/hook/cmake_prefix_path.sh'
[1.797s] Level 1:colcon.colcon_core.environment:checking '/home/yhan/yhan_ROS2/yhan_ws/src/install/turtlebot3_simulations/bin'
[1.797s] Level 1:colcon.colcon_core.environment:checking '/home/yhan/yhan_ROS2/yhan_ws/src/install/turtlebot3_simulations/lib/pkgconfig/turtlebot3_simulations.pc'
[1.797s] Level 1:colcon.colcon_core.environment:checking '/home/yhan/yhan_ROS2/yhan_ws/src/install/turtlebot3_simulations/lib/python3.10/site-packages'
[1.797s] Level 1:colcon.colcon_core.environment:checking '/home/yhan/yhan_ROS2/yhan_ws/src/install/turtlebot3_simulations/bin'
[1.797s] INFO:colcon.colcon_core.shell:Creating package script '/home/yhan/yhan_ROS2/yhan_ws/src/install/turtlebot3_simulations/share/turtlebot3_simulations/package.ps1'
[1.798s] INFO:colcon.colcon_core.shell:Creating package descriptor '/home/yhan/yhan_ROS2/yhan_ws/src/install/turtlebot3_simulations/share/turtlebot3_simulations/package.dsv'
[1.798s] INFO:colcon.colcon_core.shell:Creating package script '/home/yhan/yhan_ROS2/yhan_ws/src/install/turtlebot3_simulations/share/turtlebot3_simulations/package.sh'
[1.799s] INFO:colcon.colcon_core.shell:Creating package script '/home/yhan/yhan_ROS2/yhan_ws/src/install/turtlebot3_simulations/share/turtlebot3_simulations/package.bash'
[1.799s] INFO:colcon.colcon_core.shell:Creating package script '/home/yhan/yhan_ROS2/yhan_ws/src/install/turtlebot3_simulations/share/turtlebot3_simulations/package.zsh'
[1.799s] Level 1:colcon.colcon_core.environment:create_file_with_runtime_dependencies(/home/yhan/yhan_ROS2/yhan_ws/src/install/turtlebot3_simulations/share/colcon-core/packages/turtlebot3_simulations)
[1.817s] Level 1:colcon.colcon_core.environment:create_environment_scripts_only(turtlebot3_simulations)
[1.818s] Level 1:colcon.colcon_core.environment:checking '/home/yhan/yhan_ROS2/yhan_ws/src/install/turtlebot3_simulations' for CMake module files
[1.818s] Level 1:colcon.colcon_core.environment:checking '/home/yhan/yhan_ROS2/yhan_ws/src/install/turtlebot3_simulations' for CMake config files
[1.818s] Level 1:colcon.colcon_core.shell:create_environment_hook('turtlebot3_simulations', 'cmake_prefix_path')
[1.819s] INFO:colcon.colcon_core.shell:Creating environment hook '/home/yhan/yhan_ROS2/yhan_ws/src/install/turtlebot3_simulations/share/turtlebot3_simulations/hook/cmake_prefix_path.ps1'
[1.819s] INFO:colcon.colcon_core.shell:Creating environment descriptor '/home/yhan/yhan_ROS2/yhan_ws/src/install/turtlebot3_simulations/share/turtlebot3_simulations/hook/cmake_prefix_path.dsv'
[1.820s] INFO:colcon.colcon_core.shell:Creating environment hook '/home/yhan/yhan_ROS2/yhan_ws/src/install/turtlebot3_simulations/share/turtlebot3_simulations/hook/cmake_prefix_path.sh'
[1.820s] Level 1:colcon.colcon_core.environment:checking '/home/yhan/yhan_ROS2/yhan_ws/src/install/turtlebot3_simulations/bin'
[1.820s] Level 1:colcon.colcon_core.environment:checking '/home/yhan/yhan_ROS2/yhan_ws/src/install/turtlebot3_simulations/lib/pkgconfig/turtlebot3_simulations.pc'
[1.821s] Level 1:colcon.colcon_core.environment:checking '/home/yhan/yhan_ROS2/yhan_ws/src/install/turtlebot3_simulations/lib/python3.10/site-packages'
[1.821s] Level 1:colcon.colcon_core.environment:checking '/home/yhan/yhan_ROS2/yhan_ws/src/install/turtlebot3_simulations/bin'
[1.821s] INFO:colcon.colcon_core.shell:Creating package script '/home/yhan/yhan_ROS2/yhan_ws/src/install/turtlebot3_simulations/share/turtlebot3_simulations/package.ps1'
[1.822s] INFO:colcon.colcon_core.shell:Creating package descriptor '/home/yhan/yhan_ROS2/yhan_ws/src/install/turtlebot3_simulations/share/turtlebot3_simulations/package.dsv'
[1.822s] INFO:colcon.colcon_core.shell:Creating package script '/home/yhan/yhan_ROS2/yhan_ws/src/install/turtlebot3_simulations/share/turtlebot3_simulations/package.sh'
[1.823s] INFO:colcon.colcon_core.shell:Creating package script '/home/yhan/yhan_ROS2/yhan_ws/src/install/turtlebot3_simulations/share/turtlebot3_simulations/package.bash'
[1.823s] INFO:colcon.colcon_core.shell:Creating package script '/home/yhan/yhan_ROS2/yhan_ws/src/install/turtlebot3_simulations/share/turtlebot3_simulations/package.zsh'
[1.823s] Level 1:colcon.colcon_core.environment:create_file_with_runtime_dependencies(/home/yhan/yhan_ROS2/yhan_ws/src/install/turtlebot3_simulations/share/colcon-core/packages/turtlebot3_simulations)
[1.824s] DEBUG:colcon.colcon_parallel_executor.executor.parallel:closing loop
[1.824s] DEBUG:colcon.colcon_parallel_executor.executor.parallel:loop closed
[1.824s] DEBUG:colcon.colcon_parallel_executor.executor.parallel:run_until_complete finished with '0'
[1.824s] DEBUG:colcon.colcon_core.event_reactor:joining thread
[1.829s] INFO:colcon.colcon_core.plugin_system:Skipping extension 'colcon_notification.desktop_notification.terminal_notifier': Not used on non-Darwin systems
[1.829s] INFO:colcon.colcon_core.plugin_system:Skipping extension 'colcon_notification.desktop_notification.win32': Not used on non-Windows systems
[1.829s] INFO:colcon.colcon_notification.desktop_notification:Sending desktop notification using 'notify2'
[1.843s] DEBUG:colcon.colcon_core.event_reactor:joined thread
[1.844s] INFO:colcon.colcon_core.shell:Creating prefix script '/home/yhan/yhan_ROS2/yhan_ws/src/install/local_setup.ps1'
[1.845s] INFO:colcon.colcon_core.shell:Creating prefix util module '/home/yhan/yhan_ROS2/yhan_ws/src/install/_local_setup_util_ps1.py'
[1.846s] INFO:colcon.colcon_core.shell:Creating prefix chain script '/home/yhan/yhan_ROS2/yhan_ws/src/install/setup.ps1'
[1.848s] INFO:colcon.colcon_core.shell:Creating prefix script '/home/yhan/yhan_ROS2/yhan_ws/src/install/local_setup.sh'
[1.849s] INFO:colcon.colcon_core.shell:Creating prefix util module '/home/yhan/yhan_ROS2/yhan_ws/src/install/_local_setup_util_sh.py'
[1.850s] INFO:colcon.colcon_core.shell:Creating prefix chain script '/home/yhan/yhan_ROS2/yhan_ws/src/install/setup.sh'
[1.855s] INFO:colcon.colcon_core.shell:Creating prefix script '/home/yhan/yhan_ROS2/yhan_ws/src/install/local_setup.bash'
[1.856s] INFO:colcon.colcon_core.shell:Creating prefix chain script '/home/yhan/yhan_ROS2/yhan_ws/src/install/setup.bash'
[1.857s] INFO:colcon.colcon_core.shell:Creating prefix script '/home/yhan/yhan_ROS2/yhan_ws/src/install/local_setup.zsh'
[1.857s] INFO:colcon.colcon_core.shell:Creating prefix chain script '/home/yhan/yhan_ROS2/yhan_ws/src/install/setup.zsh'
