[0.010s] Invoking command in '/home/yhan/yhan_ROS2/yhan_ws/src/build/topic_final': CMAKE_PREFIX_PATH=/opt/ros/humble /usr/bin/cmake --build /home/yhan/yhan_ROS2/yhan_ws/src/build/topic_final -- -j2 -l2
[0.083s] [ 20%] Built target mpub
[0.125s] [ 40%] Built target msub
[0.151s] [ 60%] Built target msub2
[0.174s] [ 80%] Built target tpub
[0.180s] [100%] Built target mtsub
[0.199s] Invoked command in '/home/yhan/yhan_ROS2/yhan_ws/src/build/topic_final' returned '0': CMAKE_PREFIX_PATH=/opt/ros/humble /usr/bin/cmake --build /home/yhan/yhan_ROS2/yhan_ws/src/build/topic_final -- -j2 -l2
[0.268s] Invoking command in '/home/yhan/yhan_ROS2/yhan_ws/src/build/topic_final': CMAKE_PREFIX_PATH=/opt/ros/humble /usr/bin/cmake --install /home/yhan/yhan_ROS2/yhan_ws/src/build/topic_final
[0.279s] -- Install configuration: ""
[0.279s] -- Execute custom install script
[0.279s] -- Up-to-date symlink: /home/yhan/yhan_ROS2/yhan_ws/src/install/topic_final/lib/topic_final/mpub
[0.279s] -- Up-to-date symlink: /home/yhan/yhan_ROS2/yhan_ws/src/install/topic_final/lib/topic_final/msub
[0.279s] -- Up-to-date symlink: /home/yhan/yhan_ROS2/yhan_ws/src/install/topic_final/lib/topic_final/msub2
[0.288s] -- Up-to-date symlink: /home/yhan/yhan_ROS2/yhan_ws/src/install/topic_final/lib/topic_final/tpub
[0.288s] -- Up-to-date symlink: /home/yhan/yhan_ROS2/yhan_ws/src/install/topic_final/lib/topic_final/mtsub
[0.288s] -- Up-to-date symlink: /home/yhan/yhan_ROS2/yhan_ws/src/install/topic_final/share/ament_index/resource_index/package_run_dependencies/topic_final
[0.289s] -- Up-to-date symlink: /home/yhan/yhan_ROS2/yhan_ws/src/install/topic_final/share/ament_index/resource_index/parent_prefix_path/topic_final
[0.289s] -- Up-to-date symlink: /home/yhan/yhan_ROS2/yhan_ws/src/install/topic_final/share/topic_final/environment/ament_prefix_path.sh
[0.289s] -- Up-to-date symlink: /home/yhan/yhan_ROS2/yhan_ws/src/install/topic_final/share/topic_final/environment/ament_prefix_path.dsv
[0.289s] -- Up-to-date symlink: /home/yhan/yhan_ROS2/yhan_ws/src/install/topic_final/share/topic_final/environment/path.sh
[0.289s] -- Up-to-date symlink: /home/yhan/yhan_ROS2/yhan_ws/src/install/topic_final/share/topic_final/environment/path.dsv
[0.289s] -- Up-to-date symlink: /home/yhan/yhan_ROS2/yhan_ws/src/install/topic_final/share/topic_final/local_setup.bash
[0.289s] -- Up-to-date symlink: /home/yhan/yhan_ROS2/yhan_ws/src/install/topic_final/share/topic_final/local_setup.sh
[0.289s] -- Up-to-date symlink: /home/yhan/yhan_ROS2/yhan_ws/src/install/topic_final/share/topic_final/local_setup.zsh
[0.289s] -- Up-to-date symlink: /home/yhan/yhan_ROS2/yhan_ws/src/install/topic_final/share/topic_final/local_setup.dsv
[0.289s] -- Symlinking: /home/yhan/yhan_ROS2/yhan_ws/src/install/topic_final/share/topic_final/package.dsv
[0.303s] -- Up-to-date symlink: /home/yhan/yhan_ROS2/yhan_ws/src/install/topic_final/share/ament_index/resource_index/packages/topic_final
[0.303s] -- Up-to-date symlink: /home/yhan/yhan_ROS2/yhan_ws/src/install/topic_final/share/topic_final/cmake/topic_finalConfig.cmake
[0.304s] -- Up-to-date symlink: /home/yhan/yhan_ROS2/yhan_ws/src/install/topic_final/share/topic_final/cmake/topic_finalConfig-version.cmake
[0.305s] -- Up-to-date symlink: /home/yhan/yhan_ROS2/yhan_ws/src/install/topic_final/share/topic_final/package.xml
[0.308s] Invoked command in '/home/yhan/yhan_ROS2/yhan_ws/src/build/topic_final' returned '0': CMAKE_PREFIX_PATH=/opt/ros/humble /usr/bin/cmake --install /home/yhan/yhan_ROS2/yhan_ws/src/build/topic_final
