[0.018s] Invoking command in '/home/yhan/yhan_ROS2/yhan_ws/build/topic_final': CMAKE_PREFIX_PATH=${CMAKE_PREFIX_PATH}:/opt/ros/humble /usr/bin/cmake --build /home/yhan/yhan_ROS2/yhan_ws/build/topic_final -- -j2 -l2
[0.090s] [ 20%] Built target mpub
[0.111s] [ 40%] Built target msub2
[0.133s] [ 60%] Built target msub
[0.164s] [ 80%] Built target mtsub
[0.176s] [100%] Built target tpub
[0.193s] Invoked command in '/home/yhan/yhan_ROS2/yhan_ws/build/topic_final' returned '0': CMAKE_PREFIX_PATH=${CMAKE_PREFIX_PATH}:/opt/ros/humble /usr/bin/cmake --build /home/yhan/yhan_ROS2/yhan_ws/build/topic_final -- -j2 -l2
[0.234s] Invoking command in '/home/yhan/yhan_ROS2/yhan_ws/build/topic_final': CMAKE_PREFIX_PATH=${CMAKE_PREFIX_PATH}:/opt/ros/humble /usr/bin/cmake --install /home/yhan/yhan_ROS2/yhan_ws/build/topic_final
[0.249s] -- Install configuration: ""
[0.250s] -- Execute custom install script
[0.251s] -- Up-to-date symlink: /home/yhan/yhan_ROS2/yhan_ws/install/topic_final/lib/topic_final/mpub
[0.252s] -- Up-to-date symlink: /home/yhan/yhan_ROS2/yhan_ws/install/topic_final/lib/topic_final/msub
[0.253s] -- Up-to-date symlink: /home/yhan/yhan_ROS2/yhan_ws/install/topic_final/lib/topic_final/msub2
[0.253s] -- Up-to-date symlink: /home/yhan/yhan_ROS2/yhan_ws/install/topic_final/lib/topic_final/tpub
[0.254s] -- Up-to-date symlink: /home/yhan/yhan_ROS2/yhan_ws/install/topic_final/lib/topic_final/mtsub
[0.255s] -- Up-to-date symlink: /home/yhan/yhan_ROS2/yhan_ws/install/topic_final/share/ament_index/resource_index/package_run_dependencies/topic_final
[0.257s] -- Up-to-date symlink: /home/yhan/yhan_ROS2/yhan_ws/install/topic_final/share/ament_index/resource_index/parent_prefix_path/topic_final
[0.257s] -- Up-to-date symlink: /home/yhan/yhan_ROS2/yhan_ws/install/topic_final/share/topic_final/environment/ament_prefix_path.sh
[0.257s] -- Up-to-date symlink: /home/yhan/yhan_ROS2/yhan_ws/install/topic_final/share/topic_final/environment/ament_prefix_path.dsv
[0.257s] -- Up-to-date symlink: /home/yhan/yhan_ROS2/yhan_ws/install/topic_final/share/topic_final/environment/path.sh
[0.257s] -- Up-to-date symlink: /home/yhan/yhan_ROS2/yhan_ws/install/topic_final/share/topic_final/environment/path.dsv
[0.259s] -- Up-to-date symlink: /home/yhan/yhan_ROS2/yhan_ws/install/topic_final/share/topic_final/local_setup.bash
[0.260s] -- Up-to-date symlink: /home/yhan/yhan_ROS2/yhan_ws/install/topic_final/share/topic_final/local_setup.sh
[0.261s] -- Up-to-date symlink: /home/yhan/yhan_ROS2/yhan_ws/install/topic_final/share/topic_final/local_setup.zsh
[0.261s] -- Up-to-date symlink: /home/yhan/yhan_ROS2/yhan_ws/install/topic_final/share/topic_final/local_setup.dsv
[0.263s] -- Symlinking: /home/yhan/yhan_ROS2/yhan_ws/install/topic_final/share/topic_final/package.dsv
[0.277s] -- Up-to-date symlink: /home/yhan/yhan_ROS2/yhan_ws/install/topic_final/share/ament_index/resource_index/packages/topic_final
[0.280s] -- Up-to-date symlink: /home/yhan/yhan_ROS2/yhan_ws/install/topic_final/share/topic_final/cmake/topic_finalConfig.cmake
[0.284s] -- Up-to-date symlink: /home/yhan/yhan_ROS2/yhan_ws/install/topic_final/share/topic_final/cmake/topic_finalConfig-version.cmake
[0.284s] -- Up-to-date symlink: /home/yhan/yhan_ROS2/yhan_ws/install/topic_final/share/topic_final/package.xml
[0.284s] Invoked command in '/home/yhan/yhan_ROS2/yhan_ws/build/topic_final' returned '0': CMAKE_PREFIX_PATH=${CMAKE_PREFIX_PATH}:/opt/ros/humble /usr/bin/cmake --install /home/yhan/yhan_ROS2/yhan_ws/build/topic_final
