[35m[1mConsolidate compiler generated dependencies of target helloOpenCV[0m
[35m[1mConsolidate compiler generated dependencies of target helloword[0m
[  7%] Built target helloOpenCV
[ 14%] Built target helloword
[35m[1mConsolidate compiler generated dependencies of target hello_publisher2[0m
[35m[1mConsolidate compiler generated dependencies of target hello_publisher[0m
[ 21%] Built target hello_publisher2
[ 28%] Built target hello_publisher
[35m[1mConsolidate compiler generated dependencies of target hello_publisher_class[0m
[ 35%] Built target hello_publisher_class
[35m[1mConsolidate compiler generated dependencies of target hello_publisher_class2[0m
[ 46%] Built target hello_publisher_class2
[35m[1mConsolidate compiler generated dependencies of target hello_subscriber_class[0m
[ 57%] Built target hello_subscriber_class
[35m[1mConsolidate compiler generated dependencies of target time_publisher_class[0m
[35m[1mConsolidate compiler generated dependencies of target time_subscriber_class[0m
[ 67%] Built target time_publisher_class
[35m[1mConsolidate compiler generated dependencies of target simple_service_server[0m
[ 78%] Built target time_subscriber_class
[35m[1mConsolidate compiler generated dependencies of target simple_service_client[0m
[ 85%] Built target simple_service_server
[35m[1mConsolidate compiler generated dependencies of target simple_service_client2[0m
[ 92%] Built target simple_service_client
[100%] Built target simple_service_client2
-- Install configuration: ""
-- Execute custom install script
-- Up-to-date symlink: /home/yhan/yhan_ROS2/yhan_ws/install/simple_pkg_cpp/lib/simple_pkg_cpp/helloword
-- Up-to-date symlink: /home/yhan/yhan_ROS2/yhan_ws/install/simple_pkg_cpp/lib/simple_pkg_cpp/helloOpenCV
-- Up-to-date symlink: /home/yhan/yhan_ROS2/yhan_ws/install/simple_pkg_cpp/lib/simple_pkg_cpp/hello_publisher
-- Up-to-date symlink: /home/yhan/yhan_ROS2/yhan_ws/install/simple_pkg_cpp/lib/simple_pkg_cpp/hello_publisher2
-- Up-to-date symlink: /home/yhan/yhan_ROS2/yhan_ws/install/simple_pkg_cpp/lib/simple_pkg_cpp/hello_publisher_class
-- Up-to-date symlink: /home/yhan/yhan_ROS2/yhan_ws/install/simple_pkg_cpp/lib/simple_pkg_cpp/hello_publisher_class2
-- Up-to-date symlink: /home/yhan/yhan_ROS2/yhan_ws/install/simple_pkg_cpp/lib/simple_pkg_cpp/hello_subscriber_class
-- Up-to-date symlink: /home/yhan/yhan_ROS2/yhan_ws/install/simple_pkg_cpp/lib/simple_pkg_cpp/time_publisher_class
-- Up-to-date symlink: /home/yhan/yhan_ROS2/yhan_ws/install/simple_pkg_cpp/lib/simple_pkg_cpp/time_subscriber_class
-- Up-to-date symlink: /home/yhan/yhan_ROS2/yhan_ws/install/simple_pkg_cpp/lib/simple_pkg_cpp/simple_service_server
-- Up-to-date symlink: /home/yhan/yhan_ROS2/yhan_ws/install/simple_pkg_cpp/lib/simple_pkg_cpp/simple_service_client
-- Up-to-date symlink: /home/yhan/yhan_ROS2/yhan_ws/install/simple_pkg_cpp/lib/simple_pkg_cpp/simple_service_client2
-- Up-to-date symlink: /home/yhan/yhan_ROS2/yhan_ws/install/simple_pkg_cpp/share/ament_index/resource_index/package_run_dependencies/simple_pkg_cpp
-- Up-to-date symlink: /home/yhan/yhan_ROS2/yhan_ws/install/simple_pkg_cpp/share/ament_index/resource_index/parent_prefix_path/simple_pkg_cpp
-- Up-to-date symlink: /home/yhan/yhan_ROS2/yhan_ws/install/simple_pkg_cpp/share/simple_pkg_cpp/environment/ament_prefix_path.sh
-- Up-to-date symlink: /home/yhan/yhan_ROS2/yhan_ws/install/simple_pkg_cpp/share/simple_pkg_cpp/environment/ament_prefix_path.dsv
-- Up-to-date symlink: /home/yhan/yhan_ROS2/yhan_ws/install/simple_pkg_cpp/share/simple_pkg_cpp/environment/path.sh
-- Up-to-date symlink: /home/yhan/yhan_ROS2/yhan_ws/install/simple_pkg_cpp/share/simple_pkg_cpp/environment/path.dsv
-- Up-to-date symlink: /home/yhan/yhan_ROS2/yhan_ws/install/simple_pkg_cpp/share/simple_pkg_cpp/local_setup.bash
-- Up-to-date symlink: /home/yhan/yhan_ROS2/yhan_ws/install/simple_pkg_cpp/share/simple_pkg_cpp/local_setup.sh
-- Up-to-date symlink: /home/yhan/yhan_ROS2/yhan_ws/install/simple_pkg_cpp/share/simple_pkg_cpp/local_setup.zsh
-- Up-to-date symlink: /home/yhan/yhan_ROS2/yhan_ws/install/simple_pkg_cpp/share/simple_pkg_cpp/local_setup.dsv
-- Symlinking: /home/yhan/yhan_ROS2/yhan_ws/install/simple_pkg_cpp/share/simple_pkg_cpp/package.dsv
-- Up-to-date symlink: /home/yhan/yhan_ROS2/yhan_ws/install/simple_pkg_cpp/share/ament_index/resource_index/packages/simple_pkg_cpp
-- Up-to-date symlink: /home/yhan/yhan_ROS2/yhan_ws/install/simple_pkg_cpp/share/simple_pkg_cpp/cmake/simple_pkg_cppConfig.cmake
-- Up-to-date symlink: /home/yhan/yhan_ROS2/yhan_ws/install/simple_pkg_cpp/share/simple_pkg_cpp/cmake/simple_pkg_cppConfig-version.cmake
-- Up-to-date symlink: /home/yhan/yhan_ROS2/yhan_ws/install/simple_pkg_cpp/share/simple_pkg_cpp/package.xml
