[0.034s] Invoking command in '/home/yhan/yhan_ROS2/yhan_ws/build/simple_pkg_cpp': CMAKE_PREFIX_PATH=${CMAKE_PREFIX_PATH}:/opt/ros/humble /usr/bin/cmake --build /home/yhan/yhan_ROS2/yhan_ws/build/simple_pkg_cpp -- -j2 -l2
[0.138s] [35m[1mConsolidate compiler generated dependencies of target helloOpenCV[0m
[0.160s] [35m[1mConsolidate compiler generated dependencies of target helloword[0m
[0.179s] [  7%] Built target helloOpenCV
[0.190s] [ 14%] Built target helloword
[0.220s] [35m[1mConsolidate compiler generated dependencies of target hello_publisher2[0m
[0.228s] [35m[1mConsolidate compiler generated dependencies of target hello_publisher[0m
[0.258s] [ 21%] Built target hello_publisher2
[0.287s] [ 28%] Built target hello_publisher
[0.308s] [35m[1mConsolidate compiler generated dependencies of target hello_publisher_class[0m
[0.336s] [ 35%] Built target hello_publisher_class
[0.349s] [35m[1mConsolidate compiler generated dependencies of target hello_publisher_class2[0m
[0.392s] [ 46%] Built target hello_publisher_class2
[0.399s] [35m[1mConsolidate compiler generated dependencies of target hello_subscriber_class[0m
[0.453s] [ 57%] Built target hello_subscriber_class
[0.455s] [35m[1mConsolidate compiler generated dependencies of target time_publisher_class[0m
[0.510s] [35m[1mConsolidate compiler generated dependencies of target time_subscriber_class[0m
[0.538s] [ 67%] Built target time_publisher_class
[0.606s] [35m[1mConsolidate compiler generated dependencies of target simple_service_server[0m
[0.651s] [ 78%] Built target time_subscriber_class
[0.690s] [35m[1mConsolidate compiler generated dependencies of target simple_service_client[0m
[0.699s] [ 85%] Built target simple_service_server
[0.734s] [35m[1mConsolidate compiler generated dependencies of target simple_service_client2[0m
[0.800s] [ 92%] Built target simple_service_client
[0.808s] [100%] Built target simple_service_client2
[0.845s] Invoked command in '/home/yhan/yhan_ROS2/yhan_ws/build/simple_pkg_cpp' returned '0': CMAKE_PREFIX_PATH=${CMAKE_PREFIX_PATH}:/opt/ros/humble /usr/bin/cmake --build /home/yhan/yhan_ROS2/yhan_ws/build/simple_pkg_cpp -- -j2 -l2
[1.088s] Invoking command in '/home/yhan/yhan_ROS2/yhan_ws/build/simple_pkg_cpp': CMAKE_PREFIX_PATH=${CMAKE_PREFIX_PATH}:/opt/ros/humble /usr/bin/cmake --install /home/yhan/yhan_ROS2/yhan_ws/build/simple_pkg_cpp
[1.113s] -- Install configuration: ""
[1.115s] -- Execute custom install script
[1.115s] -- Up-to-date symlink: /home/yhan/yhan_ROS2/yhan_ws/install/simple_pkg_cpp/lib/simple_pkg_cpp/helloword
[1.115s] -- Up-to-date symlink: /home/yhan/yhan_ROS2/yhan_ws/install/simple_pkg_cpp/lib/simple_pkg_cpp/helloOpenCV
[1.115s] -- Up-to-date symlink: /home/yhan/yhan_ROS2/yhan_ws/install/simple_pkg_cpp/lib/simple_pkg_cpp/hello_publisher
[1.115s] -- Up-to-date symlink: /home/yhan/yhan_ROS2/yhan_ws/install/simple_pkg_cpp/lib/simple_pkg_cpp/hello_publisher2
[1.115s] -- Up-to-date symlink: /home/yhan/yhan_ROS2/yhan_ws/install/simple_pkg_cpp/lib/simple_pkg_cpp/hello_publisher_class
[1.115s] -- Up-to-date symlink: /home/yhan/yhan_ROS2/yhan_ws/install/simple_pkg_cpp/lib/simple_pkg_cpp/hello_publisher_class2
[1.115s] -- Up-to-date symlink: /home/yhan/yhan_ROS2/yhan_ws/install/simple_pkg_cpp/lib/simple_pkg_cpp/hello_subscriber_class
[1.115s] -- Up-to-date symlink: /home/yhan/yhan_ROS2/yhan_ws/install/simple_pkg_cpp/lib/simple_pkg_cpp/time_publisher_class
[1.115s] -- Up-to-date symlink: /home/yhan/yhan_ROS2/yhan_ws/install/simple_pkg_cpp/lib/simple_pkg_cpp/time_subscriber_class
[1.115s] -- Up-to-date symlink: /home/yhan/yhan_ROS2/yhan_ws/install/simple_pkg_cpp/lib/simple_pkg_cpp/simple_service_server
[1.115s] -- Up-to-date symlink: /home/yhan/yhan_ROS2/yhan_ws/install/simple_pkg_cpp/lib/simple_pkg_cpp/simple_service_client
[1.116s] -- Up-to-date symlink: /home/yhan/yhan_ROS2/yhan_ws/install/simple_pkg_cpp/lib/simple_pkg_cpp/simple_service_client2
[1.124s] -- Up-to-date symlink: /home/yhan/yhan_ROS2/yhan_ws/install/simple_pkg_cpp/share/ament_index/resource_index/package_run_dependencies/simple_pkg_cpp
[1.124s] -- Up-to-date symlink: /home/yhan/yhan_ROS2/yhan_ws/install/simple_pkg_cpp/share/ament_index/resource_index/parent_prefix_path/simple_pkg_cpp
[1.124s] -- Up-to-date symlink: /home/yhan/yhan_ROS2/yhan_ws/install/simple_pkg_cpp/share/simple_pkg_cpp/environment/ament_prefix_path.sh
[1.124s] -- Up-to-date symlink: /home/yhan/yhan_ROS2/yhan_ws/install/simple_pkg_cpp/share/simple_pkg_cpp/environment/ament_prefix_path.dsv
[1.124s] -- Up-to-date symlink: /home/yhan/yhan_ROS2/yhan_ws/install/simple_pkg_cpp/share/simple_pkg_cpp/environment/path.sh
[1.124s] -- Up-to-date symlink: /home/yhan/yhan_ROS2/yhan_ws/install/simple_pkg_cpp/share/simple_pkg_cpp/environment/path.dsv
[1.124s] -- Up-to-date symlink: /home/yhan/yhan_ROS2/yhan_ws/install/simple_pkg_cpp/share/simple_pkg_cpp/local_setup.bash
[1.125s] -- Up-to-date symlink: /home/yhan/yhan_ROS2/yhan_ws/install/simple_pkg_cpp/share/simple_pkg_cpp/local_setup.sh
[1.125s] -- Up-to-date symlink: /home/yhan/yhan_ROS2/yhan_ws/install/simple_pkg_cpp/share/simple_pkg_cpp/local_setup.zsh
[1.125s] -- Up-to-date symlink: /home/yhan/yhan_ROS2/yhan_ws/install/simple_pkg_cpp/share/simple_pkg_cpp/local_setup.dsv
[1.125s] -- Symlinking: /home/yhan/yhan_ROS2/yhan_ws/install/simple_pkg_cpp/share/simple_pkg_cpp/package.dsv
[1.136s] -- Up-to-date symlink: /home/yhan/yhan_ROS2/yhan_ws/install/simple_pkg_cpp/share/ament_index/resource_index/packages/simple_pkg_cpp
[1.136s] -- Up-to-date symlink: /home/yhan/yhan_ROS2/yhan_ws/install/simple_pkg_cpp/share/simple_pkg_cpp/cmake/simple_pkg_cppConfig.cmake
[1.136s] -- Up-to-date symlink: /home/yhan/yhan_ROS2/yhan_ws/install/simple_pkg_cpp/share/simple_pkg_cpp/cmake/simple_pkg_cppConfig-version.cmake
[1.136s] -- Up-to-date symlink: /home/yhan/yhan_ROS2/yhan_ws/install/simple_pkg_cpp/share/simple_pkg_cpp/package.xml
[1.140s] Invoked command in '/home/yhan/yhan_ROS2/yhan_ws/build/simple_pkg_cpp' returned '0': CMAKE_PREFIX_PATH=${CMAKE_PREFIX_PATH}:/opt/ros/humble /usr/bin/cmake --install /home/yhan/yhan_ROS2/yhan_ws/build/simple_pkg_cpp
