[0.030s] Invoking command in '/home/yhan/yhan_ROS2/yhan_ws/src/build/topic_final': CMAKE_PREFIX_PATH=/opt/ros/humble /usr/bin/cmake /home/yhan/yhan_ROS2/yhan_ws/src/topic_final -DAMENT_CMAKE_SYMLINK_INSTALL=1 -DCMAKE_INSTALL_PREFIX=/home/yhan/yhan_ROS2/yhan_ws/src/install/topic_final
[0.186s] -- The C compiler identification is GNU 11.4.0
[0.315s] -- The CXX compiler identification is GNU 11.4.0
[0.333s] -- Detecting C compiler ABI info
[0.653s] -- Detecting C compiler ABI info - done
[0.669s] -- Check for working C compiler: /usr/bin/cc - skipped
[0.669s] -- Detecting C compile features
[0.669s] -- Detecting C compile features - done
[0.681s] -- Detecting CXX compiler ABI info
[1.097s] -- Detecting CXX compiler ABI info - done
[1.111s] -- Check for working CXX compiler: /usr/bin/c++ - skipped
[1.112s] -- Detecting CXX compile features
[1.113s] -- Detecting CXX compile features - done
[1.118s] -- Found ament_cmake: 1.3.9 (/opt/ros/humble/share/ament_cmake/cmake)
[1.463s] -- Found Python3: /usr/bin/python3 (found version "3.10.12") found components: Interpreter 
[1.577s] -- Override CMake install command with custom implementation using symlinks instead of copying resources
[1.620s] -- Found rclcpp: 16.0.9 (/opt/ros/humble/share/rclcpp/cmake)
[1.675s] -- Found rosidl_generator_c: 3.1.5 (/opt/ros/humble/share/rosidl_generator_c/cmake)
[1.685s] -- Found rosidl_adapter: 3.1.5 (/opt/ros/humble/share/rosidl_adapter/cmake)
[1.699s] -- Found rosidl_generator_cpp: 3.1.5 (/opt/ros/humble/share/rosidl_generator_cpp/cmake)
[1.723s] -- Using all available rosidl_typesupport_c: rosidl_typesupport_fastrtps_c;rosidl_typesupport_introspection_c
[1.753s] -- Using all available rosidl_typesupport_cpp: rosidl_typesupport_fastrtps_cpp;rosidl_typesupport_introspection_cpp
[1.861s] -- Found rmw_implementation_cmake: 6.1.2 (/opt/ros/humble/share/rmw_implementation_cmake/cmake)
[1.863s] -- Found rmw_fastrtps_cpp: 6.2.6 (/opt/ros/humble/share/rmw_fastrtps_cpp/cmake)
[2.004s] -- Found OpenSSL: /usr/lib/x86_64-linux-gnu/libcrypto.so (found version "3.0.2")  
[2.036s] -- Found FastRTPS: /opt/ros/humble/include  
[2.085s] -- Using RMW implementation 'rmw_fastrtps_cpp' as default
[2.097s] -- Looking for pthread.h
[2.174s] -- Looking for pthread.h - found
[2.174s] -- Performing Test CMAKE_HAVE_LIBC_PTHREAD
[2.409s] -- Performing Test CMAKE_HAVE_LIBC_PTHREAD - Success
[2.410s] -- Found Threads: TRUE  
[3.073s] -- Found ament_lint_auto: 0.12.11 (/opt/ros/humble/share/ament_lint_auto/cmake)
[3.321s] -- Added test 'cppcheck' to perform static code analysis on C / C++ code
[3.322s] -- Configured cppcheck include dirs: 
[3.322s] -- Configured cppcheck exclude dirs and/or files: 
[3.324s] -- Added test 'lint_cmake' to check CMake code style
[3.328s] -- Added test 'uncrustify' to check C / C++ code style
[3.330s] -- Configured uncrustify additional arguments: 
[3.330s] -- Added test 'xmllint' to check XML markup files
[3.335s] -- Configuring done
[3.345s] -- Generating done
[3.355s] -- Build files have been written to: /home/yhan/yhan_ROS2/yhan_ws/src/build/topic_final
[3.357s] Invoked command in '/home/yhan/yhan_ROS2/yhan_ws/src/build/topic_final' returned '0': CMAKE_PREFIX_PATH=/opt/ros/humble /usr/bin/cmake /home/yhan/yhan_ROS2/yhan_ws/src/topic_final -DAMENT_CMAKE_SYMLINK_INSTALL=1 -DCMAKE_INSTALL_PREFIX=/home/yhan/yhan_ROS2/yhan_ws/src/install/topic_final
[3.361s] Invoking command in '/home/yhan/yhan_ROS2/yhan_ws/src/build/topic_final': CMAKE_PREFIX_PATH=/opt/ros/humble /usr/bin/cmake --build /home/yhan/yhan_ROS2/yhan_ws/src/build/topic_final -- -j2 -l2
[3.555s] [ 10%] [32mBuilding CXX object CMakeFiles/mpub.dir/src/mpub.cpp.o[0m
[3.568s] [ 20%] [32mBuilding CXX object CMakeFiles/msub.dir/src/msub.cpp.o[0m
[14.490s] [ 30%] [32m[1mLinking CXX executable mpub[0m
[15.180s] [ 30%] Built target mpub
[15.297s] [ 40%] [32mBuilding CXX object CMakeFiles/msub2.dir/src/msub2.cpp.o[0m
[24.565s] [ 50%] [32m[1mLinking CXX executable msub[0m
[25.342s] [ 50%] Built target msub
[30.643s] [ 60%] [32m[1mLinking CXX executable msub2[0m
[31.150s] [ 60%] Built target msub2
[31.171s] [ 70%] [32mBuilding CXX object CMakeFiles/tpub.dir/src/tpub.cpp.o[0m
[35.848s] [ 80%] [32m[1mLinking CXX executable tpub[0m
[36.102s] [ 80%] Built target tpub
[36.136s] [ 90%] [32mBuilding CXX object CMakeFiles/mtsub.dir/src/mtsub.cpp.o[0m
[47.798s] [100%] [32m[1mLinking CXX executable mtsub[0m
[48.254s] [100%] Built target mtsub
[48.295s] Invoked command in '/home/yhan/yhan_ROS2/yhan_ws/src/build/topic_final' returned '0': CMAKE_PREFIX_PATH=/opt/ros/humble /usr/bin/cmake --build /home/yhan/yhan_ROS2/yhan_ws/src/build/topic_final -- -j2 -l2
[48.332s] Invoking command in '/home/yhan/yhan_ROS2/yhan_ws/src/build/topic_final': CMAKE_PREFIX_PATH=/opt/ros/humble /usr/bin/cmake --install /home/yhan/yhan_ROS2/yhan_ws/src/build/topic_final
[48.338s] -- Install configuration: ""
[48.338s] -- Execute custom install script
[48.339s] -- Symlinking: /home/yhan/yhan_ROS2/yhan_ws/src/install/topic_final/lib/topic_final/mpub
[48.350s] -- Symlinking: /home/yhan/yhan_ROS2/yhan_ws/src/install/topic_final/lib/topic_final/msub
[48.357s] -- Symlinking: /home/yhan/yhan_ROS2/yhan_ws/src/install/topic_final/lib/topic_final/msub2
[48.364s] -- Symlinking: /home/yhan/yhan_ROS2/yhan_ws/src/install/topic_final/lib/topic_final/tpub
[48.372s] -- Symlinking: /home/yhan/yhan_ROS2/yhan_ws/src/install/topic_final/lib/topic_final/mtsub
[48.382s] -- Symlinking: /home/yhan/yhan_ROS2/yhan_ws/src/install/topic_final/share/ament_index/resource_index/package_run_dependencies/topic_final
[48.390s] -- Symlinking: /home/yhan/yhan_ROS2/yhan_ws/src/install/topic_final/share/ament_index/resource_index/parent_prefix_path/topic_final
[48.400s] -- Symlinking: /home/yhan/yhan_ROS2/yhan_ws/src/install/topic_final/share/topic_final/environment/ament_prefix_path.sh
[48.407s] -- Symlinking: /home/yhan/yhan_ROS2/yhan_ws/src/install/topic_final/share/topic_final/environment/ament_prefix_path.dsv
[48.413s] -- Symlinking: /home/yhan/yhan_ROS2/yhan_ws/src/install/topic_final/share/topic_final/environment/path.sh
[48.421s] -- Symlinking: /home/yhan/yhan_ROS2/yhan_ws/src/install/topic_final/share/topic_final/environment/path.dsv
[48.430s] -- Symlinking: /home/yhan/yhan_ROS2/yhan_ws/src/install/topic_final/share/topic_final/local_setup.bash
[48.439s] -- Symlinking: /home/yhan/yhan_ROS2/yhan_ws/src/install/topic_final/share/topic_final/local_setup.sh
[48.446s] -- Symlinking: /home/yhan/yhan_ROS2/yhan_ws/src/install/topic_final/share/topic_final/local_setup.zsh
[48.453s] -- Symlinking: /home/yhan/yhan_ROS2/yhan_ws/src/install/topic_final/share/topic_final/local_setup.dsv
[48.461s] -- Symlinking: /home/yhan/yhan_ROS2/yhan_ws/src/install/topic_final/share/topic_final/package.dsv
[48.468s] -- Symlinking: /home/yhan/yhan_ROS2/yhan_ws/src/install/topic_final/share/ament_index/resource_index/packages/topic_final
[48.476s] -- Symlinking: /home/yhan/yhan_ROS2/yhan_ws/src/install/topic_final/share/topic_final/cmake/topic_finalConfig.cmake
[48.484s] -- Symlinking: /home/yhan/yhan_ROS2/yhan_ws/src/install/topic_final/share/topic_final/cmake/topic_finalConfig-version.cmake
[48.493s] -- Symlinking: /home/yhan/yhan_ROS2/yhan_ws/src/install/topic_final/share/topic_final/package.xml
[48.503s] Invoked command in '/home/yhan/yhan_ROS2/yhan_ws/src/build/topic_final' returned '0': CMAKE_PREFIX_PATH=/opt/ros/humble /usr/bin/cmake --install /home/yhan/yhan_ROS2/yhan_ws/src/build/topic_final
