[0.008s] Invoking command in '/home/yhan/yhan_ws/build/simple_pkg_cpp': CMAKE_PREFIX_PATH=${CMAKE_PREFIX_PATH}:/opt/ros/humble /usr/bin/cmake --build /home/yhan/yhan_ws/build/simple_pkg_cpp -- -j2 -l2
[0.030s] -- Found ament_cmake: 1.3.9 (/opt/ros/humble/share/ament_cmake/cmake)
[0.121s] -- Found rclcpp: 16.0.9 (/opt/ros/humble/share/rclcpp/cmake)
[0.142s] -- Found rosidl_generator_c: 3.1.5 (/opt/ros/humble/share/rosidl_generator_c/cmake)
[0.144s] -- Found rosidl_adapter: 3.1.5 (/opt/ros/humble/share/rosidl_adapter/cmake)
[0.148s] -- Found rosidl_generator_cpp: 3.1.5 (/opt/ros/humble/share/rosidl_generator_cpp/cmake)
[0.155s] -- Using all available rosidl_typesupport_c: rosidl_typesupport_fastrtps_c;rosidl_typesupport_introspection_c
[0.165s] -- Using all available rosidl_typesupport_cpp: rosidl_typesupport_fastrtps_cpp;rosidl_typesupport_introspection_cpp
[0.205s] -- Found rmw_implementation_cmake: 6.1.2 (/opt/ros/humble/share/rmw_implementation_cmake/cmake)
[0.206s] -- Found rmw_fastrtps_cpp: 6.2.6 (/opt/ros/humble/share/rmw_fastrtps_cpp/cmake)
[0.284s] -- Using RMW implementation 'rmw_fastrtps_cpp' as default
[0.402s] -- Found ament_lint_auto: 0.12.11 (/opt/ros/humble/share/ament_lint_auto/cmake)
[0.472s] -- Added test 'cppcheck' to perform static code analysis on C / C++ code
[0.472s] -- Configured cppcheck include dirs: 
[0.472s] -- Configured cppcheck exclude dirs and/or files: 
[0.480s] -- Added test 'lint_cmake' to check CMake code style
[0.501s] -- Added test 'uncrustify' to check C / C++ code style
[0.501s] -- Configured uncrustify additional arguments: 
[0.504s] -- Added test 'xmllint' to check XML markup files
[0.504s] -- Configuring done
[0.516s] -- Generating done
[0.520s] -- Build files have been written to: /home/yhan/yhan_ws/build/simple_pkg_cpp
[0.544s] [35m[1mConsolidate compiler generated dependencies of target helloword[0m
[0.544s] [35m[1mConsolidate compiler generated dependencies of target helloOpenCV[0m
[0.556s] [ 25%] Built target helloword
[0.558s] [ 50%] Built target helloOpenCV
[0.566s] [35m[1mConsolidate compiler generated dependencies of target hello_publisher[0m
[0.569s] [35m[1mConsolidate compiler generated dependencies of target hello_publisher2[0m
[0.583s] [ 75%] Built target hello_publisher
[0.586s] [ 87%] [32mBuilding CXX object CMakeFiles/hello_publisher2.dir/src/hello_publisher2.cpp.o[0m
[3.936s] [100%] [32m[1mLinking CXX executable hello_publisher2[0m
[4.068s] [100%] Built target hello_publisher2
[4.076s] Invoked command in '/home/yhan/yhan_ws/build/simple_pkg_cpp' returned '0': CMAKE_PREFIX_PATH=${CMAKE_PREFIX_PATH}:/opt/ros/humble /usr/bin/cmake --build /home/yhan/yhan_ws/build/simple_pkg_cpp -- -j2 -l2
[4.111s] Invoking command in '/home/yhan/yhan_ws/build/simple_pkg_cpp': CMAKE_PREFIX_PATH=${CMAKE_PREFIX_PATH}:/opt/ros/humble /usr/bin/cmake --install /home/yhan/yhan_ws/build/simple_pkg_cpp
[4.116s] -- Install configuration: ""
[4.116s] -- Up-to-date: /home/yhan/yhan_ws/install/simple_pkg_cpp/lib/simple_pkg_cpp/helloword
[4.116s] -- Up-to-date: /home/yhan/yhan_ws/install/simple_pkg_cpp/lib/simple_pkg_cpp/helloOpenCV
[4.116s] -- Up-to-date: /home/yhan/yhan_ws/install/simple_pkg_cpp/lib/simple_pkg_cpp/hello_publisher
[4.116s] -- Installing: /home/yhan/yhan_ws/install/simple_pkg_cpp/lib/simple_pkg_cpp/hello_publisher2
[4.117s] -- Set runtime path of "/home/yhan/yhan_ws/install/simple_pkg_cpp/lib/simple_pkg_cpp/hello_publisher2" to ""
[4.117s] -- Up-to-date: /home/yhan/yhan_ws/install/simple_pkg_cpp/share/ament_index/resource_index/package_run_dependencies/simple_pkg_cpp
[4.117s] -- Up-to-date: /home/yhan/yhan_ws/install/simple_pkg_cpp/share/ament_index/resource_index/parent_prefix_path/simple_pkg_cpp
[4.117s] -- Up-to-date: /home/yhan/yhan_ws/install/simple_pkg_cpp/share/simple_pkg_cpp/environment/ament_prefix_path.sh
[4.118s] -- Installing: /home/yhan/yhan_ws/install/simple_pkg_cpp/share/simple_pkg_cpp/environment/ament_prefix_path.dsv
[4.118s] -- Up-to-date: /home/yhan/yhan_ws/install/simple_pkg_cpp/share/simple_pkg_cpp/environment/path.sh
[4.118s] -- Installing: /home/yhan/yhan_ws/install/simple_pkg_cpp/share/simple_pkg_cpp/environment/path.dsv
[4.118s] -- Up-to-date: /home/yhan/yhan_ws/install/simple_pkg_cpp/share/simple_pkg_cpp/local_setup.bash
[4.118s] -- Up-to-date: /home/yhan/yhan_ws/install/simple_pkg_cpp/share/simple_pkg_cpp/local_setup.sh
[4.118s] -- Up-to-date: /home/yhan/yhan_ws/install/simple_pkg_cpp/share/simple_pkg_cpp/local_setup.zsh
[4.118s] -- Installing: /home/yhan/yhan_ws/install/simple_pkg_cpp/share/simple_pkg_cpp/local_setup.dsv
[4.118s] -- Installing: /home/yhan/yhan_ws/install/simple_pkg_cpp/share/simple_pkg_cpp/package.dsv
[4.118s] -- Up-to-date: /home/yhan/yhan_ws/install/simple_pkg_cpp/share/ament_index/resource_index/packages/simple_pkg_cpp
[4.119s] -- Up-to-date: /home/yhan/yhan_ws/install/simple_pkg_cpp/share/simple_pkg_cpp/cmake/simple_pkg_cppConfig.cmake
[4.119s] -- Up-to-date: /home/yhan/yhan_ws/install/simple_pkg_cpp/share/simple_pkg_cpp/cmake/simple_pkg_cppConfig-version.cmake
[4.119s] -- Up-to-date: /home/yhan/yhan_ws/install/simple_pkg_cpp/share/simple_pkg_cpp/package.xml
[4.121s] Invoked command in '/home/yhan/yhan_ws/build/simple_pkg_cpp' returned '0': CMAKE_PREFIX_PATH=${CMAKE_PREFIX_PATH}:/opt/ros/humble /usr/bin/cmake --install /home/yhan/yhan_ws/build/simple_pkg_cpp
