[35m[1mConsolidate compiler generated dependencies of target helloOpenCV[0m
[ 50%] Built target helloworld
[ 75%] [32mBuilding CXX object CMakeFiles/helloOpenCV.dir/src/helloOpenCV.cpp.o[0m
[100%] [32m[1mLinking CXX executable helloOpenCV[0m
[100%] Built target helloOpenCV
-- Install configuration: ""
-- Up-to-date: /home/yhan/yhan_ws/install/simple_pkg_cpp/lib/simple_pkg_cpp/helloworld
-- Installing: /home/yhan/yhan_ws/install/simple_pkg_cpp/lib/simple_pkg_cpp/helloOpenCV
-- Installing: /home/yhan/yhan_ws/install/simple_pkg_cpp/share/ament_index/resource_index/package_run_dependencies/simple_pkg_cpp
-- Installing: /home/yhan/yhan_ws/install/simple_pkg_cpp/share/ament_index/resource_index/parent_prefix_path/simple_pkg_cpp
-- Up-to-date: /home/yhan/yhan_ws/install/simple_pkg_cpp/share/simple_pkg_cpp/environment/ament_prefix_path.sh
-- Installing: /home/yhan/yhan_ws/install/simple_pkg_cpp/share/simple_pkg_cpp/environment/ament_prefix_path.dsv
-- Up-to-date: /home/yhan/yhan_ws/install/simple_pkg_cpp/share/simple_pkg_cpp/environment/path.sh
-- Installing: /home/yhan/yhan_ws/install/simple_pkg_cpp/share/simple_pkg_cpp/environment/path.dsv
-- Up-to-date: /home/yhan/yhan_ws/install/simple_pkg_cpp/share/simple_pkg_cpp/local_setup.bash
-- Up-to-date: /home/yhan/yhan_ws/install/simple_pkg_cpp/share/simple_pkg_cpp/local_setup.sh
-- Up-to-date: /home/yhan/yhan_ws/install/simple_pkg_cpp/share/simple_pkg_cpp/local_setup.zsh
-- Installing: /home/yhan/yhan_ws/install/simple_pkg_cpp/share/simple_pkg_cpp/local_setup.dsv
-- Installing: /home/yhan/yhan_ws/install/simple_pkg_cpp/share/simple_pkg_cpp/package.dsv
-- Up-to-date: /home/yhan/yhan_ws/install/simple_pkg_cpp/share/ament_index/resource_index/packages/simple_pkg_cpp
-- Up-to-date: /home/yhan/yhan_ws/install/simple_pkg_cpp/share/simple_pkg_cpp/cmake/simple_pkg_cppConfig.cmake
-- Up-to-date: /home/yhan/yhan_ws/install/simple_pkg_cpp/share/simple_pkg_cpp/cmake/simple_pkg_cppConfig-version.cmake
-- Installing: /home/yhan/yhan_ws/install/simple_pkg_cpp/share/simple_pkg_cpp/package.xml
